#
# There is insufficient memory for the Java Runtime Environment to continue.
# Native memory allocation (malloc) failed to allocate 1394736 bytes for Chunk::new
# Possible reasons:
#   The system is out of physical RAM or swap space
#   The process is running with CompressedOops enabled, and the Java Heap may be blocking the growth of the native heap
# Possible solutions:
#   Reduce memory load on the system
#   Increase physical memory or swap space
#   Check if swap backing store is full
#   Decrease Java heap size (-Xmx/-Xms)
#   Decrease number of Java threads
#   Decrease Java thread stack sizes (-Xss)
#   Set larger code cache with -XX:ReservedCodeCacheSize=
#   JVM is running with Unscaled Compressed Oops mode in which the Java heap is
#     placed in the first 4GB address space. The Java Heap base address is the
#     maximum limit for the native heap growth. Please use -XX:HeapBaseMinAddress
#     to set the Java Heap base and to place the Java Heap above 4GB virtual address.
# This output file may be truncated or incomplete.
#
#  Out of Memory Error (./src/hotspot/share/memory/arena.cpp:197), pid=3340, tid=2468
#
# JRE version: OpenJDK Runtime Environment (11.0.10) (build 11.0.10+0-b96-7249189)
# Java VM: OpenJDK 64-Bit Server VM (11.0.10+0-b96-7249189, mixed mode, tiered, compressed oops, g1 gc, windows-amd64)
# No core dump will be written. Minidumps are not enabled by default on client versions of Windows
#

---------------  S U M M A R Y ------------

Command Line: --add-opens=java.base/java.util=ALL-UNNAMED --add-opens=java.base/java.lang=ALL-UNNAMED --add-opens=java.base/java.lang.invoke=ALL-UNNAMED --add-opens=java.base/java.util=ALL-UNNAMED --add-opens=java.prefs/java.util.prefs=ALL-UNNAMED --add-opens=java.prefs/java.util.prefs=ALL-UNNAMED --add-opens=java.base/java.nio.charset=ALL-UNNAMED --add-opens=java.base/java.net=ALL-UNNAMED --add-opens=java.base/java.util.concurrent.atomic=ALL-UNNAMED -Xmx2048m -Dfile.encoding=UTF-8 -Duser.country=US -Duser.language=en -Duser.variant org.gradle.launcher.daemon.bootstrap.GradleDaemon 7.0.2

Host: Intel(R) Core(TM) i5-5200U CPU @ 2.20GHz, 4 cores, 7G,  Windows 10 , 64 bit Build 19041 (10.0.19041.1503)
Time: Sat Mar 12 15:19:22 2022 India Standard Time elapsed time: 28.939191 seconds (0d 0h 0m 28s)

---------------  T H R E A D  ---------------

Current thread (0x0000017e3875f800):  JavaThread "C2 CompilerThread1" daemon [_thread_in_native, id=2468, stack(0x0000003bd1200000,0x0000003bd1300000)]


Current CompileTask:
C2:  28939 5910   !   4       jdk.internal.loader.Resource::getBytes (242 bytes)

Stack: [0x0000003bd1200000,0x0000003bd1300000]
Native frames: (J=compiled Java code, j=interpreted, Vv=VM code, C=native code)
V  [jvm.dll+0x5ecfaa]
V  [jvm.dll+0x722bd5]
V  [jvm.dll+0x72412d]
V  [jvm.dll+0x7247e3]
V  [jvm.dll+0x242928]
V  [jvm.dll+0xbc4fc]
V  [jvm.dll+0xbca0c]
V  [jvm.dll+0x352d3b]
V  [jvm.dll+0x320ad3]
V  [jvm.dll+0x31ffca]
V  [jvm.dll+0x1fb602]
V  [jvm.dll+0x1fa7f4]
V  [jvm.dll+0x18354c]
V  [jvm.dll+0x208ee7]
V  [jvm.dll+0x207731]
V  [jvm.dll+0x6eb1cf]
V  [jvm.dll+0x6e3d45]
V  [jvm.dll+0x5ebe96]
C  [ucrtbase.dll+0x21bb2]
C  [KERNEL32.DLL+0x17034]
C  [ntdll.dll+0x52651]


---------------  P R O C E S S  ---------------

Threads class SMR info:
_java_thread_list=0x0000017e3ac3ba30, length=43, elements={
0x0000017e1a472800, 0x0000017e34848000, 0x0000017e3484b000, 0x0000017e348a4800,
0x0000017e348a5800, 0x0000017e348a7000, 0x0000017e348ab000, 0x0000017e348ae000,
0x0000017e3491d000, 0x0000017e34a1c800, 0x0000017e36ca5000, 0x0000017e364d8800,
0x0000017e3577c800, 0x0000017e357b0000, 0x0000017e35dd1000, 0x0000017e36c29000,
0x0000017e36c2a000, 0x0000017e36b1c800, 0x0000017e36b1d800, 0x0000017e37666000,
0x0000017e37663000, 0x0000017e37665800, 0x0000017e37668000, 0x0000017e37667000,
0x0000017e37662000, 0x0000017e37668800, 0x0000017e37663800, 0x0000017e37664800,
0x0000017e36dcf800, 0x0000017e36dcb800, 0x0000017e36dd2000, 0x0000017e36dd0800,
0x0000017e36dcc800, 0x0000017e36dcd000, 0x0000017e36dd3800, 0x0000017e36dce000,
0x0000017e36dd4800, 0x0000017e36dd9800, 0x0000017e36dd7000, 0x0000017e36dd8000,
0x0000017e36dd8800, 0x0000017e3875f800, 0x0000017e36dd5800
}

Java Threads: ( => current thread )
  0x0000017e1a472800 JavaThread "main" [_thread_blocked, id=1908, stack(0x0000003bce400000,0x0000003bce500000)]
  0x0000017e34848000 JavaThread "Reference Handler" daemon [_thread_blocked, id=8764, stack(0x0000003bceb00000,0x0000003bcec00000)]
  0x0000017e3484b000 JavaThread "Finalizer" daemon [_thread_blocked, id=14192, stack(0x0000003bcec00000,0x0000003bced00000)]
  0x0000017e348a4800 JavaThread "Signal Dispatcher" daemon [_thread_blocked, id=1136, stack(0x0000003bced00000,0x0000003bcee00000)]
  0x0000017e348a5800 JavaThread "Attach Listener" daemon [_thread_blocked, id=8292, stack(0x0000003bcee00000,0x0000003bcef00000)]
  0x0000017e348a7000 JavaThread "Service Thread" daemon [_thread_blocked, id=17972, stack(0x0000003bcef00000,0x0000003bcf000000)]
  0x0000017e348ab000 JavaThread "C2 CompilerThread0" daemon [_thread_in_native, id=1332, stack(0x0000003bcf000000,0x0000003bcf100000)]
  0x0000017e348ae000 JavaThread "C1 CompilerThread0" daemon [_thread_blocked, id=18100, stack(0x0000003bcf100000,0x0000003bcf200000)]
  0x0000017e3491d000 JavaThread "Sweeper thread" daemon [_thread_blocked, id=9796, stack(0x0000003bcf200000,0x0000003bcf300000)]
  0x0000017e34a1c800 JavaThread "Common-Cleaner" daemon [_thread_blocked, id=14976, stack(0x0000003bcf300000,0x0000003bcf400000)]
  0x0000017e36ca5000 JavaThread "Daemon health stats" [_thread_blocked, id=4956, stack(0x0000003bcf800000,0x0000003bcf900000)]
  0x0000017e364d8800 JavaThread "Incoming local TCP Connector on port 57157" [_thread_in_native, id=12260, stack(0x0000003bcf700000,0x0000003bcf800000)]
  0x0000017e3577c800 JavaThread "Daemon" [_thread_blocked, id=1848, stack(0x0000003bcfa00000,0x0000003bcfb00000)]
  0x0000017e357b0000 JavaThread "Daemon periodic checks" [_thread_blocked, id=12892, stack(0x0000003bcfb00000,0x0000003bcfc00000)]
  0x0000017e35dd1000 JavaThread "Handler for socket connection from /127.0.0.1:57157 to /127.0.0.1:57158" [_thread_in_native, id=12408, stack(0x0000003bcfc00000,0x0000003bcfd00000)]
  0x0000017e36c29000 JavaThread "Cancel handler" [_thread_blocked, id=16060, stack(0x0000003bcfd00000,0x0000003bcfe00000)]
  0x0000017e36c2a000 JavaThread "Daemon worker" [_thread_in_vm, id=7188, stack(0x0000003bcfe00000,0x0000003bcff00000)]
  0x0000017e36b1c800 JavaThread "Asynchronous log dispatcher for DefaultDaemonConnection: socket connection from /127.0.0.1:57157 to /127.0.0.1:57158" [_thread_blocked, id=18676, stack(0x0000003bcff00000,0x0000003bd0000000)]
  0x0000017e36b1d800 JavaThread "Stdin handler" [_thread_blocked, id=15632, stack(0x0000003bd0000000,0x0000003bd0100000)]
  0x0000017e37666000 JavaThread "Daemon client event forwarder" [_thread_blocked, id=12864, stack(0x0000003bd0100000,0x0000003bd0200000)]
  0x0000017e37663000 JavaThread "Cache worker for file hash cache (C:\Users\PARVATHY\.gradle\caches\7.0.2\fileHashes)" [_thread_blocked, id=17212, stack(0x0000003bd0200000,0x0000003bd0300000)]
  0x0000017e37665800 JavaThread "File lock request listener" [_thread_in_native, id=1148, stack(0x0000003bd0300000,0x0000003bd0400000)]
  0x0000017e37668000 JavaThread "Cache worker for journal cache (C:\Users\PARVATHY\.gradle\caches\journal-1)" [_thread_blocked, id=4028, stack(0x0000003bd0400000,0x0000003bd0500000)]
  0x0000017e37667000 JavaThread "Cache worker for file hash cache (E:\Rajagiri\Sem 6\Lead Manager App\.gradle\7.0.2\fileHashes)" [_thread_blocked, id=17176, stack(0x0000003bd0600000,0x0000003bd0700000)]
  0x0000017e37662000 JavaThread "File watcher server" daemon [_thread_in_native, id=11676, stack(0x0000003bd0700000,0x0000003bd0800000)]
  0x0000017e37668800 JavaThread "File watcher consumer" daemon [_thread_blocked, id=15184, stack(0x0000003bd0800000,0x0000003bd0900000)]
  0x0000017e37663800 JavaThread "Cache worker for checksums cache (E:\Rajagiri\Sem 6\Lead Manager App\.gradle\checksums)" [_thread_blocked, id=16252, stack(0x0000003bd0900000,0x0000003bd0a00000)]
  0x0000017e37664800 JavaThread "Cache worker for cache directory md-supplier (C:\Users\PARVATHY\.gradle\caches\7.0.2\md-supplier)" [_thread_blocked, id=10472, stack(0x0000003bd0a00000,0x0000003bd0b00000)]
  0x0000017e36dcf800 JavaThread "Cache worker for cache directory md-rule (C:\Users\PARVATHY\.gradle\caches\7.0.2\md-rule)" [_thread_blocked, id=17776, stack(0x0000003bd0b00000,0x0000003bd0c00000)]
  0x0000017e36dcb800 JavaThread "Cache worker for execution history cache (C:\Users\PARVATHY\.gradle\caches\7.0.2\executionHistory)" [_thread_blocked, id=18636, stack(0x0000003bd0c00000,0x0000003bd0d00000)]
  0x0000017e36dd2000 JavaThread "jar transforms" [_thread_blocked, id=19356, stack(0x0000003bd0d00000,0x0000003bd0e00000)]
  0x0000017e36dd0800 JavaThread "jar transforms Thread 2" [_thread_blocked, id=17080, stack(0x0000003bd0e00000,0x0000003bd0f00000)]
  0x0000017e36dcc800 JavaThread "Cache worker for file content cache (C:\Users\PARVATHY\.gradle\caches\7.0.2\fileContent)" [_thread_blocked, id=14176, stack(0x0000003bd0f00000,0x0000003bd1000000)]
  0x0000017e36dcd000 JavaThread "Cache worker for dependencies-accessors (E:\Rajagiri\Sem 6\Lead Manager App\.gradle\7.0.2\dependencies-accessors)" [_thread_blocked, id=1748, stack(0x0000003bd1000000,0x0000003bd1100000)]
  0x0000017e36dd3800 JavaThread "jar transforms Thread 3" [_thread_blocked, id=12504, stack(0x0000003bd1100000,0x0000003bd1200000)]
  0x0000017e36dce000 JavaThread "Cache worker for Build Output Cleanup Cache (E:\Rajagiri\Sem 6\Lead Manager App\.gradle\buildOutputCleanup)" [_thread_blocked, id=18424, stack(0x0000003bd0500000,0x0000003bd0600000)]
  0x0000017e36dd4800 JavaThread "Build operations" [_thread_blocked, id=4944, stack(0x0000003bd1300000,0x0000003bd1400000)]
  0x0000017e36dd9800 JavaThread "Build operations Thread 2" [_thread_blocked, id=9504, stack(0x0000003bd1400000,0x0000003bd1500000)]
  0x0000017e36dd7000 JavaThread "Build operations Thread 3" [_thread_blocked, id=8060, stack(0x0000003bd1500000,0x0000003bd1600000)]
  0x0000017e36dd8000 JavaThread "Build operations Thread 4" [_thread_blocked, id=12568, stack(0x0000003bd1600000,0x0000003bd1700000)]
  0x0000017e36dd8800 JavaThread "jar transforms Thread 4" [_thread_blocked, id=17984, stack(0x0000003bd1700000,0x0000003bd1800000)]
=>0x0000017e3875f800 JavaThread "C2 CompilerThread1" daemon [_thread_in_native, id=2468, stack(0x0000003bd1200000,0x0000003bd1300000)]
  0x0000017e36dd5800 JavaThread "Memory manager" [_thread_blocked, id=15236, stack(0x0000003bd1800000,0x0000003bd1900000)]

Other Threads:
  0x0000017e3400d800 VMThread "VM Thread" [stack: 0x0000003bcea00000,0x0000003bceb00000] [id=120]
  0x0000017e34a2d000 WatcherThread [stack: 0x0000003bcf400000,0x0000003bcf500000] [id=3064]
  0x0000017e1a48b000 GCTaskThread "GC Thread#0" [stack: 0x0000003bce500000,0x0000003bce600000] [id=12660]
  0x0000017e35714000 GCTaskThread "GC Thread#1" [stack: 0x0000003bcf500000,0x0000003bcf600000] [id=18528]
  0x0000017e352b6800 GCTaskThread "GC Thread#2" [stack: 0x0000003bcf600000,0x0000003bcf700000] [id=19024]
  0x0000017e3618b800 GCTaskThread "GC Thread#3" [stack: 0x0000003bcf900000,0x0000003bcfa00000] [id=19316]
  0x0000017e1a4bb000 ConcurrentGCThread "G1 Main Marker" [stack: 0x0000003bce600000,0x0000003bce700000] [id=12772]
  0x0000017e1a4bc800 ConcurrentGCThread "G1 Conc#0" [stack: 0x0000003bce700000,0x0000003bce800000] [id=17572]
  0x0000017e33e8d000 ConcurrentGCThread "G1 Refine#0" [stack: 0x0000003bce800000,0x0000003bce900000] [id=10084]
  0x0000017e33e8e800 ConcurrentGCThread "G1 Young RemSet Sampling" [stack: 0x0000003bce900000,0x0000003bcea00000] [id=17800]

Threads with active compile tasks:
C2 CompilerThread0  29353 5931       4       org.objectweb.asm.SymbolTable::addConstantMemberReference (147 bytes)
C2 CompilerThread1  29353 5910   !   4       jdk.internal.loader.Resource::getBytes (242 bytes)

VM state:not at safepoint (normal execution)

VM Mutex/Monitor currently owned by a thread: None

Heap address: 0x0000000080000000, size: 2048 MB, Compressed Oops mode: 32-bit
Narrow klass base: 0x0000000000000000, Narrow klass shift: 3
Compressed class space size: 1073741824 Address: 0x0000000100000000

Heap:
 garbage-first heap   total 131072K, used 70507K [0x0000000080000000, 0x0000000100000000)
  region size 1024K, 31 young (31744K), 6 survivors (6144K)
 Metaspace       used 60909K, capacity 62366K, committed 62668K, reserved 1103872K
  class space    used 7707K, capacity 8253K, committed 8396K, reserved 1048576K
Heap Regions: E=young(eden), S=young(survivor), O=old, HS=humongous(starts), HC=humongous(continues), CS=collection set, F=free, A=archive, TAMS=top-at-mark-start (previous, next)
|   0|0x0000000080000000, 0x0000000080100000, 0x0000000080100000|100%| O|  |TAMS 0x0000000080100000, 0x0000000080000000| Untracked 
|   1|0x0000000080100000, 0x0000000080200000, 0x0000000080200000|100%| O|  |TAMS 0x0000000080200000, 0x0000000080100000| Untracked 
|   2|0x0000000080200000, 0x0000000080300000, 0x0000000080300000|100%| O|  |TAMS 0x0000000080300000, 0x0000000080200000| Untracked 
|   3|0x0000000080300000, 0x0000000080400000, 0x0000000080400000|100%|HS|  |TAMS 0x0000000080400000, 0x0000000080300000| Complete 
|   4|0x0000000080400000, 0x0000000080500000, 0x0000000080500000|100%|HC|  |TAMS 0x0000000080500000, 0x0000000080400000| Complete 
|   5|0x0000000080500000, 0x0000000080600000, 0x0000000080600000|100%|HC|  |TAMS 0x0000000080600000, 0x0000000080500000| Complete 
|   6|0x0000000080600000, 0x0000000080700000, 0x0000000080700000|100%| O|  |TAMS 0x0000000080700000, 0x0000000080600000| Untracked 
|   7|0x0000000080700000, 0x0000000080800000, 0x0000000080800000|100%| O|  |TAMS 0x0000000080800000, 0x0000000080700000| Untracked 
|   8|0x0000000080800000, 0x0000000080900000, 0x0000000080900000|100%| O|  |TAMS 0x0000000080900000, 0x0000000080800000| Untracked 
|   9|0x0000000080900000, 0x0000000080a00000, 0x0000000080a00000|100%| O|  |TAMS 0x0000000080a00000, 0x0000000080900000| Untracked 
|  10|0x0000000080a00000, 0x0000000080b00000, 0x0000000080b00000|100%| O|  |TAMS 0x0000000080b00000, 0x0000000080a00000| Untracked 
|  11|0x0000000080b00000, 0x0000000080c00000, 0x0000000080c00000|100%| O|  |TAMS 0x0000000080c00000, 0x0000000080b00000| Untracked 
|  12|0x0000000080c00000, 0x0000000080d00000, 0x0000000080d00000|100%| O|  |TAMS 0x0000000080d00000, 0x0000000080c00000| Untracked 
|  13|0x0000000080d00000, 0x0000000080e00000, 0x0000000080e00000|100%| O|  |TAMS 0x0000000080e00000, 0x0000000080d00000| Untracked 
|  14|0x0000000080e00000, 0x0000000080f00000, 0x0000000080f00000|100%| O|  |TAMS 0x0000000080f00000, 0x0000000080e00000| Untracked 
|  15|0x0000000080f00000, 0x0000000081000000, 0x0000000081000000|100%| O|  |TAMS 0x0000000081000000, 0x0000000080f00000| Untracked 
|  16|0x0000000081000000, 0x0000000081100000, 0x0000000081100000|100%| O|  |TAMS 0x0000000081100000, 0x0000000081000000| Untracked 
|  17|0x0000000081100000, 0x0000000081200000, 0x0000000081200000|100%| O|  |TAMS 0x0000000081200000, 0x0000000081100000| Untracked 
|  18|0x0000000081200000, 0x0000000081300000, 0x0000000081300000|100%|HS|  |TAMS 0x0000000081300000, 0x0000000081200000| Complete 
|  19|0x0000000081300000, 0x0000000081400000, 0x0000000081400000|100%| O|  |TAMS 0x0000000081400000, 0x0000000081300000| Untracked 
|  20|0x0000000081400000, 0x0000000081500000, 0x0000000081500000|100%| O|  |TAMS 0x0000000081500000, 0x0000000081400000| Untracked 
|  21|0x0000000081500000, 0x0000000081600000, 0x0000000081600000|100%| O|  |TAMS 0x0000000081600000, 0x0000000081500000| Untracked 
|  22|0x0000000081600000, 0x0000000081700000, 0x0000000081700000|100%| O|  |TAMS 0x0000000081700000, 0x0000000081600000| Untracked 
|  23|0x0000000081700000, 0x0000000081800000, 0x0000000081800000|100%|HS|  |TAMS 0x0000000081800000, 0x0000000081700000| Complete 
|  24|0x0000000081800000, 0x0000000081900000, 0x0000000081900000|100%|HS|  |TAMS 0x0000000081900000, 0x0000000081800000| Complete 
|  25|0x0000000081900000, 0x0000000081a00000, 0x0000000081a00000|100%|HC|  |TAMS 0x0000000081a00000, 0x0000000081900000| Complete 
|  26|0x0000000081a00000, 0x0000000081b00000, 0x0000000081b00000|100%| O|  |TAMS 0x0000000081b00000, 0x0000000081a00000| Untracked 
|  27|0x0000000081b00000, 0x0000000081c00000, 0x0000000081c00000|100%| O|  |TAMS 0x0000000081c00000, 0x0000000081b00000| Untracked 
|  28|0x0000000081c00000, 0x0000000081d00000, 0x0000000081d00000|100%| O|  |TAMS 0x0000000081d00000, 0x0000000081c00000| Untracked 
|  29|0x0000000081d00000, 0x0000000081e00000, 0x0000000081e00000|100%| O|  |TAMS 0x0000000081e00000, 0x0000000081d00000| Untracked 
|  30|0x0000000081e00000, 0x0000000081f00000, 0x0000000081f00000|100%| O|  |TAMS 0x0000000081f00000, 0x0000000081e00000| Untracked 
|  31|0x0000000081f00000, 0x0000000082000000, 0x0000000082000000|100%| O|  |TAMS 0x0000000082000000, 0x0000000081f00000| Untracked 
|  32|0x0000000082000000, 0x0000000082100000, 0x0000000082100000|100%| O|  |TAMS 0x0000000082100000, 0x0000000082000000| Untracked 
|  33|0x0000000082100000, 0x0000000082200000, 0x0000000082200000|100%| O|  |TAMS 0x0000000082200000, 0x0000000082100000| Untracked 
|  34|0x0000000082200000, 0x0000000082300000, 0x0000000082300000|100%| O|  |TAMS 0x0000000082300000, 0x0000000082200000| Untracked 
|  35|0x0000000082300000, 0x0000000082400000, 0x0000000082400000|100%| O|  |TAMS 0x0000000082400000, 0x0000000082300000| Untracked 
|  36|0x0000000082400000, 0x0000000082500000, 0x0000000082500000|100%| O|  |TAMS 0x0000000082500000, 0x0000000082400000| Untracked 
|  37|0x0000000082500000, 0x0000000082600000, 0x0000000082600000|100%| O|  |TAMS 0x0000000082600000, 0x0000000082500000| Untracked 
|  38|0x0000000082600000, 0x0000000082700000, 0x0000000082700000|100%| O|  |TAMS 0x0000000082700000, 0x0000000082600000| Untracked 
|  39|0x0000000082700000, 0x0000000082800000, 0x0000000082800000|100%| O|  |TAMS 0x0000000082800000, 0x0000000082700000| Untracked 
|  40|0x0000000082800000, 0x000000008287b000, 0x0000000082900000| 48%| O|  |TAMS 0x000000008287b000, 0x0000000082800000| Untracked 
|  41|0x0000000082900000, 0x0000000082900000, 0x0000000082a00000|  0%| F|  |TAMS 0x0000000082900000, 0x0000000082900000| Untracked 
|  42|0x0000000082a00000, 0x0000000082a00000, 0x0000000082b00000|  0%| F|  |TAMS 0x0000000082a00000, 0x0000000082a00000| Untracked 
|  43|0x0000000082b00000, 0x0000000082b00000, 0x0000000082c00000|  0%| F|  |TAMS 0x0000000082b00000, 0x0000000082b00000| Untracked 
|  44|0x0000000082c00000, 0x0000000082c00000, 0x0000000082d00000|  0%| F|  |TAMS 0x0000000082c00000, 0x0000000082c00000| Untracked 
|  45|0x0000000082d00000, 0x0000000082d00000, 0x0000000082e00000|  0%| F|  |TAMS 0x0000000082d00000, 0x0000000082d00000| Untracked 
|  46|0x0000000082e00000, 0x0000000082e00000, 0x0000000082f00000|  0%| F|  |TAMS 0x0000000082e00000, 0x0000000082e00000| Untracked 
|  47|0x0000000082f00000, 0x0000000082f00000, 0x0000000083000000|  0%| F|  |TAMS 0x0000000082f00000, 0x0000000082f00000| Untracked 
|  48|0x0000000083000000, 0x0000000083000000, 0x0000000083100000|  0%| F|  |TAMS 0x0000000083000000, 0x0000000083000000| Untracked 
|  49|0x0000000083100000, 0x0000000083100000, 0x0000000083200000|  0%| F|  |TAMS 0x0000000083100000, 0x0000000083100000| Untracked 
|  50|0x0000000083200000, 0x0000000083200000, 0x0000000083300000|  0%| F|  |TAMS 0x0000000083200000, 0x0000000083200000| Untracked 
|  51|0x0000000083300000, 0x0000000083300000, 0x0000000083400000|  0%| F|  |TAMS 0x0000000083300000, 0x0000000083300000| Untracked 
|  52|0x0000000083400000, 0x0000000083400000, 0x0000000083500000|  0%| F|  |TAMS 0x0000000083400000, 0x0000000083400000| Untracked 
|  53|0x0000000083500000, 0x0000000083500000, 0x0000000083600000|  0%| F|  |TAMS 0x0000000083500000, 0x0000000083500000| Untracked 
|  54|0x0000000083600000, 0x0000000083600000, 0x0000000083700000|  0%| F|  |TAMS 0x0000000083600000, 0x0000000083600000| Untracked 
|  55|0x0000000083700000, 0x0000000083700000, 0x0000000083800000|  0%| F|  |TAMS 0x0000000083700000, 0x0000000083700000| Untracked 
|  56|0x0000000083800000, 0x0000000083800000, 0x0000000083900000|  0%| F|  |TAMS 0x0000000083800000, 0x0000000083800000| Untracked 
|  57|0x0000000083900000, 0x0000000083900000, 0x0000000083a00000|  0%| F|  |TAMS 0x0000000083900000, 0x0000000083900000| Untracked 
|  58|0x0000000083a00000, 0x0000000083a00000, 0x0000000083b00000|  0%| F|  |TAMS 0x0000000083a00000, 0x0000000083a00000| Untracked 
|  59|0x0000000083b00000, 0x0000000083b00000, 0x0000000083c00000|  0%| F|  |TAMS 0x0000000083b00000, 0x0000000083b00000| Untracked 
|  60|0x0000000083c00000, 0x0000000083c00000, 0x0000000083d00000|  0%| F|  |TAMS 0x0000000083c00000, 0x0000000083c00000| Untracked 
|  61|0x0000000083d00000, 0x0000000083d00000, 0x0000000083e00000|  0%| F|  |TAMS 0x0000000083d00000, 0x0000000083d00000| Untracked 
|  62|0x0000000083e00000, 0x0000000083e00000, 0x0000000083f00000|  0%| F|  |TAMS 0x0000000083e00000, 0x0000000083e00000| Untracked 
|  63|0x0000000083f00000, 0x0000000083f00000, 0x0000000084000000|  0%| F|  |TAMS 0x0000000083f00000, 0x0000000083f00000| Untracked 
|  64|0x0000000084000000, 0x0000000084000000, 0x0000000084100000|  0%| F|  |TAMS 0x0000000084000000, 0x0000000084000000| Untracked 
|  65|0x0000000084100000, 0x0000000084100000, 0x0000000084200000|  0%| F|  |TAMS 0x0000000084100000, 0x0000000084100000| Untracked 
|  66|0x0000000084200000, 0x0000000084200000, 0x0000000084300000|  0%| F|  |TAMS 0x0000000084200000, 0x0000000084200000| Untracked 
|  67|0x0000000084300000, 0x0000000084300000, 0x0000000084400000|  0%| F|  |TAMS 0x0000000084300000, 0x0000000084300000| Untracked 
|  68|0x0000000084400000, 0x0000000084400000, 0x0000000084500000|  0%| F|  |TAMS 0x0000000084400000, 0x0000000084400000| Untracked 
|  69|0x0000000084500000, 0x0000000084500000, 0x0000000084600000|  0%| F|  |TAMS 0x0000000084500000, 0x0000000084500000| Untracked 
|  70|0x0000000084600000, 0x0000000084600000, 0x0000000084700000|  0%| F|  |TAMS 0x0000000084600000, 0x0000000084600000| Untracked 
|  71|0x0000000084700000, 0x0000000084700000, 0x0000000084800000|  0%| F|  |TAMS 0x0000000084700000, 0x0000000084700000| Untracked 
|  72|0x0000000084800000, 0x0000000084800000, 0x0000000084900000|  0%| F|  |TAMS 0x0000000084800000, 0x0000000084800000| Untracked 
|  73|0x0000000084900000, 0x0000000084900000, 0x0000000084a00000|  0%| F|  |TAMS 0x0000000084900000, 0x0000000084900000| Untracked 
|  74|0x0000000084a00000, 0x0000000084a00000, 0x0000000084b00000|  0%| F|  |TAMS 0x0000000084a00000, 0x0000000084a00000| Untracked 
|  75|0x0000000084b00000, 0x0000000084b00000, 0x0000000084c00000|  0%| F|  |TAMS 0x0000000084b00000, 0x0000000084b00000| Untracked 
|  76|0x0000000084c00000, 0x0000000084c00000, 0x0000000084d00000|  0%| F|  |TAMS 0x0000000084c00000, 0x0000000084c00000| Untracked 
|  77|0x0000000084d00000, 0x0000000084d00000, 0x0000000084e00000|  0%| F|  |TAMS 0x0000000084d00000, 0x0000000084d00000| Untracked 
|  78|0x0000000084e00000, 0x0000000084e00000, 0x0000000084f00000|  0%| F|  |TAMS 0x0000000084e00000, 0x0000000084e00000| Untracked 
|  79|0x0000000084f00000, 0x0000000084f00000, 0x0000000085000000|  0%| F|  |TAMS 0x0000000084f00000, 0x0000000084f00000| Untracked 
|  80|0x0000000085000000, 0x0000000085000000, 0x0000000085100000|  0%| F|  |TAMS 0x0000000085000000, 0x0000000085000000| Untracked 
|  81|0x0000000085100000, 0x0000000085100000, 0x0000000085200000|  0%| F|  |TAMS 0x0000000085100000, 0x0000000085100000| Untracked 
|  82|0x0000000085200000, 0x0000000085200000, 0x0000000085300000|  0%| F|  |TAMS 0x0000000085200000, 0x0000000085200000| Untracked 
|  83|0x0000000085300000, 0x0000000085300000, 0x0000000085400000|  0%| F|  |TAMS 0x0000000085300000, 0x0000000085300000| Untracked 
|  84|0x0000000085400000, 0x0000000085400000, 0x0000000085500000|  0%| F|  |TAMS 0x0000000085400000, 0x0000000085400000| Untracked 
|  85|0x0000000085500000, 0x0000000085500000, 0x0000000085600000|  0%| F|  |TAMS 0x0000000085500000, 0x0000000085500000| Untracked 
|  86|0x0000000085600000, 0x0000000085600000, 0x0000000085700000|  0%| F|  |TAMS 0x0000000085600000, 0x0000000085600000| Untracked 
|  87|0x0000000085700000, 0x0000000085700000, 0x0000000085800000|  0%| F|  |TAMS 0x0000000085700000, 0x0000000085700000| Untracked 
|  88|0x0000000085800000, 0x0000000085800000, 0x0000000085900000|  0%| F|  |TAMS 0x0000000085800000, 0x0000000085800000| Untracked 
|  89|0x0000000085900000, 0x0000000085900000, 0x0000000085a00000|  0%| F|  |TAMS 0x0000000085900000, 0x0000000085900000| Untracked 
|  90|0x0000000085a00000, 0x0000000085a5ff70, 0x0000000085b00000| 37%| S|CS|TAMS 0x0000000085a00000, 0x0000000085a00000| Complete 
|  91|0x0000000085b00000, 0x0000000085c00000, 0x0000000085c00000|100%| S|CS|TAMS 0x0000000085b00000, 0x0000000085b00000| Complete 
|  92|0x0000000085c00000, 0x0000000085d00000, 0x0000000085d00000|100%| S|CS|TAMS 0x0000000085c00000, 0x0000000085c00000| Complete 
|  93|0x0000000085d00000, 0x0000000085e00000, 0x0000000085e00000|100%| S|CS|TAMS 0x0000000085d00000, 0x0000000085d00000| Complete 
|  94|0x0000000085e00000, 0x0000000085f00000, 0x0000000085f00000|100%| S|CS|TAMS 0x0000000085e00000, 0x0000000085e00000| Complete 
|  95|0x0000000085f00000, 0x0000000086000000, 0x0000000086000000|100%| S|CS|TAMS 0x0000000085f00000, 0x0000000085f00000| Complete 
|  96|0x0000000086000000, 0x0000000086000000, 0x0000000086100000|  0%| F|  |TAMS 0x0000000086000000, 0x0000000086000000| Untracked 
|  97|0x0000000086100000, 0x0000000086100000, 0x0000000086200000|  0%| F|  |TAMS 0x0000000086100000, 0x0000000086100000| Untracked 
|  98|0x0000000086200000, 0x0000000086200000, 0x0000000086300000|  0%| F|  |TAMS 0x0000000086200000, 0x0000000086200000| Untracked 
|  99|0x0000000086300000, 0x0000000086300000, 0x0000000086400000|  0%| F|  |TAMS 0x0000000086300000, 0x0000000086300000| Untracked 
| 100|0x0000000086400000, 0x0000000086400000, 0x0000000086500000|  0%| F|  |TAMS 0x0000000086400000, 0x0000000086400000| Untracked 
| 101|0x0000000086500000, 0x0000000086500000, 0x0000000086600000|  0%| F|  |TAMS 0x0000000086500000, 0x0000000086500000| Untracked 
| 102|0x0000000086600000, 0x0000000086680c00, 0x0000000086700000| 50%| E|  |TAMS 0x0000000086600000, 0x0000000086600000| Complete 
| 103|0x0000000086700000, 0x0000000086800000, 0x0000000086800000|100%| E|CS|TAMS 0x0000000086700000, 0x0000000086700000| Complete 
| 104|0x0000000086800000, 0x0000000086900000, 0x0000000086900000|100%| E|CS|TAMS 0x0000000086800000, 0x0000000086800000| Complete 
| 105|0x0000000086900000, 0x0000000086a00000, 0x0000000086a00000|100%| E|CS|TAMS 0x0000000086900000, 0x0000000086900000| Complete 
| 106|0x0000000086a00000, 0x0000000086b00000, 0x0000000086b00000|100%| E|CS|TAMS 0x0000000086a00000, 0x0000000086a00000| Complete 
| 107|0x0000000086b00000, 0x0000000086c00000, 0x0000000086c00000|100%| E|CS|TAMS 0x0000000086b00000, 0x0000000086b00000| Complete 
| 108|0x0000000086c00000, 0x0000000086d00000, 0x0000000086d00000|100%| E|CS|TAMS 0x0000000086c00000, 0x0000000086c00000| Complete 
| 109|0x0000000086d00000, 0x0000000086e00000, 0x0000000086e00000|100%| E|CS|TAMS 0x0000000086d00000, 0x0000000086d00000| Complete 
| 110|0x0000000086e00000, 0x0000000086f00000, 0x0000000086f00000|100%| E|CS|TAMS 0x0000000086e00000, 0x0000000086e00000| Complete 
| 111|0x0000000086f00000, 0x0000000087000000, 0x0000000087000000|100%| E|CS|TAMS 0x0000000086f00000, 0x0000000086f00000| Complete 
| 112|0x0000000087000000, 0x0000000087100000, 0x0000000087100000|100%| E|CS|TAMS 0x0000000087000000, 0x0000000087000000| Complete 
| 113|0x0000000087100000, 0x0000000087200000, 0x0000000087200000|100%| E|CS|TAMS 0x0000000087100000, 0x0000000087100000| Complete 
| 114|0x0000000087200000, 0x0000000087300000, 0x0000000087300000|100%| E|CS|TAMS 0x0000000087200000, 0x0000000087200000| Complete 
| 115|0x0000000087300000, 0x0000000087400000, 0x0000000087400000|100%| E|CS|TAMS 0x0000000087300000, 0x0000000087300000| Complete 
| 116|0x0000000087400000, 0x0000000087500000, 0x0000000087500000|100%| E|CS|TAMS 0x0000000087400000, 0x0000000087400000| Complete 
| 117|0x0000000087500000, 0x0000000087600000, 0x0000000087600000|100%| E|CS|TAMS 0x0000000087500000, 0x0000000087500000| Complete 
| 118|0x0000000087600000, 0x0000000087700000, 0x0000000087700000|100%| E|CS|TAMS 0x0000000087600000, 0x0000000087600000| Complete 
| 119|0x0000000087700000, 0x0000000087800000, 0x0000000087800000|100%| E|  |TAMS 0x0000000087700000, 0x0000000087700000| Complete 
| 120|0x0000000087800000, 0x0000000087900000, 0x0000000087900000|100%| E|CS|TAMS 0x0000000087800000, 0x0000000087800000| Complete 
| 121|0x0000000087900000, 0x0000000087a00000, 0x0000000087a00000|100%| E|CS|TAMS 0x0000000087900000, 0x0000000087900000| Complete 
| 122|0x0000000087a00000, 0x0000000087b00000, 0x0000000087b00000|100%| E|CS|TAMS 0x0000000087a00000, 0x0000000087a00000| Complete 
| 123|0x0000000087b00000, 0x0000000087c00000, 0x0000000087c00000|100%| E|CS|TAMS 0x0000000087b00000, 0x0000000087b00000| Complete 
| 124|0x0000000087c00000, 0x0000000087d00000, 0x0000000087d00000|100%| E|CS|TAMS 0x0000000087c00000, 0x0000000087c00000| Complete 
| 125|0x0000000087d00000, 0x0000000087e00000, 0x0000000087e00000|100%| E|CS|TAMS 0x0000000087d00000, 0x0000000087d00000| Complete 
| 126|0x0000000087e00000, 0x0000000087f00000, 0x0000000087f00000|100%| E|CS|TAMS 0x0000000087e00000, 0x0000000087e00000| Complete 
| 127|0x0000000087f00000, 0x0000000088000000, 0x0000000088000000|100%| E|CS|TAMS 0x0000000087f00000, 0x0000000087f00000| Complete 

Card table byte_map: [0x0000017e2d2e0000,0x0000017e2d6e0000] _byte_map_base: 0x0000017e2cee0000

Marking Bits (Prev, Next): (CMBitMap*) 0x0000017e1a4b2260, (CMBitMap*) 0x0000017e1a4b2228
 Prev Bits: [0x0000017e2fae0000, 0x0000017e31ae0000)
 Next Bits: [0x0000017e2dae0000, 0x0000017e2fae0000)

Polling page: 0x0000017e19500000

Metaspace:

Usage:
  Non-class:     52.84 MB capacity,    51.97 MB ( 98%) used,   746.05 KB (  1%) free+waste,   154.25 KB ( <1%) overhead. 
      Class:      8.06 MB capacity,     7.53 MB ( 93%) used,   470.72 KB (  6%) free+waste,    72.63 KB ( <1%) overhead. 
       Both:     60.90 MB capacity,    59.49 MB ( 98%) used,     1.19 MB (  2%) free+waste,   226.88 KB ( <1%) overhead. 

Virtual space:
  Non-class space:       54.00 MB reserved,      53.00 MB ( 98%) committed 
      Class space:        1.00 GB reserved,       8.20 MB ( <1%) committed 
             Both:        1.05 GB reserved,      61.20 MB (  6%) committed 

Chunk freelists:
   Non-Class:  31.00 KB
       Class:  35.00 KB
        Both:  66.00 KB

MaxMetaspaceSize: 17179869184.00 GB
CompressedClassSpaceSize: 1.00 GB

CodeHeap 'non-profiled nmethods': size=120064Kb used=3519Kb max_used=3519Kb free=116544Kb
 bounds [0x0000017e259a0000, 0x0000017e25d10000, 0x0000017e2cee0000]
CodeHeap 'profiled nmethods': size=120000Kb used=12665Kb max_used=12665Kb free=107334Kb
 bounds [0x0000017e1e470000, 0x0000017e1f0d0000, 0x0000017e259a0000]
CodeHeap 'non-nmethods': size=5696Kb used=2255Kb max_used=2289Kb free=3440Kb
 bounds [0x0000017e1dee0000, 0x0000017e1e150000, 0x0000017e1e470000]
 total_blobs=6793 nmethods=5950 adapters=754
 compilation: enabled
              stopped_count=0, restarted_count=0
 full_count=0

Compilation events (20 events):
Event: 28.836 Thread 0x0000017e348ae000 5932       3       org.objectweb.asm.Frame::getInitializedType (153 bytes)
Event: 28.837 Thread 0x0000017e348ae000 nmethod 5932 0x0000017e1f0a9810 code [0x0000017e1f0a9a20, 0x0000017e1f0a9f58]
Event: 28.859 Thread 0x0000017e348ae000 5933       3       jdk.internal.org.objectweb.asm.ClassReader::<init> (257 bytes)
Event: 28.860 Thread 0x0000017e348ae000 nmethod 5933 0x0000017e1f0aa210 code [0x0000017e1f0aa440, 0x0000017e1f0aaee8]
Event: 28.862 Thread 0x0000017e348ae000 5934       3       org.objectweb.asm.ClassWriter::toByteArray (1535 bytes)
Event: 28.873 Thread 0x0000017e348ae000 nmethod 5934 0x0000017e1f0ab290 code [0x0000017e1f0abbe0, 0x0000017e1f0afcd8]
Event: 28.888 Thread 0x0000017e348ae000 5935       3       org.gradle.internal.instantiation.generator.AbstractClassGenerator::assembleProperties (239 bytes)
Event: 28.892 Thread 0x0000017e348ae000 nmethod 5935 0x0000017e1f0b1d90 code [0x0000017e1f0b2300, 0x0000017e1f0b5638]
Event: 28.892 Thread 0x0000017e348ae000 5936   !   3       org.objectweb.asm.ClassWriter::getCommonSuperClass (141 bytes)
Event: 28.893 Thread 0x0000017e348ae000 nmethod 5936 0x0000017e1f0b6690 code [0x0000017e1f0b6980, 0x0000017e1f0b74b8]
Event: 28.893 Thread 0x0000017e348ae000 5937       3       org.objectweb.asm.ClassWriter::getClassLoader (8 bytes)
Event: 28.895 Thread 0x0000017e348ae000 nmethod 5937 0x0000017e1f0b7b10 code [0x0000017e1f0b7d40, 0x0000017e1f0b8658]
Event: 28.900 Thread 0x0000017e348ae000 5938       3       java.net.URLClassLoader$1::run (5 bytes)
Event: 28.900 Thread 0x0000017e348ae000 nmethod 5938 0x0000017e1f0b8990 code [0x0000017e1f0b8b40, 0x0000017e1f0b8c68]
Event: 28.901 Thread 0x0000017e348ae000 5939   !   3       java.net.URLClassLoader$1::run (63 bytes)
Event: 28.902 Thread 0x0000017e348ae000 nmethod 5939 0x0000017e1f0b8d10 code [0x0000017e1f0b8f20, 0x0000017e1f0b9288]
Event: 28.916 Thread 0x0000017e348ae000 5940       3       org.gradle.internal.serialize.InputStreamBackedDecoder::readString (8 bytes)
Event: 28.917 Thread 0x0000017e348ae000 nmethod 5940 0x0000017e1f0b9490 code [0x0000017e1f0b9660, 0x0000017e1f0b97e8]
Event: 28.934 Thread 0x0000017e348ae000 5941       3       jdk.internal.loader.URLClassPath$JarLoader$2::getCodeSigners (8 bytes)
Event: 28.934 Thread 0x0000017e348ae000 nmethod 5941 0x0000017e1f0b9910 code [0x0000017e1f0b9ac0, 0x0000017e1f0b9c88]

GC Heap History (20 events):
Event: 8.630 GC heap before
{Heap before GC invocations=3 (full 0):
 garbage-first heap   total 131072K, used 46426K [0x0000000080000000, 0x0000000100000000)
  region size 1024K, 38 young (38912K), 2 survivors (2048K)
 Metaspace       used 15386K, capacity 15720K, committed 16000K, reserved 1062912K
  class space    used 1753K, capacity 1862K, committed 1920K, reserved 1048576K
}
Event: 8.637 GC heap after
{Heap after GC invocations=4 (full 0):
 garbage-first heap   total 131072K, used 14745K [0x0000000080000000, 0x0000000100000000)
  region size 1024K, 5 young (5120K), 5 survivors (5120K)
 Metaspace       used 15386K, capacity 15720K, committed 16000K, reserved 1062912K
  class space    used 1753K, capacity 1862K, committed 1920K, reserved 1048576K
}
Event: 10.418 GC heap before
{Heap before GC invocations=4 (full 0):
 garbage-first heap   total 131072K, used 52633K [0x0000000080000000, 0x0000000100000000)
  region size 1024K, 43 young (44032K), 5 survivors (5120K)
 Metaspace       used 20650K, capacity 21126K, committed 21248K, reserved 1067008K
  class space    used 2519K, capacity 2720K, committed 2816K, reserved 1048576K
}
Event: 10.437 GC heap after
{Heap after GC invocations=5 (full 0):
 garbage-first heap   total 131072K, used 16496K [0x0000000080000000, 0x0000000100000000)
  region size 1024K, 2 young (2048K), 2 survivors (2048K)
 Metaspace       used 20650K, capacity 21126K, committed 21248K, reserved 1067008K
  class space    used 2519K, capacity 2720K, committed 2816K, reserved 1048576K
}
Event: 12.271 GC heap before
{Heap before GC invocations=6 (full 0):
 garbage-first heap   total 131072K, used 66672K [0x0000000080000000, 0x0000000100000000)
  region size 1024K, 51 young (52224K), 2 survivors (2048K)
 Metaspace       used 25756K, capacity 26362K, committed 26496K, reserved 1073152K
  class space    used 3364K, capacity 3598K, committed 3712K, reserved 1048576K
}
Event: 12.279 GC heap after
{Heap after GC invocations=7 (full 0):
 garbage-first heap   total 131072K, used 18286K [0x0000000080000000, 0x0000000100000000)
  region size 1024K, 4 young (4096K), 4 survivors (4096K)
 Metaspace       used 25756K, capacity 26362K, committed 26496K, reserved 1073152K
  class space    used 3364K, capacity 3598K, committed 3712K, reserved 1048576K
}
Event: 15.506 GC heap before
{Heap before GC invocations=7 (full 0):
 garbage-first heap   total 131072K, used 76654K [0x0000000080000000, 0x0000000100000000)
  region size 1024K, 61 young (62464K), 4 survivors (4096K)
 Metaspace       used 34597K, capacity 35487K, committed 35584K, reserved 1079296K
  class space    used 4504K, capacity 4832K, committed 4864K, reserved 1048576K
}
Event: 15.520 GC heap after
{Heap after GC invocations=8 (full 0):
 garbage-first heap   total 131072K, used 21905K [0x0000000080000000, 0x0000000100000000)
  region size 1024K, 7 young (7168K), 7 survivors (7168K)
 Metaspace       used 34597K, capacity 35487K, committed 35584K, reserved 1079296K
  class space    used 4504K, capacity 4832K, committed 4864K, reserved 1048576K
}
Event: 15.683 GC heap before
{Heap before GC invocations=8 (full 0):
 garbage-first heap   total 131072K, used 22929K [0x0000000080000000, 0x0000000100000000)
  region size 1024K, 9 young (9216K), 7 survivors (7168K)
 Metaspace       used 35060K, capacity 35839K, committed 35840K, reserved 1081344K
  class space    used 4539K, capacity 4864K, committed 4864K, reserved 1048576K
}
Event: 15.708 GC heap after
{Heap after GC invocations=9 (full 0):
 garbage-first heap   total 131072K, used 21994K [0x0000000080000000, 0x0000000100000000)
  region size 1024K, 4 young (4096K), 4 survivors (4096K)
 Metaspace       used 35060K, capacity 35839K, committed 35840K, reserved 1081344K
  class space    used 4539K, capacity 4864K, committed 4864K, reserved 1048576K
}
Event: 18.659 GC heap before
{Heap before GC invocations=10 (full 0):
 garbage-first heap   total 131072K, used 79338K [0x0000000080000000, 0x0000000100000000)
  region size 1024K, 57 young (58368K), 4 survivors (4096K)
 Metaspace       used 38835K, capacity 39704K, committed 40012K, reserved 1083392K
  class space    used 4950K, capacity 5315K, committed 5452K, reserved 1048576K
}
Event: 18.674 GC heap after
{Heap after GC invocations=11 (full 0):
 garbage-first heap   total 131072K, used 27091K [0x0000000080000000, 0x0000000100000000)
  region size 1024K, 8 young (8192K), 8 survivors (8192K)
 Metaspace       used 38835K, capacity 39704K, committed 40012K, reserved 1083392K
  class space    used 4950K, capacity 5315K, committed 5452K, reserved 1048576K
}
Event: 21.063 GC heap before
{Heap before GC invocations=11 (full 0):
 garbage-first heap   total 131072K, used 82387K [0x0000000080000000, 0x0000000100000000)
  region size 1024K, 62 young (63488K), 8 survivors (8192K)
 Metaspace       used 44006K, capacity 45103K, committed 45260K, reserved 1089536K
  class space    used 5640K, capacity 6002K, committed 6092K, reserved 1048576K
}
Event: 21.080 GC heap after
{Heap after GC invocations=12 (full 0):
 garbage-first heap   total 131072K, used 29128K [0x0000000080000000, 0x0000000100000000)
  region size 1024K, 7 young (7168K), 7 survivors (7168K)
 Metaspace       used 44006K, capacity 45103K, committed 45260K, reserved 1089536K
  class space    used 5640K, capacity 6002K, committed 6092K, reserved 1048576K
}
Event: 24.281 GC heap before
{Heap before GC invocations=12 (full 0):
 garbage-first heap   total 131072K, used 89544K [0x0000000080000000, 0x0000000100000000)
  region size 1024K, 63 young (64512K), 7 survivors (7168K)
 Metaspace       used 47109K, capacity 48353K, committed 48460K, reserved 1091584K
  class space    used 6011K, capacity 6460K, committed 6476K, reserved 1048576K
}
Event: 24.300 GC heap after
{Heap after GC invocations=13 (full 0):
 garbage-first heap   total 131072K, used 40596K [0x0000000080000000, 0x0000000100000000)
  region size 1024K, 8 young (8192K), 8 survivors (8192K)
 Metaspace       used 47109K, capacity 48353K, committed 48460K, reserved 1091584K
  class space    used 6011K, capacity 6460K, committed 6476K, reserved 1048576K
}
Event: 26.655 GC heap before
{Heap before GC invocations=13 (full 0):
 garbage-first heap   total 131072K, used 91796K [0x0000000080000000, 0x0000000100000000)
  region size 1024K, 58 young (59392K), 8 survivors (8192K)
 Metaspace       used 53221K, capacity 54698K, committed 54988K, reserved 1097728K
  class space    used 6792K, capacity 7305K, committed 7372K, reserved 1048576K
}
Event: 26.672 GC heap after
{Heap after GC invocations=14 (full 0):
 garbage-first heap   total 131072K, used 45152K [0x0000000080000000, 0x0000000100000000)
  region size 1024K, 4 young (4096K), 4 survivors (4096K)
 Metaspace       used 53221K, capacity 54698K, committed 54988K, reserved 1097728K
  class space    used 6792K, capacity 7305K, committed 7372K, reserved 1048576K
}
Event: 28.131 GC heap before
{Heap before GC invocations=14 (full 0):
 garbage-first heap   total 131072K, used 76896K [0x0000000080000000, 0x0000000100000000)
  region size 1024K, 36 young (36864K), 4 survivors (4096K)
 Metaspace       used 58514K, capacity 60036K, committed 60236K, reserved 1101824K
  class space    used 7414K, capacity 7972K, committed 8012K, reserved 1048576K
}
Event: 28.146 GC heap after
{Heap after GC invocations=15 (full 0):
 garbage-first heap   total 131072K, used 46955K [0x0000000080000000, 0x0000000100000000)
  region size 1024K, 6 young (6144K), 6 survivors (6144K)
 Metaspace       used 58514K, capacity 60036K, committed 60236K, reserved 1101824K
  class space    used 7414K, capacity 7972K, committed 8012K, reserved 1048576K
}

Deoptimization events (20 events):
Event: 28.649 Thread 0x0000017e36c2a000 DEOPT PACKING pc=0x0000017e1f082828 sp=0x0000003bcfef4470
Event: 28.650 Thread 0x0000017e36c2a000 DEOPT UNPACKING pc=0x0000017e1df076ce sp=0x0000003bcfef3928 mode 0
Event: 28.650 Thread 0x0000017e36c2a000 DEOPT PACKING pc=0x0000017e1f082828 sp=0x0000003bcfef4470
Event: 28.650 Thread 0x0000017e36c2a000 DEOPT UNPACKING pc=0x0000017e1df076ce sp=0x0000003bcfef3928 mode 0
Event: 28.652 Thread 0x0000017e36c2a000 DEOPT PACKING pc=0x0000017e1f082828 sp=0x0000003bcfef4470
Event: 28.652 Thread 0x0000017e36c2a000 DEOPT UNPACKING pc=0x0000017e1df076ce sp=0x0000003bcfef3928 mode 0
Event: 28.652 Thread 0x0000017e36c2a000 DEOPT PACKING pc=0x0000017e1f082828 sp=0x0000003bcfef4470
Event: 28.652 Thread 0x0000017e36c2a000 DEOPT UNPACKING pc=0x0000017e1df076ce sp=0x0000003bcfef3928 mode 0
Event: 28.655 Thread 0x0000017e36c2a000 DEOPT PACKING pc=0x0000017e1f082828 sp=0x0000003bcfef4470
Event: 28.655 Thread 0x0000017e36c2a000 DEOPT UNPACKING pc=0x0000017e1df076ce sp=0x0000003bcfef3928 mode 0
Event: 28.658 Thread 0x0000017e36c2a000 DEOPT PACKING pc=0x0000017e1f082828 sp=0x0000003bcfef4470
Event: 28.658 Thread 0x0000017e36c2a000 DEOPT UNPACKING pc=0x0000017e1df076ce sp=0x0000003bcfef3928 mode 0
Event: 28.659 Thread 0x0000017e36c2a000 DEOPT PACKING pc=0x0000017e1f082828 sp=0x0000003bcfef4470
Event: 28.659 Thread 0x0000017e36c2a000 DEOPT UNPACKING pc=0x0000017e1df076ce sp=0x0000003bcfef3928 mode 0
Event: 28.663 Thread 0x0000017e36c2a000 DEOPT PACKING pc=0x0000017e1f082828 sp=0x0000003bcfef4470
Event: 28.663 Thread 0x0000017e36c2a000 DEOPT UNPACKING pc=0x0000017e1df076ce sp=0x0000003bcfef3928 mode 0
Event: 28.674 Thread 0x0000017e36c2a000 Uncommon trap: trap_request=0xffffff4d fr.pc=0x0000017e25c913bc relative=0x000000000000009c
Event: 28.674 Thread 0x0000017e36c2a000 Uncommon trap: reason=unstable_if action=reinterpret pc=0x0000017e25c913bc method=java.security.CodeSource.matchCerts(Ljava/security/CodeSource;Z)Z @ 11 c2
Event: 28.674 Thread 0x0000017e36c2a000 DEOPT PACKING pc=0x0000017e25c913bc sp=0x0000003bcfef1700
Event: 28.674 Thread 0x0000017e36c2a000 DEOPT UNPACKING pc=0x0000017e1df078af sp=0x0000003bcfef1698 mode 2

Classes redefined (0 events):
No events

Internal exceptions (20 events):
Event: 24.719 Thread 0x0000017e37666000 Exception <a 'java/lang/NoSuchMethodError'{0x00000000876388e0}: <clinit>> (0x00000000876388e0) thrown at [./src/hotspot/share/prims/jni.cpp, line 1362]
Event: 24.723 Thread 0x0000017e37666000 Exception <a 'java/lang/NoSuchMethodError'{0x000000008764c8f0}: <clinit>> (0x000000008764c8f0) thrown at [./src/hotspot/share/prims/jni.cpp, line 1362]
Event: 24.754 Thread 0x0000017e36c2a000 Exception <a 'java/lang/ClassNotFoundException'{0x00000000876abfa8}: build_6u9o6kasf5qtjjgdebdg3yc5cBeanInfo> (0x00000000876abfa8) thrown at [./src/hotspot/share/classfile/systemDictionary.cpp, line 231]
Event: 24.755 Thread 0x0000017e36c2a000 Exception <a 'java/lang/ClassNotFoundException'{0x00000000876b6ed0}: build_6u9o6kasf5qtjjgdebdg3yc5cCustomizer> (0x00000000876b6ed0) thrown at [./src/hotspot/share/classfile/systemDictionary.cpp, line 231]
Event: 24.797 Thread 0x0000017e36c2a000 Exception <a 'java/lang/ClassNotFoundException'{0x00000000875374d0}: org/gradle/plugin/use/internal/PluginRequestCollector$PluginDependenciesSpecImplBeanInfo> (0x00000000875374d0) thrown at [./src/hotspot/share/classfile/systemDictionary.cpp, line 231]
Event: 24.799 Thread 0x0000017e36c2a000 Exception <a 'java/lang/ClassNotFoundException'{0x0000000087565380}: org/gradle/plugin/use/internal/PluginRequestCollector$PluginDependenciesSpecImplCustomizer> (0x0000000087565380) thrown at [./src/hotspot/share/classfile/systemDictionary.cpp, line 231]
Event: 24.878 Thread 0x0000017e36c2a000 Exception <a 'java/lang/ClassNotFoundException'{0x00000000873e2eb0}: org/gradle/api/internal/plugins/DefaultObjectConfigurationActionBeanInfo> (0x00000000873e2eb0) thrown at [./src/hotspot/share/classfile/systemDictionary.cpp, line 231]
Event: 24.881 Thread 0x0000017e36c2a000 Exception <a 'java/lang/ClassNotFoundException'{0x0000000087216768}: org/gradle/api/internal/plugins/DefaultObjectConfigurationActionCustomizer> (0x0000000087216768) thrown at [./src/hotspot/share/classfile/systemDictionary.cpp, line 231]
Event: 25.307 Thread 0x0000017e36c2a000 Exception <a 'java/lang/NoSuchMethodError'{0x00000000869e1a00}: 'java.lang.Object java.lang.invoke.DirectMethodHandle$Holder.invokeStatic(java.lang.Object, java.lang.Object, java.lang.Object, java.lang.Object, int)'> (0x00000000869e1a00) thrown at [./src/hotspot/share/interpreter/linkResolver.cpp, line 773]
Event: 25.308 Thread 0x0000017e36c2a000 Exception <a 'java/lang/NoSuchMethodError'{0x00000000869e63f8}: 'java.lang.Object java.lang.invoke.DirectMethodHandle$Holder.invokeSpecial(java.lang.Object, java.lang.Object, java.lang.Object, java.lang.Object, java.lang.Object, int)'> (0x00000000869e63f8) thrown at [./src/hotspot/share/interpreter/linkResolver.cpp, line 773]
Event: 25.308 Thread 0x0000017e36c2a000 Exception <a 'java/lang/NoSuchMethodError'{0x00000000869eaa38}: 'java.lang.Object java.lang.invoke.Invokers$Holder.linkToTargetMethod(java.lang.Object, java.lang.Object, java.lang.Object, int, java.lang.Object)'> (0x00000000869eaa38) thrown at [./src/hotspot/share/interpreter/linkResolver.cpp, line 773]
Event: 25.515 Thread 0x0000017e36c2a000 Implicit null exception at 0x0000017e25c5e612 to 0x0000017e25c5ead4
Event: 26.081 Thread 0x0000017e36c2a000 Exception <a 'java/lang/NoSuchMethodError'{0x0000000085a3bce8}: 'java.lang.Object java.lang.invoke.DirectMethodHandle$Holder.invokeSpecial(java.lang.Object, java.lang.Object, int, int, java.lang.Object, java.lang.Object, java.lang.Object)'> (0x0000000085a3bce8) thrown at [./src/hotspot/share/interpreter/linkResolver.cpp, line 773]
Event: 26.082 Thread 0x0000017e36c2a000 Exception <a 'java/lang/NoSuchMethodError'{0x0000000085a40268}: 'java.lang.Object java.lang.invoke.DelegatingMethodHandle$Holder.reinvoke_L(java.lang.Object, int, int, java.lang.Object, java.lang.Object, java.lang.Object)'> (0x0000000085a40268) thrown at [./src/hotspot/share/interpreter/linkResolver.cpp, line 773]
Event: 26.625 Thread 0x0000017e36c2a000 Exception <a 'java/lang/NoSuchMethodError'{0x0000000084fac3f0}: 'int java.lang.invoke.DirectMethodHandle$Holder.invokeInterface(java.lang.Object, java.lang.Object, java.lang.Object, java.lang.Object)'> (0x0000000084fac3f0) thrown at [./src/hotspot/share/interpreter/linkResolver.cpp, line 773]
Event: 27.363 Thread 0x0000017e36c2a000 Exception <a 'java/lang/NoSuchMethodError'{0x00000000871f95b8}: 'void java.lang.invoke.DirectMethodHandle$Holder.invokeInterface(java.lang.Object, java.lang.Object, java.lang.Object, java.lang.Object)'> (0x00000000871f95b8) thrown at [./src/hotspot/share/interpreter/linkResolver.cpp, line 773]
Event: 27.684 Thread 0x0000017e36c2a000 Exception <a 'java/lang/IncompatibleClassChangeError'{0x000000008681dcd0}: Found class java.lang.Object, but interface was expected> (0x000000008681dcd0) thrown at [./src/hotspot/share/interpreter/linkResolver.cpp, line 839]
Event: 27.837 Thread 0x0000017e36c2a000 Implicit null exception at 0x0000017e25ca41d4 to 0x0000017e25ca43b8
Event: 28.104 Thread 0x0000017e36c2a000 Implicit null exception at 0x0000017e25afd60b to 0x0000017e25afd6e4
Event: 28.754 Thread 0x0000017e36c2a000 Exception <a 'sun/nio/fs/WindowsException'{0x00000000872864a8}> (0x00000000872864a8) thrown at [./src/hotspot/share/prims/jni.cpp, line 615]

Events (20 events):
Event: 28.906 loading class org/gradle/internal/typeconversion/CharSequenceNotationParser
Event: 28.906 loading class org/gradle/internal/typeconversion/CharSequenceNotationParser done
Event: 28.913 loading class com/android/build/gradle/internal/api/artifact/SourceArtifactType$KOTLIN_SOURCES
Event: 28.913 loading class com/android/build/gradle/internal/api/artifact/SourceArtifactType$KOTLIN_SOURCES done
Event: 28.916 loading class com/android/build/gradle/internal/api/artifact/SourceArtifactType$JAVA_RESOURCES
Event: 28.916 loading class com/android/build/gradle/internal/api/artifact/SourceArtifactType$JAVA_RESOURCES done
Event: 28.920 loading class com/android/build/gradle/internal/api/DefaultAndroidSourceFile
Event: 28.920 loading class com/android/build/gradle/internal/api/DefaultAndroidSourceFile done
Event: 28.928 loading class com/android/build/gradle/internal/api/artifact/SourceArtifactType$ASSETS
Event: 28.928 loading class com/android/build/gradle/internal/api/artifact/SourceArtifactType$ASSETS done
Event: 28.929 loading class com/android/build/gradle/internal/api/artifact/SourceArtifactType$ANDROID_RESOURCES
Event: 28.929 loading class com/android/build/gradle/internal/api/artifact/SourceArtifactType$ANDROID_RESOURCES done
Event: 28.930 loading class com/android/build/gradle/internal/api/artifact/SourceArtifactType$AIDL
Event: 28.930 loading class com/android/build/gradle/internal/api/artifact/SourceArtifactType$AIDL done
Event: 28.931 loading class com/android/build/gradle/internal/api/artifact/SourceArtifactType$RENDERSCRIPT
Event: 28.931 loading class com/android/build/gradle/internal/api/artifact/SourceArtifactType$RENDERSCRIPT done
Event: 28.932 loading class com/android/build/gradle/internal/api/artifact/SourceArtifactType$JNI
Event: 28.932 loading class com/android/build/gradle/internal/api/artifact/SourceArtifactType$JNI done
Event: 28.933 loading class com/android/build/gradle/internal/api/artifact/SourceArtifactType$JNI_LIBS
Event: 28.933 loading class com/android/build/gradle/internal/api/artifact/SourceArtifactType$JNI_LIBS done


Dynamic libraries:
0x00007ff773460000 - 0x00007ff77346a000 	C:\Program Files\Android\Android Studio\jre\bin\java.exe
0x00007ffcbb810000 - 0x00007ffcbba05000 	C:\WINDOWS\SYSTEM32\ntdll.dll
0x00007ffcb9ab0000 - 0x00007ffcb9b6e000 	C:\WINDOWS\System32\KERNEL32.DLL
0x00007ffcb9520000 - 0x00007ffcb97e8000 	C:\WINDOWS\System32\KERNELBASE.dll
0x00007ffcb90f0000 - 0x00007ffcb91f0000 	C:\WINDOWS\System32\ucrtbase.dll
0x00007ffcb6740000 - 0x00007ffcb6759000 	C:\Program Files\Android\Android Studio\jre\bin\jli.dll
0x00007ffcbb4b0000 - 0x00007ffcbb650000 	C:\WINDOWS\System32\USER32.dll
0x00007ffcb8f20000 - 0x00007ffcb8f42000 	C:\WINDOWS\System32\win32u.dll
0x00007ffcba280000 - 0x00007ffcba2ab000 	C:\WINDOWS\System32\GDI32.dll
0x00007ffcb91f0000 - 0x00007ffcb92fd000 	C:\WINDOWS\System32\gdi32full.dll
0x00007ffcb8fa0000 - 0x00007ffcb903d000 	C:\WINDOWS\System32\msvcp_win.dll
0x00007ffcb20b0000 - 0x00007ffcb20c7000 	C:\Program Files\Android\Android Studio\jre\bin\VCRUNTIME140.dll
0x00007ffcaa930000 - 0x00007ffcaabca000 	C:\WINDOWS\WinSxS\amd64_microsoft.windows.common-controls_6595b64144ccf1df_6.0.19041.1110_none_60b5254171f9507e\COMCTL32.dll
0x00007ffcbadf0000 - 0x00007ffcbae8e000 	C:\WINDOWS\System32\msvcrt.dll
0x00007ffcbae90000 - 0x00007ffcbaec0000 	C:\WINDOWS\System32\IMM32.DLL
0x00007ffcadf70000 - 0x00007ffcae172000 	C:\WINDOWS\system32\tmumh\20019\AddOn\8.53.0.1135\TmUmEvt64.dll
0x00007ffcbb3d0000 - 0x00007ffcbb3d8000 	C:\WINDOWS\System32\PSAPI.DLL
0x00007ffcb9880000 - 0x00007ffcb992e000 	C:\WINDOWS\System32\ADVAPI32.dll
0x00007ffcb9ff0000 - 0x00007ffcba08c000 	C:\WINDOWS\System32\sechost.dll
0x00007ffcba150000 - 0x00007ffcba275000 	C:\WINDOWS\System32\RPCRT4.dll
0x000000006b400000 - 0x000000006b570000 	C:\WINDOWS\system32\tmumh\20019\TmMon\2.8.0.1054\tmmon64.dll
0x00007ffc93040000 - 0x00007ffc930dd000 	C:\Program Files\Android\Android Studio\jre\bin\msvcp140.dll
0x00007ffc77620000 - 0x00007ffc780ef000 	C:\Program Files\Android\Android Studio\jre\bin\server\jvm.dll
0x00007ffca4880000 - 0x00007ffca4889000 	C:\WINDOWS\SYSTEM32\WSOCK32.dll
0x00007ffcbac60000 - 0x00007ffcbaccb000 	C:\WINDOWS\System32\WS2_32.dll
0x00007ffcad960000 - 0x00007ffcad987000 	C:\WINDOWS\SYSTEM32\WINMM.dll
0x00007ffcad9b0000 - 0x00007ffcad9ba000 	C:\WINDOWS\SYSTEM32\VERSION.dll
0x00007ffcb6d30000 - 0x00007ffcb6d42000 	C:\WINDOWS\SYSTEM32\kernel.appcore.dll
0x00007ffcb2000000 - 0x00007ffcb2011000 	C:\Program Files\Android\Android Studio\jre\bin\verify.dll
0x00007ffca4d90000 - 0x00007ffca4f74000 	C:\WINDOWS\SYSTEM32\DBGHELP.DLL
0x00007ffca4850000 - 0x00007ffca487c000 	C:\WINDOWS\SYSTEM32\dbgcore.DLL
0x00007ffcb9330000 - 0x00007ffcb93b2000 	C:\WINDOWS\System32\bcryptPrimitives.dll
0x00007ffca5260000 - 0x00007ffca5289000 	C:\Program Files\Android\Android Studio\jre\bin\java.dll
0x00007ffcb2470000 - 0x00007ffcb247b000 	C:\Program Files\Android\Android Studio\jre\bin\jimage.dll
0x00007ffcb1f90000 - 0x00007ffcb1fa8000 	C:\Program Files\Android\Android Studio\jre\bin\zip.dll
0x00007ffcba460000 - 0x00007ffcbaba4000 	C:\WINDOWS\System32\SHELL32.dll
0x00007ffcb7010000 - 0x00007ffcb77a4000 	C:\WINDOWS\SYSTEM32\windows.storage.dll
0x00007ffcbb070000 - 0x00007ffcbb3c5000 	C:\WINDOWS\System32\combase.dll
0x00007ffcb8970000 - 0x00007ffcb899e000 	C:\WINDOWS\SYSTEM32\Wldp.dll
0x00007ffcb9a00000 - 0x00007ffcb9aad000 	C:\WINDOWS\System32\SHCORE.dll
0x00007ffcba090000 - 0x00007ffcba0e5000 	C:\WINDOWS\System32\shlwapi.dll
0x00007ffcb8e60000 - 0x00007ffcb8e7f000 	C:\WINDOWS\SYSTEM32\profapi.dll
0x00007ffca80e0000 - 0x00007ffca80fa000 	C:\Program Files\Android\Android Studio\jre\bin\net.dll
0x00007ffcb4120000 - 0x00007ffcb422c000 	C:\WINDOWS\SYSTEM32\WINHTTP.dll
0x00007ffcb86d0000 - 0x00007ffcb873a000 	C:\WINDOWS\system32\mswsock.dll
0x00007ffca6390000 - 0x00007ffca63a4000 	C:\Program Files\Android\Android Studio\jre\bin\nio.dll
0x00007ffcb1fb0000 - 0x00007ffcb1fd7000 	C:\Users\PARVATHY\.gradle\native\8bec1ad78214c89d9ad589b4d07fe93259594b29d510b10fafb7a158f7737e5d\windows-amd64\native-platform.dll
0x00007ffc8ac80000 - 0x00007ffc8adbd000 	C:\Users\PARVATHY\.gradle\native\53dbd7edfb1c66fb8903c78663c9afc45aea4f116125fa6feffd364cf09443e8\windows-amd64\native-platform-file-events.dll
0x00007ffcb2080000 - 0x00007ffcb208a000 	C:\Program Files\Android\Android Studio\jre\bin\management.dll
0x00007ffcad4b0000 - 0x00007ffcad4bc000 	C:\Program Files\Android\Android Studio\jre\bin\management_ext.dll
0x00007ffcb88d0000 - 0x00007ffcb88e8000 	C:\WINDOWS\SYSTEM32\CRYPTSP.dll
0x00007ffcb7fe0000 - 0x00007ffcb8014000 	C:\WINDOWS\system32\rsaenh.dll
0x00007ffcb9300000 - 0x00007ffcb9327000 	C:\WINDOWS\System32\bcrypt.dll
0x00007ffcb8e20000 - 0x00007ffcb8e4e000 	C:\WINDOWS\SYSTEM32\USERENV.dll
0x00007ffcb88c0000 - 0x00007ffcb88cc000 	C:\WINDOWS\SYSTEM32\CRYPTBASE.dll
0x00007ffcb8370000 - 0x00007ffcb83ab000 	C:\WINDOWS\SYSTEM32\IPHLPAPI.DLL
0x00007ffcbb7c0000 - 0x00007ffcbb7c8000 	C:\WINDOWS\System32\NSI.dll
0x00007ffcaf050000 - 0x00007ffcaf067000 	C:\WINDOWS\SYSTEM32\dhcpcsvc6.DLL
0x00007ffcb00e0000 - 0x00007ffcb00fd000 	C:\WINDOWS\SYSTEM32\dhcpcsvc.DLL
0x00007ffcb83c0000 - 0x00007ffcb848b000 	C:\WINDOWS\SYSTEM32\DNSAPI.dll

dbghelp: loaded successfully - version: 4.0.5 - missing functions: none
symbol engine: initialized successfully - sym options: 0x614 - pdb path: .;C:\Program Files\Android\Android Studio\jre\bin;C:\WINDOWS\SYSTEM32;C:\WINDOWS\WinSxS\amd64_microsoft.windows.common-controls_6595b64144ccf1df_6.0.19041.1110_none_60b5254171f9507e;C:\WINDOWS\system32\tmumh\20019\AddOn\8.53.0.1135;C:\WINDOWS\system32\tmumh\20019\TmMon\2.8.0.1054;C:\Program Files\Android\Android Studio\jre\bin\server;C:\Users\PARVATHY\.gradle\native\8bec1ad78214c89d9ad589b4d07fe93259594b29d510b10fafb7a158f7737e5d\windows-amd64;C:\Users\PARVATHY\.gradle\native\53dbd7edfb1c66fb8903c78663c9afc45aea4f116125fa6feffd364cf09443e8\windows-amd64

VM Arguments:
jvm_args: --add-opens=java.base/java.util=ALL-UNNAMED --add-opens=java.base/java.lang=ALL-UNNAMED --add-opens=java.base/java.lang.invoke=ALL-UNNAMED --add-opens=java.base/java.util=ALL-UNNAMED --add-opens=java.prefs/java.util.prefs=ALL-UNNAMED --add-opens=java.prefs/java.util.prefs=ALL-UNNAMED --add-opens=java.base/java.nio.charset=ALL-UNNAMED --add-opens=java.base/java.net=ALL-UNNAMED --add-opens=java.base/java.util.concurrent.atomic=ALL-UNNAMED -Xmx2048m -Dfile.encoding=UTF-8 -Duser.country=US -Duser.language=en -Duser.variant 
java_command: org.gradle.launcher.daemon.bootstrap.GradleDaemon 7.0.2
java_class_path (initial): C:\Users\PARVATHY\.gradle\wrapper\dists\gradle-7.0.2-bin\857tjihv64xamwrf0h14cai3r\gradle-7.0.2\lib\gradle-launcher-7.0.2.jar
Launcher Type: SUN_STANDARD

[Global flags]
     intx CICompilerCount                          = 3                                         {product} {ergonomic}
     uint ConcGCThreads                            = 1                                         {product} {ergonomic}
     uint G1ConcRefinementThreads                  = 4                                         {product} {ergonomic}
   size_t G1HeapRegionSize                         = 1048576                                   {product} {ergonomic}
    uintx GCDrainStackTargetSize                   = 64                                        {product} {ergonomic}
   size_t InitialHeapSize                          = 134217728                                 {product} {ergonomic}
   size_t MarkStackSize                            = 4194304                                   {product} {ergonomic}
   size_t MaxHeapSize                              = 2147483648                                {product} {command line}
   size_t MaxNewSize                               = 1287651328                                {product} {ergonomic}
   size_t MinHeapDeltaBytes                        = 1048576                                   {product} {ergonomic}
    uintx NonNMethodCodeHeapSize                   = 5830732                                {pd product} {ergonomic}
    uintx NonProfiledCodeHeapSize                  = 122913754                              {pd product} {ergonomic}
    uintx ProfiledCodeHeapSize                     = 122913754                              {pd product} {ergonomic}
    uintx ReservedCodeCacheSize                    = 251658240                              {pd product} {ergonomic}
     bool SegmentedCodeCache                       = true                                      {product} {ergonomic}
     bool UseCompressedClassPointers               = true                                 {lp64_product} {ergonomic}
     bool UseCompressedOops                        = true                                 {lp64_product} {ergonomic}
     bool UseG1GC                                  = true                                      {product} {ergonomic}
     bool UseLargePagesIndividualAllocation        = false                                  {pd product} {ergonomic}

Logging:
Log output configuration:
 #0: stdout all=warning uptime,level,tags
 #1: stderr all=off uptime,level,tags

Environment Variables:
PATH=C:\Program Files\Java\jdk1.8.0_131\bin;C:\ProgramData\Oracle\Java\javapath;C:\WINDOWS\system32;C:\WINDOWS;C:\WINDOWS\System32\Wbem;C:\WINDOWS\System32\WindowsPowerShell\v1.0\;C:\WINDOWS\System32\OpenSSH\;C:\Program Files (x86)\AOMEI\AOMEI Backupper 6.4.0;C:\Program Files\Git\cmd;C:\Program Files\nodejs\;C:\Users\PARVATHY\AppData\Local\Microsoft\WindowsApps;C:\Program Files\heroku\bin;C:\Program Files\sfdx\bin;F:\Microsoft VS Code\bin;C:\Users\PARVATHY\AppData\Roaming\npm
USERNAME=PARVATHY
OS=Windows_NT
PROCESSOR_IDENTIFIER=Intel64 Family 6 Model 61 Stepping 4, GenuineIntel



---------------  S Y S T E M  ---------------

OS: Windows 10 , 64 bit Build 19041 (10.0.19041.1503)
OS uptime: 3 days 23:18 hours

CPU:total 4 (initial active 4) (2 cores per cpu, 2 threads per core) family 6 model 61 stepping 4 microcode 0x2d, cmov, cx8, fxsr, mmx, sse, sse2, sse3, ssse3, sse4.1, sse4.2, popcnt, avx, avx2, aes, clmul, erms, 3dnowpref, lzcnt, ht, tsc, tscinvbit, bmi1, bmi2, adx, fma

Memory: 4k page, system-wide physical 8103M (441M free)
TotalPageFile size 10603M (AvailPageFile size 0M)
current process WorkingSet (physical memory assigned to process): 306M, peak: 308M
current process commit charge ("private bytes"): 352M, peak: 356M

vm_info: OpenJDK 64-Bit Server VM (11.0.10+0-b96-7249189) for windows-amd64 JRE (11.0.10+0-b96-7249189), built on Mar 31 2021 21:44:00 by "builder" with MS VC++ 14.0 (VS2015)

END.
