#
# There is insufficient memory for the Java Runtime Environment to continue.
# Native memory allocation (malloc) failed to allocate 1049456 bytes for Chunk::new
# Possible reasons:
#   The system is out of physical RAM or swap space
#   The process is running with CompressedOops enabled, and the Java Heap may be blocking the growth of the native heap
# Possible solutions:
#   Reduce memory load on the system
#   Increase physical memory or swap space
#   Check if swap backing store is full
#   Decrease Java heap size (-Xmx/-Xms)
#   Decrease number of Java threads
#   Decrease Java thread stack sizes (-Xss)
#   Set larger code cache with -XX:ReservedCodeCacheSize=
#   JVM is running with Unscaled Compressed Oops mode in which the Java heap is
#     placed in the first 4GB address space. The Java Heap base address is the
#     maximum limit for the native heap growth. Please use -XX:HeapBaseMinAddress
#     to set the Java Heap base and to place the Java Heap above 4GB virtual address.
# This output file may be truncated or incomplete.
#
#  Out of Memory Error (./src/hotspot/share/memory/arena.cpp:197), pid=6468, tid=10976
#
# JRE version: OpenJDK Runtime Environment (11.0.10) (build 11.0.10+0-b96-7249189)
# Java VM: OpenJDK 64-Bit Server VM (11.0.10+0-b96-7249189, mixed mode, tiered, compressed oops, g1 gc, windows-amd64)
# No core dump will be written. Minidumps are not enabled by default on client versions of Windows
#

---------------  S U M M A R Y ------------

Command Line: --add-opens=java.base/java.util=ALL-UNNAMED --add-opens=java.base/java.lang=ALL-UNNAMED --add-opens=java.base/java.lang.invoke=ALL-UNNAMED --add-opens=java.base/java.util=ALL-UNNAMED --add-opens=java.prefs/java.util.prefs=ALL-UNNAMED --add-opens=java.prefs/java.util.prefs=ALL-UNNAMED --add-opens=java.base/java.nio.charset=ALL-UNNAMED --add-opens=java.base/java.net=ALL-UNNAMED --add-opens=java.base/java.util.concurrent.atomic=ALL-UNNAMED -Xmx2048m -Dfile.encoding=UTF-8 -Duser.country=US -Duser.language=en -Duser.variant org.gradle.launcher.daemon.bootstrap.GradleDaemon 7.0.2

Host: Intel(R) Core(TM) i5-5200U CPU @ 2.20GHz, 4 cores, 7G,  Windows 10 , 64 bit Build 19041 (10.0.19041.1503)
Time: Tue Mar 15 16:10:58 2022 India Standard Time elapsed time: 114.227787 seconds (0d 0h 1m 54s)

---------------  T H R E A D  ---------------

Current thread (0x000001f4d03aa800):  JavaThread "C2 CompilerThread0" daemon [_thread_in_native, id=10976, stack(0x0000003eec200000,0x0000003eec300000)]


Current CompileTask:
C2: 114227 15369 %     4       com.android.tools.r8.dex.j::m @ 64 (2086 bytes)

Stack: [0x0000003eec200000,0x0000003eec300000]
Native frames: (J=compiled Java code, j=interpreted, Vv=VM code, C=native code)
V  [jvm.dll+0x5ecfaa]
V  [jvm.dll+0x722bd5]
V  [jvm.dll+0x72412d]
V  [jvm.dll+0x7247e3]
V  [jvm.dll+0x242928]
V  [jvm.dll+0xbc4fc]
V  [jvm.dll+0xbca0c]
V  [jvm.dll+0x2b4fd4]
V  [jvm.dll+0x506028]
V  [jvm.dll+0x203253]
V  [jvm.dll+0x1fd07c]
V  [jvm.dll+0x1fa77f]
V  [jvm.dll+0x18354c]
V  [jvm.dll+0x208ee7]
V  [jvm.dll+0x207731]
V  [jvm.dll+0x6eb1cf]
V  [jvm.dll+0x6e3d45]
V  [jvm.dll+0x5ebe96]
C  [ucrtbase.dll+0x21bb2]
C  [KERNEL32.DLL+0x17034]
C  [ntdll.dll+0x52651]


---------------  P R O C E S S  ---------------

Threads class SMR info:
_java_thread_list=0x000001f4d2662b70, length=58, elements={
0x000001f4b5f73800, 0x000001f4d0344800, 0x000001f4d034a800, 0x000001f4d03a4800,
0x000001f4d03a6000, 0x000001f4d03a7800, 0x000001f4d03aa800, 0x000001f4d03b3800,
0x000001f4d03c2000, 0x000001f4d0525000, 0x000001f4d1fb6800, 0x000001f4d1b76800,
0x000001f4d1ada800, 0x000001f4d03b6800, 0x000001f4d03b2800, 0x000001f4d03b4800,
0x000001f4d03b2000, 0x000001f4d03b8800, 0x000001f4d5566000, 0x000001f4d5563800,
0x000001f4d5561000, 0x000001f4d5567800, 0x000001f4d556e000, 0x000001f4d556c800,
0x000001f4d2fc5000, 0x000001f4d2fce800, 0x000001f4d2fd0800, 0x000001f4d2fd3800,
0x000001f4d2fcc000, 0x000001f4d2fca000, 0x000001f4d2fc6800, 0x000001f4d2fcd000,
0x000001f4d2fc8000, 0x000001f4d2fc7800, 0x000001f4d2fcf800, 0x000001f4d2fd1000,
0x000001f4d2fd2800, 0x000001f4d2fd2000, 0x000001f4d5568800, 0x000001f4d5562800,
0x000001f4d556a000, 0x000001f4d5564800, 0x000001f4d556b000, 0x000001f4d5565000,
0x000001f4d556b800, 0x000001f4d556f000, 0x000001f4d03b7800, 0x000001f4d03b5000,
0x000001f4d03b6000, 0x000001f4d71e1000, 0x000001f4d71e4800, 0x000001f4d71e2000,
0x000001f4d71e3800, 0x000001f4d71e2800, 0x000001f4d71e5000, 0x000001f4d71e6000,
0x000001f4d71e0000, 0x000001f4d71e7000
}

Java Threads: ( => current thread )
  0x000001f4b5f73800 JavaThread "main" [_thread_blocked, id=20196, stack(0x0000003eeb600000,0x0000003eeb700000)]
  0x000001f4d0344800 JavaThread "Reference Handler" daemon [_thread_blocked, id=18000, stack(0x0000003eebd00000,0x0000003eebe00000)]
  0x000001f4d034a800 JavaThread "Finalizer" daemon [_thread_blocked, id=17704, stack(0x0000003eebe00000,0x0000003eebf00000)]
  0x000001f4d03a4800 JavaThread "Signal Dispatcher" daemon [_thread_blocked, id=1072, stack(0x0000003eebf00000,0x0000003eec000000)]
  0x000001f4d03a6000 JavaThread "Attach Listener" daemon [_thread_blocked, id=9024, stack(0x0000003eec000000,0x0000003eec100000)]
  0x000001f4d03a7800 JavaThread "Service Thread" daemon [_thread_blocked, id=17744, stack(0x0000003eec100000,0x0000003eec200000)]
=>0x000001f4d03aa800 JavaThread "C2 CompilerThread0" daemon [_thread_in_native, id=10976, stack(0x0000003eec200000,0x0000003eec300000)]
  0x000001f4d03b3800 JavaThread "C1 CompilerThread0" daemon [_thread_blocked, id=14140, stack(0x0000003eec300000,0x0000003eec400000)]
  0x000001f4d03c2000 JavaThread "Sweeper thread" daemon [_thread_blocked, id=7380, stack(0x0000003eec400000,0x0000003eec500000)]
  0x000001f4d0525000 JavaThread "Common-Cleaner" daemon [_thread_blocked, id=14540, stack(0x0000003eec500000,0x0000003eec600000)]
  0x000001f4d1fb6800 JavaThread "Daemon health stats" [_thread_blocked, id=3420, stack(0x0000003eeca00000,0x0000003eecb00000)]
  0x000001f4d1b76800 JavaThread "Incoming local TCP Connector on port 51469" [_thread_in_native, id=18564, stack(0x0000003eec700000,0x0000003eec800000)]
  0x000001f4d1ada800 JavaThread "Daemon periodic checks" [_thread_blocked, id=5360, stack(0x0000003eecb00000,0x0000003eecc00000)]
  0x000001f4d03b6800 JavaThread "Cache worker for file hash cache (C:\Users\PARVATHY\.gradle\caches\7.0.2\fileHashes)" [_thread_blocked, id=19812, stack(0x0000003eed300000,0x0000003eed400000)]
  0x000001f4d03b2800 JavaThread "File lock request listener" [_thread_in_native, id=17420, stack(0x0000003eed400000,0x0000003eed500000)]
  0x000001f4d03b4800 JavaThread "Cache worker for journal cache (C:\Users\PARVATHY\.gradle\caches\journal-1)" [_thread_blocked, id=7984, stack(0x0000003eed600000,0x0000003eed700000)]
  0x000001f4d03b2000 JavaThread "File watcher server" daemon [_thread_in_native, id=18752, stack(0x0000003eed900000,0x0000003eeda00000)]
  0x000001f4d03b8800 JavaThread "File watcher consumer" daemon [_thread_blocked, id=17436, stack(0x0000003eeda00000,0x0000003eedb00000)]
  0x000001f4d5566000 JavaThread "Cache worker for execution history cache (C:\Users\PARVATHY\.gradle\caches\7.0.2\executionHistory)" [_thread_blocked, id=2424, stack(0x0000003eede00000,0x0000003eedf00000)]
  0x000001f4d5563800 JavaThread "jar transforms" [_thread_blocked, id=8296, stack(0x0000003eedf00000,0x0000003eee000000)]
  0x000001f4d5561000 JavaThread "jar transforms Thread 2" [_thread_blocked, id=19292, stack(0x0000003eee000000,0x0000003eee100000)]
  0x000001f4d5567800 JavaThread "Cache worker for file content cache (C:\Users\PARVATHY\.gradle\caches\7.0.2\fileContent)" [_thread_blocked, id=3416, stack(0x0000003eee100000,0x0000003eee200000)]
  0x000001f4d556e000 JavaThread "jar transforms Thread 3" [_thread_blocked, id=17964, stack(0x0000003eee300000,0x0000003eee400000)]
  0x000001f4d556c800 JavaThread "jar transforms Thread 4" [_thread_blocked, id=9644, stack(0x0000003eee900000,0x0000003eeea00000)]
  0x000001f4d2fc5000 JavaThread "Memory manager" [_thread_blocked, id=6240, stack(0x0000003eeea00000,0x0000003eeeb00000)]
  0x000001f4d2fce800 JavaThread "Cache worker for Java compile cache (C:\Users\PARVATHY\.gradle\caches\7.0.2\javaCompile)" [_thread_blocked, id=10192, stack(0x0000003eef000000,0x0000003eef100000)]
  0x000001f4d2fd0800 JavaThread "ForkJoinPool.commonPool-worker-5" daemon [_thread_blocked, id=3100, stack(0x0000003eef800000,0x0000003eef900000)]
  0x000001f4d2fd3800 JavaThread "ForkJoinPool.commonPool-worker-7" daemon [_thread_blocked, id=9556, stack(0x0000003eef900000,0x0000003eefa00000)]
  0x000001f4d2fcc000 JavaThread "Daemon Thread 2" [_thread_blocked, id=20344, stack(0x0000003eeb200000,0x0000003eeb300000)]
  0x000001f4d2fca000 JavaThread "Handler for socket connection from /127.0.0.1:51469 to /127.0.0.1:51511" [_thread_in_native, id=3368, stack(0x0000003eeb300000,0x0000003eeb400000)]
  0x000001f4d2fc6800 JavaThread "Cancel handler" [_thread_blocked, id=14112, stack(0x0000003eeb400000,0x0000003eeb500000)]
  0x000001f4d2fcd000 JavaThread "Daemon worker Thread 2" [_thread_blocked, id=8364, stack(0x0000003eecc00000,0x0000003eecd00000)]
  0x000001f4d2fc8000 JavaThread "Asynchronous log dispatcher for DefaultDaemonConnection: socket connection from /127.0.0.1:51469 to /127.0.0.1:51511" [_thread_blocked, id=8980, stack(0x0000003eecd00000,0x0000003eece00000)]
  0x000001f4d2fc7800 JavaThread "Stdin handler" [_thread_blocked, id=3064, stack(0x0000003eece00000,0x0000003eecf00000)]
  0x000001f4d2fcf800 JavaThread "Daemon client event forwarder" [_thread_blocked, id=12088, stack(0x0000003eecf00000,0x0000003eed000000)]
  0x000001f4d2fd1000 JavaThread "Cache worker for file hash cache (E:\Rajagiri\Sem 6\Lead Manager App\.gradle\7.0.2\fileHashes)" [_thread_blocked, id=6632, stack(0x0000003eed000000,0x0000003eed100000)]
  0x000001f4d2fd2800 JavaThread "Cache worker for checksums cache (E:\Rajagiri\Sem 6\Lead Manager App\.gradle\checksums)" [_thread_blocked, id=2848, stack(0x0000003eed200000,0x0000003eed300000)]
  0x000001f4d2fd2000 JavaThread "Cache worker for cache directory md-supplier (C:\Users\PARVATHY\.gradle\caches\7.0.2\md-supplier)" [_thread_blocked, id=9372, stack(0x0000003eed100000,0x0000003eed200000)]
  0x000001f4d5568800 JavaThread "Cache worker for cache directory md-rule (C:\Users\PARVATHY\.gradle\caches\7.0.2\md-rule)" [_thread_blocked, id=17644, stack(0x0000003eed700000,0x0000003eed800000)]
  0x000001f4d5562800 JavaThread "Cache worker for dependencies-accessors (E:\Rajagiri\Sem 6\Lead Manager App\.gradle\7.0.2\dependencies-accessors)" [_thread_blocked, id=6172, stack(0x0000003eed800000,0x0000003eed900000)]
  0x000001f4d556a000 JavaThread "Cache worker for Build Output Cleanup Cache (E:\Rajagiri\Sem 6\Lead Manager App\.gradle\buildOutputCleanup)" [_thread_blocked, id=10948, stack(0x0000003eedb00000,0x0000003eedc00000)]
  0x000001f4d5564800 JavaThread "Build operations" [_thread_blocked, id=20176, stack(0x0000003eedc00000,0x0000003eedd00000)]
  0x000001f4d556b000 JavaThread "Build operations Thread 2" [_thread_blocked, id=9808, stack(0x0000003eedd00000,0x0000003eede00000)]
  0x000001f4d5565000 JavaThread "Build operations Thread 3" [_thread_blocked, id=9984, stack(0x0000003eee200000,0x0000003eee300000)]
  0x000001f4d556b800 JavaThread "Build operations Thread 4" [_thread_blocked, id=14380, stack(0x0000003eee400000,0x0000003eee500000)]
  0x000001f4d556f000 JavaThread "build event listener" [_thread_blocked, id=14300, stack(0x0000003eee600000,0x0000003eee700000)]
  0x000001f4d03b7800 JavaThread "Execution worker for ':'" [_thread_blocked, id=10888, stack(0x0000003eee700000,0x0000003eee800000)]
  0x000001f4d03b5000 JavaThread "Execution worker for ':' Thread 2" [_thread_blocked, id=13740, stack(0x0000003eee800000,0x0000003eee900000)]
  0x000001f4d03b6000 JavaThread "Execution worker for ':' Thread 3" [_thread_blocked, id=16080, stack(0x0000003eeeb00000,0x0000003eeec00000)]
  0x000001f4d71e1000 JavaThread "Cache worker for execution history cache (E:\Rajagiri\Sem 6\Lead Manager App\.gradle\7.0.2\executionHistory)" [_thread_blocked, id=19052, stack(0x0000003eeec00000,0x0000003eeed00000)]
  0x000001f4d71e4800 JavaThread "Cache worker for Java compile cache (E:\Rajagiri\Sem 6\Lead Manager App\.gradle\7.0.2\javaCompile)" [_thread_blocked, id=19612, stack(0x0000003eeed00000,0x0000003eeee00000)]
  0x000001f4d71e2000 JavaThread "C2 CompilerThread1" daemon [_thread_in_native, id=18856, stack(0x0000003eee500000,0x0000003eee600000)]
  0x000001f4d71e3800 JavaThread "WorkerExecutor Queue" [_thread_blocked, id=10640, stack(0x0000003eeee00000,0x0000003eeef00000)]
  0x000001f4d71e2800 JavaThread "WorkerExecutor Queue Thread 2" [_thread_in_native, id=17732, stack(0x0000003eeef00000,0x0000003eef000000)]
  0x000001f4d71e5000 JavaThread "WorkerExecutor Queue Thread 3" [_thread_blocked, id=8896, stack(0x0000003eef100000,0x0000003eef200000)]
  0x000001f4d71e6000 JavaThread "WorkerExecutor Queue Thread 4" [_thread_blocked, id=4568, stack(0x0000003eef400000,0x0000003eef500000)]
  0x000001f4d71e0000 JavaThread "WorkerExecutor Queue Thread 5" [_thread_blocked, id=15388, stack(0x0000003eef500000,0x0000003eef600000)]
  0x000001f4d71e7000 JavaThread "ForkJoinPool.commonPool-worker-1" daemon [_thread_blocked, id=20032, stack(0x0000003eef600000,0x0000003eef700000)]

Other Threads:
  0x000001f4d033f800 VMThread "VM Thread" [stack: 0x0000003eebc00000,0x0000003eebd00000] [id=20108]
  0x000001f4d054c800 WatcherThread [stack: 0x0000003eec600000,0x0000003eec700000] [id=17820]
  0x000001f4b5f8b800 GCTaskThread "GC Thread#0" [stack: 0x0000003eeb700000,0x0000003eeb800000] [id=13448]
  0x000001f4d067a000 GCTaskThread "GC Thread#1" [stack: 0x0000003eec800000,0x0000003eec900000] [id=2536]
  0x000001f4d11a2000 GCTaskThread "GC Thread#2" [stack: 0x0000003eec900000,0x0000003eeca00000] [id=6860]
  0x000001f4d21f4000 GCTaskThread "GC Thread#3" [stack: 0x0000003eed500000,0x0000003eed600000] [id=9364]
  0x000001f4b5fbf000 ConcurrentGCThread "G1 Main Marker" [stack: 0x0000003eeb800000,0x0000003eeb900000] [id=14820]
  0x000001f4b5fc0000 ConcurrentGCThread "G1 Conc#0" [stack: 0x0000003eeb900000,0x0000003eeba00000] [id=7548]
  0x000001f4cf881800 ConcurrentGCThread "G1 Refine#0" [stack: 0x0000003eeba00000,0x0000003eebb00000] [id=7960]
  0x000001f4cf882800 ConcurrentGCThread "G1 Young RemSet Sampling" [stack: 0x0000003eebb00000,0x0000003eebc00000] [id=18976]

Threads with active compile tasks:
C2 CompilerThread0 114608 15369 %     4       com.android.tools.r8.dex.j::m @ 64 (2086 bytes)
C2 CompilerThread1 114608 15321       4       java.io.ObjectOutputStream::writeClassDesc (60 bytes)

VM state:not at safepoint (normal execution)

VM Mutex/Monitor currently owned by a thread: None

Heap address: 0x0000000080000000, size: 2048 MB, Compressed Oops mode: 32-bit
Narrow klass base: 0x0000000000000000, Narrow klass shift: 3
Compressed class space size: 1073741824 Address: 0x0000000100000000

Heap:
 garbage-first heap   total 189440K, used 113739K [0x0000000080000000, 0x0000000100000000)
  region size 1024K, 2 young (2048K), 1 survivors (1024K)
 Metaspace       used 108785K, capacity 111649K, committed 111948K, reserved 1146880K
  class space    used 14082K, capacity 15184K, committed 15256K, reserved 1048576K
Heap Regions: E=young(eden), S=young(survivor), O=old, HS=humongous(starts), HC=humongous(continues), CS=collection set, F=free, A=archive, TAMS=top-at-mark-start (previous, next)
|   0|0x0000000080000000, 0x0000000080100000, 0x0000000080100000|100%| O|  |TAMS 0x0000000080100000, 0x0000000080100000| Untracked 
|   1|0x0000000080100000, 0x0000000080200000, 0x0000000080200000|100%| O|  |TAMS 0x0000000080200000, 0x0000000080200000| Untracked 
|   2|0x0000000080200000, 0x0000000080300000, 0x0000000080300000|100%| O|  |TAMS 0x0000000080300000, 0x0000000080300000| Untracked 
|   3|0x0000000080300000, 0x0000000080400000, 0x0000000080400000|100%|HS|  |TAMS 0x0000000080400000, 0x0000000080400000| Complete 
|   4|0x0000000080400000, 0x0000000080500000, 0x0000000080500000|100%|HC|  |TAMS 0x0000000080500000, 0x0000000080500000| Complete 
|   5|0x0000000080500000, 0x0000000080600000, 0x0000000080600000|100%|HC|  |TAMS 0x0000000080600000, 0x0000000080600000| Complete 
|   6|0x0000000080600000, 0x0000000080700000, 0x0000000080700000|100%| O|  |TAMS 0x0000000080700000, 0x0000000080700000| Untracked 
|   7|0x0000000080700000, 0x0000000080800000, 0x0000000080800000|100%| O|  |TAMS 0x0000000080800000, 0x0000000080800000| Untracked 
|   8|0x0000000080800000, 0x0000000080900000, 0x0000000080900000|100%| O|  |TAMS 0x0000000080900000, 0x0000000080900000| Untracked 
|   9|0x0000000080900000, 0x0000000080a00000, 0x0000000080a00000|100%| O|  |TAMS 0x0000000080a00000, 0x0000000080a00000| Untracked 
|  10|0x0000000080a00000, 0x0000000080b00000, 0x0000000080b00000|100%| O|  |TAMS 0x0000000080b00000, 0x0000000080b00000| Untracked 
|  11|0x0000000080b00000, 0x0000000080c00000, 0x0000000080c00000|100%| O|  |TAMS 0x0000000080c00000, 0x0000000080c00000| Untracked 
|  12|0x0000000080c00000, 0x0000000080d00000, 0x0000000080d00000|100%| O|  |TAMS 0x0000000080d00000, 0x0000000080d00000| Untracked 
|  13|0x0000000080d00000, 0x0000000080e00000, 0x0000000080e00000|100%| O|  |TAMS 0x0000000080e00000, 0x0000000080e00000| Untracked 
|  14|0x0000000080e00000, 0x0000000080f00000, 0x0000000080f00000|100%| O|  |TAMS 0x0000000080f00000, 0x0000000080f00000| Untracked 
|  15|0x0000000080f00000, 0x0000000081000000, 0x0000000081000000|100%| O|  |TAMS 0x0000000081000000, 0x0000000081000000| Untracked 
|  16|0x0000000081000000, 0x0000000081100000, 0x0000000081100000|100%|HS|  |TAMS 0x0000000081100000, 0x0000000081100000| Complete 
|  17|0x0000000081100000, 0x0000000081200000, 0x0000000081200000|100%| O|  |TAMS 0x0000000081200000, 0x0000000081200000| Untracked 
|  18|0x0000000081200000, 0x0000000081300000, 0x0000000081300000|100%| O|  |TAMS 0x0000000081300000, 0x0000000081300000| Untracked 
|  19|0x0000000081300000, 0x0000000081400000, 0x0000000081400000|100%| O|  |TAMS 0x0000000081400000, 0x0000000081400000| Untracked 
|  20|0x0000000081400000, 0x0000000081500000, 0x0000000081500000|100%| O|  |TAMS 0x0000000081500000, 0x0000000081500000| Untracked 
|  21|0x0000000081500000, 0x0000000081600000, 0x0000000081600000|100%| O|  |TAMS 0x0000000081600000, 0x0000000081600000| Untracked 
|  22|0x0000000081600000, 0x0000000081700000, 0x0000000081700000|100%| O|  |TAMS 0x0000000081700000, 0x0000000081700000| Untracked 
|  23|0x0000000081700000, 0x0000000081800000, 0x0000000081800000|100%|HS|  |TAMS 0x0000000081800000, 0x0000000081800000| Complete 
|  24|0x0000000081800000, 0x0000000081900000, 0x0000000081900000|100%|HS|  |TAMS 0x0000000081900000, 0x0000000081900000| Complete 
|  25|0x0000000081900000, 0x0000000081a00000, 0x0000000081a00000|100%|HC|  |TAMS 0x0000000081a00000, 0x0000000081a00000| Complete 
|  26|0x0000000081a00000, 0x0000000081b00000, 0x0000000081b00000|100%| O|  |TAMS 0x0000000081b00000, 0x0000000081b00000| Untracked 
|  27|0x0000000081b00000, 0x0000000081c00000, 0x0000000081c00000|100%| O|  |TAMS 0x0000000081c00000, 0x0000000081c00000| Untracked 
|  28|0x0000000081c00000, 0x0000000081d00000, 0x0000000081d00000|100%| O|  |TAMS 0x0000000081d00000, 0x0000000081d00000| Untracked 
|  29|0x0000000081d00000, 0x0000000081e00000, 0x0000000081e00000|100%| O|  |TAMS 0x0000000081e00000, 0x0000000081e00000| Untracked 
|  30|0x0000000081e00000, 0x0000000081f00000, 0x0000000081f00000|100%| O|  |TAMS 0x0000000081f00000, 0x0000000081f00000| Untracked 
|  31|0x0000000081f00000, 0x0000000082000000, 0x0000000082000000|100%| O|  |TAMS 0x0000000082000000, 0x0000000082000000| Untracked 
|  32|0x0000000082000000, 0x0000000082100000, 0x0000000082100000|100%| O|  |TAMS 0x0000000082100000, 0x0000000082100000| Untracked 
|  33|0x0000000082100000, 0x0000000082200000, 0x0000000082200000|100%| O|  |TAMS 0x0000000082200000, 0x0000000082200000| Untracked 
|  34|0x0000000082200000, 0x0000000082300000, 0x0000000082300000|100%| O|  |TAMS 0x0000000082300000, 0x0000000082300000| Untracked 
|  35|0x0000000082300000, 0x0000000082400000, 0x0000000082400000|100%| O|  |TAMS 0x0000000082400000, 0x0000000082400000| Untracked 
|  36|0x0000000082400000, 0x0000000082500000, 0x0000000082500000|100%| O|  |TAMS 0x0000000082500000, 0x0000000082500000| Untracked 
|  37|0x0000000082500000, 0x0000000082600000, 0x0000000082600000|100%| O|  |TAMS 0x0000000082600000, 0x0000000082600000| Untracked 
|  38|0x0000000082600000, 0x0000000082700000, 0x0000000082700000|100%| O|  |TAMS 0x0000000082700000, 0x0000000082700000| Untracked 
|  39|0x0000000082700000, 0x0000000082800000, 0x0000000082800000|100%| O|  |TAMS 0x0000000082800000, 0x0000000082800000| Untracked 
|  40|0x0000000082800000, 0x0000000082900000, 0x0000000082900000|100%| O|  |TAMS 0x0000000082900000, 0x0000000082900000| Untracked 
|  41|0x0000000082900000, 0x0000000082a00000, 0x0000000082a00000|100%| O|  |TAMS 0x0000000082a00000, 0x0000000082a00000| Untracked 
|  42|0x0000000082a00000, 0x0000000082b00000, 0x0000000082b00000|100%| O|  |TAMS 0x0000000082b00000, 0x0000000082b00000| Untracked 
|  43|0x0000000082b00000, 0x0000000082c00000, 0x0000000082c00000|100%| O|  |TAMS 0x0000000082c00000, 0x0000000082c00000| Untracked 
|  44|0x0000000082c00000, 0x0000000082d00000, 0x0000000082d00000|100%| O|  |TAMS 0x0000000082d00000, 0x0000000082d00000| Untracked 
|  45|0x0000000082d00000, 0x0000000082e00000, 0x0000000082e00000|100%| O|  |TAMS 0x0000000082e00000, 0x0000000082e00000| Untracked 
|  46|0x0000000082e00000, 0x0000000082f00000, 0x0000000082f00000|100%| O|  |TAMS 0x0000000082f00000, 0x0000000082f00000| Untracked 
|  47|0x0000000082f00000, 0x0000000083000000, 0x0000000083000000|100%| O|  |TAMS 0x0000000083000000, 0x0000000083000000| Untracked 
|  48|0x0000000083000000, 0x0000000083100000, 0x0000000083100000|100%| O|  |TAMS 0x0000000083100000, 0x0000000083100000| Untracked 
|  49|0x0000000083100000, 0x0000000083200000, 0x0000000083200000|100%| O|  |TAMS 0x0000000083200000, 0x0000000083200000| Untracked 
|  50|0x0000000083200000, 0x0000000083300000, 0x0000000083300000|100%| O|  |TAMS 0x0000000083300000, 0x0000000083300000| Untracked 
|  51|0x0000000083300000, 0x0000000083400000, 0x0000000083400000|100%| O|  |TAMS 0x0000000083400000, 0x0000000083400000| Untracked 
|  52|0x0000000083400000, 0x0000000083500000, 0x0000000083500000|100%| O|  |TAMS 0x0000000083500000, 0x0000000083500000| Untracked 
|  53|0x0000000083500000, 0x0000000083600000, 0x0000000083600000|100%| O|  |TAMS 0x0000000083600000, 0x0000000083600000| Untracked 
|  54|0x0000000083600000, 0x0000000083700000, 0x0000000083700000|100%| O|  |TAMS 0x0000000083700000, 0x0000000083700000| Untracked 
|  55|0x0000000083700000, 0x0000000083800000, 0x0000000083800000|100%| O|  |TAMS 0x0000000083800000, 0x0000000083800000| Untracked 
|  56|0x0000000083800000, 0x0000000083900000, 0x0000000083900000|100%| O|  |TAMS 0x0000000083900000, 0x0000000083900000| Untracked 
|  57|0x0000000083900000, 0x0000000083a00000, 0x0000000083a00000|100%| O|  |TAMS 0x0000000083a00000, 0x0000000083a00000| Untracked 
|  58|0x0000000083a00000, 0x0000000083b00000, 0x0000000083b00000|100%| O|  |TAMS 0x0000000083a00000, 0x0000000083b00000| Untracked 
|  59|0x0000000083b00000, 0x0000000083c00000, 0x0000000083c00000|100%| O|  |TAMS 0x0000000083b00000, 0x0000000083c00000| Untracked 
|  60|0x0000000083c00000, 0x0000000083d00000, 0x0000000083d00000|100%| O|  |TAMS 0x0000000083d00000, 0x0000000083d00000| Untracked 
|  61|0x0000000083d00000, 0x0000000083e00000, 0x0000000083e00000|100%| O|  |TAMS 0x0000000083e00000, 0x0000000083e00000| Untracked 
|  62|0x0000000083e00000, 0x0000000083f00000, 0x0000000083f00000|100%| O|  |TAMS 0x0000000083f00000, 0x0000000083f00000| Untracked 
|  63|0x0000000083f00000, 0x0000000084000000, 0x0000000084000000|100%| O|  |TAMS 0x0000000084000000, 0x0000000084000000| Untracked 
|  64|0x0000000084000000, 0x0000000084100000, 0x0000000084100000|100%| O|  |TAMS 0x0000000084100000, 0x0000000084100000| Untracked 
|  65|0x0000000084100000, 0x0000000084200000, 0x0000000084200000|100%| O|  |TAMS 0x0000000084200000, 0x0000000084200000| Untracked 
|  66|0x0000000084200000, 0x0000000084300000, 0x0000000084300000|100%| O|  |TAMS 0x0000000084300000, 0x0000000084300000| Untracked 
|  67|0x0000000084300000, 0x0000000084400000, 0x0000000084400000|100%| O|  |TAMS 0x0000000084400000, 0x0000000084400000| Untracked 
|  68|0x0000000084400000, 0x0000000084500000, 0x0000000084500000|100%| O|  |TAMS 0x0000000084500000, 0x0000000084500000| Untracked 
|  69|0x0000000084500000, 0x0000000084600000, 0x0000000084600000|100%| O|  |TAMS 0x0000000084600000, 0x0000000084600000| Untracked 
|  70|0x0000000084600000, 0x0000000084700000, 0x0000000084700000|100%| O|  |TAMS 0x0000000084700000, 0x0000000084700000| Untracked 
|  71|0x0000000084700000, 0x0000000084800000, 0x0000000084800000|100%| O|  |TAMS 0x0000000084800000, 0x0000000084800000| Untracked 
|  72|0x0000000084800000, 0x0000000084900000, 0x0000000084900000|100%|HS|  |TAMS 0x0000000084800000, 0x0000000084800000| Complete 
|  73|0x0000000084900000, 0x0000000084a00000, 0x0000000084a00000|100%|HC|  |TAMS 0x0000000084900000, 0x0000000084900000| Complete 
|  74|0x0000000084a00000, 0x0000000084b00000, 0x0000000084b00000|100%|HS|  |TAMS 0x0000000084a00000, 0x0000000084a00000| Complete 
|  75|0x0000000084b00000, 0x0000000084c00000, 0x0000000084c00000|100%| O|  |TAMS 0x0000000084b00000, 0x0000000084c00000| Untracked 
|  76|0x0000000084c00000, 0x0000000084c00000, 0x0000000084d00000|  0%| F|  |TAMS 0x0000000084c00000, 0x0000000084c00000| Untracked 
|  77|0x0000000084d00000, 0x0000000084e00000, 0x0000000084e00000|100%| O|  |TAMS 0x0000000084d00000, 0x0000000084e00000| Untracked 
|  78|0x0000000084e00000, 0x0000000084e00000, 0x0000000084f00000|  0%| F|  |TAMS 0x0000000084e00000, 0x0000000084e00000| Untracked 
|  79|0x0000000084f00000, 0x0000000085000000, 0x0000000085000000|100%| O|  |TAMS 0x0000000085000000, 0x0000000085000000| Untracked 
|  80|0x0000000085000000, 0x0000000085100000, 0x0000000085100000|100%| O|  |TAMS 0x0000000085100000, 0x0000000085100000| Untracked 
|  81|0x0000000085100000, 0x0000000085200000, 0x0000000085200000|100%| O|  |TAMS 0x0000000085200000, 0x0000000085200000| Untracked 
|  82|0x0000000085200000, 0x0000000085300000, 0x0000000085300000|100%| O|  |TAMS 0x0000000085300000, 0x0000000085300000| Untracked 
|  83|0x0000000085300000, 0x0000000085400000, 0x0000000085400000|100%| O|  |TAMS 0x0000000085400000, 0x0000000085400000| Untracked 
|  84|0x0000000085400000, 0x0000000085500000, 0x0000000085500000|100%| O|  |TAMS 0x0000000085500000, 0x0000000085500000| Untracked 
|  85|0x0000000085500000, 0x0000000085600000, 0x0000000085600000|100%| O|  |TAMS 0x0000000085600000, 0x0000000085600000| Untracked 
|  86|0x0000000085600000, 0x0000000085700000, 0x0000000085700000|100%| O|  |TAMS 0x0000000085700000, 0x0000000085700000| Untracked 
|  87|0x0000000085700000, 0x0000000085800000, 0x0000000085800000|100%| O|  |TAMS 0x0000000085800000, 0x0000000085800000| Untracked 
|  88|0x0000000085800000, 0x0000000085900000, 0x0000000085900000|100%| O|  |TAMS 0x0000000085900000, 0x0000000085900000| Untracked 
|  89|0x0000000085900000, 0x0000000085a00000, 0x0000000085a00000|100%| O|  |TAMS 0x0000000085a00000, 0x0000000085a00000| Untracked 
|  90|0x0000000085a00000, 0x0000000085b00000, 0x0000000085b00000|100%| O|  |TAMS 0x0000000085b00000, 0x0000000085b00000| Untracked 
|  91|0x0000000085b00000, 0x0000000085c00000, 0x0000000085c00000|100%| O|  |TAMS 0x0000000085c00000, 0x0000000085c00000| Untracked 
|  92|0x0000000085c00000, 0x0000000085d00000, 0x0000000085d00000|100%| O|  |TAMS 0x0000000085c97400, 0x0000000085d00000| Untracked 
|  93|0x0000000085d00000, 0x0000000085e00000, 0x0000000085e00000|100%|HS|  |TAMS 0x0000000085d00000, 0x0000000085e00000| Complete 
|  94|0x0000000085e00000, 0x0000000085f00000, 0x0000000085f00000|100%|HC|  |TAMS 0x0000000085e00000, 0x0000000085f00000| Complete 
|  95|0x0000000085f00000, 0x0000000086000000, 0x0000000086000000|100%| O|  |TAMS 0x0000000085f00000, 0x0000000086000000| Untracked 
|  96|0x0000000086000000, 0x0000000086100000, 0x0000000086100000|100%| O|  |TAMS 0x0000000086000000, 0x0000000086100000| Untracked 
|  97|0x0000000086100000, 0x0000000086200000, 0x0000000086200000|100%| O|  |TAMS 0x0000000086100000, 0x0000000086200000| Untracked 
|  98|0x0000000086200000, 0x0000000086300000, 0x0000000086300000|100%| O|  |TAMS 0x0000000086200000, 0x0000000086300000| Untracked 
|  99|0x0000000086300000, 0x0000000086349a00, 0x0000000086400000| 28%| O|  |TAMS 0x0000000086300000, 0x0000000086349a00| Untracked 
| 100|0x0000000086400000, 0x0000000086500000, 0x0000000086500000|100%| O|  |TAMS 0x0000000086500000, 0x0000000086500000| Untracked 
| 101|0x0000000086500000, 0x0000000086600000, 0x0000000086600000|100%|HS|  |TAMS 0x0000000086500000, 0x0000000086500000| Complete 
| 102|0x0000000086600000, 0x0000000086700000, 0x0000000086700000|100%|HC|  |TAMS 0x0000000086600000, 0x0000000086600000| Complete 
| 103|0x0000000086700000, 0x0000000086800000, 0x0000000086800000|100%|HS|  |TAMS 0x0000000086700000, 0x0000000086700000| Complete 
| 104|0x0000000086800000, 0x0000000086900000, 0x0000000086900000|100%|HC|  |TAMS 0x0000000086800000, 0x0000000086800000| Complete 
| 105|0x0000000086900000, 0x0000000086a00000, 0x0000000086a00000|100%|HS|  |TAMS 0x0000000086900000, 0x0000000086900000| Complete 
| 106|0x0000000086a00000, 0x0000000086b00000, 0x0000000086b00000|100%|HC|  |TAMS 0x0000000086a00000, 0x0000000086a00000| Complete 
| 107|0x0000000086b00000, 0x0000000086c00000, 0x0000000086c00000|100%|HS|  |TAMS 0x0000000086b00000, 0x0000000086b00000| Complete 
| 108|0x0000000086c00000, 0x0000000086d00000, 0x0000000086d00000|100%|HC|  |TAMS 0x0000000086c00000, 0x0000000086c00000| Complete 
| 109|0x0000000086d00000, 0x0000000086e00000, 0x0000000086e00000|100%|HS|  |TAMS 0x0000000086d00000, 0x0000000086d00000| Complete 
| 110|0x0000000086e00000, 0x0000000086f00000, 0x0000000086f00000|100%|HC|  |TAMS 0x0000000086e00000, 0x0000000086e00000| Complete 
| 111|0x0000000086f00000, 0x0000000087000000, 0x0000000087000000|100%|HS|  |TAMS 0x0000000086f00000, 0x0000000086f00000| Complete 
| 112|0x0000000087000000, 0x0000000087100000, 0x0000000087100000|100%|HC|  |TAMS 0x0000000087000000, 0x0000000087000000| Complete 
| 113|0x0000000087100000, 0x0000000087100000, 0x0000000087200000|  0%| F|  |TAMS 0x0000000087100000, 0x0000000087100000| Untracked 
| 114|0x0000000087200000, 0x0000000087200000, 0x0000000087300000|  0%| F|  |TAMS 0x0000000087200000, 0x0000000087200000| Untracked 
| 115|0x0000000087300000, 0x0000000087300000, 0x0000000087400000|  0%| F|  |TAMS 0x0000000087300000, 0x0000000087300000| Untracked 
| 116|0x0000000087400000, 0x0000000087400000, 0x0000000087500000|  0%| F|  |TAMS 0x0000000087400000, 0x0000000087400000| Untracked 
| 117|0x0000000087500000, 0x0000000087500000, 0x0000000087600000|  0%| F|  |TAMS 0x0000000087500000, 0x0000000087500000| Untracked 
| 118|0x0000000087600000, 0x0000000087600000, 0x0000000087700000|  0%| F|  |TAMS 0x0000000087600000, 0x0000000087600000| Untracked 
| 119|0x0000000087700000, 0x0000000087700000, 0x0000000087800000|  0%| F|  |TAMS 0x0000000087700000, 0x0000000087700000| Untracked 
| 120|0x0000000087800000, 0x0000000087800000, 0x0000000087900000|  0%| F|  |TAMS 0x0000000087800000, 0x0000000087800000| Untracked 
| 121|0x0000000087900000, 0x0000000087900000, 0x0000000087a00000|  0%| F|  |TAMS 0x0000000087900000, 0x0000000087900000| Untracked 
| 122|0x0000000087a00000, 0x0000000087a00000, 0x0000000087b00000|  0%| F|  |TAMS 0x0000000087a00000, 0x0000000087a00000| Untracked 
| 123|0x0000000087b00000, 0x0000000087b00000, 0x0000000087c00000|  0%| F|  |TAMS 0x0000000087b00000, 0x0000000087b00000| Untracked 
| 124|0x0000000087c00000, 0x0000000087c00000, 0x0000000087d00000|  0%| F|  |TAMS 0x0000000087c00000, 0x0000000087c00000| Untracked 
| 125|0x0000000087d00000, 0x0000000087d00000, 0x0000000087e00000|  0%| F|  |TAMS 0x0000000087d00000, 0x0000000087d00000| Untracked 
| 126|0x0000000087e00000, 0x0000000087e00000, 0x0000000087f00000|  0%| F|  |TAMS 0x0000000087e00000, 0x0000000087e00000| Untracked 
| 127|0x0000000087f00000, 0x0000000087f00000, 0x0000000088000000|  0%| F|  |TAMS 0x0000000087f00000, 0x0000000087f00000| Untracked 
| 128|0x0000000088000000, 0x0000000088000000, 0x0000000088100000|  0%| F|  |TAMS 0x0000000088000000, 0x0000000088000000| Untracked 
| 129|0x0000000088100000, 0x0000000088100000, 0x0000000088200000|  0%| F|  |TAMS 0x0000000088100000, 0x0000000088100000| Untracked 
| 130|0x0000000088200000, 0x0000000088200000, 0x0000000088300000|  0%| F|  |TAMS 0x0000000088200000, 0x0000000088200000| Untracked 
| 131|0x0000000088300000, 0x0000000088300000, 0x0000000088400000|  0%| F|  |TAMS 0x0000000088300000, 0x0000000088300000| Untracked 
| 132|0x0000000088400000, 0x0000000088400000, 0x0000000088500000|  0%| F|  |TAMS 0x0000000088400000, 0x0000000088400000| Untracked 
| 133|0x0000000088500000, 0x0000000088500000, 0x0000000088600000|  0%| F|  |TAMS 0x0000000088500000, 0x0000000088500000| Untracked 
| 134|0x0000000088600000, 0x0000000088600000, 0x0000000088700000|  0%| F|  |TAMS 0x0000000088600000, 0x0000000088600000| Untracked 
| 135|0x0000000088700000, 0x0000000088700000, 0x0000000088800000|  0%| F|  |TAMS 0x0000000088700000, 0x0000000088700000| Untracked 
| 136|0x0000000088800000, 0x0000000088800000, 0x0000000088900000|  0%| F|  |TAMS 0x0000000088800000, 0x0000000088800000| Untracked 
| 137|0x0000000088900000, 0x0000000088900000, 0x0000000088a00000|  0%| F|  |TAMS 0x0000000088900000, 0x0000000088900000| Untracked 
| 138|0x0000000088a00000, 0x0000000088a00000, 0x0000000088b00000|  0%| F|  |TAMS 0x0000000088a00000, 0x0000000088a00000| Untracked 
| 139|0x0000000088b00000, 0x0000000088b00000, 0x0000000088c00000|  0%| F|  |TAMS 0x0000000088b00000, 0x0000000088b00000| Untracked 
| 140|0x0000000088c00000, 0x0000000088c00000, 0x0000000088d00000|  0%| F|  |TAMS 0x0000000088c00000, 0x0000000088c00000| Untracked 
| 141|0x0000000088d00000, 0x0000000088d00000, 0x0000000088e00000|  0%| F|  |TAMS 0x0000000088d00000, 0x0000000088d00000| Untracked 
| 142|0x0000000088e00000, 0x0000000088e00000, 0x0000000088f00000|  0%| F|  |TAMS 0x0000000088e00000, 0x0000000088e00000| Untracked 
| 143|0x0000000088f00000, 0x0000000088f00000, 0x0000000089000000|  0%| F|  |TAMS 0x0000000088f00000, 0x0000000088f00000| Untracked 
| 144|0x0000000089000000, 0x00000000890c92d8, 0x0000000089100000| 78%| S|CS|TAMS 0x0000000089000000, 0x0000000089000000| Complete 
| 145|0x0000000089100000, 0x0000000089100000, 0x0000000089200000|  0%| F|  |TAMS 0x0000000089100000, 0x0000000089100000| Untracked 
| 146|0x0000000089200000, 0x0000000089200000, 0x0000000089300000|  0%| F|  |TAMS 0x0000000089200000, 0x0000000089200000| Untracked 
| 147|0x0000000089300000, 0x0000000089300000, 0x0000000089400000|  0%| F|  |TAMS 0x0000000089300000, 0x0000000089300000| Untracked 
| 148|0x0000000089400000, 0x0000000089400000, 0x0000000089500000|  0%| F|  |TAMS 0x0000000089400000, 0x0000000089400000| Untracked 
| 149|0x0000000089500000, 0x0000000089500000, 0x0000000089600000|  0%| F|  |TAMS 0x0000000089500000, 0x0000000089500000| Untracked 
| 150|0x0000000089600000, 0x0000000089600000, 0x0000000089700000|  0%| F|  |TAMS 0x0000000089600000, 0x0000000089600000| Untracked 
| 151|0x0000000089700000, 0x0000000089700000, 0x0000000089800000|  0%| F|  |TAMS 0x0000000089700000, 0x0000000089700000| Untracked 
| 152|0x0000000089800000, 0x0000000089800000, 0x0000000089900000|  0%| F|  |TAMS 0x0000000089800000, 0x0000000089800000| Untracked 
| 153|0x0000000089900000, 0x0000000089900000, 0x0000000089a00000|  0%| F|  |TAMS 0x0000000089900000, 0x0000000089900000| Untracked 
| 154|0x0000000089a00000, 0x0000000089a00000, 0x0000000089b00000|  0%| F|  |TAMS 0x0000000089a00000, 0x0000000089a00000| Untracked 
| 155|0x0000000089b00000, 0x0000000089b00000, 0x0000000089c00000|  0%| F|  |TAMS 0x0000000089b00000, 0x0000000089b00000| Untracked 
| 156|0x0000000089c00000, 0x0000000089c00000, 0x0000000089d00000|  0%| F|  |TAMS 0x0000000089c00000, 0x0000000089c00000| Untracked 
| 157|0x0000000089d00000, 0x0000000089d00000, 0x0000000089e00000|  0%| F|  |TAMS 0x0000000089d00000, 0x0000000089d00000| Untracked 
| 158|0x0000000089e00000, 0x0000000089e00000, 0x0000000089f00000|  0%| F|  |TAMS 0x0000000089e00000, 0x0000000089e00000| Untracked 
| 159|0x0000000089f00000, 0x0000000089f00000, 0x000000008a000000|  0%| F|  |TAMS 0x0000000089f00000, 0x0000000089f00000| Untracked 
| 160|0x000000008a000000, 0x000000008a000000, 0x000000008a100000|  0%| F|  |TAMS 0x000000008a000000, 0x000000008a000000| Untracked 
| 161|0x000000008a100000, 0x000000008a100000, 0x000000008a200000|  0%| F|  |TAMS 0x000000008a100000, 0x000000008a100000| Untracked 
| 162|0x000000008a200000, 0x000000008a200000, 0x000000008a300000|  0%| F|  |TAMS 0x000000008a200000, 0x000000008a200000| Untracked 
| 163|0x000000008a300000, 0x000000008a300000, 0x000000008a400000|  0%| F|  |TAMS 0x000000008a300000, 0x000000008a300000| Untracked 
| 164|0x000000008a400000, 0x000000008a400000, 0x000000008a500000|  0%| F|  |TAMS 0x000000008a400000, 0x000000008a400000| Untracked 
| 165|0x000000008a500000, 0x000000008a500000, 0x000000008a600000|  0%| F|  |TAMS 0x000000008a500000, 0x000000008a500000| Untracked 
| 166|0x000000008a600000, 0x000000008a600000, 0x000000008a700000|  0%| F|  |TAMS 0x000000008a600000, 0x000000008a600000| Untracked 
| 167|0x000000008a700000, 0x000000008a700000, 0x000000008a800000|  0%| F|  |TAMS 0x000000008a700000, 0x000000008a700000| Untracked 
| 168|0x000000008a800000, 0x000000008a800000, 0x000000008a900000|  0%| F|  |TAMS 0x000000008a800000, 0x000000008a800000| Untracked 
| 169|0x000000008a900000, 0x000000008a900000, 0x000000008aa00000|  0%| F|  |TAMS 0x000000008a900000, 0x000000008a900000| Untracked 
| 170|0x000000008aa00000, 0x000000008aa00000, 0x000000008ab00000|  0%| F|  |TAMS 0x000000008aa00000, 0x000000008aa00000| Untracked 
| 171|0x000000008ab00000, 0x000000008ab00000, 0x000000008ac00000|  0%| F|  |TAMS 0x000000008ab00000, 0x000000008ab00000| Untracked 
| 172|0x000000008ac00000, 0x000000008ac00000, 0x000000008ad00000|  0%| F|  |TAMS 0x000000008ac00000, 0x000000008ac00000| Untracked 
| 173|0x000000008ad00000, 0x000000008ad00000, 0x000000008ae00000|  0%| F|  |TAMS 0x000000008ad00000, 0x000000008ad00000| Untracked 
| 174|0x000000008ae00000, 0x000000008ae00000, 0x000000008af00000|  0%| F|  |TAMS 0x000000008ae00000, 0x000000008ae00000| Untracked 
| 175|0x000000008af00000, 0x000000008af00000, 0x000000008b000000|  0%| F|  |TAMS 0x000000008af00000, 0x000000008af00000| Untracked 
| 176|0x000000008b000000, 0x000000008b000000, 0x000000008b100000|  0%| F|  |TAMS 0x000000008b000000, 0x000000008b000000| Untracked 
| 177|0x000000008b100000, 0x000000008b100000, 0x000000008b200000|  0%| F|  |TAMS 0x000000008b100000, 0x000000008b100000| Untracked 
| 178|0x000000008b200000, 0x000000008b200000, 0x000000008b300000|  0%| F|  |TAMS 0x000000008b200000, 0x000000008b200000| Untracked 
| 179|0x000000008b300000, 0x000000008b300000, 0x000000008b400000|  0%| F|  |TAMS 0x000000008b300000, 0x000000008b300000| Untracked 
| 180|0x000000008b400000, 0x000000008b400000, 0x000000008b500000|  0%| F|  |TAMS 0x000000008b400000, 0x000000008b400000| Untracked 
| 181|0x000000008b500000, 0x000000008b500000, 0x000000008b600000|  0%| F|  |TAMS 0x000000008b500000, 0x000000008b500000| Untracked 
| 182|0x000000008b600000, 0x000000008b600000, 0x000000008b700000|  0%| F|  |TAMS 0x000000008b600000, 0x000000008b600000| Untracked 
| 183|0x000000008b700000, 0x000000008b700000, 0x000000008b800000|  0%| F|  |TAMS 0x000000008b700000, 0x000000008b700000| Complete 
| 184|0x000000008b800000, 0x000000008b900000, 0x000000008b900000|100%| E|CS|TAMS 0x000000008b800000, 0x000000008b800000| Complete 

Card table byte_map: [0x000001f4c8de0000,0x000001f4c91e0000] _byte_map_base: 0x000001f4c89e0000

Marking Bits (Prev, Next): (CMBitMap*) 0x000001f4b5fb6088, (CMBitMap*) 0x000001f4b5fb60c0
 Prev Bits: [0x000001f4c95e0000, 0x000001f4cb5e0000)
 Next Bits: [0x000001f4cb5e0000, 0x000001f4cd5e0000)

Polling page: 0x000001f4b3790000

Metaspace:

Usage:
  Non-class:     94.27 MB capacity,    92.50 MB ( 98%) used,     1.43 MB (  2%) free+waste,   351.00 KB ( <1%) overhead. 
      Class:     14.83 MB capacity,    13.75 MB ( 93%) used,   943.76 KB (  6%) free+waste,   156.81 KB (  1%) overhead. 
       Both:    109.10 MB capacity,   106.25 MB ( 97%) used,     2.35 MB (  2%) free+waste,   507.81 KB ( <1%) overhead. 

Virtual space:
  Non-class space:       96.00 MB reserved,      94.43 MB ( 98%) committed 
      Class space:        1.00 GB reserved,      14.90 MB (  1%) committed 
             Both:        1.09 GB reserved,     109.32 MB ( 10%) committed 

Chunk freelists:
   Non-Class:  33.00 KB
       Class:  15.00 KB
        Both:  48.00 KB

MaxMetaspaceSize: 17179869184.00 GB
CompressedClassSpaceSize: 1.00 GB

CodeHeap 'non-profiled nmethods': size=120064Kb used=9566Kb max_used=9566Kb free=110497Kb
 bounds [0x000001f4c14a0000, 0x000001f4c1e00000, 0x000001f4c89e0000]
CodeHeap 'profiled nmethods': size=120000Kb used=35106Kb max_used=35106Kb free=84893Kb
 bounds [0x000001f4b9f70000, 0x000001f4bc1c0000, 0x000001f4c14a0000]
CodeHeap 'non-nmethods': size=5696Kb used=2329Kb max_used=2391Kb free=3366Kb
 bounds [0x000001f4b99e0000, 0x000001f4b9c50000, 0x000001f4b9f70000]
 total_blobs=16403 nmethods=15456 adapters=857
 compilation: enabled
              stopped_count=0, restarted_count=0
 full_count=0

Compilation events (20 events):
Event: 114.139 Thread 0x000001f4d03b3800 15566       2       org.gradle.internal.execution.UnitOfWork$InputVisitor::visitInputProperty (1 bytes)
Event: 114.139 Thread 0x000001f4d03b3800 nmethod 15566 0x000001f4bc1ae410 code [0x000001f4bc1ae5c0, 0x000001f4bc1ae6b8]
Event: 114.143 Thread 0x000001f4d03b3800 15567       2       com.google.gson.internal.$Gson$Preconditions::checkNotNull (14 bytes)
Event: 114.143 Thread 0x000001f4d03b3800 nmethod 15567 0x000001f4bc1ae790 code [0x000001f4bc1ae940, 0x000001f4bc1aeac8]
Event: 114.149 Thread 0x000001f4d03b3800 15569       2       org.gradle.internal.resources.DefaultResourceLockCoordinationService::unlock (9 bytes)
Event: 114.149 Thread 0x000001f4d03b3800 nmethod 15569 0x000001f4bc1aeb90 code [0x000001f4bc1aed40, 0x000001f4bc1aeeb8]
Event: 114.151 Thread 0x000001f4d03b3800 15570   !   2       org.gradle.internal.io.ClassLoaderObjectInputStream::resolveClass (20 bytes)
Event: 114.151 Thread 0x000001f4d03b3800 nmethod 15570 0x000001f4bc1aef90 code [0x000001f4bc1af160, 0x000001f4bc1af2d8]
Event: 114.151 Thread 0x000001f4d03b3800 15571       2       java.io.ObjectStreamClass$FieldReflectorKey::<init> (102 bytes)
Event: 114.152 Thread 0x000001f4d03b3800 nmethod 15571 0x000001f4bc1af410 code [0x000001f4bc1af620, 0x000001f4bc1afc08]
Event: 114.156 Thread 0x000001f4d03b3800 15572   !   2       java.io.ObjectInputStream::readNonProxyDesc (236 bytes)
Event: 114.157 Thread 0x000001f4d03b3800 nmethod 15572 0x000001f4bc1afe90 code [0x000001f4bc1b0180, 0x000001f4bc1b0af8]
Event: 114.159 Thread 0x000001f4d03b3800 15573       2       java.io.ObjectInputStream$BlockDataInputStream::readLong (76 bytes)
Event: 114.159 Thread 0x000001f4d03b3800 nmethod 15573 0x000001f4bc1b1190 code [0x000001f4bc1b1360, 0x000001f4bc1b1528]
Event: 114.162 Thread 0x000001f4d03b3800 15574       1       com.android.build.api.variant.impl.VariantOutputConfigurationImpl::getFilters (5 bytes)
Event: 114.162 Thread 0x000001f4d03b3800 nmethod 15574 0x000001f4c1df7a90 code [0x000001f4c1df7c40, 0x000001f4c1df7cf8]
Event: 114.163 Thread 0x000001f4d03b3800 15575       2       com.sun.org.apache.xerces.internal.util.XMLStringBuffer::<init> (7 bytes)
Event: 114.163 Thread 0x000001f4d03b3800 nmethod 15575 0x000001f4bc1b1690 code [0x000001f4bc1b1840, 0x000001f4bc1b1a18]
Event: 114.178 Thread 0x000001f4d03b3800 15576       2       sun.security.provider.SHA::implDigest (96 bytes)
Event: 114.179 Thread 0x000001f4d03b3800 nmethod 15576 0x000001f4bc1b1b10 code [0x000001f4bc1b1d20, 0x000001f4bc1b2068]

GC Heap History (20 events):
Event: 32.459 GC heap before
{Heap before GC invocations=19 (full 0):
 garbage-first heap   total 189440K, used 143683K [0x0000000080000000, 0x0000000100000000)
  region size 1024K, 82 young (83968K), 11 survivors (11264K)
 Metaspace       used 88512K, capacity 90717K, committed 90956K, reserved 1128448K
  class space    used 11448K, capacity 12273K, committed 12364K, reserved 1048576K
}
Event: 32.500 GC heap after
{Heap after GC invocations=20 (full 0):
 garbage-first heap   total 189440K, used 83898K [0x0000000080000000, 0x0000000100000000)
  region size 1024K, 11 young (11264K), 11 survivors (11264K)
 Metaspace       used 88512K, capacity 90717K, committed 90956K, reserved 1128448K
  class space    used 11448K, capacity 12273K, committed 12364K, reserved 1048576K
}
Event: 36.718 GC heap before
{Heap before GC invocations=20 (full 0):
 garbage-first heap   total 189440K, used 145338K [0x0000000080000000, 0x0000000100000000)
  region size 1024K, 72 young (73728K), 11 survivors (11264K)
 Metaspace       used 89980K, capacity 92293K, committed 92364K, reserved 1128448K
  class space    used 11558K, capacity 12436K, committed 12492K, reserved 1048576K
}
Event: 36.748 GC heap after
{Heap after GC invocations=21 (full 0):
 garbage-first heap   total 189440K, used 85418K [0x0000000080000000, 0x0000000100000000)
  region size 1024K, 5 young (5120K), 5 survivors (5120K)
 Metaspace       used 89980K, capacity 92293K, committed 92364K, reserved 1128448K
  class space    used 11558K, capacity 12436K, committed 12492K, reserved 1048576K
}
Event: 39.509 GC heap before
{Heap before GC invocations=21 (full 0):
 garbage-first heap   total 189440K, used 146858K [0x0000000080000000, 0x0000000100000000)
  region size 1024K, 66 young (67584K), 5 survivors (5120K)
 Metaspace       used 100629K, capacity 103382K, committed 103500K, reserved 1138688K
  class space    used 13261K, capacity 14303K, committed 14412K, reserved 1048576K
}
Event: 39.528 GC heap after
{Heap after GC invocations=22 (full 0):
 garbage-first heap   total 189440K, used 88520K [0x0000000080000000, 0x0000000100000000)
  region size 1024K, 8 young (8192K), 8 survivors (8192K)
 Metaspace       used 100629K, capacity 103382K, committed 103500K, reserved 1138688K
  class space    used 13261K, capacity 14303K, committed 14412K, reserved 1048576K
}
Event: 41.281 GC heap before
{Heap before GC invocations=22 (full 0):
 garbage-first heap   total 189440K, used 149960K [0x0000000080000000, 0x0000000100000000)
  region size 1024K, 69 young (70656K), 8 survivors (8192K)
 Metaspace       used 105284K, capacity 108167K, committed 108364K, reserved 1142784K
  class space    used 13836K, capacity 14889K, committed 14924K, reserved 1048576K
}
Event: 41.301 GC heap after
{Heap after GC invocations=23 (full 0):
 garbage-first heap   total 189440K, used 90389K [0x0000000080000000, 0x0000000100000000)
  region size 1024K, 6 young (6144K), 6 survivors (6144K)
 Metaspace       used 105284K, capacity 108167K, committed 108364K, reserved 1142784K
  class space    used 13836K, capacity 14889K, committed 14924K, reserved 1048576K
}
Event: 41.870 GC heap before
{Heap before GC invocations=23 (full 0):
 garbage-first heap   total 189440K, used 105749K [0x0000000080000000, 0x0000000100000000)
  region size 1024K, 22 young (22528K), 6 survivors (6144K)
 Metaspace       used 105950K, capacity 108779K, committed 108928K, reserved 1142784K
  class space    used 13925K, capacity 15012K, committed 15052K, reserved 1048576K
}
Event: 41.891 GC heap after
{Heap after GC invocations=24 (full 0):
 garbage-first heap   total 189440K, used 90296K [0x0000000080000000, 0x0000000100000000)
  region size 1024K, 4 young (4096K), 4 survivors (4096K)
 Metaspace       used 105950K, capacity 108779K, committed 108928K, reserved 1142784K
  class space    used 13925K, capacity 15012K, committed 15052K, reserved 1048576K
}
Event: 110.055 GC heap before
{Heap before GC invocations=25 (full 0):
 garbage-first heap   total 189440K, used 165048K [0x0000000080000000, 0x0000000100000000)
  region size 1024K, 63 young (64512K), 4 survivors (4096K)
 Metaspace       used 107747K, capacity 110663K, committed 110924K, reserved 1144832K
  class space    used 14072K, capacity 15151K, committed 15256K, reserved 1048576K
}
Event: 110.077 GC heap after
{Heap after GC invocations=26 (full 0):
 garbage-first heap   total 189440K, used 95860K [0x0000000080000000, 0x0000000100000000)
  region size 1024K, 8 young (8192K), 8 survivors (8192K)
 Metaspace       used 107747K, capacity 110663K, committed 110924K, reserved 1144832K
  class space    used 14072K, capacity 15151K, committed 15256K, reserved 1048576K
}
Event: 110.112 GC heap before
{Heap before GC invocations=26 (full 0):
 garbage-first heap   total 189440K, used 96884K [0x0000000080000000, 0x0000000100000000)
  region size 1024K, 9 young (9216K), 8 survivors (8192K)
 Metaspace       used 107774K, capacity 110727K, committed 110924K, reserved 1144832K
  class space    used 14072K, capacity 15151K, committed 15256K, reserved 1048576K
}
Event: 110.132 GC heap after
{Heap after GC invocations=27 (full 0):
 garbage-first heap   total 189440K, used 96178K [0x0000000080000000, 0x0000000100000000)
  region size 1024K, 2 young (2048K), 2 survivors (2048K)
 Metaspace       used 107774K, capacity 110727K, committed 110924K, reserved 1144832K
  class space    used 14072K, capacity 15151K, committed 15256K, reserved 1048576K
}
Event: 110.159 GC heap before
{Heap before GC invocations=27 (full 0):
 garbage-first heap   total 189440K, used 96178K [0x0000000080000000, 0x0000000100000000)
  region size 1024K, 3 young (3072K), 2 survivors (2048K)
 Metaspace       used 107774K, capacity 110727K, committed 110924K, reserved 1144832K
  class space    used 14072K, capacity 15151K, committed 15256K, reserved 1048576K
}
Event: 110.164 GC heap after
{Heap after GC invocations=28 (full 0):
 garbage-first heap   total 189440K, used 95450K [0x0000000080000000, 0x0000000100000000)
  region size 1024K, 1 young (1024K), 1 survivors (1024K)
 Metaspace       used 107774K, capacity 110727K, committed 110924K, reserved 1144832K
  class space    used 14072K, capacity 15151K, committed 15256K, reserved 1048576K
}
Event: 112.821 GC heap before
{Heap before GC invocations=29 (full 0):
 garbage-first heap   total 189440K, used 147674K [0x0000000080000000, 0x0000000100000000)
  region size 1024K, 53 young (54272K), 1 survivors (1024K)
 Metaspace       used 108134K, capacity 111061K, committed 111180K, reserved 1144832K
  class space    used 14069K, capacity 15147K, committed 15256K, reserved 1048576K
}
Event: 112.842 GC heap after
{Heap after GC invocations=30 (full 0):
 garbage-first heap   total 189440K, used 102068K [0x0000000080000000, 0x0000000100000000)
  region size 1024K, 7 young (7168K), 7 survivors (7168K)
 Metaspace       used 108134K, capacity 111061K, committed 111180K, reserved 1144832K
  class space    used 14069K, capacity 15147K, committed 15256K, reserved 1048576K
}
Event: 112.873 GC heap before
{Heap before GC invocations=30 (full 0):
 garbage-first heap   total 189440K, used 104116K [0x0000000080000000, 0x0000000100000000)
  region size 1024K, 9 young (9216K), 7 survivors (7168K)
 Metaspace       used 108142K, capacity 111061K, committed 111180K, reserved 1144832K
  class space    used 14069K, capacity 15147K, committed 15256K, reserved 1048576K
}
Event: 112.889 GC heap after
{Heap after GC invocations=31 (full 0):
 garbage-first heap   total 189440K, used 98556K [0x0000000080000000, 0x0000000100000000)
  region size 1024K, 1 young (1024K), 1 survivors (1024K)
 Metaspace       used 108142K, capacity 111061K, committed 111180K, reserved 1144832K
  class space    used 14069K, capacity 15147K, committed 15256K, reserved 1048576K
}

Deoptimization events (20 events):
Event: 112.889 Thread 0x000001f4d71e2800 DEOPT PACKING pc=0x000001f4c1d6e348 sp=0x0000003eeeffd6f0
Event: 112.889 Thread 0x000001f4d71e2800 DEOPT UNPACKING pc=0x000001f4b9a078af sp=0x0000003eeeffd640 mode 2
Event: 113.009 Thread 0x000001f4d71e2800 Uncommon trap: trap_request=0xffffff4d fr.pc=0x000001f4c16ce630 relative=0x0000000000001390
Event: 113.009 Thread 0x000001f4d71e2800 Uncommon trap: reason=unstable_if action=reinterpret pc=0x000001f4c16ce630 method=java.util.HashMap.computeIfAbsent(Ljava/lang/Object;Ljava/util/function/Function;)Ljava/lang/Object; @ 145 c2
Event: 113.009 Thread 0x000001f4d71e2800 DEOPT PACKING pc=0x000001f4c16ce630 sp=0x0000003eeeffc380
Event: 113.009 Thread 0x000001f4d71e2800 DEOPT UNPACKING pc=0x000001f4b9a078af sp=0x0000003eeeffc360 mode 2
Event: 113.061 Thread 0x000001f4d71e2800 Uncommon trap: trap_request=0xffffff4d fr.pc=0x000001f4c1c69514 relative=0x0000000000000334
Event: 113.061 Thread 0x000001f4d71e2800 Uncommon trap: reason=unstable_if action=reinterpret pc=0x000001f4c1c69514 method=sun.security.provider.SHA.implDigest([BI)V @ 21 c2
Event: 113.061 Thread 0x000001f4d71e2800 DEOPT PACKING pc=0x000001f4c1c69514 sp=0x0000003eeeffcc50
Event: 113.061 Thread 0x000001f4d71e2800 DEOPT UNPACKING pc=0x000001f4b9a078af sp=0x0000003eeeffcbd0 mode 2
Event: 113.989 Thread 0x000001f4d71e5000 Uncommon trap: trap_request=0xffffff7e fr.pc=0x000001f4c1dd31c0 relative=0x0000000000000920
Event: 113.989 Thread 0x000001f4d71e5000 Uncommon trap: reason=predicate action=maybe_recompile pc=0x000001f4c1dd31c0 method=java.util.TimSort.reverseRange([Ljava/lang/Object;II)V @ 5 c2
Event: 113.989 Thread 0x000001f4d71e5000 DEOPT PACKING pc=0x000001f4c1dd31c0 sp=0x0000003eef1fd090
Event: 113.989 Thread 0x000001f4d71e5000 DEOPT UNPACKING pc=0x000001f4b9a078af sp=0x0000003eef1fcf70 mode 2
Event: 114.134 Thread 0x000001f4d03b5000 Uncommon trap: trap_request=0xffffffc6 fr.pc=0x000001f4c1b1dc0c relative=0x000000000000006c
Event: 114.134 Thread 0x000001f4d03b5000 Uncommon trap: reason=bimorphic_or_optimized_type_check action=maybe_recompile pc=0x000001f4c1b1dc0c method=org.gradle.internal.fingerprint.classpath.impl.ClasspathFingerprintingStrategy$ClasspathFingerprintingVisitor.visitEntry(Lorg/gradle/internal/snaps
Event: 114.134 Thread 0x000001f4d03b5000 DEOPT PACKING pc=0x000001f4c1b1dc0c sp=0x0000003eee8fc5e0
Event: 114.134 Thread 0x000001f4d03b5000 DEOPT UNPACKING pc=0x000001f4b9a078af sp=0x0000003eee8fc600 mode 2
Event: 114.183 Thread 0x000001f4d71e2800 DEOPT PACKING pc=0x000001f4bbb325b6 sp=0x0000003eeeffd0a0
Event: 114.183 Thread 0x000001f4d71e2800 DEOPT UNPACKING pc=0x000001f4b9a076ce sp=0x0000003eeeffc620 mode 0

Classes redefined (0 events):
No events

Internal exceptions (20 events):
Event: 112.157 Thread 0x000001f4d03b6000 Exception <a 'sun/nio/fs/WindowsException'{0x00000000892bdfd0}> (0x00000000892bdfd0) thrown at [./src/hotspot/share/prims/jni.cpp, line 615]
Event: 112.170 Thread 0x000001f4d03b6000 Exception <a 'sun/nio/fs/WindowsException'{0x00000000892cd770}> (0x00000000892cd770) thrown at [./src/hotspot/share/prims/jni.cpp, line 615]
Event: 112.187 Thread 0x000001f4d03b6000 Exception <a 'sun/nio/fs/WindowsException'{0x00000000892e0b00}> (0x00000000892e0b00) thrown at [./src/hotspot/share/prims/jni.cpp, line 615]
Event: 112.209 Thread 0x000001f4d03b6000 Exception <a 'sun/nio/fs/WindowsException'{0x0000000089122080}> (0x0000000089122080) thrown at [./src/hotspot/share/prims/jni.cpp, line 615]
Event: 112.211 Thread 0x000001f4d03b6000 Exception <a 'sun/nio/fs/WindowsException'{0x00000000891221d8}> (0x00000000891221d8) thrown at [./src/hotspot/share/prims/jni.cpp, line 615]
Event: 112.215 Thread 0x000001f4d03b6000 Exception <a 'sun/nio/fs/WindowsException'{0x00000000891a2580}> (0x00000000891a2580) thrown at [./src/hotspot/share/prims/jni.cpp, line 615]
Event: 112.217 Thread 0x000001f4d03b6000 Exception <a 'sun/nio/fs/WindowsException'{0x00000000891a26c8}> (0x00000000891a26c8) thrown at [./src/hotspot/share/prims/jni.cpp, line 615]
Event: 112.283 Thread 0x000001f4d03b6000 Exception <a 'sun/nio/fs/WindowsException'{0x0000000088ebfcf0}> (0x0000000088ebfcf0) thrown at [./src/hotspot/share/prims/jni.cpp, line 615]
Event: 112.301 Thread 0x000001f4d03b6000 Exception <a 'sun/nio/fs/WindowsException'{0x0000000088ed0d18}> (0x0000000088ed0d18) thrown at [./src/hotspot/share/prims/jni.cpp, line 615]
Event: 112.857 Thread 0x000001f4d71e3800 Exception <a 'sun/nio/fs/WindowsException'{0x000000008b708968}> (0x000000008b708968) thrown at [./src/hotspot/share/prims/jni.cpp, line 615]
Event: 112.889 Thread 0x000001f4d71e2800 Implicit null exception at 0x000001f4c1d691f7 to 0x000001f4c1d6e32c
Event: 112.898 Thread 0x000001f4d71e2800 Exception <a 'sun/nio/fs/WindowsException'{0x000000008b771e10}> (0x000000008b771e10) thrown at [./src/hotspot/share/prims/jni.cpp, line 615]
Event: 113.070 Thread 0x000001f4d71e2800 Exception <a 'sun/nio/fs/WindowsException'{0x000000008b39a648}> (0x000000008b39a648) thrown at [./src/hotspot/share/prims/jni.cpp, line 615]
Event: 113.276 Thread 0x000001f4d71e2800 Exception <a 'sun/nio/fs/WindowsException'{0x000000008b2efdd8}> (0x000000008b2efdd8) thrown at [./src/hotspot/share/prims/jni.cpp, line 615]
Event: 113.325 Thread 0x000001f4d71e3800 Exception <a 'sun/nio/fs/WindowsException'{0x000000008b1b53f8}> (0x000000008b1b53f8) thrown at [./src/hotspot/share/prims/jni.cpp, line 615]
Event: 113.341 Thread 0x000001f4d71e3800 Exception <a 'sun/nio/fs/WindowsException'{0x000000008b1bdb70}> (0x000000008b1bdb70) thrown at [./src/hotspot/share/prims/jni.cpp, line 615]
Event: 113.353 Thread 0x000001f4d71e3800 Exception <a 'sun/nio/fs/WindowsException'{0x000000008b1c5ec0}> (0x000000008b1c5ec0) thrown at [./src/hotspot/share/prims/jni.cpp, line 615]
Event: 113.374 Thread 0x000001f4d71e3800 Exception <a 'sun/nio/fs/WindowsException'{0x000000008b1dc958}> (0x000000008b1dc958) thrown at [./src/hotspot/share/prims/jni.cpp, line 615]
Event: 113.878 Thread 0x000001f4d71e5000 Exception <a 'sun/nio/fs/WindowsException'{0x000000008adcf338}> (0x000000008adcf338) thrown at [./src/hotspot/share/prims/jni.cpp, line 615]
Event: 114.039 Thread 0x000001f4d71e5000 Exception <a 'sun/nio/fs/WindowsException'{0x000000008a33de08}> (0x000000008a33de08) thrown at [./src/hotspot/share/prims/jni.cpp, line 615]

Events (20 events):
Event: 113.471 Executing VM operation: RevokeBias
Event: 113.471 Executing VM operation: RevokeBias done
Event: 113.471 Executing VM operation: RevokeBias
Event: 113.471 Executing VM operation: RevokeBias done
Event: 113.471 Executing VM operation: RevokeBias
Event: 113.472 Executing VM operation: RevokeBias done
Event: 113.472 Executing VM operation: RevokeBias
Event: 113.472 Executing VM operation: RevokeBias done
Event: 113.921 loading class com/android/tools/r8/internal/g8
Event: 113.921 loading class com/android/tools/r8/internal/g8 done
Event: 114.175 Executing VM operation: RevokeBias
Event: 114.177 Executing VM operation: RevokeBias done
Event: 114.177 Executing VM operation: RevokeBias
Event: 114.177 Executing VM operation: RevokeBias done
Event: 114.177 Executing VM operation: RevokeBias
Event: 114.177 Executing VM operation: RevokeBias done
Event: 114.177 Executing VM operation: RevokeBias
Event: 114.177 Executing VM operation: RevokeBias done
Event: 114.177 Executing VM operation: RevokeBias
Event: 114.178 Executing VM operation: RevokeBias done


Dynamic libraries:
0x00007ff7d5030000 - 0x00007ff7d503a000 	C:\Program Files\Android\Android Studio\jre\bin\java.exe
0x00007ffcbb810000 - 0x00007ffcbba05000 	C:\WINDOWS\SYSTEM32\ntdll.dll
0x00007ffcb9ab0000 - 0x00007ffcb9b6e000 	C:\WINDOWS\System32\KERNEL32.DLL
0x00007ffcb9520000 - 0x00007ffcb97e8000 	C:\WINDOWS\System32\KERNELBASE.dll
0x00007ffcb90f0000 - 0x00007ffcb91f0000 	C:\WINDOWS\System32\ucrtbase.dll
0x00007ffca7fb0000 - 0x00007ffca7fc9000 	C:\Program Files\Android\Android Studio\jre\bin\jli.dll
0x00007ffca6ac0000 - 0x00007ffca6ad7000 	C:\Program Files\Android\Android Studio\jre\bin\VCRUNTIME140.dll
0x00007ffcbb4b0000 - 0x00007ffcbb650000 	C:\WINDOWS\System32\USER32.dll
0x00007ffcb8f20000 - 0x00007ffcb8f42000 	C:\WINDOWS\System32\win32u.dll
0x00007ffcba280000 - 0x00007ffcba2ab000 	C:\WINDOWS\System32\GDI32.dll
0x00007ffcb91f0000 - 0x00007ffcb92fd000 	C:\WINDOWS\System32\gdi32full.dll
0x00007ffcb8fa0000 - 0x00007ffcb903d000 	C:\WINDOWS\System32\msvcp_win.dll
0x00007ffcaa930000 - 0x00007ffcaabca000 	C:\WINDOWS\WinSxS\amd64_microsoft.windows.common-controls_6595b64144ccf1df_6.0.19041.1110_none_60b5254171f9507e\COMCTL32.dll
0x00007ffcbadf0000 - 0x00007ffcbae8e000 	C:\WINDOWS\System32\msvcrt.dll
0x00007ffcbae90000 - 0x00007ffcbaec0000 	C:\WINDOWS\System32\IMM32.DLL
0x00007ffcadf70000 - 0x00007ffcae172000 	C:\WINDOWS\system32\tmumh\20019\AddOn\8.53.0.1135\TmUmEvt64.dll
0x00007ffcbb3d0000 - 0x00007ffcbb3d8000 	C:\WINDOWS\System32\PSAPI.DLL
0x00007ffcb9880000 - 0x00007ffcb992e000 	C:\WINDOWS\System32\ADVAPI32.dll
0x00007ffcb9ff0000 - 0x00007ffcba08c000 	C:\WINDOWS\System32\sechost.dll
0x00007ffcba150000 - 0x00007ffcba275000 	C:\WINDOWS\System32\RPCRT4.dll
0x000000006b400000 - 0x000000006b570000 	C:\WINDOWS\system32\tmumh\20019\TmMon\2.8.0.1054\tmmon64.dll
0x00007ffc8e150000 - 0x00007ffc8e1ed000 	C:\Program Files\Android\Android Studio\jre\bin\msvcp140.dll
0x00007ffc81120000 - 0x00007ffc81bef000 	C:\Program Files\Android\Android Studio\jre\bin\server\jvm.dll
0x00007ffca4880000 - 0x00007ffca4889000 	C:\WINDOWS\SYSTEM32\WSOCK32.dll
0x00007ffcbac60000 - 0x00007ffcbaccb000 	C:\WINDOWS\System32\WS2_32.dll
0x00007ffcad960000 - 0x00007ffcad987000 	C:\WINDOWS\SYSTEM32\WINMM.dll
0x00007ffcad9b0000 - 0x00007ffcad9ba000 	C:\WINDOWS\SYSTEM32\VERSION.dll
0x00007ffcb6d30000 - 0x00007ffcb6d42000 	C:\WINDOWS\SYSTEM32\kernel.appcore.dll
0x00007ffcb2010000 - 0x00007ffcb2021000 	C:\Program Files\Android\Android Studio\jre\bin\verify.dll
0x00007ffca4d90000 - 0x00007ffca4f74000 	C:\WINDOWS\SYSTEM32\DBGHELP.DLL
0x00007ffca4850000 - 0x00007ffca487c000 	C:\WINDOWS\SYSTEM32\dbgcore.DLL
0x00007ffcb9330000 - 0x00007ffcb93b2000 	C:\WINDOWS\System32\bcryptPrimitives.dll
0x00007ffcb1fb0000 - 0x00007ffcb1fd9000 	C:\Program Files\Android\Android Studio\jre\bin\java.dll
0x00007ffcb6750000 - 0x00007ffcb675b000 	C:\Program Files\Android\Android Studio\jre\bin\jimage.dll
0x00007ffcb1ea0000 - 0x00007ffcb1eb8000 	C:\Program Files\Android\Android Studio\jre\bin\zip.dll
0x00007ffcba460000 - 0x00007ffcbaba4000 	C:\WINDOWS\System32\SHELL32.dll
0x00007ffcb7010000 - 0x00007ffcb77a4000 	C:\WINDOWS\SYSTEM32\windows.storage.dll
0x00007ffcbb070000 - 0x00007ffcbb3c5000 	C:\WINDOWS\System32\combase.dll
0x00007ffcb8970000 - 0x00007ffcb899e000 	C:\WINDOWS\SYSTEM32\Wldp.dll
0x00007ffcb9a00000 - 0x00007ffcb9aad000 	C:\WINDOWS\System32\SHCORE.dll
0x00007ffcba090000 - 0x00007ffcba0e5000 	C:\WINDOWS\System32\shlwapi.dll
0x00007ffcb8e60000 - 0x00007ffcb8e7f000 	C:\WINDOWS\SYSTEM32\profapi.dll
0x00007ffcad4e0000 - 0x00007ffcad4fa000 	C:\Program Files\Android\Android Studio\jre\bin\net.dll
0x00007ffcb4120000 - 0x00007ffcb422c000 	C:\WINDOWS\SYSTEM32\WINHTTP.dll
0x00007ffcb86d0000 - 0x00007ffcb873a000 	C:\WINDOWS\system32\mswsock.dll
0x00007ffcad4c0000 - 0x00007ffcad4d4000 	C:\Program Files\Android\Android Studio\jre\bin\nio.dll
0x00007ffca9710000 - 0x00007ffca9737000 	C:\Users\PARVATHY\.gradle\native\8bec1ad78214c89d9ad589b4d07fe93259594b29d510b10fafb7a158f7737e5d\windows-amd64\native-platform.dll
0x00007ffc88000000 - 0x00007ffc8813d000 	C:\Users\PARVATHY\.gradle\native\53dbd7edfb1c66fb8903c78663c9afc45aea4f116125fa6feffd364cf09443e8\windows-amd64\native-platform-file-events.dll
0x00007ffcb6710000 - 0x00007ffcb671a000 	C:\Program Files\Android\Android Studio\jre\bin\management.dll
0x00007ffcb6680000 - 0x00007ffcb668c000 	C:\Program Files\Android\Android Studio\jre\bin\management_ext.dll
0x00007ffcb88d0000 - 0x00007ffcb88e8000 	C:\WINDOWS\SYSTEM32\CRYPTSP.dll
0x00007ffcb7fe0000 - 0x00007ffcb8014000 	C:\WINDOWS\system32\rsaenh.dll
0x00007ffcb9300000 - 0x00007ffcb9327000 	C:\WINDOWS\System32\bcrypt.dll
0x00007ffcb8e20000 - 0x00007ffcb8e4e000 	C:\WINDOWS\SYSTEM32\USERENV.dll
0x00007ffcb88c0000 - 0x00007ffcb88cc000 	C:\WINDOWS\SYSTEM32\CRYPTBASE.dll
0x00007ffcb8370000 - 0x00007ffcb83ab000 	C:\WINDOWS\SYSTEM32\IPHLPAPI.DLL
0x00007ffcbb7c0000 - 0x00007ffcbb7c8000 	C:\WINDOWS\System32\NSI.dll
0x00007ffcaf050000 - 0x00007ffcaf067000 	C:\WINDOWS\SYSTEM32\dhcpcsvc6.DLL
0x00007ffcb00e0000 - 0x00007ffcb00fd000 	C:\WINDOWS\SYSTEM32\dhcpcsvc.DLL
0x00007ffcb83c0000 - 0x00007ffcb848b000 	C:\WINDOWS\SYSTEM32\DNSAPI.dll
0x00007ffca96d0000 - 0x00007ffca96f7000 	C:\Program Files\Android\Android Studio\jre\bin\sunec.dll

dbghelp: loaded successfully - version: 4.0.5 - missing functions: none
symbol engine: initialized successfully - sym options: 0x614 - pdb path: .;C:\Program Files\Android\Android Studio\jre\bin;C:\WINDOWS\SYSTEM32;C:\WINDOWS\WinSxS\amd64_microsoft.windows.common-controls_6595b64144ccf1df_6.0.19041.1110_none_60b5254171f9507e;C:\WINDOWS\system32\tmumh\20019\AddOn\8.53.0.1135;C:\WINDOWS\system32\tmumh\20019\TmMon\2.8.0.1054;C:\Program Files\Android\Android Studio\jre\bin\server;C:\Users\PARVATHY\.gradle\native\8bec1ad78214c89d9ad589b4d07fe93259594b29d510b10fafb7a158f7737e5d\windows-amd64;C:\Users\PARVATHY\.gradle\native\53dbd7edfb1c66fb8903c78663c9afc45aea4f116125fa6feffd364cf09443e8\windows-amd64

VM Arguments:
jvm_args: --add-opens=java.base/java.util=ALL-UNNAMED --add-opens=java.base/java.lang=ALL-UNNAMED --add-opens=java.base/java.lang.invoke=ALL-UNNAMED --add-opens=java.base/java.util=ALL-UNNAMED --add-opens=java.prefs/java.util.prefs=ALL-UNNAMED --add-opens=java.prefs/java.util.prefs=ALL-UNNAMED --add-opens=java.base/java.nio.charset=ALL-UNNAMED --add-opens=java.base/java.net=ALL-UNNAMED --add-opens=java.base/java.util.concurrent.atomic=ALL-UNNAMED -Xmx2048m -Dfile.encoding=UTF-8 -Duser.country=US -Duser.language=en -Duser.variant 
java_command: org.gradle.launcher.daemon.bootstrap.GradleDaemon 7.0.2
java_class_path (initial): C:\Users\PARVATHY\.gradle\wrapper\dists\gradle-7.0.2-bin\857tjihv64xamwrf0h14cai3r\gradle-7.0.2\lib\gradle-launcher-7.0.2.jar
Launcher Type: SUN_STANDARD

[Global flags]
     intx CICompilerCount                          = 3                                         {product} {ergonomic}
     uint ConcGCThreads                            = 1                                         {product} {ergonomic}
     uint G1ConcRefinementThreads                  = 4                                         {product} {ergonomic}
   size_t G1HeapRegionSize                         = 1048576                                   {product} {ergonomic}
    uintx GCDrainStackTargetSize                   = 64                                        {product} {ergonomic}
   size_t InitialHeapSize                          = 134217728                                 {product} {ergonomic}
   size_t MarkStackSize                            = 4194304                                   {product} {ergonomic}
   size_t MaxHeapSize                              = 2147483648                                {product} {command line}
   size_t MaxNewSize                               = 1287651328                                {product} {ergonomic}
   size_t MinHeapDeltaBytes                        = 1048576                                   {product} {ergonomic}
    uintx NonNMethodCodeHeapSize                   = 5830732                                {pd product} {ergonomic}
    uintx NonProfiledCodeHeapSize                  = 122913754                              {pd product} {ergonomic}
    uintx ProfiledCodeHeapSize                     = 122913754                              {pd product} {ergonomic}
    uintx ReservedCodeCacheSize                    = 251658240                              {pd product} {ergonomic}
     bool SegmentedCodeCache                       = true                                      {product} {ergonomic}
     bool UseCompressedClassPointers               = true                                 {lp64_product} {ergonomic}
     bool UseCompressedOops                        = true                                 {lp64_product} {ergonomic}
     bool UseG1GC                                  = true                                      {product} {ergonomic}
     bool UseLargePagesIndividualAllocation        = false                                  {pd product} {ergonomic}

Logging:
Log output configuration:
 #0: stdout all=warning uptime,level,tags
 #1: stderr all=off uptime,level,tags

Environment Variables:
PATH=C:\Program Files\Java\jdk1.8.0_131\bin;C:\ProgramData\Oracle\Java\javapath;C:\WINDOWS\system32;C:\WINDOWS;C:\WINDOWS\System32\Wbem;C:\WINDOWS\System32\WindowsPowerShell\v1.0\;C:\WINDOWS\System32\OpenSSH\;C:\Program Files (x86)\AOMEI\AOMEI Backupper 6.4.0;C:\Program Files\Git\cmd;C:\Program Files\nodejs\;C:\Users\PARVATHY\AppData\Local\Microsoft\WindowsApps;C:\Program Files\heroku\bin;C:\Program Files\sfdx\bin;F:\Microsoft VS Code\bin;C:\Users\PARVATHY\AppData\Roaming\npm
USERNAME=PARVATHY
OS=Windows_NT
PROCESSOR_IDENTIFIER=Intel64 Family 6 Model 61 Stepping 4, GenuineIntel



---------------  S Y S T E M  ---------------

OS: Windows 10 , 64 bit Build 19041 (10.0.19041.1503)
OS uptime: 7 days 0:10 hours

CPU:total 4 (initial active 4) (2 cores per cpu, 2 threads per core) family 6 model 61 stepping 4 microcode 0x2d, cmov, cx8, fxsr, mmx, sse, sse2, sse3, ssse3, sse4.1, sse4.2, popcnt, avx, avx2, aes, clmul, erms, 3dnowpref, lzcnt, ht, tsc, tscinvbit, bmi1, bmi2, adx, fma

Memory: 4k page, system-wide physical 8103M (396M free)
TotalPageFile size 10603M (AvailPageFile size 3M)
current process WorkingSet (physical memory assigned to process): 496M, peak: 496M
current process commit charge ("private bytes"): 521M, peak: 522M

vm_info: OpenJDK 64-Bit Server VM (11.0.10+0-b96-7249189) for windows-amd64 JRE (11.0.10+0-b96-7249189), built on Mar 31 2021 21:44:00 by "builder" with MS VC++ 14.0 (VS2015)

END.
