#
# There is insufficient memory for the Java Runtime Environment to continue.
# Native memory allocation (malloc) failed to allocate 1849936 bytes for Chunk::new
# Possible reasons:
#   The system is out of physical RAM or swap space
#   The process is running with CompressedOops enabled, and the Java Heap may be blocking the growth of the native heap
# Possible solutions:
#   Reduce memory load on the system
#   Increase physical memory or swap space
#   Check if swap backing store is full
#   Decrease Java heap size (-Xmx/-Xms)
#   Decrease number of Java threads
#   Decrease Java thread stack sizes (-Xss)
#   Set larger code cache with -XX:ReservedCodeCacheSize=
#   JVM is running with Unscaled Compressed Oops mode in which the Java heap is
#     placed in the first 4GB address space. The Java Heap base address is the
#     maximum limit for the native heap growth. Please use -XX:HeapBaseMinAddress
#     to set the Java Heap base and to place the Java Heap above 4GB virtual address.
# This output file may be truncated or incomplete.
#
#  Out of Memory Error (./src/hotspot/share/memory/arena.cpp:197), pid=14040, tid=4576
#
# JRE version: OpenJDK Runtime Environment (11.0.10) (build 11.0.10+0-b96-7249189)
# Java VM: OpenJDK 64-Bit Server VM (11.0.10+0-b96-7249189, mixed mode, tiered, compressed oops, g1 gc, windows-amd64)
# No core dump will be written. Minidumps are not enabled by default on client versions of Windows
#

---------------  S U M M A R Y ------------

Command Line: --add-opens=java.base/java.util=ALL-UNNAMED --add-opens=java.base/java.lang=ALL-UNNAMED --add-opens=java.base/java.lang.invoke=ALL-UNNAMED --add-opens=java.base/java.util=ALL-UNNAMED --add-opens=java.prefs/java.util.prefs=ALL-UNNAMED --add-opens=java.prefs/java.util.prefs=ALL-UNNAMED --add-opens=java.base/java.nio.charset=ALL-UNNAMED --add-opens=java.base/java.net=ALL-UNNAMED --add-opens=java.base/java.util.concurrent.atomic=ALL-UNNAMED -Xmx2048m -Dfile.encoding=UTF-8 -Duser.country=US -Duser.language=en -Duser.variant org.gradle.launcher.daemon.bootstrap.GradleDaemon 7.0.2

Host: Intel(R) Core(TM) i5-5200U CPU @ 2.20GHz, 4 cores, 7G,  Windows 10 , 64 bit Build 19041 (10.0.19041.1503)
Time: Tue Mar  8 15:07:08 2022 India Standard Time elapsed time: 11.969346 seconds (0d 0h 0m 11s)

---------------  T H R E A D  ---------------

Current thread (0x0000014fa2c0a000):  JavaThread "C2 CompilerThread0" daemon [_thread_in_native, id=4576, stack(0x0000002c20900000,0x0000002c20a00000)]


Current CompileTask:
C2:  11969 2013       4       java.net.URLClassLoader$1::run (5 bytes)

Stack: [0x0000002c20900000,0x0000002c20a00000]
Native frames: (J=compiled Java code, j=interpreted, Vv=VM code, C=native code)
V  [jvm.dll+0x5ecfaa]
V  [jvm.dll+0x722bd5]
V  [jvm.dll+0x72412d]
V  [jvm.dll+0x7247e3]
V  [jvm.dll+0x242928]
V  [jvm.dll+0xbc4fc]
V  [jvm.dll+0xbca0c]
V  [jvm.dll+0x352d3b]
V  [jvm.dll+0x320ad3]
V  [jvm.dll+0x31ffca]
V  [jvm.dll+0x1fb602]
V  [jvm.dll+0x1fa7f4]
V  [jvm.dll+0x18354c]
V  [jvm.dll+0x208ee7]
V  [jvm.dll+0x207731]
V  [jvm.dll+0x6eb1cf]
V  [jvm.dll+0x6e3d45]
V  [jvm.dll+0x5ebe96]
C  [ucrtbase.dll+0x21bb2]
C  [KERNEL32.DLL+0x17034]
C  [ntdll.dll+0x52651]


---------------  P R O C E S S  ---------------

Threads class SMR info:
_java_thread_list=0x0000014fa55ab1d0, length=23, elements={
0x0000014f887d3800, 0x0000014fa2ba6800, 0x0000014fa2bac000, 0x0000014fa2c05800,
0x0000014fa2c07000, 0x0000014fa2c08000, 0x0000014fa2c0a000, 0x0000014fa2c0b000,
0x0000014fa2c16000, 0x0000014fa2d75800, 0x0000014fa4acf800, 0x0000014fa4414800,
0x0000014fa4e01800, 0x0000014fa4ba9000, 0x0000014fa52dd000, 0x0000014fa5520800,
0x0000014fa5521000, 0x0000014fa446b800, 0x0000014fa4443800, 0x0000014fa4eb2000,
0x0000014fa4eb3000, 0x0000014fa4eb1800, 0x0000014fa4eb4800
}

Java Threads: ( => current thread )
  0x0000014f887d3800 JavaThread "main" [_thread_blocked, id=7632, stack(0x0000002c1fd00000,0x0000002c1fe00000)]
  0x0000014fa2ba6800 JavaThread "Reference Handler" daemon [_thread_blocked, id=16316, stack(0x0000002c20400000,0x0000002c20500000)]
  0x0000014fa2bac000 JavaThread "Finalizer" daemon [_thread_blocked, id=13892, stack(0x0000002c20500000,0x0000002c20600000)]
  0x0000014fa2c05800 JavaThread "Signal Dispatcher" daemon [_thread_blocked, id=6924, stack(0x0000002c20600000,0x0000002c20700000)]
  0x0000014fa2c07000 JavaThread "Attach Listener" daemon [_thread_blocked, id=9372, stack(0x0000002c20700000,0x0000002c20800000)]
  0x0000014fa2c08000 JavaThread "Service Thread" daemon [_thread_blocked, id=980, stack(0x0000002c20800000,0x0000002c20900000)]
=>0x0000014fa2c0a000 JavaThread "C2 CompilerThread0" daemon [_thread_in_native, id=4576, stack(0x0000002c20900000,0x0000002c20a00000)]
  0x0000014fa2c0b000 JavaThread "C1 CompilerThread0" daemon [_thread_blocked, id=15048, stack(0x0000002c20a00000,0x0000002c20b00000)]
  0x0000014fa2c16000 JavaThread "Sweeper thread" daemon [_thread_blocked, id=18400, stack(0x0000002c20b00000,0x0000002c20c00000)]
  0x0000014fa2d75800 JavaThread "Common-Cleaner" daemon [_thread_blocked, id=15432, stack(0x0000002c20c00000,0x0000002c20d00000)]
  0x0000014fa4acf800 JavaThread "Daemon health stats" [_thread_blocked, id=7716, stack(0x0000002c21000000,0x0000002c21100000)]
  0x0000014fa4414800 JavaThread "Incoming local TCP Connector on port 63036" [_thread_in_native, id=7800, stack(0x0000002c21200000,0x0000002c21300000)]
  0x0000014fa4e01800 JavaThread "Daemon" [_thread_blocked, id=8108, stack(0x0000002c21300000,0x0000002c21400000)]
  0x0000014fa4ba9000 JavaThread "Handler for socket connection from /127.0.0.1:63036 to /127.0.0.1:63038" [_thread_in_native, id=23536, stack(0x0000002c21400000,0x0000002c21500000)]
  0x0000014fa52dd000 JavaThread "Daemon periodic checks" [_thread_blocked, id=22300, stack(0x0000002c21500000,0x0000002c21600000)]
  0x0000014fa5520800 JavaThread "Cancel handler" [_thread_blocked, id=15328, stack(0x0000002c21600000,0x0000002c21700000)]
  0x0000014fa5521000 JavaThread "Daemon worker" [_thread_in_vm, id=22616, stack(0x0000002c21700000,0x0000002c21800000)]
  0x0000014fa446b800 JavaThread "Asynchronous log dispatcher for DefaultDaemonConnection: socket connection from /127.0.0.1:63036 to /127.0.0.1:63038" [_thread_blocked, id=9264, stack(0x0000002c21800000,0x0000002c21900000)]
  0x0000014fa4443800 JavaThread "Stdin handler" [_thread_blocked, id=19384, stack(0x0000002c21900000,0x0000002c21a00000)]
  0x0000014fa4eb2000 JavaThread "Daemon client event forwarder" [_thread_blocked, id=15388, stack(0x0000002c21a00000,0x0000002c21b00000)]
  0x0000014fa4eb3000 JavaThread "Cache worker for file hash cache (C:\Users\PARVATHY\.gradle\caches\7.0.2\fileHashes)" [_thread_blocked, id=20796, stack(0x0000002c21b00000,0x0000002c21c00000)]
  0x0000014fa4eb1800 JavaThread "File lock request listener" [_thread_in_native, id=9968, stack(0x0000002c21c00000,0x0000002c21d00000)]
  0x0000014fa4eb4800 JavaThread "Cache worker for journal cache (C:\Users\PARVATHY\.gradle\caches\journal-1)" [_thread_blocked, id=1380, stack(0x0000002c21d00000,0x0000002c21e00000)]

Other Threads:
  0x0000014fa2ba2000 VMThread "VM Thread" [stack: 0x0000002c20300000,0x0000002c20400000] [id=4216]
  0x0000014fa2dc8800 WatcherThread [stack: 0x0000002c20d00000,0x0000002c20e00000] [id=18892]
  0x0000014f887eb800 GCTaskThread "GC Thread#0" [stack: 0x0000002c1fe00000,0x0000002c1ff00000] [id=16952]
  0x0000014fa3cd9800 GCTaskThread "GC Thread#1" [stack: 0x0000002c20e00000,0x0000002c20f00000] [id=19680]
  0x0000014fa3d5f000 GCTaskThread "GC Thread#2" [stack: 0x0000002c20f00000,0x0000002c21000000] [id=2320]
  0x0000014fa4c2b000 GCTaskThread "GC Thread#3" [stack: 0x0000002c21100000,0x0000002c21200000] [id=22100]
  0x0000014f8881f000 ConcurrentGCThread "G1 Main Marker" [stack: 0x0000002c1ff00000,0x0000002c20000000] [id=19484]
  0x0000014f88821000 ConcurrentGCThread "G1 Conc#0" [stack: 0x0000002c20000000,0x0000002c20100000] [id=8184]
  0x0000014fa21f5000 ConcurrentGCThread "G1 Refine#0" [stack: 0x0000002c20100000,0x0000002c20200000] [id=18696]
  0x0000014fa21f6000 ConcurrentGCThread "G1 Young RemSet Sampling" [stack: 0x0000002c20200000,0x0000002c20300000] [id=18136]

Threads with active compile tasks:
C2 CompilerThread0  12534 2013       4       java.net.URLClassLoader$1::run (5 bytes)

VM state:not at safepoint (normal execution)

VM Mutex/Monitor currently owned by a thread: None

Heap address: 0x0000000080000000, size: 2048 MB, Compressed Oops mode: 32-bit
Narrow klass base: 0x0000000000000000, Narrow klass shift: 3
Compressed class space size: 1073741824 Address: 0x0000000100000000

Heap:
 garbage-first heap   total 131072K, used 52928K [0x0000000080000000, 0x0000000100000000)
  region size 1024K, 38 young (38912K), 2 survivors (2048K)
 Metaspace       used 24157K, capacity 24760K, committed 24832K, reserved 1073152K
  class space    used 3104K, capacity 3319K, committed 3328K, reserved 1048576K
Heap Regions: E=young(eden), S=young(survivor), O=old, HS=humongous(starts), HC=humongous(continues), CS=collection set, F=free, A=archive, TAMS=top-at-mark-start (previous, next)
|   0|0x0000000080000000, 0x0000000080100000, 0x0000000080100000|100%| O|  |TAMS 0x0000000080100000, 0x0000000080000000| Untracked 
|   1|0x0000000080100000, 0x0000000080200000, 0x0000000080200000|100%| O|  |TAMS 0x0000000080200000, 0x0000000080100000| Untracked 
|   2|0x0000000080200000, 0x0000000080300000, 0x0000000080300000|100%| O|  |TAMS 0x0000000080300000, 0x0000000080200000| Untracked 
|   3|0x0000000080300000, 0x0000000080400000, 0x0000000080400000|100%|HS|  |TAMS 0x0000000080400000, 0x0000000080300000| Complete 
|   4|0x0000000080400000, 0x0000000080500000, 0x0000000080500000|100%|HC|  |TAMS 0x0000000080500000, 0x0000000080400000| Complete 
|   5|0x0000000080500000, 0x0000000080600000, 0x0000000080600000|100%|HC|  |TAMS 0x0000000080600000, 0x0000000080500000| Complete 
|   6|0x0000000080600000, 0x0000000080700000, 0x0000000080700000|100%| O|  |TAMS 0x0000000080700000, 0x0000000080600000| Untracked 
|   7|0x0000000080700000, 0x0000000080800000, 0x0000000080800000|100%| O|  |TAMS 0x0000000080800000, 0x0000000080700000| Untracked 
|   8|0x0000000080800000, 0x0000000080900000, 0x0000000080900000|100%| O|  |TAMS 0x0000000080900000, 0x0000000080800000| Untracked 
|   9|0x0000000080900000, 0x0000000080a00000, 0x0000000080a00000|100%| O|  |TAMS 0x0000000080a00000, 0x0000000080900000| Untracked 
|  10|0x0000000080a00000, 0x0000000080b00000, 0x0000000080b00000|100%| O|  |TAMS 0x0000000080b00000, 0x0000000080a00000| Untracked 
|  11|0x0000000080b00000, 0x0000000080c00000, 0x0000000080c00000|100%| O|  |TAMS 0x0000000080c00000, 0x0000000080b00000| Untracked 
|  12|0x0000000080c00000, 0x0000000080d00000, 0x0000000080d00000|100%| O|  |TAMS 0x0000000080d00000, 0x0000000080c00000| Untracked 
|  13|0x0000000080d00000, 0x0000000080e00000, 0x0000000080e00000|100%| O|  |TAMS 0x0000000080e00000, 0x0000000080d00000| Untracked 
|  14|0x0000000080e00000, 0x0000000080ec0200, 0x0000000080f00000| 75%| O|  |TAMS 0x0000000080ec0200, 0x0000000080e00000| Untracked 
|  15|0x0000000080f00000, 0x0000000080f00000, 0x0000000081000000|  0%| F|  |TAMS 0x0000000080f00000, 0x0000000080f00000| Untracked 
|  16|0x0000000081000000, 0x0000000081000000, 0x0000000081100000|  0%| F|  |TAMS 0x0000000081000000, 0x0000000081000000| Untracked 
|  17|0x0000000081100000, 0x0000000081100000, 0x0000000081200000|  0%| F|  |TAMS 0x0000000081100000, 0x0000000081100000| Untracked 
|  18|0x0000000081200000, 0x0000000081200000, 0x0000000081300000|  0%| F|  |TAMS 0x0000000081200000, 0x0000000081200000| Untracked 
|  19|0x0000000081300000, 0x0000000081300000, 0x0000000081400000|  0%| F|  |TAMS 0x0000000081300000, 0x0000000081300000| Untracked 
|  20|0x0000000081400000, 0x0000000081400000, 0x0000000081500000|  0%| F|  |TAMS 0x0000000081400000, 0x0000000081400000| Untracked 
|  21|0x0000000081500000, 0x0000000081500000, 0x0000000081600000|  0%| F|  |TAMS 0x0000000081500000, 0x0000000081500000| Untracked 
|  22|0x0000000081600000, 0x0000000081600000, 0x0000000081700000|  0%| F|  |TAMS 0x0000000081600000, 0x0000000081600000| Untracked 
|  23|0x0000000081700000, 0x0000000081700000, 0x0000000081800000|  0%| F|  |TAMS 0x0000000081700000, 0x0000000081700000| Untracked 
|  24|0x0000000081800000, 0x0000000081800000, 0x0000000081900000|  0%| F|  |TAMS 0x0000000081800000, 0x0000000081800000| Untracked 
|  25|0x0000000081900000, 0x0000000081900000, 0x0000000081a00000|  0%| F|  |TAMS 0x0000000081900000, 0x0000000081900000| Untracked 
|  26|0x0000000081a00000, 0x0000000081a00000, 0x0000000081b00000|  0%| F|  |TAMS 0x0000000081a00000, 0x0000000081a00000| Untracked 
|  27|0x0000000081b00000, 0x0000000081b00000, 0x0000000081c00000|  0%| F|  |TAMS 0x0000000081b00000, 0x0000000081b00000| Untracked 
|  28|0x0000000081c00000, 0x0000000081c00000, 0x0000000081d00000|  0%| F|  |TAMS 0x0000000081c00000, 0x0000000081c00000| Untracked 
|  29|0x0000000081d00000, 0x0000000081d00000, 0x0000000081e00000|  0%| F|  |TAMS 0x0000000081d00000, 0x0000000081d00000| Untracked 
|  30|0x0000000081e00000, 0x0000000081e00000, 0x0000000081f00000|  0%| F|  |TAMS 0x0000000081e00000, 0x0000000081e00000| Untracked 
|  31|0x0000000081f00000, 0x0000000081f00000, 0x0000000082000000|  0%| F|  |TAMS 0x0000000081f00000, 0x0000000081f00000| Untracked 
|  32|0x0000000082000000, 0x0000000082000000, 0x0000000082100000|  0%| F|  |TAMS 0x0000000082000000, 0x0000000082000000| Untracked 
|  33|0x0000000082100000, 0x0000000082100000, 0x0000000082200000|  0%| F|  |TAMS 0x0000000082100000, 0x0000000082100000| Untracked 
|  34|0x0000000082200000, 0x0000000082200000, 0x0000000082300000|  0%| F|  |TAMS 0x0000000082200000, 0x0000000082200000| Untracked 
|  35|0x0000000082300000, 0x0000000082300000, 0x0000000082400000|  0%| F|  |TAMS 0x0000000082300000, 0x0000000082300000| Untracked 
|  36|0x0000000082400000, 0x0000000082400000, 0x0000000082500000|  0%| F|  |TAMS 0x0000000082400000, 0x0000000082400000| Untracked 
|  37|0x0000000082500000, 0x0000000082500000, 0x0000000082600000|  0%| F|  |TAMS 0x0000000082500000, 0x0000000082500000| Untracked 
|  38|0x0000000082600000, 0x0000000082600000, 0x0000000082700000|  0%| F|  |TAMS 0x0000000082600000, 0x0000000082600000| Untracked 
|  39|0x0000000082700000, 0x0000000082700000, 0x0000000082800000|  0%| F|  |TAMS 0x0000000082700000, 0x0000000082700000| Untracked 
|  40|0x0000000082800000, 0x0000000082800000, 0x0000000082900000|  0%| F|  |TAMS 0x0000000082800000, 0x0000000082800000| Untracked 
|  41|0x0000000082900000, 0x0000000082900000, 0x0000000082a00000|  0%| F|  |TAMS 0x0000000082900000, 0x0000000082900000| Untracked 
|  42|0x0000000082a00000, 0x0000000082a00000, 0x0000000082b00000|  0%| F|  |TAMS 0x0000000082a00000, 0x0000000082a00000| Untracked 
|  43|0x0000000082b00000, 0x0000000082b00000, 0x0000000082c00000|  0%| F|  |TAMS 0x0000000082b00000, 0x0000000082b00000| Untracked 
|  44|0x0000000082c00000, 0x0000000082c00000, 0x0000000082d00000|  0%| F|  |TAMS 0x0000000082c00000, 0x0000000082c00000| Untracked 
|  45|0x0000000082d00000, 0x0000000082d00000, 0x0000000082e00000|  0%| F|  |TAMS 0x0000000082d00000, 0x0000000082d00000| Untracked 
|  46|0x0000000082e00000, 0x0000000082e00000, 0x0000000082f00000|  0%| F|  |TAMS 0x0000000082e00000, 0x0000000082e00000| Untracked 
|  47|0x0000000082f00000, 0x0000000082f00000, 0x0000000083000000|  0%| F|  |TAMS 0x0000000082f00000, 0x0000000082f00000| Untracked 
|  48|0x0000000083000000, 0x0000000083000000, 0x0000000083100000|  0%| F|  |TAMS 0x0000000083000000, 0x0000000083000000| Untracked 
|  49|0x0000000083100000, 0x0000000083100000, 0x0000000083200000|  0%| F|  |TAMS 0x0000000083100000, 0x0000000083100000| Untracked 
|  50|0x0000000083200000, 0x0000000083200000, 0x0000000083300000|  0%| F|  |TAMS 0x0000000083200000, 0x0000000083200000| Untracked 
|  51|0x0000000083300000, 0x0000000083300000, 0x0000000083400000|  0%| F|  |TAMS 0x0000000083300000, 0x0000000083300000| Untracked 
|  52|0x0000000083400000, 0x0000000083400000, 0x0000000083500000|  0%| F|  |TAMS 0x0000000083400000, 0x0000000083400000| Untracked 
|  53|0x0000000083500000, 0x0000000083500000, 0x0000000083600000|  0%| F|  |TAMS 0x0000000083500000, 0x0000000083500000| Untracked 
|  54|0x0000000083600000, 0x0000000083600000, 0x0000000083700000|  0%| F|  |TAMS 0x0000000083600000, 0x0000000083600000| Untracked 
|  55|0x0000000083700000, 0x0000000083700000, 0x0000000083800000|  0%| F|  |TAMS 0x0000000083700000, 0x0000000083700000| Untracked 
|  56|0x0000000083800000, 0x0000000083800000, 0x0000000083900000|  0%| F|  |TAMS 0x0000000083800000, 0x0000000083800000| Untracked 
|  57|0x0000000083900000, 0x0000000083900000, 0x0000000083a00000|  0%| F|  |TAMS 0x0000000083900000, 0x0000000083900000| Untracked 
|  58|0x0000000083a00000, 0x0000000083a00000, 0x0000000083b00000|  0%| F|  |TAMS 0x0000000083a00000, 0x0000000083a00000| Untracked 
|  59|0x0000000083b00000, 0x0000000083b00000, 0x0000000083c00000|  0%| F|  |TAMS 0x0000000083b00000, 0x0000000083b00000| Untracked 
|  60|0x0000000083c00000, 0x0000000083c00000, 0x0000000083d00000|  0%| F|  |TAMS 0x0000000083c00000, 0x0000000083c00000| Untracked 
|  61|0x0000000083d00000, 0x0000000083d00000, 0x0000000083e00000|  0%| F|  |TAMS 0x0000000083d00000, 0x0000000083d00000| Untracked 
|  62|0x0000000083e00000, 0x0000000083e00000, 0x0000000083f00000|  0%| F|  |TAMS 0x0000000083e00000, 0x0000000083e00000| Untracked 
|  63|0x0000000083f00000, 0x0000000083f00000, 0x0000000084000000|  0%| F|  |TAMS 0x0000000083f00000, 0x0000000083f00000| Untracked 
|  64|0x0000000084000000, 0x0000000084000000, 0x0000000084100000|  0%| F|  |TAMS 0x0000000084000000, 0x0000000084000000| Untracked 
|  65|0x0000000084100000, 0x0000000084100000, 0x0000000084200000|  0%| F|  |TAMS 0x0000000084100000, 0x0000000084100000| Untracked 
|  66|0x0000000084200000, 0x0000000084200000, 0x0000000084300000|  0%| F|  |TAMS 0x0000000084200000, 0x0000000084200000| Untracked 
|  67|0x0000000084300000, 0x0000000084300000, 0x0000000084400000|  0%| F|  |TAMS 0x0000000084300000, 0x0000000084300000| Untracked 
|  68|0x0000000084400000, 0x0000000084400000, 0x0000000084500000|  0%| F|  |TAMS 0x0000000084400000, 0x0000000084400000| Untracked 
|  69|0x0000000084500000, 0x0000000084500000, 0x0000000084600000|  0%| F|  |TAMS 0x0000000084500000, 0x0000000084500000| Untracked 
|  70|0x0000000084600000, 0x0000000084600000, 0x0000000084700000|  0%| F|  |TAMS 0x0000000084600000, 0x0000000084600000| Untracked 
|  71|0x0000000084700000, 0x0000000084700000, 0x0000000084800000|  0%| F|  |TAMS 0x0000000084700000, 0x0000000084700000| Untracked 
|  72|0x0000000084800000, 0x0000000084800000, 0x0000000084900000|  0%| F|  |TAMS 0x0000000084800000, 0x0000000084800000| Untracked 
|  73|0x0000000084900000, 0x0000000084900000, 0x0000000084a00000|  0%| F|  |TAMS 0x0000000084900000, 0x0000000084900000| Untracked 
|  74|0x0000000084a00000, 0x0000000084a00000, 0x0000000084b00000|  0%| F|  |TAMS 0x0000000084a00000, 0x0000000084a00000| Untracked 
|  75|0x0000000084b00000, 0x0000000084b00000, 0x0000000084c00000|  0%| F|  |TAMS 0x0000000084b00000, 0x0000000084b00000| Untracked 
|  76|0x0000000084c00000, 0x0000000084c00000, 0x0000000084d00000|  0%| F|  |TAMS 0x0000000084c00000, 0x0000000084c00000| Untracked 
|  77|0x0000000084d00000, 0x0000000084d00000, 0x0000000084e00000|  0%| F|  |TAMS 0x0000000084d00000, 0x0000000084d00000| Untracked 
|  78|0x0000000084e00000, 0x0000000084e00000, 0x0000000084f00000|  0%| F|  |TAMS 0x0000000084e00000, 0x0000000084e00000| Untracked 
|  79|0x0000000084f00000, 0x0000000084ff01e8, 0x0000000085000000| 93%| S|CS|TAMS 0x0000000084f00000, 0x0000000084f00000| Complete 
|  80|0x0000000085000000, 0x0000000085100000, 0x0000000085100000|100%| S|CS|TAMS 0x0000000085000000, 0x0000000085000000| Complete 
|  81|0x0000000085100000, 0x0000000085100000, 0x0000000085200000|  0%| F|  |TAMS 0x0000000085100000, 0x0000000085100000| Untracked 
|  82|0x0000000085200000, 0x0000000085200000, 0x0000000085300000|  0%| F|  |TAMS 0x0000000085200000, 0x0000000085200000| Untracked 
|  83|0x0000000085300000, 0x0000000085300000, 0x0000000085400000|  0%| F|  |TAMS 0x0000000085300000, 0x0000000085300000| Untracked 
|  84|0x0000000085400000, 0x0000000085400000, 0x0000000085500000|  0%| F|  |TAMS 0x0000000085400000, 0x0000000085400000| Untracked 
|  85|0x0000000085500000, 0x0000000085500000, 0x0000000085600000|  0%| F|  |TAMS 0x0000000085500000, 0x0000000085500000| Untracked 
|  86|0x0000000085600000, 0x0000000085600000, 0x0000000085700000|  0%| F|  |TAMS 0x0000000085600000, 0x0000000085600000| Untracked 
|  87|0x0000000085700000, 0x0000000085700000, 0x0000000085800000|  0%| F|  |TAMS 0x0000000085700000, 0x0000000085700000| Untracked 
|  88|0x0000000085800000, 0x0000000085800000, 0x0000000085900000|  0%| F|  |TAMS 0x0000000085800000, 0x0000000085800000| Untracked 
|  89|0x0000000085900000, 0x0000000085900000, 0x0000000085a00000|  0%| F|  |TAMS 0x0000000085900000, 0x0000000085900000| Untracked 
|  90|0x0000000085a00000, 0x0000000085a00000, 0x0000000085b00000|  0%| F|  |TAMS 0x0000000085a00000, 0x0000000085a00000| Untracked 
|  91|0x0000000085b00000, 0x0000000085b00000, 0x0000000085c00000|  0%| F|  |TAMS 0x0000000085b00000, 0x0000000085b00000| Untracked 
|  92|0x0000000085c00000, 0x0000000085d00000, 0x0000000085d00000|100%| E|  |TAMS 0x0000000085c00000, 0x0000000085c00000| Complete 
|  93|0x0000000085d00000, 0x0000000085e00000, 0x0000000085e00000|100%| E|CS|TAMS 0x0000000085d00000, 0x0000000085d00000| Complete 
|  94|0x0000000085e00000, 0x0000000085f00000, 0x0000000085f00000|100%| E|CS|TAMS 0x0000000085e00000, 0x0000000085e00000| Complete 
|  95|0x0000000085f00000, 0x0000000086000000, 0x0000000086000000|100%| E|CS|TAMS 0x0000000085f00000, 0x0000000085f00000| Complete 
|  96|0x0000000086000000, 0x0000000086100000, 0x0000000086100000|100%| E|CS|TAMS 0x0000000086000000, 0x0000000086000000| Complete 
|  97|0x0000000086100000, 0x0000000086200000, 0x0000000086200000|100%| E|CS|TAMS 0x0000000086100000, 0x0000000086100000| Complete 
|  98|0x0000000086200000, 0x0000000086300000, 0x0000000086300000|100%| E|CS|TAMS 0x0000000086200000, 0x0000000086200000| Complete 
|  99|0x0000000086300000, 0x0000000086400000, 0x0000000086400000|100%| E|CS|TAMS 0x0000000086300000, 0x0000000086300000| Complete 
| 100|0x0000000086400000, 0x0000000086500000, 0x0000000086500000|100%| E|CS|TAMS 0x0000000086400000, 0x0000000086400000| Complete 
| 101|0x0000000086500000, 0x0000000086600000, 0x0000000086600000|100%| E|CS|TAMS 0x0000000086500000, 0x0000000086500000| Complete 
| 102|0x0000000086600000, 0x0000000086700000, 0x0000000086700000|100%| E|CS|TAMS 0x0000000086600000, 0x0000000086600000| Complete 
| 103|0x0000000086700000, 0x0000000086800000, 0x0000000086800000|100%| E|CS|TAMS 0x0000000086700000, 0x0000000086700000| Complete 
| 104|0x0000000086800000, 0x0000000086900000, 0x0000000086900000|100%| E|CS|TAMS 0x0000000086800000, 0x0000000086800000| Complete 
| 105|0x0000000086900000, 0x0000000086a00000, 0x0000000086a00000|100%| E|CS|TAMS 0x0000000086900000, 0x0000000086900000| Complete 
| 106|0x0000000086a00000, 0x0000000086b00000, 0x0000000086b00000|100%| E|CS|TAMS 0x0000000086a00000, 0x0000000086a00000| Complete 
| 107|0x0000000086b00000, 0x0000000086c00000, 0x0000000086c00000|100%| E|CS|TAMS 0x0000000086b00000, 0x0000000086b00000| Complete 
| 108|0x0000000086c00000, 0x0000000086d00000, 0x0000000086d00000|100%| E|CS|TAMS 0x0000000086c00000, 0x0000000086c00000| Complete 
| 109|0x0000000086d00000, 0x0000000086e00000, 0x0000000086e00000|100%| E|CS|TAMS 0x0000000086d00000, 0x0000000086d00000| Complete 
| 110|0x0000000086e00000, 0x0000000086f00000, 0x0000000086f00000|100%| E|CS|TAMS 0x0000000086e00000, 0x0000000086e00000| Complete 
| 111|0x0000000086f00000, 0x0000000087000000, 0x0000000087000000|100%| E|CS|TAMS 0x0000000086f00000, 0x0000000086f00000| Complete 
| 112|0x0000000087000000, 0x0000000087100000, 0x0000000087100000|100%| E|CS|TAMS 0x0000000087000000, 0x0000000087000000| Complete 
| 113|0x0000000087100000, 0x0000000087200000, 0x0000000087200000|100%| E|CS|TAMS 0x0000000087100000, 0x0000000087100000| Complete 
| 114|0x0000000087200000, 0x0000000087300000, 0x0000000087300000|100%| E|CS|TAMS 0x0000000087200000, 0x0000000087200000| Complete 
| 115|0x0000000087300000, 0x0000000087400000, 0x0000000087400000|100%| E|CS|TAMS 0x0000000087300000, 0x0000000087300000| Complete 
| 116|0x0000000087400000, 0x0000000087500000, 0x0000000087500000|100%| E|CS|TAMS 0x0000000087400000, 0x0000000087400000| Complete 
| 117|0x0000000087500000, 0x0000000087600000, 0x0000000087600000|100%| E|CS|TAMS 0x0000000087500000, 0x0000000087500000| Complete 
| 118|0x0000000087600000, 0x0000000087700000, 0x0000000087700000|100%| E|CS|TAMS 0x0000000087600000, 0x0000000087600000| Complete 
| 119|0x0000000087700000, 0x0000000087800000, 0x0000000087800000|100%| E|CS|TAMS 0x0000000087700000, 0x0000000087700000| Complete 
| 120|0x0000000087800000, 0x0000000087900000, 0x0000000087900000|100%| E|CS|TAMS 0x0000000087800000, 0x0000000087800000| Complete 
| 121|0x0000000087900000, 0x0000000087a00000, 0x0000000087a00000|100%| E|CS|TAMS 0x0000000087900000, 0x0000000087900000| Complete 
| 122|0x0000000087a00000, 0x0000000087b00000, 0x0000000087b00000|100%| E|CS|TAMS 0x0000000087a00000, 0x0000000087a00000| Complete 
| 123|0x0000000087b00000, 0x0000000087c00000, 0x0000000087c00000|100%| E|CS|TAMS 0x0000000087b00000, 0x0000000087b00000| Complete 
| 124|0x0000000087c00000, 0x0000000087d00000, 0x0000000087d00000|100%| E|CS|TAMS 0x0000000087c00000, 0x0000000087c00000| Complete 
| 125|0x0000000087d00000, 0x0000000087e00000, 0x0000000087e00000|100%| E|CS|TAMS 0x0000000087d00000, 0x0000000087d00000| Complete 
| 126|0x0000000087e00000, 0x0000000087f00000, 0x0000000087f00000|100%| E|CS|TAMS 0x0000000087e00000, 0x0000000087e00000| Complete 
| 127|0x0000000087f00000, 0x0000000088000000, 0x0000000088000000|100%| E|CS|TAMS 0x0000000087f00000, 0x0000000087f00000| Complete 

Card table byte_map: [0x0000014f9b640000,0x0000014f9ba40000] _byte_map_base: 0x0000014f9b240000

Marking Bits (Prev, Next): (CMBitMap*) 0x0000014f888160c0, (CMBitMap*) 0x0000014f88816088
 Prev Bits: [0x0000014f9de40000, 0x0000014f9fe40000)
 Next Bits: [0x0000014f9be40000, 0x0000014f9de40000)

Polling page: 0x0000014f87f30000

Metaspace:

Usage:
  Non-class:     20.94 MB capacity,    20.57 MB ( 98%) used,   336.27 KB (  2%) free+waste,    46.13 KB ( <1%) overhead. 
      Class:      3.24 MB capacity,     3.03 MB ( 94%) used,   188.45 KB (  6%) free+waste,    23.31 KB ( <1%) overhead. 
       Both:     24.18 MB capacity,    23.60 MB ( 98%) used,   524.71 KB (  2%) free+waste,    69.44 KB ( <1%) overhead. 

Virtual space:
  Non-class space:       24.00 MB reserved,      21.00 MB ( 88%) committed 
      Class space:        1.00 GB reserved,       3.25 MB ( <1%) committed 
             Both:        1.02 GB reserved,      24.25 MB (  2%) committed 

Chunk freelists:
   Non-Class:  63.00 KB
       Class:  9.00 KB
        Both:  72.00 KB

MaxMetaspaceSize: 17179869184.00 GB
CompressedClassSpaceSize: 1.00 GB

CodeHeap 'non-profiled nmethods': size=120064Kb used=948Kb max_used=948Kb free=119115Kb
 bounds [0x0000014f93d00000, 0x0000014f93f70000, 0x0000014f9b240000]
CodeHeap 'profiled nmethods': size=120000Kb used=4362Kb max_used=4362Kb free=115637Kb
 bounds [0x0000014f8c7d0000, 0x0000014f8cc20000, 0x0000014f93d00000]
CodeHeap 'non-nmethods': size=5696Kb used=1147Kb max_used=1177Kb free=4548Kb
 bounds [0x0000014f8c240000, 0x0000014f8c4b0000, 0x0000014f8c7d0000]
 total_blobs=2548 nmethods=2058 adapters=401
 compilation: enabled
              stopped_count=0, restarted_count=0
 full_count=0

Compilation events (20 events):
Event: 11.756 Thread 0x0000014fa2c0b000 2040       3       sun.reflect.generics.visitor.Reifier::getResult (26 bytes)
Event: 11.756 Thread 0x0000014fa2c0b000 nmethod 2040 0x0000014f8cc07a90 code [0x0000014f8cc07c40, 0x0000014f8cc07d58]
Event: 11.756 Thread 0x0000014fa2c0b000 2041       3       sun.reflect.generics.visitor.Reifier::make (9 bytes)
Event: 11.756 Thread 0x0000014fa2c0b000 nmethod 2041 0x0000014f8cc07e10 code [0x0000014f8cc07fe0, 0x0000014f8cc08238]
Event: 11.756 Thread 0x0000014fa2c0b000 2042       3       sun.reflect.generics.visitor.Reifier::<init> (10 bytes)
Event: 11.756 Thread 0x0000014fa2c0b000 nmethod 2042 0x0000014f8cc08310 code [0x0000014f8cc084c0, 0x0000014f8cc08678]
Event: 11.766 Thread 0x0000014fa2c0b000 2043       3       java.util.LinkedHashMap::afterNodeInsertion (40 bytes)
Event: 11.766 Thread 0x0000014fa2c0b000 nmethod 2043 0x0000014f8cc08710 code [0x0000014f8cc08900, 0x0000014f8cc08d68]
Event: 11.815 Thread 0x0000014fa2c0b000 2045       3       java.util.concurrent.locks.LockSupport::setBlocker (12 bytes)
Event: 11.815 Thread 0x0000014fa2c0b000 nmethod 2045 0x0000014f8cc08f10 code [0x0000014f8cc090c0, 0x0000014f8cc091f8]
Event: 11.815 Thread 0x0000014fa2c0b000 2046       3       java.lang.invoke.DirectMethodHandle$Holder::invokeStatic (20 bytes)
Event: 11.816 Thread 0x0000014fa2c0b000 nmethod 2046 0x0000014f8cc09290 code [0x0000014f8cc09460, 0x0000014f8cc09938]
Event: 11.816 Thread 0x0000014fa2c0b000 2047       3       java.lang.StringConcatHelper::prepend (16 bytes)
Event: 11.816 Thread 0x0000014fa2c0b000 nmethod 2047 0x0000014f8cc09a90 code [0x0000014f8cc09c60, 0x0000014f8cc09e88]
Event: 11.816 Thread 0x0000014fa2c0b000 2048       3       java.util.concurrent.locks.AbstractQueuedSynchronizer::isOnSyncQueue (33 bytes)
Event: 11.816 Thread 0x0000014fa2c0b000 nmethod 2048 0x0000014f8cc0a010 code [0x0000014f8cc0a1e0, 0x0000014f8cc0a538]
Event: 11.923 Thread 0x0000014fa2c0b000 2050       3       java.nio.Buffer::nextGetIndex (32 bytes)
Event: 11.923 Thread 0x0000014fa2c0b000 nmethod 2050 0x0000014f8cc0a690 code [0x0000014f8cc0a860, 0x0000014f8cc0aa28]
Event: 11.926 Thread 0x0000014fa2c0b000 2051       3       sun.reflect.generics.tree.SimpleClassTypeSignature::make (11 bytes)
Event: 11.926 Thread 0x0000014fa2c0b000 nmethod 2051 0x0000014f8cc0ab10 code [0x0000014f8cc0ace0, 0x0000014f8cc0af98]

GC Heap History (10 events):
Event: 2.307 GC heap before
{Heap before GC invocations=0 (full 0):
 garbage-first heap   total 131072K, used 19456K [0x0000000080000000, 0x0000000100000000)
  region size 1024K, 14 young (14336K), 0 survivors (0K)
 Metaspace       used 6749K, capacity 6925K, committed 7168K, reserved 1056768K
  class space    used 582K, capacity 650K, committed 768K, reserved 1048576K
}
Event: 2.320 GC heap after
{Heap after GC invocations=1 (full 0):
 garbage-first heap   total 131072K, used 7932K [0x0000000080000000, 0x0000000100000000)
  region size 1024K, 2 young (2048K), 2 survivors (2048K)
 Metaspace       used 6749K, capacity 6925K, committed 7168K, reserved 1056768K
  class space    used 582K, capacity 650K, committed 768K, reserved 1048576K
}
Event: 3.094 GC heap before
{Heap before GC invocations=1 (full 0):
 garbage-first heap   total 131072K, used 15100K [0x0000000080000000, 0x0000000100000000)
  region size 1024K, 9 young (9216K), 2 survivors (2048K)
 Metaspace       used 9486K, capacity 9729K, committed 9856K, reserved 1058816K
  class space    used 962K, capacity 1036K, committed 1152K, reserved 1048576K
}
Event: 3.098 GC heap after
{Heap after GC invocations=2 (full 0):
 garbage-first heap   total 131072K, used 8938K [0x0000000080000000, 0x0000000100000000)
  region size 1024K, 1 young (1024K), 1 survivors (1024K)
 Metaspace       used 9486K, capacity 9729K, committed 9856K, reserved 1058816K
  class space    used 962K, capacity 1036K, committed 1152K, reserved 1048576K
}
Event: 4.902 GC heap before
{Heap before GC invocations=2 (full 0):
 garbage-first heap   total 131072K, used 31466K [0x0000000080000000, 0x0000000100000000)
  region size 1024K, 23 young (23552K), 1 survivors (1024K)
 Metaspace       used 10732K, capacity 11007K, committed 11264K, reserved 1058816K
  class space    used 1122K, capacity 1206K, committed 1280K, reserved 1048576K
}
Event: 4.907 GC heap after
{Heap after GC invocations=3 (full 0):
 garbage-first heap   total 131072K, used 9541K [0x0000000080000000, 0x0000000100000000)
  region size 1024K, 2 young (2048K), 2 survivors (2048K)
 Metaspace       used 10732K, capacity 11007K, committed 11264K, reserved 1058816K
  class space    used 1122K, capacity 1206K, committed 1280K, reserved 1048576K
}
Event: 6.839 GC heap before
{Heap before GC invocations=3 (full 0):
 garbage-first heap   total 131072K, used 45381K [0x0000000080000000, 0x0000000100000000)
  region size 1024K, 36 young (36864K), 2 survivors (2048K)
 Metaspace       used 13548K, capacity 13873K, committed 13952K, reserved 1060864K
  class space    used 1504K, capacity 1588K, committed 1664K, reserved 1048576K
}
Event: 6.865 GC heap after
{Heap after GC invocations=4 (full 0):
 garbage-first heap   total 131072K, used 14905K [0x0000000080000000, 0x0000000100000000)
  region size 1024K, 5 young (5120K), 5 survivors (5120K)
 Metaspace       used 13548K, capacity 13873K, committed 13952K, reserved 1060864K
  class space    used 1504K, capacity 1588K, committed 1664K, reserved 1048576K
}
Event: 10.419 GC heap before
{Heap before GC invocations=4 (full 0):
 garbage-first heap   total 131072K, used 55865K [0x0000000080000000, 0x0000000100000000)
  region size 1024K, 47 young (48128K), 5 survivors (5120K)
 Metaspace       used 20645K, capacity 21122K, committed 21248K, reserved 1067008K
  class space    used 2519K, capacity 2720K, committed 2816K, reserved 1048576K
}
Event: 10.430 GC heap after
{Heap after GC invocations=5 (full 0):
 garbage-first heap   total 131072K, used 17088K [0x0000000080000000, 0x0000000100000000)
  region size 1024K, 2 young (2048K), 2 survivors (2048K)
 Metaspace       used 20645K, capacity 21122K, committed 21248K, reserved 1067008K
  class space    used 2519K, capacity 2720K, committed 2816K, reserved 1048576K
}

Deoptimization events (20 events):
Event: 10.691 Thread 0x0000014fa5521000 Uncommon trap: trap_request=0xffffff4d fr.pc=0x0000014f93d33dc0 relative=0x0000000000000380
Event: 10.691 Thread 0x0000014fa5521000 Uncommon trap: reason=unstable_if action=reinterpret pc=0x0000014f93d33dc0 method=java.util.HashMap.getNode(ILjava/lang/Object;)Ljava/util/HashMap$Node; @ 129 c2
Event: 10.691 Thread 0x0000014fa5521000 DEOPT PACKING pc=0x0000014f93d33dc0 sp=0x0000002c217fc010
Event: 10.691 Thread 0x0000014fa5521000 DEOPT UNPACKING pc=0x0000014f8c2678af sp=0x0000002c217fbfa8 mode 2
Event: 10.719 Thread 0x0000014fa5521000 Uncommon trap: trap_request=0xffffff4d fr.pc=0x0000014f93d68978 relative=0x0000000000000b58
Event: 10.719 Thread 0x0000014fa5521000 Uncommon trap: reason=unstable_if action=reinterpret pc=0x0000014f93d68978 method=java.util.Properties$LineReader.readLine()I @ 249 c2
Event: 10.719 Thread 0x0000014fa5521000 DEOPT PACKING pc=0x0000014f93d68978 sp=0x0000002c217fc020
Event: 10.719 Thread 0x0000014fa5521000 DEOPT UNPACKING pc=0x0000014f8c2678af sp=0x0000002c217fbfc0 mode 2
Event: 11.490 Thread 0x0000014fa5521000 Uncommon trap: trap_request=0xffffffc6 fr.pc=0x0000014f93dc4cbc relative=0x000000000000073c
Event: 11.490 Thread 0x0000014fa5521000 Uncommon trap: reason=bimorphic_or_optimized_type_check action=maybe_recompile pc=0x0000014f93dc4cbc method=java.util.HashMap.putVal(ILjava/lang/Object;Ljava/lang/Object;ZZ)Ljava/lang/Object; @ 203 c2
Event: 11.490 Thread 0x0000014fa5521000 DEOPT PACKING pc=0x0000014f93dc4cbc sp=0x0000002c217fcdb0
Event: 11.491 Thread 0x0000014fa5521000 DEOPT UNPACKING pc=0x0000014f8c2678af sp=0x0000002c217fcd40 mode 2
Event: 11.519 Thread 0x0000014fa5521000 Uncommon trap: trap_request=0xffffff4d fr.pc=0x0000014f93d67454 relative=0x0000000000000094
Event: 11.519 Thread 0x0000014fa5521000 Uncommon trap: reason=unstable_if action=reinterpret pc=0x0000014f93d67454 method=java.util.LinkedHashMap.afterNodeInsertion(Z)V @ 1 c2
Event: 11.519 Thread 0x0000014fa5521000 DEOPT PACKING pc=0x0000014f93d67454 sp=0x0000002c217fca70
Event: 11.519 Thread 0x0000014fa5521000 DEOPT UNPACKING pc=0x0000014f8c2678af sp=0x0000002c217fc9f0 mode 2
Event: 11.526 Thread 0x0000014fa5521000 Uncommon trap: trap_request=0xffffff4d fr.pc=0x0000014f93d4dd00 relative=0x0000000000000240
Event: 11.526 Thread 0x0000014fa5521000 Uncommon trap: reason=unstable_if action=reinterpret pc=0x0000014f93d4dd00 method=java.util.concurrent.ConcurrentHashMap.get(Ljava/lang/Object;)Ljava/lang/Object; @ 76 c2
Event: 11.526 Thread 0x0000014fa5521000 DEOPT PACKING pc=0x0000014f93d4dd00 sp=0x0000002c217fab80
Event: 11.526 Thread 0x0000014fa5521000 DEOPT UNPACKING pc=0x0000014f8c2678af sp=0x0000002c217faae8 mode 2

Classes redefined (0 events):
No events

Internal exceptions (20 events):
Event: 9.366 Thread 0x0000014fa5521000 Exception <a 'java/lang/NoSuchMethodError'{0x00000000873c21e0}: 'long java.lang.invoke.DirectMethodHandle$Holder.invokeInterface(java.lang.Object, java.lang.Object)'> (0x00000000873c21e0) thrown at [./src/hotspot/share/interpreter/linkResolver.cpp, line 773]
Event: 9.372 Thread 0x0000014fa5521000 Exception <a 'java/lang/NoSuchMethodError'{0x00000000873e4fd0}: 'void java.lang.invoke.DelegatingMethodHandle$Holder.reinvoke_L(java.lang.Object, java.lang.Object, java.lang.Object, java.lang.Object, java.lang.Object, java.lang.Object, java.lang.Object)'> (0x00000000873e4fd0) thrown at [./src/hotspot/share/interpreter/linkResolver.cpp, line 773]
Event: 9.888 Thread 0x0000014fa5521000 Exception <a 'java/lang/NoSuchMethodError'{0x00000000862038f0}: 'java.lang.Object java.lang.invoke.DirectMethodHandle$Holder.invokeVirtual(java.lang.Object, java.lang.Object, java.lang.Object)'> (0x00000000862038f0) thrown at [./src/hotspot/share/interpreter/linkResolver.cpp, line 773]
Event: 10.010 Thread 0x0000014fa5521000 Exception <a 'java/lang/NoSuchMethodError'{0x0000000085fa6f98}: 'void java.lang.invoke.DirectMethodHandle$Holder.invokeInterface(java.lang.Object, java.lang.Object)'> (0x0000000085fa6f98) thrown at [./src/hotspot/share/interpreter/linkResolver.cpp, line 773]
Event: 10.010 Thread 0x0000014fa5521000 Exception <a 'java/lang/IncompatibleClassChangeError'{0x0000000085faa148}: Found class java.lang.Object, but interface was expected> (0x0000000085faa148) thrown at [./src/hotspot/share/interpreter/linkResolver.cpp, line 839]
Event: 10.058 Thread 0x0000014fa5521000 Exception <a 'java/lang/NoSuchMethodError'{0x0000000085d20aa0}: 'void java.lang.invoke.DirectMethodHandle$Holder.invokeStaticInit(java.lang.Object)'> (0x0000000085d20aa0) thrown at [./src/hotspot/share/interpreter/linkResolver.cpp, line 773]
Event: 10.172 Thread 0x0000014fa5521000 Exception <a 'java/lang/NoSuchMethodError'{0x000000008568cff0}: 'java.lang.Object java.lang.invoke.DirectMethodHandle$Holder.invokeStatic(java.lang.Object, java.lang.Object, java.lang.Object, int)'> (0x000000008568cff0) thrown at [./src/hotspot/share/interpreter/linkResolver.cpp, line 773]
Event: 10.173 Thread 0x0000014fa5521000 Exception <a 'java/lang/NoSuchMethodError'{0x00000000856911b8}: 'java.lang.Object java.lang.invoke.DirectMethodHandle$Holder.invokeSpecial(java.lang.Object, java.lang.Object, java.lang.Object, java.lang.Object, int)'> (0x00000000856911b8) thrown at [./src/hotspot/share/interpreter/linkResolver.cpp, line 773]
Event: 10.174 Thread 0x0000014fa5521000 Exception <a 'java/lang/NoSuchMethodError'{0x0000000085694ba0}: 'java.lang.Object java.lang.invoke.Invokers$Holder.linkToTargetMethod(java.lang.Object, java.lang.Object, int, java.lang.Object)'> (0x0000000085694ba0) thrown at [./src/hotspot/share/interpreter/linkResolver.cpp, line 773]
Event: 10.432 Thread 0x0000014fa5521000 Exception <a 'java/lang/NoSuchMethodError'{0x0000000087f10998}: 'int java.lang.invoke.DirectMethodHandle$Holder.invokeSpecialIFC(java.lang.Object, java.lang.Object, java.lang.Object, java.lang.Object)'> (0x0000000087f10998) thrown at [./src/hotspot/share/interpreter/linkResolver.cpp, line 773]
Event: 10.439 Thread 0x0000014fa5521000 Exception <a 'java/lang/NoSuchMethodError'{0x0000000087f1e758}: 'java.lang.Object java.lang.invoke.DirectMethodHandle$Holder.invokeInterface(java.lang.Object, java.lang.Object, java.lang.Object)'> (0x0000000087f1e758) thrown at [./src/hotspot/share/interpreter/linkResolver.cpp, line 773]
Event: 10.440 Thread 0x0000014fa5521000 Exception <a 'java/lang/IncompatibleClassChangeError'{0x0000000087f21c60}: Found class java.lang.Object, but interface was expected> (0x0000000087f21c60) thrown at [./src/hotspot/share/interpreter/linkResolver.cpp, line 839]
Event: 10.487 Thread 0x0000014fa5521000 Exception <a 'java/lang/NoSuchMethodError'{0x0000000087e32358}: 'void java.lang.invoke.DirectMethodHandle$Holder.invokeStatic(java.lang.Object, java.lang.Object, java.lang.Object, java.lang.Object, java.lang.Object)'> (0x0000000087e32358) thrown at [./src/hotspot/share/interpreter/linkResolver.cpp, line 773]
Event: 10.790 Thread 0x0000014fa5521000 Exception <a 'java/lang/NoSuchMethodError'{0x0000000087ae1aa8}: 'void java.lang.invoke.DirectMethodHandle$Holder.invokeSpecial(java.lang.Object, java.lang.Object)'> (0x0000000087ae1aa8) thrown at [./src/hotspot/share/interpreter/linkResolver.cpp, line 773]
Event: 10.897 Thread 0x0000014fa5521000 Exception <a 'java/lang/NoSuchMethodError'{0x0000000087759cd0}: 'java.lang.Object java.lang.invoke.DirectMethodHandle$Holder.invokeSpecial(java.lang.Object, java.lang.Object, java.lang.Object, java.lang.Object, java.lang.Object, java.lang.Object, java.lang.Object, java.lang.Object, java.lang.Object)'> (0x0000000087759cd0) thrown at [./src/hotspot/share/interpreter/linkResolver.cpp, line 773]
Event: 11.230 Thread 0x0000014fa5521000 Exception <a 'java/lang/NoSuchMethodError'{0x0000000086ed3f60}: 'java.lang.Object java.lang.invoke.DirectMethodHandle$Holder.invokeVirtual(java.lang.Object, java.lang.Object, java.lang.Object, java.lang.Object)'> (0x0000000086ed3f60) thrown at [./src/hotspot/share/interpreter/linkResolver.cpp, line 773]
Event: 11.379 Thread 0x0000014fa5521000 Exception <a 'java/lang/NoSuchMethodError'{0x0000000086b9c788}: 'java.lang.Object java.lang.invoke.Invokers$Holder.invoker(java.lang.Object, java.lang.Object, java.lang.Object, java.lang.Object, java.lang.Object)'> (0x0000000086b9c788) thrown at [./src/hotspot/share/interpreter/linkResolver.cpp, line 773]
Event: 11.655 Thread 0x0000014fa5521000 Exception <a 'java/lang/NoSuchMethodError'{0x00000000867ea718}: 'void java.lang.invoke.DirectMethodHandle$Holder.invokeSpecial(java.lang.Object, java.lang.Object, java.lang.Object, java.lang.Object, java.lang.Object, java.lang.Object)'> (0x00000000867ea718) thrown at [./src/hotspot/share/interpreter/linkResolver.cpp, line 773]
Event: 11.702 Thread 0x0000014fa5521000 Exception <a 'java/lang/NoSuchMethodError'{0x00000000866500d0}: 'void java.lang.invoke.DirectMethodHandle$Holder.invokeSpecial(java.lang.Object, java.lang.Object, java.lang.Object, java.lang.Object, java.lang.Object, java.lang.Object, java.lang.Object)'> (0x00000000866500d0) thrown at [./src/hotspot/share/interpreter/linkResolver.cpp, line 773]
Event: 11.704 Thread 0x0000014fa5521000 Exception <a 'java/lang/NoSuchMethodError'{0x0000000086658318}: 'java.lang.Object java.lang.invoke.Invokers$Holder.linkToTargetMethod(java.lang.Object, java.lang.Object, java.lang.Object, java.lang.Object, java.lang.Object, java.lang.Object)'> (0x0000000086658318) thrown at [./src/hotspot/share/interpreter/linkResolver.cpp, line 773]

Events (20 events):
Event: 11.932 loading class org/gradle/internal/model/ModelContainer
Event: 11.932 loading class org/gradle/internal/model/ModelContainer done
Event: 11.937 loading class org/gradle/execution/TaskPathProjectEvaluator
Event: 11.937 loading class org/gradle/execution/TaskPathProjectEvaluator done
Event: 11.938 loading class org/gradle/api/BuildCancelledException
Event: 11.938 loading class org/gradle/api/BuildCancelledException done
Event: 11.938 loading class org/gradle/initialization/buildsrc/BuildBuildSrcBuildOperationType$Result
Event: 11.938 loading class org/gradle/initialization/buildsrc/BuildBuildSrcBuildOperationType$Result done
Event: 11.939 loading class org/gradle/initialization/buildsrc/BuildSourceBuilder$1
Event: 11.939 loading class org/gradle/initialization/buildsrc/BuildSourceBuilder$1 done
Event: 11.940 loading class org/gradle/initialization/buildsrc/BuildSrcBuildListenerFactory
Event: 11.940 loading class org/gradle/initialization/buildsrc/BuildSrcBuildListenerFactory done
Event: 11.941 loading class org/gradle/initialization/buildsrc/BuildSrcProjectConfigurationAction
Event: 11.941 loading class org/gradle/initialization/buildsrc/BuildSrcProjectConfigurationAction done
Event: 11.941 loading class org/gradle/configuration/project/PluginsProjectConfigureActions
Event: 11.941 loading class org/gradle/configuration/project/PluginsProjectConfigureActions done
Event: 11.950 loading class org/gradle/configuration/project/ProjectConfigureAction
Event: 11.950 loading class org/gradle/configuration/project/ProjectConfigureAction done
Event: 11.953 loading class org/gradle/api/internal/InternalAction
Event: 11.953 loading class org/gradle/api/internal/InternalAction done


Dynamic libraries:
0x00007ff6ed990000 - 0x00007ff6ed99a000 	C:\Program Files\Android\Android Studio\jre\bin\java.exe
0x00007ffbb87d0000 - 0x00007ffbb89c5000 	C:\WINDOWS\SYSTEM32\ntdll.dll
0x00007ffbb71f0000 - 0x00007ffbb72ae000 	C:\WINDOWS\System32\KERNEL32.DLL
0x00007ffbb62a0000 - 0x00007ffbb6568000 	C:\WINDOWS\System32\KERNELBASE.dll
0x00007ffbb5fd0000 - 0x00007ffbb60d0000 	C:\WINDOWS\System32\ucrtbase.dll
0x00007ffbb3d90000 - 0x00007ffbb3da9000 	C:\Program Files\Android\Android Studio\jre\bin\jli.dll
0x00007ffbb3ce0000 - 0x00007ffbb3cf7000 	C:\Program Files\Android\Android Studio\jre\bin\VCRUNTIME140.dll
0x00007ffbb7a00000 - 0x00007ffbb7ba0000 	C:\WINDOWS\System32\USER32.dll
0x00007ffbb60d0000 - 0x00007ffbb60f2000 	C:\WINDOWS\System32\win32u.dll
0x00007ffbb71c0000 - 0x00007ffbb71eb000 	C:\WINDOWS\System32\GDI32.dll
0x00007ffbb6740000 - 0x00007ffbb684d000 	C:\WINDOWS\System32\gdi32full.dll
0x00007ffbb6200000 - 0x00007ffbb629d000 	C:\WINDOWS\System32\msvcp_win.dll
0x00007ffbb5310000 - 0x00007ffbb55aa000 	C:\WINDOWS\WinSxS\amd64_microsoft.windows.common-controls_6595b64144ccf1df_6.0.19041.1110_none_60b5254171f9507e\COMCTL32.dll
0x00007ffbb7e20000 - 0x00007ffbb7ebe000 	C:\WINDOWS\System32\msvcrt.dll
0x00007ffbb86c0000 - 0x00007ffbb86f0000 	C:\WINDOWS\System32\IMM32.DLL
0x00007ffbaa570000 - 0x00007ffbaa772000 	C:\WINDOWS\system32\tmumh\20019\AddOn\8.53.0.1135\TmUmEvt64.dll
0x00007ffbb6a60000 - 0x00007ffbb6a68000 	C:\WINDOWS\System32\PSAPI.DLL
0x00007ffbb69b0000 - 0x00007ffbb6a5e000 	C:\WINDOWS\System32\ADVAPI32.dll
0x00007ffbb86f0000 - 0x00007ffbb878c000 	C:\WINDOWS\System32\sechost.dll
0x00007ffbb6880000 - 0x00007ffbb69a5000 	C:\WINDOWS\System32\RPCRT4.dll
0x0000000051c50000 - 0x0000000051dc0000 	C:\WINDOWS\system32\tmumh\20019\TmMon\2.8.0.1054\tmmon64.dll
0x00007ffb8afe0000 - 0x00007ffb8b07d000 	C:\Program Files\Android\Android Studio\jre\bin\msvcp140.dll
0x00007ffb60000000 - 0x00007ffb60acf000 	C:\Program Files\Android\Android Studio\jre\bin\server\jvm.dll
0x00007ffba0d60000 - 0x00007ffba0d69000 	C:\WINDOWS\SYSTEM32\WSOCK32.dll
0x00007ffbb7880000 - 0x00007ffbb78eb000 	C:\WINDOWS\System32\WS2_32.dll
0x00007ffba9790000 - 0x00007ffba97b7000 	C:\WINDOWS\SYSTEM32\WINMM.dll
0x00007ffba97c0000 - 0x00007ffba97ca000 	C:\WINDOWS\SYSTEM32\VERSION.dll
0x00007ffbb3090000 - 0x00007ffbb30a2000 	C:\WINDOWS\SYSTEM32\kernel.appcore.dll
0x00007ffba4920000 - 0x00007ffba4931000 	C:\Program Files\Android\Android Studio\jre\bin\verify.dll
0x00007ffbb5960000 - 0x00007ffbb5b44000 	C:\WINDOWS\SYSTEM32\DBGHELP.DLL
0x00007ffbb58b0000 - 0x00007ffbb58dc000 	C:\WINDOWS\SYSTEM32\dbgcore.DLL
0x00007ffbb5f40000 - 0x00007ffbb5fc2000 	C:\WINDOWS\System32\bcryptPrimitives.dll
0x00007ffba4600000 - 0x00007ffba4629000 	C:\Program Files\Android\Android Studio\jre\bin\java.dll
0x00007ffbae440000 - 0x00007ffbae44b000 	C:\Program Files\Android\Android Studio\jre\bin\jimage.dll
0x00007ffba4770000 - 0x00007ffba4788000 	C:\Program Files\Android\Android Studio\jre\bin\zip.dll
0x0000014fa3070000 - 0x0000014fa37b4000 	C:\WINDOWS\System32\SHELL32.dll
0x00007ffbb3350000 - 0x00007ffbb3ae4000 	C:\WINDOWS\SYSTEM32\windows.storage.dll
0x00007ffbb7520000 - 0x00007ffbb7875000 	C:\WINDOWS\System32\combase.dll
0x00007ffbb52a0000 - 0x00007ffbb52ce000 	C:\WINDOWS\SYSTEM32\Wldp.dll
0x00007ffbb7d70000 - 0x00007ffbb7e1d000 	C:\WINDOWS\System32\SHCORE.dll
0x00007ffbb7ec0000 - 0x00007ffbb7f15000 	C:\WINDOWS\System32\shlwapi.dll
0x00007ffbb5e80000 - 0x00007ffbb5e9f000 	C:\WINDOWS\SYSTEM32\profapi.dll
0x00007ffba27a0000 - 0x00007ffba27ba000 	C:\Program Files\Android\Android Studio\jre\bin\net.dll
0x00007ffbb07e0000 - 0x00007ffbb08ec000 	C:\WINDOWS\SYSTEM32\WINHTTP.dll
0x00007ffbb4ff0000 - 0x00007ffbb505a000 	C:\WINDOWS\system32\mswsock.dll
0x00007ffba0dd0000 - 0x00007ffba0de4000 	C:\Program Files\Android\Android Studio\jre\bin\nio.dll
0x00007ffba4870000 - 0x00007ffba4897000 	C:\Users\PARVATHY\.gradle\native\8bec1ad78214c89d9ad589b4d07fe93259594b29d510b10fafb7a158f7737e5d\windows-amd64\native-platform.dll
0x00007ffb88f00000 - 0x00007ffb8903d000 	C:\Users\PARVATHY\.gradle\native\53dbd7edfb1c66fb8903c78663c9afc45aea4f116125fa6feffd364cf09443e8\windows-amd64\native-platform-file-events.dll
0x00007ffbae310000 - 0x00007ffbae31a000 	C:\Program Files\Android\Android Studio\jre\bin\management.dll
0x00007ffbae0a0000 - 0x00007ffbae0ac000 	C:\Program Files\Android\Android Studio\jre\bin\management_ext.dll
0x00007ffbb5cc0000 - 0x00007ffbb5cd8000 	C:\WINDOWS\SYSTEM32\CRYPTSP.dll
0x00007ffbb49a0000 - 0x00007ffbb49d4000 	C:\WINDOWS\system32\rsaenh.dll
0x00007ffbb6850000 - 0x00007ffbb6877000 	C:\WINDOWS\System32\bcrypt.dll
0x00007ffbb5e40000 - 0x00007ffbb5e6e000 	C:\WINDOWS\SYSTEM32\USERENV.dll
0x00007ffbb50e0000 - 0x00007ffbb50ec000 	C:\WINDOWS\SYSTEM32\CRYPTBASE.dll
0x00007ffbb4cf0000 - 0x00007ffbb4d2b000 	C:\WINDOWS\SYSTEM32\IPHLPAPI.DLL
0x00007ffbb73f0000 - 0x00007ffbb73f8000 	C:\WINDOWS\System32\NSI.dll
0x00007ffbab490000 - 0x00007ffbab4a7000 	C:\WINDOWS\SYSTEM32\dhcpcsvc6.DLL
0x00007ffbac4e0000 - 0x00007ffbac4fd000 	C:\WINDOWS\SYSTEM32\dhcpcsvc.DLL
0x00007ffbb4d30000 - 0x00007ffbb4dfb000 	C:\WINDOWS\SYSTEM32\DNSAPI.dll

dbghelp: loaded successfully - version: 4.0.5 - missing functions: none
symbol engine: initialized successfully - sym options: 0x614 - pdb path: .;C:\Program Files\Android\Android Studio\jre\bin;C:\WINDOWS\SYSTEM32;C:\WINDOWS\WinSxS\amd64_microsoft.windows.common-controls_6595b64144ccf1df_6.0.19041.1110_none_60b5254171f9507e;C:\WINDOWS\system32\tmumh\20019\AddOn\8.53.0.1135;C:\WINDOWS\system32\tmumh\20019\TmMon\2.8.0.1054;C:\Program Files\Android\Android Studio\jre\bin\server;C:\Users\PARVATHY\.gradle\native\8bec1ad78214c89d9ad589b4d07fe93259594b29d510b10fafb7a158f7737e5d\windows-amd64;C:\Users\PARVATHY\.gradle\native\53dbd7edfb1c66fb8903c78663c9afc45aea4f116125fa6feffd364cf09443e8\windows-amd64

VM Arguments:
jvm_args: --add-opens=java.base/java.util=ALL-UNNAMED --add-opens=java.base/java.lang=ALL-UNNAMED --add-opens=java.base/java.lang.invoke=ALL-UNNAMED --add-opens=java.base/java.util=ALL-UNNAMED --add-opens=java.prefs/java.util.prefs=ALL-UNNAMED --add-opens=java.prefs/java.util.prefs=ALL-UNNAMED --add-opens=java.base/java.nio.charset=ALL-UNNAMED --add-opens=java.base/java.net=ALL-UNNAMED --add-opens=java.base/java.util.concurrent.atomic=ALL-UNNAMED -Xmx2048m -Dfile.encoding=UTF-8 -Duser.country=US -Duser.language=en -Duser.variant 
java_command: org.gradle.launcher.daemon.bootstrap.GradleDaemon 7.0.2
java_class_path (initial): C:\Users\PARVATHY\.gradle\wrapper\dists\gradle-7.0.2-bin\857tjihv64xamwrf0h14cai3r\gradle-7.0.2\lib\gradle-launcher-7.0.2.jar
Launcher Type: SUN_STANDARD

[Global flags]
     intx CICompilerCount                          = 3                                         {product} {ergonomic}
     uint ConcGCThreads                            = 1                                         {product} {ergonomic}
     uint G1ConcRefinementThreads                  = 4                                         {product} {ergonomic}
   size_t G1HeapRegionSize                         = 1048576                                   {product} {ergonomic}
    uintx GCDrainStackTargetSize                   = 64                                        {product} {ergonomic}
   size_t InitialHeapSize                          = 134217728                                 {product} {ergonomic}
   size_t MarkStackSize                            = 4194304                                   {product} {ergonomic}
   size_t MaxHeapSize                              = 2147483648                                {product} {command line}
   size_t MaxNewSize                               = 1287651328                                {product} {ergonomic}
   size_t MinHeapDeltaBytes                        = 1048576                                   {product} {ergonomic}
    uintx NonNMethodCodeHeapSize                   = 5830732                                {pd product} {ergonomic}
    uintx NonProfiledCodeHeapSize                  = 122913754                              {pd product} {ergonomic}
    uintx ProfiledCodeHeapSize                     = 122913754                              {pd product} {ergonomic}
    uintx ReservedCodeCacheSize                    = 251658240                              {pd product} {ergonomic}
     bool SegmentedCodeCache                       = true                                      {product} {ergonomic}
     bool UseCompressedClassPointers               = true                                 {lp64_product} {ergonomic}
     bool UseCompressedOops                        = true                                 {lp64_product} {ergonomic}
     bool UseG1GC                                  = true                                      {product} {ergonomic}
     bool UseLargePagesIndividualAllocation        = false                                  {pd product} {ergonomic}

Logging:
Log output configuration:
 #0: stdout all=warning uptime,level,tags
 #1: stderr all=off uptime,level,tags

Environment Variables:
PATH=C:\Program Files\Java\jdk1.8.0_131\bin;C:\ProgramData\Oracle\Java\javapath;C:\WINDOWS\system32;C:\WINDOWS;C:\WINDOWS\System32\Wbem;C:\WINDOWS\System32\WindowsPowerShell\v1.0\;C:\WINDOWS\System32\OpenSSH\;C:\Program Files (x86)\AOMEI\AOMEI Backupper 6.4.0;C:\Program Files\Git\cmd;C:\Program Files\nodejs\;C:\Users\PARVATHY\AppData\Local\Microsoft\WindowsApps;C:\Program Files\heroku\bin;C:\Program Files\sfdx\bin;F:\Microsoft VS Code\bin;C:\Users\PARVATHY\AppData\Roaming\npm
USERNAME=PARVATHY
OS=Windows_NT
PROCESSOR_IDENTIFIER=Intel64 Family 6 Model 61 Stepping 4, GenuineIntel



---------------  S Y S T E M  ---------------

OS: Windows 10 , 64 bit Build 19041 (10.0.19041.1503)
OS uptime: 8 days 3:17 hours

CPU:total 4 (initial active 4) (2 cores per cpu, 2 threads per core) family 6 model 61 stepping 4 microcode 0x2d, cmov, cx8, fxsr, mmx, sse, sse2, sse3, ssse3, sse4.1, sse4.2, popcnt, avx, avx2, aes, clmul, erms, 3dnowpref, lzcnt, ht, tsc, tscinvbit, bmi1, bmi2, adx, fma

Memory: 4k page, system-wide physical 8103M (358M free)
TotalPageFile size 10603M (AvailPageFile size 14M)
current process WorkingSet (physical memory assigned to process): 169M, peak: 169M
current process commit charge ("private bytes"): 265M, peak: 267M

vm_info: OpenJDK 64-Bit Server VM (11.0.10+0-b96-7249189) for windows-amd64 JRE (11.0.10+0-b96-7249189), built on Mar 31 2021 21:44:00 by "builder" with MS VC++ 14.0 (VS2015)

END.
