#
# There is insufficient memory for the Java Runtime Environment to continue.
# Native memory allocation (malloc) failed to allocate 1090416 bytes for Chunk::new
# Possible reasons:
#   The system is out of physical RAM or swap space
#   The process is running with CompressedOops enabled, and the Java Heap may be blocking the growth of the native heap
# Possible solutions:
#   Reduce memory load on the system
#   Increase physical memory or swap space
#   Check if swap backing store is full
#   Decrease Java heap size (-Xmx/-Xms)
#   Decrease number of Java threads
#   Decrease Java thread stack sizes (-Xss)
#   Set larger code cache with -XX:ReservedCodeCacheSize=
#   JVM is running with Unscaled Compressed Oops mode in which the Java heap is
#     placed in the first 4GB address space. The Java Heap base address is the
#     maximum limit for the native heap growth. Please use -XX:HeapBaseMinAddress
#     to set the Java Heap base and to place the Java Heap above 4GB virtual address.
# This output file may be truncated or incomplete.
#
#  Out of Memory Error (./src/hotspot/share/memory/arena.cpp:197), pid=3216, tid=15088
#
# JRE version: OpenJDK Runtime Environment (11.0.10) (build 11.0.10+0-b96-7249189)
# Java VM: OpenJDK 64-Bit Server VM (11.0.10+0-b96-7249189, mixed mode, tiered, compressed oops, g1 gc, windows-amd64)
# No core dump will be written. Minidumps are not enabled by default on client versions of Windows
#

---------------  S U M M A R Y ------------

Command Line: --add-opens=java.base/java.util=ALL-UNNAMED --add-opens=java.base/java.lang=ALL-UNNAMED --add-opens=java.base/java.lang.invoke=ALL-UNNAMED --add-opens=java.base/java.util=ALL-UNNAMED --add-opens=java.prefs/java.util.prefs=ALL-UNNAMED --add-opens=java.prefs/java.util.prefs=ALL-UNNAMED --add-opens=java.base/java.nio.charset=ALL-UNNAMED --add-opens=java.base/java.net=ALL-UNNAMED --add-opens=java.base/java.util.concurrent.atomic=ALL-UNNAMED -Xmx2048m -Dfile.encoding=UTF-8 -Duser.country=US -Duser.language=en -Duser.variant org.gradle.launcher.daemon.bootstrap.GradleDaemon 7.0.2

Host: Intel(R) Core(TM) i5-5200U CPU @ 2.20GHz, 4 cores, 7G,  Windows 10 , 64 bit Build 19041 (10.0.19041.1503)
Time: Sun Mar 13 17:27:00 2022 India Standard Time elapsed time: 33.417955 seconds (0d 0h 0m 33s)

---------------  T H R E A D  ---------------

Current thread (0x0000028e3550c800):  JavaThread "C2 CompilerThread0" daemon [_thread_in_native, id=15088, stack(0x000000a375c00000,0x000000a375d00000)]


Current CompileTask:
C2:  33418 6073       4       java.util.TreeMap::put (247 bytes)

Stack: [0x000000a375c00000,0x000000a375d00000]
Native frames: (J=compiled Java code, j=interpreted, Vv=VM code, C=native code)
V  [jvm.dll+0x5ecfaa]
V  [jvm.dll+0x722bd5]
V  [jvm.dll+0x72412d]
V  [jvm.dll+0x7247e3]
V  [jvm.dll+0x242928]
V  [jvm.dll+0xbc4fc]
V  [jvm.dll+0xbca0c]
V  [jvm.dll+0x352d7d]
V  [jvm.dll+0x320ad3]
V  [jvm.dll+0x31ffca]
V  [jvm.dll+0x1fb602]
V  [jvm.dll+0x1fa7f4]
V  [jvm.dll+0x18354c]
V  [jvm.dll+0x208ee7]
V  [jvm.dll+0x207731]
V  [jvm.dll+0x6eb1cf]
V  [jvm.dll+0x6e3d45]
V  [jvm.dll+0x5ebe96]
C  [ucrtbase.dll+0x21bb2]
C  [KERNEL32.DLL+0x17034]
C  [ntdll.dll+0x52651]


---------------  P R O C E S S  ---------------

Threads class SMR info:
_java_thread_list=0x0000028e37df4f20, length=42, elements={
0x0000028e1882e000, 0x0000028e354a4800, 0x0000028e354a7800, 0x0000028e35507800,
0x0000028e35508800, 0x0000028e3550a800, 0x0000028e3550c800, 0x0000028e35516000,
0x0000028e35582000, 0x0000028e3567a000, 0x0000028e36ba0800, 0x0000028e36553000,
0x0000028e36737800, 0x0000028e370bc000, 0x0000028e36be5800, 0x0000028e363f4000,
0x0000028e366e1000, 0x0000028e36516000, 0x0000028e36e96000, 0x0000028e36e89000,
0x0000028e36e84000, 0x0000028e36e86800, 0x0000028e36e87800, 0x0000028e36e88000,
0x0000028e36e89800, 0x0000028e36e8a800, 0x0000028e36e85000, 0x0000028e36e85800,
0x0000028e397cb800, 0x0000028e397c9000, 0x0000028e397ca000, 0x0000028e397ca800,
0x0000028e397c8000, 0x0000028e397ce000, 0x0000028e397d1000, 0x0000028e397d3000,
0x0000028e397cd000, 0x0000028e397d2000, 0x0000028e397d3800, 0x0000028e397cf800,
0x0000028e397d4800, 0x0000028e397ce800
}

Java Threads: ( => current thread )
  0x0000028e1882e000 JavaThread "main" [_thread_blocked, id=7708, stack(0x000000a375000000,0x000000a375100000)]
  0x0000028e354a4800 JavaThread "Reference Handler" daemon [_thread_blocked, id=2932, stack(0x000000a375700000,0x000000a375800000)]
  0x0000028e354a7800 JavaThread "Finalizer" daemon [_thread_blocked, id=16416, stack(0x000000a375800000,0x000000a375900000)]
  0x0000028e35507800 JavaThread "Signal Dispatcher" daemon [_thread_blocked, id=5452, stack(0x000000a375900000,0x000000a375a00000)]
  0x0000028e35508800 JavaThread "Attach Listener" daemon [_thread_blocked, id=7260, stack(0x000000a375a00000,0x000000a375b00000)]
  0x0000028e3550a800 JavaThread "Service Thread" daemon [_thread_blocked, id=16776, stack(0x000000a375b00000,0x000000a375c00000)]
=>0x0000028e3550c800 JavaThread "C2 CompilerThread0" daemon [_thread_in_native, id=15088, stack(0x000000a375c00000,0x000000a375d00000)]
  0x0000028e35516000 JavaThread "C1 CompilerThread0" daemon [_thread_blocked, id=17888, stack(0x000000a375d00000,0x000000a375e00000)]
  0x0000028e35582000 JavaThread "Sweeper thread" daemon [_thread_blocked, id=11088, stack(0x000000a375e00000,0x000000a375f00000)]
  0x0000028e3567a000 JavaThread "Common-Cleaner" daemon [_thread_blocked, id=592, stack(0x000000a375f00000,0x000000a376000000)]
  0x0000028e36ba0800 JavaThread "Daemon health stats" [_thread_blocked, id=17816, stack(0x000000a376300000,0x000000a376400000)]
  0x0000028e36553000 JavaThread "Incoming local TCP Connector on port 53275" [_thread_in_native, id=9444, stack(0x000000a376400000,0x000000a376500000)]
  0x0000028e36737800 JavaThread "Daemon periodic checks" [_thread_blocked, id=15528, stack(0x000000a376500000,0x000000a376600000)]
  0x0000028e370bc000 JavaThread "Daemon" [_thread_blocked, id=15264, stack(0x000000a376600000,0x000000a376700000)]
  0x0000028e36be5800 JavaThread "Handler for socket connection from /127.0.0.1:53275 to /127.0.0.1:53276" [_thread_in_native, id=3484, stack(0x000000a376700000,0x000000a376800000)]
  0x0000028e363f4000 JavaThread "Cancel handler" [_thread_blocked, id=16348, stack(0x000000a376800000,0x000000a376900000)]
  0x0000028e366e1000 JavaThread "Daemon worker" [_thread_in_Java, id=5508, stack(0x000000a376900000,0x000000a376a00000)]
  0x0000028e36516000 JavaThread "Asynchronous log dispatcher for DefaultDaemonConnection: socket connection from /127.0.0.1:53275 to /127.0.0.1:53276" [_thread_blocked, id=14420, stack(0x000000a376a00000,0x000000a376b00000)]
  0x0000028e36e96000 JavaThread "Stdin handler" [_thread_blocked, id=4140, stack(0x000000a376b00000,0x000000a376c00000)]
  0x0000028e36e89000 JavaThread "Daemon client event forwarder" [_thread_blocked, id=18836, stack(0x000000a376c00000,0x000000a376d00000)]
  0x0000028e36e84000 JavaThread "Cache worker for file hash cache (C:\Users\PARVATHY\.gradle\caches\7.0.2\fileHashes)" [_thread_blocked, id=4668, stack(0x000000a376d00000,0x000000a376e00000)]
  0x0000028e36e86800 JavaThread "File lock request listener" [_thread_in_native, id=13540, stack(0x000000a376e00000,0x000000a376f00000)]
  0x0000028e36e87800 JavaThread "Cache worker for journal cache (C:\Users\PARVATHY\.gradle\caches\journal-1)" [_thread_blocked, id=17308, stack(0x000000a377000000,0x000000a377100000)]
  0x0000028e36e88000 JavaThread "Cache worker for file hash cache (E:\Rajagiri\Sem 6\Lead Manager App\.gradle\7.0.2\fileHashes)" [_thread_blocked, id=812, stack(0x000000a377100000,0x000000a377200000)]
  0x0000028e36e89800 JavaThread "File watcher server" daemon [_thread_in_native, id=18832, stack(0x000000a377200000,0x000000a377300000)]
  0x0000028e36e8a800 JavaThread "File watcher consumer" daemon [_thread_blocked, id=15984, stack(0x000000a377300000,0x000000a377400000)]
  0x0000028e36e85000 JavaThread "Cache worker for checksums cache (E:\Rajagiri\Sem 6\Lead Manager App\.gradle\checksums)" [_thread_blocked, id=11064, stack(0x000000a377400000,0x000000a377500000)]
  0x0000028e36e85800 JavaThread "Cache worker for cache directory md-supplier (C:\Users\PARVATHY\.gradle\caches\7.0.2\md-supplier)" [_thread_blocked, id=8464, stack(0x000000a377500000,0x000000a377600000)]
  0x0000028e397cb800 JavaThread "Cache worker for cache directory md-rule (C:\Users\PARVATHY\.gradle\caches\7.0.2\md-rule)" [_thread_blocked, id=532, stack(0x000000a377600000,0x000000a377700000)]
  0x0000028e397c9000 JavaThread "Cache worker for execution history cache (C:\Users\PARVATHY\.gradle\caches\7.0.2\executionHistory)" [_thread_blocked, id=13420, stack(0x000000a377700000,0x000000a377800000)]
  0x0000028e397ca000 JavaThread "jar transforms" [_thread_blocked, id=9552, stack(0x000000a377800000,0x000000a377900000)]
  0x0000028e397ca800 JavaThread "jar transforms Thread 2" [_thread_blocked, id=14952, stack(0x000000a377900000,0x000000a377a00000)]
  0x0000028e397c8000 JavaThread "Cache worker for file content cache (C:\Users\PARVATHY\.gradle\caches\7.0.2\fileContent)" [_thread_blocked, id=17944, stack(0x000000a377a00000,0x000000a377b00000)]
  0x0000028e397ce000 JavaThread "Cache worker for dependencies-accessors (E:\Rajagiri\Sem 6\Lead Manager App\.gradle\7.0.2\dependencies-accessors)" [_thread_blocked, id=18388, stack(0x000000a377b00000,0x000000a377c00000)]
  0x0000028e397d1000 JavaThread "jar transforms Thread 3" [_thread_blocked, id=17344, stack(0x000000a377c00000,0x000000a377d00000)]
  0x0000028e397d3000 JavaThread "Cache worker for Build Output Cleanup Cache (E:\Rajagiri\Sem 6\Lead Manager App\.gradle\buildOutputCleanup)" [_thread_blocked, id=12436, stack(0x000000a377d00000,0x000000a377e00000)]
  0x0000028e397cd000 JavaThread "Build operations" [_thread_blocked, id=2816, stack(0x000000a377e00000,0x000000a377f00000)]
  0x0000028e397d2000 JavaThread "Build operations Thread 2" [_thread_blocked, id=14548, stack(0x000000a377f00000,0x000000a378000000)]
  0x0000028e397d3800 JavaThread "Build operations Thread 3" [_thread_blocked, id=7172, stack(0x000000a378000000,0x000000a378100000)]
  0x0000028e397cf800 JavaThread "Build operations Thread 4" [_thread_blocked, id=2288, stack(0x000000a378100000,0x000000a378200000)]
  0x0000028e397d4800 JavaThread "jar transforms Thread 4" [_thread_blocked, id=6280, stack(0x000000a378200000,0x000000a378300000)]
  0x0000028e397ce800 JavaThread "Memory manager" [_thread_blocked, id=15972, stack(0x000000a378300000,0x000000a378400000)]

Other Threads:
  0x0000028e354a0000 VMThread "VM Thread" [stack: 0x000000a375600000,0x000000a375700000] [id=18520]
  0x0000028e356a7000 WatcherThread [stack: 0x000000a376000000,0x000000a376100000] [id=5944]
  0x0000028e1b0ea800 GCTaskThread "GC Thread#0" [stack: 0x000000a375100000,0x000000a375200000] [id=15676]
  0x0000028e35cb5000 GCTaskThread "GC Thread#1" [stack: 0x000000a376100000,0x000000a376200000] [id=13860]
  0x0000028e3610e000 GCTaskThread "GC Thread#2" [stack: 0x000000a376200000,0x000000a376300000] [id=2916]
  0x0000028e365df000 GCTaskThread "GC Thread#3" [stack: 0x000000a376f00000,0x000000a377000000] [id=13216]
  0x0000028e1b11a800 ConcurrentGCThread "G1 Main Marker" [stack: 0x000000a375200000,0x000000a375300000] [id=12108]
  0x0000028e1b11c800 ConcurrentGCThread "G1 Conc#0" [stack: 0x000000a375300000,0x000000a375400000] [id=15376]
  0x0000028e34aed800 ConcurrentGCThread "G1 Refine#0" [stack: 0x000000a375400000,0x000000a375500000] [id=18160]
  0x0000028e34aee800 ConcurrentGCThread "G1 Young RemSet Sampling" [stack: 0x000000a375500000,0x000000a375600000] [id=6092]

Threads with active compile tasks:
C2 CompilerThread0  34041 6073       4       java.util.TreeMap::put (247 bytes)

VM state:not at safepoint (normal execution)

VM Mutex/Monitor currently owned by a thread:  ([mutex/lock_event])
[0x0000028e1b0d2280] SystemDictionary_lock - owner thread: 0x0000000000000000

Heap address: 0x0000000080000000, size: 2048 MB, Compressed Oops mode: 32-bit
Narrow klass base: 0x0000000000000000, Narrow klass shift: 3
Compressed class space size: 1073741824 Address: 0x0000000100000000

Heap:
 garbage-first heap   total 131072K, used 58244K [0x0000000080000000, 0x0000000100000000)
  region size 1024K, 16 young (16384K), 7 survivors (7168K)
 Metaspace       used 63348K, capacity 64931K, committed 65084K, reserved 1105920K
  class space    used 8046K, capacity 8629K, committed 8704K, reserved 1048576K
Heap Regions: E=young(eden), S=young(survivor), O=old, HS=humongous(starts), HC=humongous(continues), CS=collection set, F=free, A=archive, TAMS=top-at-mark-start (previous, next)
|   0|0x0000000080000000, 0x0000000080100000, 0x0000000080100000|100%| O|  |TAMS 0x0000000080100000, 0x0000000080000000| Untracked 
|   1|0x0000000080100000, 0x0000000080200000, 0x0000000080200000|100%| O|  |TAMS 0x0000000080200000, 0x0000000080100000| Untracked 
|   2|0x0000000080200000, 0x0000000080300000, 0x0000000080300000|100%| O|  |TAMS 0x0000000080300000, 0x0000000080200000| Untracked 
|   3|0x0000000080300000, 0x0000000080400000, 0x0000000080400000|100%|HS|  |TAMS 0x0000000080400000, 0x0000000080300000| Complete 
|   4|0x0000000080400000, 0x0000000080500000, 0x0000000080500000|100%|HC|  |TAMS 0x0000000080500000, 0x0000000080400000| Complete 
|   5|0x0000000080500000, 0x0000000080600000, 0x0000000080600000|100%|HC|  |TAMS 0x0000000080600000, 0x0000000080500000| Complete 
|   6|0x0000000080600000, 0x0000000080700000, 0x0000000080700000|100%| O|  |TAMS 0x0000000080700000, 0x0000000080600000| Untracked 
|   7|0x0000000080700000, 0x0000000080800000, 0x0000000080800000|100%| O|  |TAMS 0x0000000080800000, 0x0000000080700000| Untracked 
|   8|0x0000000080800000, 0x0000000080900000, 0x0000000080900000|100%| O|  |TAMS 0x0000000080900000, 0x0000000080800000| Untracked 
|   9|0x0000000080900000, 0x0000000080a00000, 0x0000000080a00000|100%| O|  |TAMS 0x0000000080a00000, 0x0000000080900000| Untracked 
|  10|0x0000000080a00000, 0x0000000080b00000, 0x0000000080b00000|100%| O|  |TAMS 0x0000000080b00000, 0x0000000080a00000| Untracked 
|  11|0x0000000080b00000, 0x0000000080c00000, 0x0000000080c00000|100%| O|  |TAMS 0x0000000080c00000, 0x0000000080b00000| Untracked 
|  12|0x0000000080c00000, 0x0000000080d00000, 0x0000000080d00000|100%| O|  |TAMS 0x0000000080d00000, 0x0000000080c00000| Untracked 
|  13|0x0000000080d00000, 0x0000000080e00000, 0x0000000080e00000|100%| O|  |TAMS 0x0000000080e00000, 0x0000000080d00000| Untracked 
|  14|0x0000000080e00000, 0x0000000080f00000, 0x0000000080f00000|100%| O|  |TAMS 0x0000000080f00000, 0x0000000080e00000| Untracked 
|  15|0x0000000080f00000, 0x0000000081000000, 0x0000000081000000|100%| O|  |TAMS 0x0000000081000000, 0x0000000080f00000| Untracked 
|  16|0x0000000081000000, 0x0000000081100000, 0x0000000081100000|100%| O|  |TAMS 0x0000000081100000, 0x0000000081000000| Untracked 
|  17|0x0000000081100000, 0x0000000081200000, 0x0000000081200000|100%|HS|  |TAMS 0x0000000081200000, 0x0000000081100000| Complete 
|  18|0x0000000081200000, 0x0000000081300000, 0x0000000081300000|100%| O|  |TAMS 0x0000000081300000, 0x0000000081200000| Untracked 
|  19|0x0000000081300000, 0x0000000081400000, 0x0000000081400000|100%| O|  |TAMS 0x0000000081400000, 0x0000000081300000| Untracked 
|  20|0x0000000081400000, 0x0000000081500000, 0x0000000081500000|100%| O|  |TAMS 0x0000000081500000, 0x0000000081400000| Untracked 
|  21|0x0000000081500000, 0x0000000081600000, 0x0000000081600000|100%| O|  |TAMS 0x0000000081600000, 0x0000000081500000| Untracked 
|  22|0x0000000081600000, 0x0000000081700000, 0x0000000081700000|100%| O|  |TAMS 0x0000000081700000, 0x0000000081600000| Untracked 
|  23|0x0000000081700000, 0x0000000081800000, 0x0000000081800000|100%|HS|  |TAMS 0x0000000081800000, 0x0000000081700000| Complete 
|  24|0x0000000081800000, 0x0000000081900000, 0x0000000081900000|100%|HS|  |TAMS 0x0000000081900000, 0x0000000081800000| Complete 
|  25|0x0000000081900000, 0x0000000081a00000, 0x0000000081a00000|100%|HC|  |TAMS 0x0000000081a00000, 0x0000000081900000| Complete 
|  26|0x0000000081a00000, 0x0000000081b00000, 0x0000000081b00000|100%| O|  |TAMS 0x0000000081b00000, 0x0000000081a00000| Untracked 
|  27|0x0000000081b00000, 0x0000000081c00000, 0x0000000081c00000|100%| O|  |TAMS 0x0000000081c00000, 0x0000000081b00000| Untracked 
|  28|0x0000000081c00000, 0x0000000081d00000, 0x0000000081d00000|100%| O|  |TAMS 0x0000000081d00000, 0x0000000081c00000| Untracked 
|  29|0x0000000081d00000, 0x0000000081e00000, 0x0000000081e00000|100%| O|  |TAMS 0x0000000081e00000, 0x0000000081d00000| Untracked 
|  30|0x0000000081e00000, 0x0000000081f00000, 0x0000000081f00000|100%| O|  |TAMS 0x0000000081f00000, 0x0000000081e00000| Untracked 
|  31|0x0000000081f00000, 0x0000000082000000, 0x0000000082000000|100%| O|  |TAMS 0x0000000082000000, 0x0000000081f00000| Untracked 
|  32|0x0000000082000000, 0x0000000082100000, 0x0000000082100000|100%| O|  |TAMS 0x0000000082100000, 0x0000000082000000| Untracked 
|  33|0x0000000082100000, 0x0000000082200000, 0x0000000082200000|100%| O|  |TAMS 0x0000000082200000, 0x0000000082100000| Untracked 
|  34|0x0000000082200000, 0x0000000082300000, 0x0000000082300000|100%| O|  |TAMS 0x0000000082300000, 0x0000000082200000| Untracked 
|  35|0x0000000082300000, 0x0000000082400000, 0x0000000082400000|100%| O|  |TAMS 0x0000000082400000, 0x0000000082300000| Untracked 
|  36|0x0000000082400000, 0x0000000082500000, 0x0000000082500000|100%| O|  |TAMS 0x0000000082500000, 0x0000000082400000| Untracked 
|  37|0x0000000082500000, 0x0000000082600000, 0x0000000082600000|100%| O|  |TAMS 0x0000000082600000, 0x0000000082500000| Untracked 
|  38|0x0000000082600000, 0x0000000082700000, 0x0000000082700000|100%| O|  |TAMS 0x0000000082700000, 0x0000000082600000| Untracked 
|  39|0x0000000082700000, 0x0000000082800000, 0x0000000082800000|100%| O|  |TAMS 0x0000000082800000, 0x0000000082700000| Untracked 
|  40|0x0000000082800000, 0x0000000082900000, 0x0000000082900000|100%| O|  |TAMS 0x0000000082900000, 0x0000000082800000| Untracked 
|  41|0x0000000082900000, 0x0000000082a00000, 0x0000000082a00000|100%| O|  |TAMS 0x0000000082a00000, 0x0000000082900000| Untracked 
|  42|0x0000000082a00000, 0x0000000082a82a00, 0x0000000082b00000| 51%| O|  |TAMS 0x0000000082a82a00, 0x0000000082a00000| Untracked 
|  43|0x0000000082b00000, 0x0000000082b00000, 0x0000000082c00000|  0%| F|  |TAMS 0x0000000082b00000, 0x0000000082b00000| Untracked 
|  44|0x0000000082c00000, 0x0000000082c00000, 0x0000000082d00000|  0%| F|  |TAMS 0x0000000082c00000, 0x0000000082c00000| Untracked 
|  45|0x0000000082d00000, 0x0000000082d00000, 0x0000000082e00000|  0%| F|  |TAMS 0x0000000082d00000, 0x0000000082d00000| Untracked 
|  46|0x0000000082e00000, 0x0000000082e00000, 0x0000000082f00000|  0%| F|  |TAMS 0x0000000082e00000, 0x0000000082e00000| Untracked 
|  47|0x0000000082f00000, 0x0000000082f00000, 0x0000000083000000|  0%| F|  |TAMS 0x0000000082f00000, 0x0000000082f00000| Untracked 
|  48|0x0000000083000000, 0x0000000083000000, 0x0000000083100000|  0%| F|  |TAMS 0x0000000083000000, 0x0000000083000000| Untracked 
|  49|0x0000000083100000, 0x0000000083100000, 0x0000000083200000|  0%| F|  |TAMS 0x0000000083100000, 0x0000000083100000| Untracked 
|  50|0x0000000083200000, 0x0000000083200000, 0x0000000083300000|  0%| F|  |TAMS 0x0000000083200000, 0x0000000083200000| Untracked 
|  51|0x0000000083300000, 0x0000000083300000, 0x0000000083400000|  0%| F|  |TAMS 0x0000000083300000, 0x0000000083300000| Untracked 
|  52|0x0000000083400000, 0x0000000083400000, 0x0000000083500000|  0%| F|  |TAMS 0x0000000083400000, 0x0000000083400000| Untracked 
|  53|0x0000000083500000, 0x0000000083500000, 0x0000000083600000|  0%| F|  |TAMS 0x0000000083500000, 0x0000000083500000| Untracked 
|  54|0x0000000083600000, 0x0000000083600000, 0x0000000083700000|  0%| F|  |TAMS 0x0000000083600000, 0x0000000083600000| Untracked 
|  55|0x0000000083700000, 0x0000000083700000, 0x0000000083800000|  0%| F|  |TAMS 0x0000000083700000, 0x0000000083700000| Untracked 
|  56|0x0000000083800000, 0x0000000083800000, 0x0000000083900000|  0%| F|  |TAMS 0x0000000083800000, 0x0000000083800000| Untracked 
|  57|0x0000000083900000, 0x0000000083900000, 0x0000000083a00000|  0%| F|  |TAMS 0x0000000083900000, 0x0000000083900000| Untracked 
|  58|0x0000000083a00000, 0x0000000083a00000, 0x0000000083b00000|  0%| F|  |TAMS 0x0000000083a00000, 0x0000000083a00000| Untracked 
|  59|0x0000000083b00000, 0x0000000083b00000, 0x0000000083c00000|  0%| F|  |TAMS 0x0000000083b00000, 0x0000000083b00000| Untracked 
|  60|0x0000000083c00000, 0x0000000083c00000, 0x0000000083d00000|  0%| F|  |TAMS 0x0000000083c00000, 0x0000000083c00000| Untracked 
|  61|0x0000000083d00000, 0x0000000083d00000, 0x0000000083e00000|  0%| F|  |TAMS 0x0000000083d00000, 0x0000000083d00000| Untracked 
|  62|0x0000000083e00000, 0x0000000083e00000, 0x0000000083f00000|  0%| F|  |TAMS 0x0000000083e00000, 0x0000000083e00000| Untracked 
|  63|0x0000000083f00000, 0x0000000083f00000, 0x0000000084000000|  0%| F|  |TAMS 0x0000000083f00000, 0x0000000083f00000| Untracked 
|  64|0x0000000084000000, 0x0000000084000000, 0x0000000084100000|  0%| F|  |TAMS 0x0000000084000000, 0x0000000084000000| Untracked 
|  65|0x0000000084100000, 0x0000000084100000, 0x0000000084200000|  0%| F|  |TAMS 0x0000000084100000, 0x0000000084100000| Untracked 
|  66|0x0000000084200000, 0x0000000084200000, 0x0000000084300000|  0%| F|  |TAMS 0x0000000084200000, 0x0000000084200000| Untracked 
|  67|0x0000000084300000, 0x000000008435e8d0, 0x0000000084400000| 36%| S|CS|TAMS 0x0000000084300000, 0x0000000084300000| Complete 
|  68|0x0000000084400000, 0x0000000084500000, 0x0000000084500000|100%| S|CS|TAMS 0x0000000084400000, 0x0000000084400000| Complete 
|  69|0x0000000084500000, 0x0000000084600000, 0x0000000084600000|100%| S|CS|TAMS 0x0000000084500000, 0x0000000084500000| Complete 
|  70|0x0000000084600000, 0x0000000084700000, 0x0000000084700000|100%| S|CS|TAMS 0x0000000084600000, 0x0000000084600000| Complete 
|  71|0x0000000084700000, 0x0000000084800000, 0x0000000084800000|100%| S|CS|TAMS 0x0000000084700000, 0x0000000084700000| Complete 
|  72|0x0000000084800000, 0x0000000084900000, 0x0000000084900000|100%| S|CS|TAMS 0x0000000084800000, 0x0000000084800000| Complete 
|  73|0x0000000084900000, 0x0000000084a00000, 0x0000000084a00000|100%| S|CS|TAMS 0x0000000084900000, 0x0000000084900000| Complete 
|  74|0x0000000084a00000, 0x0000000084a00000, 0x0000000084b00000|  0%| F|  |TAMS 0x0000000084a00000, 0x0000000084a00000| Untracked 
|  75|0x0000000084b00000, 0x0000000084b00000, 0x0000000084c00000|  0%| F|  |TAMS 0x0000000084b00000, 0x0000000084b00000| Untracked 
|  76|0x0000000084c00000, 0x0000000084c00000, 0x0000000084d00000|  0%| F|  |TAMS 0x0000000084c00000, 0x0000000084c00000| Untracked 
|  77|0x0000000084d00000, 0x0000000084d00000, 0x0000000084e00000|  0%| F|  |TAMS 0x0000000084d00000, 0x0000000084d00000| Untracked 
|  78|0x0000000084e00000, 0x0000000084e00000, 0x0000000084f00000|  0%| F|  |TAMS 0x0000000084e00000, 0x0000000084e00000| Untracked 
|  79|0x0000000084f00000, 0x0000000084f00000, 0x0000000085000000|  0%| F|  |TAMS 0x0000000084f00000, 0x0000000084f00000| Untracked 
|  80|0x0000000085000000, 0x0000000085000000, 0x0000000085100000|  0%| F|  |TAMS 0x0000000085000000, 0x0000000085000000| Untracked 
|  81|0x0000000085100000, 0x0000000085100000, 0x0000000085200000|  0%| F|  |TAMS 0x0000000085100000, 0x0000000085100000| Untracked 
|  82|0x0000000085200000, 0x0000000085200000, 0x0000000085300000|  0%| F|  |TAMS 0x0000000085200000, 0x0000000085200000| Untracked 
|  83|0x0000000085300000, 0x0000000085300000, 0x0000000085400000|  0%| F|  |TAMS 0x0000000085300000, 0x0000000085300000| Untracked 
|  84|0x0000000085400000, 0x0000000085400000, 0x0000000085500000|  0%| F|  |TAMS 0x0000000085400000, 0x0000000085400000| Untracked 
|  85|0x0000000085500000, 0x0000000085500000, 0x0000000085600000|  0%| F|  |TAMS 0x0000000085500000, 0x0000000085500000| Untracked 
|  86|0x0000000085600000, 0x0000000085600000, 0x0000000085700000|  0%| F|  |TAMS 0x0000000085600000, 0x0000000085600000| Untracked 
|  87|0x0000000085700000, 0x0000000085700000, 0x0000000085800000|  0%| F|  |TAMS 0x0000000085700000, 0x0000000085700000| Untracked 
|  88|0x0000000085800000, 0x0000000085800000, 0x0000000085900000|  0%| F|  |TAMS 0x0000000085800000, 0x0000000085800000| Untracked 
|  89|0x0000000085900000, 0x0000000085900000, 0x0000000085a00000|  0%| F|  |TAMS 0x0000000085900000, 0x0000000085900000| Untracked 
|  90|0x0000000085a00000, 0x0000000085a00000, 0x0000000085b00000|  0%| F|  |TAMS 0x0000000085a00000, 0x0000000085a00000| Untracked 
|  91|0x0000000085b00000, 0x0000000085b00000, 0x0000000085c00000|  0%| F|  |TAMS 0x0000000085b00000, 0x0000000085b00000| Untracked 
|  92|0x0000000085c00000, 0x0000000085c00000, 0x0000000085d00000|  0%| F|  |TAMS 0x0000000085c00000, 0x0000000085c00000| Untracked 
|  93|0x0000000085d00000, 0x0000000085d00000, 0x0000000085e00000|  0%| F|  |TAMS 0x0000000085d00000, 0x0000000085d00000| Untracked 
|  94|0x0000000085e00000, 0x0000000085e00000, 0x0000000085f00000|  0%| F|  |TAMS 0x0000000085e00000, 0x0000000085e00000| Untracked 
|  95|0x0000000085f00000, 0x0000000085f00000, 0x0000000086000000|  0%| F|  |TAMS 0x0000000085f00000, 0x0000000085f00000| Untracked 
|  96|0x0000000086000000, 0x0000000086000000, 0x0000000086100000|  0%| F|  |TAMS 0x0000000086000000, 0x0000000086000000| Untracked 
|  97|0x0000000086100000, 0x0000000086100000, 0x0000000086200000|  0%| F|  |TAMS 0x0000000086100000, 0x0000000086100000| Untracked 
|  98|0x0000000086200000, 0x0000000086200000, 0x0000000086300000|  0%| F|  |TAMS 0x0000000086200000, 0x0000000086200000| Untracked 
|  99|0x0000000086300000, 0x0000000086300000, 0x0000000086400000|  0%| F|  |TAMS 0x0000000086300000, 0x0000000086300000| Untracked 
| 100|0x0000000086400000, 0x0000000086400000, 0x0000000086500000|  0%| F|  |TAMS 0x0000000086400000, 0x0000000086400000| Untracked 
| 101|0x0000000086500000, 0x0000000086500000, 0x0000000086600000|  0%| F|  |TAMS 0x0000000086500000, 0x0000000086500000| Untracked 
| 102|0x0000000086600000, 0x0000000086600000, 0x0000000086700000|  0%| F|  |TAMS 0x0000000086600000, 0x0000000086600000| Untracked 
| 103|0x0000000086700000, 0x0000000086700000, 0x0000000086800000|  0%| F|  |TAMS 0x0000000086700000, 0x0000000086700000| Untracked 
| 104|0x0000000086800000, 0x0000000086800000, 0x0000000086900000|  0%| F|  |TAMS 0x0000000086800000, 0x0000000086800000| Untracked 
| 105|0x0000000086900000, 0x0000000086900000, 0x0000000086a00000|  0%| F|  |TAMS 0x0000000086900000, 0x0000000086900000| Untracked 
| 106|0x0000000086a00000, 0x0000000086a00000, 0x0000000086b00000|  0%| F|  |TAMS 0x0000000086a00000, 0x0000000086a00000| Untracked 
| 107|0x0000000086b00000, 0x0000000086b00000, 0x0000000086c00000|  0%| F|  |TAMS 0x0000000086b00000, 0x0000000086b00000| Untracked 
| 108|0x0000000086c00000, 0x0000000086c00000, 0x0000000086d00000|  0%| F|  |TAMS 0x0000000086c00000, 0x0000000086c00000| Untracked 
| 109|0x0000000086d00000, 0x0000000086d00000, 0x0000000086e00000|  0%| F|  |TAMS 0x0000000086d00000, 0x0000000086d00000| Untracked 
| 110|0x0000000086e00000, 0x0000000086e00000, 0x0000000086f00000|  0%| F|  |TAMS 0x0000000086e00000, 0x0000000086e00000| Untracked 
| 111|0x0000000086f00000, 0x0000000086f00000, 0x0000000087000000|  0%| F|  |TAMS 0x0000000086f00000, 0x0000000086f00000| Untracked 
| 112|0x0000000087000000, 0x0000000087000000, 0x0000000087100000|  0%| F|  |TAMS 0x0000000087000000, 0x0000000087000000| Untracked 
| 113|0x0000000087100000, 0x0000000087100000, 0x0000000087200000|  0%| F|  |TAMS 0x0000000087100000, 0x0000000087100000| Untracked 
| 114|0x0000000087200000, 0x0000000087200000, 0x0000000087300000|  0%| F|  |TAMS 0x0000000087200000, 0x0000000087200000| Untracked 
| 115|0x0000000087300000, 0x0000000087300000, 0x0000000087400000|  0%| F|  |TAMS 0x0000000087300000, 0x0000000087300000| Untracked 
| 116|0x0000000087400000, 0x0000000087400000, 0x0000000087500000|  0%| F|  |TAMS 0x0000000087400000, 0x0000000087400000| Untracked 
| 117|0x0000000087500000, 0x0000000087500000, 0x0000000087600000|  0%| F|  |TAMS 0x0000000087500000, 0x0000000087500000| Untracked 
| 118|0x0000000087600000, 0x0000000087600000, 0x0000000087700000|  0%| F|  |TAMS 0x0000000087600000, 0x0000000087600000| Untracked 
| 119|0x0000000087700000, 0x0000000087800000, 0x0000000087800000|100%| E|  |TAMS 0x0000000087700000, 0x0000000087700000| Complete 
| 120|0x0000000087800000, 0x0000000087900000, 0x0000000087900000|100%| E|CS|TAMS 0x0000000087800000, 0x0000000087800000| Complete 
| 121|0x0000000087900000, 0x0000000087a00000, 0x0000000087a00000|100%| E|CS|TAMS 0x0000000087900000, 0x0000000087900000| Complete 
| 122|0x0000000087a00000, 0x0000000087b00000, 0x0000000087b00000|100%| E|CS|TAMS 0x0000000087a00000, 0x0000000087a00000| Complete 
| 123|0x0000000087b00000, 0x0000000087c00000, 0x0000000087c00000|100%| E|CS|TAMS 0x0000000087b00000, 0x0000000087b00000| Complete 
| 124|0x0000000087c00000, 0x0000000087d00000, 0x0000000087d00000|100%| E|CS|TAMS 0x0000000087c00000, 0x0000000087c00000| Complete 
| 125|0x0000000087d00000, 0x0000000087e00000, 0x0000000087e00000|100%| E|CS|TAMS 0x0000000087d00000, 0x0000000087d00000| Complete 
| 126|0x0000000087e00000, 0x0000000087f00000, 0x0000000087f00000|100%| E|CS|TAMS 0x0000000087e00000, 0x0000000087e00000| Complete 
| 127|0x0000000087f00000, 0x0000000088000000, 0x0000000088000000|100%| E|CS|TAMS 0x0000000087f00000, 0x0000000087f00000| Complete 

Card table byte_map: [0x0000028e2df40000,0x0000028e2e340000] _byte_map_base: 0x0000028e2db40000

Marking Bits (Prev, Next): (CMBitMap*) 0x0000028e1b111928, (CMBitMap*) 0x0000028e1b111960
 Prev Bits: [0x0000028e2e740000, 0x0000028e30740000)
 Next Bits: [0x0000028e30740000, 0x0000028e32740000)

Polling page: 0x0000028e1a830000

Metaspace:

Usage:
  Non-class:     54.98 MB capacity,    54.01 MB ( 98%) used,   840.27 KB (  1%) free+waste,   159.63 KB ( <1%) overhead. 
      Class:      8.43 MB capacity,     7.86 MB ( 93%) used,   508.30 KB (  6%) free+waste,    74.63 KB ( <1%) overhead. 
       Both:     63.41 MB capacity,    61.86 MB ( 98%) used,     1.32 MB (  2%) free+waste,   234.25 KB ( <1%) overhead. 

Virtual space:
  Non-class space:       56.00 MB reserved,      55.06 MB ( 98%) committed 
      Class space:        1.00 GB reserved,       8.50 MB ( <1%) committed 
             Both:        1.05 GB reserved,      63.56 MB (  6%) committed 

Chunk freelists:
   Non-Class:  14.00 KB
       Class:  11.00 KB
        Both:  25.00 KB

MaxMetaspaceSize: 17179869184.00 GB
CompressedClassSpaceSize: 1.00 GB

CodeHeap 'non-profiled nmethods': size=120064Kb used=2994Kb max_used=2994Kb free=117069Kb
 bounds [0x0000028e26600000, 0x0000028e268f0000, 0x0000028e2db40000]
CodeHeap 'profiled nmethods': size=120000Kb used=13385Kb max_used=13385Kb free=106614Kb
 bounds [0x0000028e1f0d0000, 0x0000028e1fdf0000, 0x0000028e26600000]
CodeHeap 'non-nmethods': size=5696Kb used=2258Kb max_used=2292Kb free=3437Kb
 bounds [0x0000028e1eb40000, 0x0000028e1edb0000, 0x0000028e1f0d0000]
 total_blobs=6941 nmethods=6090 adapters=762
 compilation: enabled
              stopped_count=0, restarted_count=0
 full_count=0

Compilation events (20 events):
Event: 33.402 Thread 0x0000028e35516000 6130       3       java.lang.invoke.Invokers$Holder::linkToTargetMethod (10 bytes)
Event: 33.402 Thread 0x0000028e35516000 nmethod 6130 0x0000028e1fdbff90 code [0x0000028e1fdc0160, 0x0000028e1fdc0458]
Event: 33.402 Thread 0x0000028e35516000 6131       3       java.util.regex.Pattern$$Lambda$13/0x0000000100090040::get$Lambda (10 bytes)
Event: 33.402 Thread 0x0000028e35516000 nmethod 6131 0x0000028e1fdc0510 code [0x0000028e1fdc06c0, 0x0000028e1fdc08b8]
Event: 33.402 Thread 0x0000028e35516000 6132       3       java.util.regex.Pattern$$Lambda$13/0x0000000100090040::<init> (15 bytes)
Event: 33.403 Thread 0x0000028e35516000 nmethod 6132 0x0000028e1fdc0990 code [0x0000028e1fdc0b40, 0x0000028e1fdc0c98]
Event: 33.403 Thread 0x0000028e35516000 6133       3       java.util.regex.Pattern::Range (36 bytes)
Event: 33.403 Thread 0x0000028e35516000 nmethod 6133 0x0000028e1fdc0d90 code [0x0000028e1fdc0fa0, 0x0000028e1fdc1668]
Event: 33.404 Thread 0x0000028e35516000 6134       3       java.util.regex.Pattern$BmpCharPredicate::union (23 bytes)
Event: 33.405 Thread 0x0000028e35516000 nmethod 6134 0x0000028e1fdc1890 code [0x0000028e1fdc1aa0, 0x0000028e1fdc2268]
Event: 33.406 Thread 0x0000028e35516000 6135       3       kotlin.text.StringsKt__StringsKt::removePrefix (55 bytes)
Event: 33.408 Thread 0x0000028e35516000 nmethod 6135 0x0000028e1fdc2490 code [0x0000028e1fdc2780, 0x0000028e1fdc33b8]
Event: 33.409 Thread 0x0000028e35516000 6137       3       kotlin.text.Regex::<init> (23 bytes)
Event: 33.409 Thread 0x0000028e35516000 nmethod 6137 0x0000028e1fdc3890 code [0x0000028e1fdc3b00, 0x0000028e1fdc4378]
Event: 33.409 Thread 0x0000028e35516000 6138       3       kotlin.text.Regex::<init> (17 bytes)
Event: 33.410 Thread 0x0000028e35516000 nmethod 6138 0x0000028e1fdc4690 code [0x0000028e1fdc48c0, 0x0000028e1fdc4ef8]
Event: 33.410 Thread 0x0000028e35516000 6139       3       java.util.regex.Pattern$Begin::<init> (5 bytes)
Event: 33.410 Thread 0x0000028e35516000 nmethod 6139 0x0000028e1fdc5190 code [0x0000028e1fdc5360, 0x0000028e1fdc5598]
Event: 33.410 Thread 0x0000028e35516000 6136       1       com.android.tools.build.jetifier.processor.transform.TransformationContext::getVersions (5 bytes)
Event: 33.410 Thread 0x0000028e35516000 nmethod 6136 0x0000028e268ebc90 code [0x0000028e268ebe40, 0x0000028e268ebef8]

GC Heap History (20 events):
Event: 2.627 GC heap before
{Heap before GC invocations=0 (full 0):
 garbage-first heap   total 131072K, used 19456K [0x0000000080000000, 0x0000000100000000)
  region size 1024K, 14 young (14336K), 0 survivors (0K)
 Metaspace       used 6751K, capacity 6925K, committed 7168K, reserved 1056768K
  class space    used 582K, capacity 650K, committed 768K, reserved 1048576K
}
Event: 2.640 GC heap after
{Heap after GC invocations=1 (full 0):
 garbage-first heap   total 131072K, used 8155K [0x0000000080000000, 0x0000000100000000)
  region size 1024K, 2 young (2048K), 2 survivors (2048K)
 Metaspace       used 6751K, capacity 6925K, committed 7168K, reserved 1056768K
  class space    used 582K, capacity 650K, committed 768K, reserved 1048576K
}
Event: 3.771 GC heap before
{Heap before GC invocations=1 (full 0):
 garbage-first heap   total 131072K, used 19419K [0x0000000080000000, 0x0000000100000000)
  region size 1024K, 13 young (13312K), 2 survivors (2048K)
 Metaspace       used 9870K, capacity 10054K, committed 10112K, reserved 1058816K
  class space    used 1021K, capacity 1102K, committed 1152K, reserved 1048576K
}
Event: 3.776 GC heap after
{Heap after GC invocations=2 (full 0):
 garbage-first heap   total 131072K, used 9388K [0x0000000080000000, 0x0000000100000000)
  region size 1024K, 2 young (2048K), 2 survivors (2048K)
 Metaspace       used 9870K, capacity 10054K, committed 10112K, reserved 1058816K
  class space    used 1021K, capacity 1102K, committed 1152K, reserved 1048576K
}
Event: 5.982 GC heap before
{Heap before GC invocations=2 (full 0):
 garbage-first heap   total 131072K, used 38060K [0x0000000080000000, 0x0000000100000000)
  region size 1024K, 30 young (30720K), 2 survivors (2048K)
 Metaspace       used 10796K, capacity 11071K, committed 11264K, reserved 1058816K
  class space    used 1124K, capacity 1206K, committed 1280K, reserved 1048576K
}
Event: 5.988 GC heap after
{Heap after GC invocations=3 (full 0):
 garbage-first heap   total 131072K, used 12268K [0x0000000080000000, 0x0000000100000000)
  region size 1024K, 3 young (3072K), 3 survivors (3072K)
 Metaspace       used 10796K, capacity 11071K, committed 11264K, reserved 1058816K
  class space    used 1124K, capacity 1206K, committed 1280K, reserved 1048576K
}
Event: 11.046 GC heap before
{Heap before GC invocations=3 (full 0):
 garbage-first heap   total 131072K, used 77804K [0x0000000080000000, 0x0000000100000000)
  region size 1024K, 68 young (69632K), 3 survivors (3072K)
 Metaspace       used 20620K, capacity 21154K, committed 21296K, reserved 1069056K
  class space    used 2513K, capacity 2688K, committed 2688K, reserved 1048576K
}
Event: 11.061 GC heap after
{Heap after GC invocations=4 (full 0):
 garbage-first heap   total 131072K, used 17112K [0x0000000080000000, 0x0000000100000000)
  region size 1024K, 9 young (9216K), 9 survivors (9216K)
 Metaspace       used 20620K, capacity 21154K, committed 21296K, reserved 1069056K
  class space    used 2513K, capacity 2688K, committed 2688K, reserved 1048576K
}
Event: 13.869 GC heap before
{Heap before GC invocations=5 (full 0):
 garbage-first heap   total 131072K, used 83672K [0x0000000080000000, 0x0000000100000000)
  region size 1024K, 74 young (75776K), 9 survivors (9216K)
 Metaspace       used 27051K, capacity 27737K, committed 27824K, reserved 1073152K
  class space    used 3576K, capacity 3825K, committed 3840K, reserved 1048576K
}
Event: 13.884 GC heap after
{Heap after GC invocations=6 (full 0):
 garbage-first heap   total 131072K, used 19543K [0x0000000080000000, 0x0000000100000000)
  region size 1024K, 3 young (3072K), 3 survivors (3072K)
 Metaspace       used 27051K, capacity 27737K, committed 27824K, reserved 1073152K
  class space    used 3576K, capacity 3825K, committed 3840K, reserved 1048576K
}
Event: 16.193 GC heap before
{Heap before GC invocations=6 (full 0):
 garbage-first heap   total 131072K, used 59479K [0x0000000080000000, 0x0000000100000000)
  region size 1024K, 44 young (45056K), 3 survivors (3072K)
 Metaspace       used 34853K, capacity 35610K, committed 35708K, reserved 1081344K
  class space    used 4532K, capacity 4832K, committed 4864K, reserved 1048576K
}
Event: 16.217 GC heap after
{Heap after GC invocations=7 (full 0):
 garbage-first heap   total 131072K, used 22825K [0x0000000080000000, 0x0000000100000000)
  region size 1024K, 6 young (6144K), 6 survivors (6144K)
 Metaspace       used 34853K, capacity 35610K, committed 35708K, reserved 1081344K
  class space    used 4532K, capacity 4832K, committed 4864K, reserved 1048576K
}
Event: 19.023 GC heap before
{Heap before GC invocations=8 (full 0):
 garbage-first heap   total 131072K, used 91433K [0x0000000080000000, 0x0000000100000000)
  region size 1024K, 71 young (72704K), 6 survivors (6144K)
 Metaspace       used 39900K, capacity 40886K, committed 40956K, reserved 1085440K
  class space    used 5100K, capacity 5455K, committed 5504K, reserved 1048576K
}
Event: 19.042 GC heap after
{Heap after GC invocations=9 (full 0):
 garbage-first heap   total 131072K, used 27775K [0x0000000080000000, 0x0000000100000000)
  region size 1024K, 9 young (9216K), 9 survivors (9216K)
 Metaspace       used 39900K, capacity 40886K, committed 40956K, reserved 1085440K
  class space    used 5100K, capacity 5455K, committed 5504K, reserved 1048576K
}
Event: 22.119 GC heap before
{Heap before GC invocations=9 (full 0):
 garbage-first heap   total 131072K, used 94335K [0x0000000080000000, 0x0000000100000000)
  region size 1024K, 74 young (75776K), 9 survivors (9216K)
 Metaspace       used 45857K, capacity 47015K, committed 47228K, reserved 1089536K
  class space    used 5881K, capacity 6300K, committed 6400K, reserved 1048576K
}
Event: 22.140 GC heap after
{Heap after GC invocations=10 (full 0):
 garbage-first heap   total 131072K, used 29807K [0x0000000080000000, 0x0000000100000000)
  region size 1024K, 8 young (8192K), 8 survivors (8192K)
 Metaspace       used 45857K, capacity 47015K, committed 47228K, reserved 1089536K
  class space    used 5881K, capacity 6300K, committed 6400K, reserved 1048576K
}
Event: 28.824 GC heap before
{Heap before GC invocations=10 (full 0):
 garbage-first heap   total 131072K, used 100463K [0x0000000080000000, 0x0000000100000000)
  region size 1024K, 74 young (75776K), 8 survivors (8192K)
 Metaspace       used 50598K, capacity 51978K, committed 52220K, reserved 1095680K
  class space    used 6441K, capacity 6953K, committed 7040K, reserved 1048576K
}
Event: 28.848 GC heap after
{Heap after GC invocations=11 (full 0):
 garbage-first heap   total 131072K, used 42912K [0x0000000080000000, 0x0000000100000000)
  region size 1024K, 10 young (10240K), 10 survivors (10240K)
 Metaspace       used 50598K, capacity 51978K, committed 52220K, reserved 1095680K
  class space    used 6441K, capacity 6953K, committed 7040K, reserved 1048576K
}
Event: 31.089 GC heap before
{Heap before GC invocations=11 (full 0):
 garbage-first heap   total 131072K, used 92064K [0x0000000080000000, 0x0000000100000000)
  region size 1024K, 59 young (60416K), 10 survivors (10240K)
 Metaspace       used 58203K, capacity 59747K, committed 59900K, reserved 1101824K
  class space    used 7386K, capacity 7961K, committed 8064K, reserved 1048576K
}
Event: 31.121 GC heap after
{Heap after GC invocations=12 (full 0):
 garbage-first heap   total 131072K, used 46602K [0x0000000080000000, 0x0000000100000000)
  region size 1024K, 3 young (3072K), 3 survivors (3072K)
 Metaspace       used 58203K, capacity 59747K, committed 59900K, reserved 1101824K
  class space    used 7386K, capacity 7961K, committed 8064K, reserved 1048576K
}

Deoptimization events (20 events):
Event: 33.343 Thread 0x0000028e366e1000 Uncommon trap: trap_request=0xffffff4d fr.pc=0x0000028e2669daf8 relative=0x0000000000000698
Event: 33.343 Thread 0x0000028e366e1000 Uncommon trap: reason=unstable_if action=reinterpret pc=0x0000028e2669daf8 method=java.lang.AbstractStringBuilder.appendChars(Ljava/lang/CharSequence;II)V @ 43 c2
Event: 33.343 Thread 0x0000028e366e1000 DEOPT PACKING pc=0x0000028e2669daf8 sp=0x000000a3769f7180
Event: 33.343 Thread 0x0000028e366e1000 DEOPT UNPACKING pc=0x0000028e1eb678af sp=0x000000a3769f70b0 mode 2
Event: 33.343 Thread 0x0000028e366e1000 Uncommon trap: trap_request=0xffffff4d fr.pc=0x0000028e26652d88 relative=0x00000000000001c8
Event: 33.343 Thread 0x0000028e366e1000 Uncommon trap: reason=unstable_if action=reinterpret pc=0x0000028e26652d88 method=java.lang.AbstractStringBuilder.isLatin1()Z @ 10 c2
Event: 33.343 Thread 0x0000028e366e1000 DEOPT PACKING pc=0x0000028e26652d88 sp=0x000000a3769f7100
Event: 33.343 Thread 0x0000028e366e1000 DEOPT UNPACKING pc=0x0000028e1eb678af sp=0x000000a3769f7040 mode 2
Event: 33.345 Thread 0x0000028e366e1000 Uncommon trap: trap_request=0xffffff4d fr.pc=0x0000028e266099d4 relative=0x0000000000000034
Event: 33.345 Thread 0x0000028e366e1000 Uncommon trap: reason=unstable_if action=reinterpret pc=0x0000028e266099d4 method=java.lang.StringLatin1.canEncode(I)Z @ 4 c2
Event: 33.345 Thread 0x0000028e366e1000 DEOPT PACKING pc=0x0000028e266099d4 sp=0x000000a3769f7110
Event: 33.345 Thread 0x0000028e366e1000 DEOPT UNPACKING pc=0x0000028e1eb678af sp=0x000000a3769f70a0 mode 2
Event: 33.345 Thread 0x0000028e366e1000 Uncommon trap: trap_request=0xffffff4d fr.pc=0x0000028e26651a28 relative=0x0000000000000468
Event: 33.345 Thread 0x0000028e366e1000 Uncommon trap: reason=unstable_if action=reinterpret pc=0x0000028e26651a28 method=java.lang.AbstractStringBuilder.putStringAt(ILjava/lang/String;)V @ 8 c2
Event: 33.345 Thread 0x0000028e366e1000 DEOPT PACKING pc=0x0000028e26651a28 sp=0x000000a3769f71e0
Event: 33.345 Thread 0x0000028e366e1000 DEOPT UNPACKING pc=0x0000028e1eb678af sp=0x000000a3769f7140 mode 2
Event: 33.346 Thread 0x0000028e366e1000 Uncommon trap: trap_request=0xffffff4d fr.pc=0x0000028e26650bec relative=0x00000000000000cc
Event: 33.346 Thread 0x0000028e366e1000 Uncommon trap: reason=unstable_if action=reinterpret pc=0x0000028e26650bec method=java.lang.String.getBytes([BIB)V @ 5 c2
Event: 33.346 Thread 0x0000028e366e1000 DEOPT PACKING pc=0x0000028e26650bec sp=0x000000a3769f70f0
Event: 33.346 Thread 0x0000028e366e1000 DEOPT UNPACKING pc=0x0000028e1eb678af sp=0x000000a3769f70b8 mode 2

Classes redefined (0 events):
No events

Internal exceptions (20 events):
Event: 27.692 Thread 0x0000028e36e89000 Exception <a 'java/lang/NoSuchMethodError'{0x00000000855a35a0}: <clinit>> (0x00000000855a35a0) thrown at [./src/hotspot/share/prims/jni.cpp, line 1362]
Event: 27.695 Thread 0x0000028e36e89000 Exception <a 'java/lang/NoSuchMethodError'{0x00000000855ad388}: <clinit>> (0x00000000855ad388) thrown at [./src/hotspot/share/prims/jni.cpp, line 1362]
Event: 27.696 Thread 0x0000028e36e89000 Exception <a 'java/lang/NoSuchMethodError'{0x00000000855b77f0}: <clinit>> (0x00000000855b77f0) thrown at [./src/hotspot/share/prims/jni.cpp, line 1362]
Event: 27.703 Thread 0x0000028e36e89000 Exception <a 'java/lang/NoSuchMethodError'{0x00000000855cb2e8}: <clinit>> (0x00000000855cb2e8) thrown at [./src/hotspot/share/prims/jni.cpp, line 1362]
Event: 27.836 Thread 0x0000028e366e1000 Exception <a 'java/lang/ClassNotFoundException'{0x000000008542ade8}: build_6u9o6kasf5qtjjgdebdg3yc5cBeanInfo> (0x000000008542ade8) thrown at [./src/hotspot/share/classfile/systemDictionary.cpp, line 231]
Event: 27.837 Thread 0x0000028e366e1000 Exception <a 'java/lang/ClassNotFoundException'{0x0000000085435d10}: build_6u9o6kasf5qtjjgdebdg3yc5cCustomizer> (0x0000000085435d10) thrown at [./src/hotspot/share/classfile/systemDictionary.cpp, line 231]
Event: 27.867 Thread 0x0000028e366e1000 Exception <a 'java/lang/ClassNotFoundException'{0x00000000854b6138}: org/gradle/plugin/use/internal/PluginRequestCollector$PluginDependenciesSpecImplBeanInfo> (0x00000000854b6138) thrown at [./src/hotspot/share/classfile/systemDictionary.cpp, line 231]
Event: 27.869 Thread 0x0000028e366e1000 Exception <a 'java/lang/ClassNotFoundException'{0x00000000854e3fe8}: org/gradle/plugin/use/internal/PluginRequestCollector$PluginDependenciesSpecImplCustomizer> (0x00000000854e3fe8) thrown at [./src/hotspot/share/classfile/systemDictionary.cpp, line 231]
Event: 27.968 Thread 0x0000028e366e1000 Exception <a 'java/lang/ClassNotFoundException'{0x00000000851611e0}: org/gradle/api/internal/plugins/DefaultObjectConfigurationActionBeanInfo> (0x00000000851611e0) thrown at [./src/hotspot/share/classfile/systemDictionary.cpp, line 231]
Event: 27.969 Thread 0x0000028e366e1000 Exception <a 'java/lang/ClassNotFoundException'{0x00000000851947c8}: org/gradle/api/internal/plugins/DefaultObjectConfigurationActionCustomizer> (0x00000000851947c8) thrown at [./src/hotspot/share/classfile/systemDictionary.cpp, line 231]
Event: 28.386 Thread 0x0000028e366e1000 Exception <a 'java/lang/NoSuchMethodError'{0x0000000084764bb8}: 'java.lang.Object java.lang.invoke.DirectMethodHandle$Holder.invokeStatic(java.lang.Object, java.lang.Object, java.lang.Object, java.lang.Object, int)'> (0x0000000084764bb8) thrown at [./src/hotspot/share/interpreter/linkResolver.cpp, line 773]
Event: 28.387 Thread 0x0000028e366e1000 Exception <a 'java/lang/NoSuchMethodError'{0x00000000847695b0}: 'java.lang.Object java.lang.invoke.DirectMethodHandle$Holder.invokeSpecial(java.lang.Object, java.lang.Object, java.lang.Object, java.lang.Object, java.lang.Object, int)'> (0x00000000847695b0) thrown at [./src/hotspot/share/interpreter/linkResolver.cpp, line 773]
Event: 28.397 Thread 0x0000028e366e1000 Exception <a 'java/lang/NoSuchMethodError'{0x000000008476dbf0}: 'java.lang.Object java.lang.invoke.Invokers$Holder.linkToTargetMethod(java.lang.Object, java.lang.Object, java.lang.Object, int, java.lang.Object)'> (0x000000008476dbf0) thrown at [./src/hotspot/share/interpreter/linkResolver.cpp, line 773]
Event: 29.017 Thread 0x0000028e366e1000 Exception <a 'java/lang/NoSuchMethodError'{0x0000000087bbdf38}: 'java.lang.Object java.lang.invoke.DirectMethodHandle$Holder.invokeSpecial(java.lang.Object, java.lang.Object, int, int, java.lang.Object, java.lang.Object, java.lang.Object)'> (0x0000000087bbdf38) thrown at [./src/hotspot/share/interpreter/linkResolver.cpp, line 773]
Event: 29.017 Thread 0x0000028e366e1000 Exception <a 'java/lang/NoSuchMethodError'{0x0000000087bc24b8}: 'java.lang.Object java.lang.invoke.DelegatingMethodHandle$Holder.reinvoke_L(java.lang.Object, int, int, java.lang.Object, java.lang.Object, java.lang.Object)'> (0x0000000087bc24b8) thrown at [./src/hotspot/share/interpreter/linkResolver.cpp, line 773]
Event: 29.639 Thread 0x0000028e366e1000 Exception <a 'java/lang/NoSuchMethodError'{0x0000000086f56778}: 'int java.lang.invoke.DirectMethodHandle$Holder.invokeInterface(java.lang.Object, java.lang.Object, java.lang.Object, java.lang.Object)'> (0x0000000086f56778) thrown at [./src/hotspot/share/interpreter/linkResolver.cpp, line 773]
Event: 30.424 Thread 0x0000028e366e1000 Exception <a 'java/lang/NoSuchMethodError'{0x0000000085f1f198}: 'void java.lang.invoke.DirectMethodHandle$Holder.invokeInterface(java.lang.Object, java.lang.Object, java.lang.Object, java.lang.Object)'> (0x0000000085f1f198) thrown at [./src/hotspot/share/interpreter/linkResolver.cpp, line 773]
Event: 30.750 Thread 0x0000028e366e1000 Exception <a 'java/lang/IncompatibleClassChangeError'{0x00000000857431e8}: Found class java.lang.Object, but interface was expected> (0x00000000857431e8) thrown at [./src/hotspot/share/interpreter/linkResolver.cpp, line 839]
Event: 31.084 Thread 0x0000028e366e1000 Implicit null exception at 0x0000028e267c210b to 0x0000028e267c21e4
Event: 31.800 Thread 0x0000028e366e1000 Exception <a 'sun/nio/fs/WindowsException'{0x0000000087281f18}> (0x0000000087281f18) thrown at [./src/hotspot/share/prims/jni.cpp, line 615]

Events (20 events):
Event: 33.381 loading class com/android/tools/build/jetifier/processor/transform/proguard/ProGuardClassSpecParser$bodyReplacers$9
Event: 33.381 loading class com/android/tools/build/jetifier/processor/transform/proguard/ProGuardClassSpecParser$bodyReplacers$9 done
Event: 33.382 loading class com/android/tools/build/jetifier/processor/transform/proguard/ProGuardClassSpecParser$bodyReplacers$10
Event: 33.382 loading class com/android/tools/build/jetifier/processor/transform/proguard/ProGuardClassSpecParser$bodyReplacers$10 done
Event: 33.384 loading class com/android/tools/build/jetifier/processor/transform/proguard/ProGuardClassSpecParser$bodyReplacers$11
Event: 33.384 loading class com/android/tools/build/jetifier/processor/transform/proguard/ProGuardClassSpecParser$bodyReplacers$11 done
Event: 33.385 loading class com/android/tools/build/jetifier/processor/transform/proguard/ProGuardClassSpecParser$bodyReplacers$12
Event: 33.385 loading class com/android/tools/build/jetifier/processor/transform/proguard/ProGuardClassSpecParser$bodyReplacers$12 done
Event: 33.386 loading class com/android/tools/build/jetifier/processor/transform/proguard/ProGuardClassFilterParser
Event: 33.386 loading class com/android/tools/build/jetifier/processor/transform/proguard/ProGuardClassFilterParser done
Event: 33.388 loading class com/android/tools/build/jetifier/processor/transform/proguard/ProGuardClassFilterParser$Companion
Event: 33.388 loading class com/android/tools/build/jetifier/processor/transform/proguard/ProGuardClassFilterParser$Companion done
Event: 33.390 loading class com/android/tools/build/jetifier/processor/transform/proguard/ProGuardClassFilterParser$replacer$1
Event: 33.390 loading class com/android/tools/build/jetifier/processor/transform/proguard/ProGuardClassFilterParser$replacer$1 done
Event: 33.392 loading class com/android/tools/build/jetifier/processor/com/android/tools/build/jetifier/processor/transform/java/JavaTransformer
Event: 33.392 loading class com/android/tools/build/jetifier/processor/com/android/tools/build/jetifier/processor/transform/java/JavaTransformer done
Event: 33.410 loading class kotlin/collections/MapWithDefault
Event: 33.410 loading class kotlin/collections/MapWithDefault done
Event: 33.411 loading class com/android/build/gradle/internal/tasks/factory/TaskFactoryImpl
Event: 33.411 loading class com/android/build/gradle/internal/tasks/factory/TaskFactoryImpl done


Dynamic libraries:
0x00007ff70f6b0000 - 0x00007ff70f6ba000 	C:\Program Files\Android\Android Studio\jre\bin\java.exe
0x00007ffcbb810000 - 0x00007ffcbba05000 	C:\WINDOWS\SYSTEM32\ntdll.dll
0x00007ffcb9ab0000 - 0x00007ffcb9b6e000 	C:\WINDOWS\System32\KERNEL32.DLL
0x00007ffcb9520000 - 0x00007ffcb97e8000 	C:\WINDOWS\System32\KERNELBASE.dll
0x00007ffcb90f0000 - 0x00007ffcb91f0000 	C:\WINDOWS\System32\ucrtbase.dll
0x00007ffcb4a50000 - 0x00007ffcb4a67000 	C:\Program Files\Android\Android Studio\jre\bin\VCRUNTIME140.dll
0x00007ffcb2000000 - 0x00007ffcb2019000 	C:\Program Files\Android\Android Studio\jre\bin\jli.dll
0x00007ffcbb4b0000 - 0x00007ffcbb650000 	C:\WINDOWS\System32\USER32.dll
0x00007ffcb8f20000 - 0x00007ffcb8f42000 	C:\WINDOWS\System32\win32u.dll
0x00007ffcba280000 - 0x00007ffcba2ab000 	C:\WINDOWS\System32\GDI32.dll
0x00007ffcb91f0000 - 0x00007ffcb92fd000 	C:\WINDOWS\System32\gdi32full.dll
0x00007ffcb8fa0000 - 0x00007ffcb903d000 	C:\WINDOWS\System32\msvcp_win.dll
0x00007ffcaa930000 - 0x00007ffcaabca000 	C:\WINDOWS\WinSxS\amd64_microsoft.windows.common-controls_6595b64144ccf1df_6.0.19041.1110_none_60b5254171f9507e\COMCTL32.dll
0x00007ffcbadf0000 - 0x00007ffcbae8e000 	C:\WINDOWS\System32\msvcrt.dll
0x00007ffcbae90000 - 0x00007ffcbaec0000 	C:\WINDOWS\System32\IMM32.DLL
0x00007ffcadf70000 - 0x00007ffcae172000 	C:\WINDOWS\system32\tmumh\20019\AddOn\8.53.0.1135\TmUmEvt64.dll
0x00007ffcbb3d0000 - 0x00007ffcbb3d8000 	C:\WINDOWS\System32\PSAPI.DLL
0x00007ffcb9880000 - 0x00007ffcb992e000 	C:\WINDOWS\System32\ADVAPI32.dll
0x00007ffcb9ff0000 - 0x00007ffcba08c000 	C:\WINDOWS\System32\sechost.dll
0x00007ffcba150000 - 0x00007ffcba275000 	C:\WINDOWS\System32\RPCRT4.dll
0x000000006b400000 - 0x000000006b570000 	C:\WINDOWS\system32\tmumh\20019\TmMon\2.8.0.1054\tmmon64.dll
0x00007ffc98cb0000 - 0x00007ffc98d4d000 	C:\Program Files\Android\Android Studio\jre\bin\msvcp140.dll
0x00007ffc76260000 - 0x00007ffc76d2f000 	C:\Program Files\Android\Android Studio\jre\bin\server\jvm.dll
0x00007ffca4880000 - 0x00007ffca4889000 	C:\WINDOWS\SYSTEM32\WSOCK32.dll
0x00007ffcbac60000 - 0x00007ffcbaccb000 	C:\WINDOWS\System32\WS2_32.dll
0x00007ffcad960000 - 0x00007ffcad987000 	C:\WINDOWS\SYSTEM32\WINMM.dll
0x00007ffcad9b0000 - 0x00007ffcad9ba000 	C:\WINDOWS\SYSTEM32\VERSION.dll
0x00007ffcb6d30000 - 0x00007ffcb6d42000 	C:\WINDOWS\SYSTEM32\kernel.appcore.dll
0x00007ffcb1ed0000 - 0x00007ffcb1ee1000 	C:\Program Files\Android\Android Studio\jre\bin\verify.dll
0x00007ffca4d90000 - 0x00007ffca4f74000 	C:\WINDOWS\SYSTEM32\DBGHELP.DLL
0x00007ffca4850000 - 0x00007ffca487c000 	C:\WINDOWS\SYSTEM32\dbgcore.DLL
0x00007ffcb9330000 - 0x00007ffcb93b2000 	C:\WINDOWS\System32\bcryptPrimitives.dll
0x00007ffcb1ea0000 - 0x00007ffcb1ec9000 	C:\Program Files\Android\Android Studio\jre\bin\java.dll
0x00007ffcb6730000 - 0x00007ffcb673b000 	C:\Program Files\Android\Android Studio\jre\bin\jimage.dll
0x00007ffcab480000 - 0x00007ffcab498000 	C:\Program Files\Android\Android Studio\jre\bin\zip.dll
0x00007ffcba460000 - 0x00007ffcbaba4000 	C:\WINDOWS\System32\SHELL32.dll
0x00007ffcb7010000 - 0x00007ffcb77a4000 	C:\WINDOWS\SYSTEM32\windows.storage.dll
0x00007ffcbb070000 - 0x00007ffcbb3c5000 	C:\WINDOWS\System32\combase.dll
0x00007ffcb8970000 - 0x00007ffcb899e000 	C:\WINDOWS\SYSTEM32\Wldp.dll
0x00007ffcb9a00000 - 0x00007ffcb9aad000 	C:\WINDOWS\System32\SHCORE.dll
0x00007ffcba090000 - 0x00007ffcba0e5000 	C:\WINDOWS\System32\shlwapi.dll
0x00007ffcb8e60000 - 0x00007ffcb8e7f000 	C:\WINDOWS\SYSTEM32\profapi.dll
0x00007ffca8310000 - 0x00007ffca832a000 	C:\Program Files\Android\Android Studio\jre\bin\net.dll
0x00007ffcb4120000 - 0x00007ffcb422c000 	C:\WINDOWS\SYSTEM32\WINHTTP.dll
0x00007ffcb86d0000 - 0x00007ffcb873a000 	C:\WINDOWS\system32\mswsock.dll
0x00007ffca81f0000 - 0x00007ffca8204000 	C:\Program Files\Android\Android Studio\jre\bin\nio.dll
0x00007ffcb20a0000 - 0x00007ffcb20c7000 	C:\Users\PARVATHY\.gradle\native\8bec1ad78214c89d9ad589b4d07fe93259594b29d510b10fafb7a158f7737e5d\windows-amd64\native-platform.dll
0x00007ffc88f90000 - 0x00007ffc890cd000 	C:\Users\PARVATHY\.gradle\native\53dbd7edfb1c66fb8903c78663c9afc45aea4f116125fa6feffd364cf09443e8\windows-amd64\native-platform-file-events.dll
0x00007ffcb6680000 - 0x00007ffcb668a000 	C:\Program Files\Android\Android Studio\jre\bin\management.dll
0x00007ffcb2050000 - 0x00007ffcb205c000 	C:\Program Files\Android\Android Studio\jre\bin\management_ext.dll
0x00007ffcb88d0000 - 0x00007ffcb88e8000 	C:\WINDOWS\SYSTEM32\CRYPTSP.dll
0x00007ffcb7fe0000 - 0x00007ffcb8014000 	C:\WINDOWS\system32\rsaenh.dll
0x00007ffcb9300000 - 0x00007ffcb9327000 	C:\WINDOWS\System32\bcrypt.dll
0x00007ffcb8e20000 - 0x00007ffcb8e4e000 	C:\WINDOWS\SYSTEM32\USERENV.dll
0x00007ffcb88c0000 - 0x00007ffcb88cc000 	C:\WINDOWS\SYSTEM32\CRYPTBASE.dll
0x00007ffcb8370000 - 0x00007ffcb83ab000 	C:\WINDOWS\SYSTEM32\IPHLPAPI.DLL
0x00007ffcbb7c0000 - 0x00007ffcbb7c8000 	C:\WINDOWS\System32\NSI.dll
0x00007ffcaf050000 - 0x00007ffcaf067000 	C:\WINDOWS\SYSTEM32\dhcpcsvc6.DLL
0x00007ffcb00e0000 - 0x00007ffcb00fd000 	C:\WINDOWS\SYSTEM32\dhcpcsvc.DLL
0x00007ffcb83c0000 - 0x00007ffcb848b000 	C:\WINDOWS\SYSTEM32\DNSAPI.dll

dbghelp: loaded successfully - version: 4.0.5 - missing functions: none
symbol engine: initialized successfully - sym options: 0x614 - pdb path: .;C:\Program Files\Android\Android Studio\jre\bin;C:\WINDOWS\SYSTEM32;C:\WINDOWS\WinSxS\amd64_microsoft.windows.common-controls_6595b64144ccf1df_6.0.19041.1110_none_60b5254171f9507e;C:\WINDOWS\system32\tmumh\20019\AddOn\8.53.0.1135;C:\WINDOWS\system32\tmumh\20019\TmMon\2.8.0.1054;C:\Program Files\Android\Android Studio\jre\bin\server;C:\Users\PARVATHY\.gradle\native\8bec1ad78214c89d9ad589b4d07fe93259594b29d510b10fafb7a158f7737e5d\windows-amd64;C:\Users\PARVATHY\.gradle\native\53dbd7edfb1c66fb8903c78663c9afc45aea4f116125fa6feffd364cf09443e8\windows-amd64

VM Arguments:
jvm_args: --add-opens=java.base/java.util=ALL-UNNAMED --add-opens=java.base/java.lang=ALL-UNNAMED --add-opens=java.base/java.lang.invoke=ALL-UNNAMED --add-opens=java.base/java.util=ALL-UNNAMED --add-opens=java.prefs/java.util.prefs=ALL-UNNAMED --add-opens=java.prefs/java.util.prefs=ALL-UNNAMED --add-opens=java.base/java.nio.charset=ALL-UNNAMED --add-opens=java.base/java.net=ALL-UNNAMED --add-opens=java.base/java.util.concurrent.atomic=ALL-UNNAMED -Xmx2048m -Dfile.encoding=UTF-8 -Duser.country=US -Duser.language=en -Duser.variant 
java_command: org.gradle.launcher.daemon.bootstrap.GradleDaemon 7.0.2
java_class_path (initial): C:\Users\PARVATHY\.gradle\wrapper\dists\gradle-7.0.2-bin\857tjihv64xamwrf0h14cai3r\gradle-7.0.2\lib\gradle-launcher-7.0.2.jar
Launcher Type: SUN_STANDARD

[Global flags]
     intx CICompilerCount                          = 3                                         {product} {ergonomic}
     uint ConcGCThreads                            = 1                                         {product} {ergonomic}
     uint G1ConcRefinementThreads                  = 4                                         {product} {ergonomic}
   size_t G1HeapRegionSize                         = 1048576                                   {product} {ergonomic}
    uintx GCDrainStackTargetSize                   = 64                                        {product} {ergonomic}
   size_t InitialHeapSize                          = 134217728                                 {product} {ergonomic}
   size_t MarkStackSize                            = 4194304                                   {product} {ergonomic}
   size_t MaxHeapSize                              = 2147483648                                {product} {command line}
   size_t MaxNewSize                               = 1287651328                                {product} {ergonomic}
   size_t MinHeapDeltaBytes                        = 1048576                                   {product} {ergonomic}
    uintx NonNMethodCodeHeapSize                   = 5830732                                {pd product} {ergonomic}
    uintx NonProfiledCodeHeapSize                  = 122913754                              {pd product} {ergonomic}
    uintx ProfiledCodeHeapSize                     = 122913754                              {pd product} {ergonomic}
    uintx ReservedCodeCacheSize                    = 251658240                              {pd product} {ergonomic}
     bool SegmentedCodeCache                       = true                                      {product} {ergonomic}
     bool UseCompressedClassPointers               = true                                 {lp64_product} {ergonomic}
     bool UseCompressedOops                        = true                                 {lp64_product} {ergonomic}
     bool UseG1GC                                  = true                                      {product} {ergonomic}
     bool UseLargePagesIndividualAllocation        = false                                  {pd product} {ergonomic}

Logging:
Log output configuration:
 #0: stdout all=warning uptime,level,tags
 #1: stderr all=off uptime,level,tags

Environment Variables:
PATH=C:\Program Files\Java\jdk1.8.0_131\bin;C:\ProgramData\Oracle\Java\javapath;C:\WINDOWS\system32;C:\WINDOWS;C:\WINDOWS\System32\Wbem;C:\WINDOWS\System32\WindowsPowerShell\v1.0\;C:\WINDOWS\System32\OpenSSH\;C:\Program Files (x86)\AOMEI\AOMEI Backupper 6.4.0;C:\Program Files\Git\cmd;C:\Program Files\nodejs\;C:\Users\PARVATHY\AppData\Local\Microsoft\WindowsApps;C:\Program Files\heroku\bin;C:\Program Files\sfdx\bin;F:\Microsoft VS Code\bin;C:\Users\PARVATHY\AppData\Roaming\npm
USERNAME=PARVATHY
OS=Windows_NT
PROCESSOR_IDENTIFIER=Intel64 Family 6 Model 61 Stepping 4, GenuineIntel



---------------  S Y S T E M  ---------------

OS: Windows 10 , 64 bit Build 19041 (10.0.19041.1503)
OS uptime: 5 days 1:26 hours

CPU:total 4 (initial active 4) (2 cores per cpu, 2 threads per core) family 6 model 61 stepping 4 microcode 0x2d, cmov, cx8, fxsr, mmx, sse, sse2, sse3, ssse3, sse4.1, sse4.2, popcnt, avx, avx2, aes, clmul, erms, 3dnowpref, lzcnt, ht, tsc, tscinvbit, bmi1, bmi2, adx, fma

Memory: 4k page, system-wide physical 8103M (264M free)
TotalPageFile size 10603M (AvailPageFile size 2M)
current process WorkingSet (physical memory assigned to process): 311M, peak: 311M
current process commit charge ("private bytes"): 342M, peak: 343M

vm_info: OpenJDK 64-Bit Server VM (11.0.10+0-b96-7249189) for windows-amd64 JRE (11.0.10+0-b96-7249189), built on Mar 31 2021 21:44:00 by "builder" with MS VC++ 14.0 (VS2015)

END.
