#
# There is insufficient memory for the Java Runtime Environment to continue.
# Native memory allocation (malloc) failed to allocate 1856336 bytes for Chunk::new
# Possible reasons:
#   The system is out of physical RAM or swap space
#   The process is running with CompressedOops enabled, and the Java Heap may be blocking the growth of the native heap
# Possible solutions:
#   Reduce memory load on the system
#   Increase physical memory or swap space
#   Check if swap backing store is full
#   Decrease Java heap size (-Xmx/-Xms)
#   Decrease number of Java threads
#   Decrease Java thread stack sizes (-Xss)
#   Set larger code cache with -XX:ReservedCodeCacheSize=
#   JVM is running with Unscaled Compressed Oops mode in which the Java heap is
#     placed in the first 4GB address space. The Java Heap base address is the
#     maximum limit for the native heap growth. Please use -XX:HeapBaseMinAddress
#     to set the Java Heap base and to place the Java Heap above 4GB virtual address.
# This output file may be truncated or incomplete.
#
#  Out of Memory Error (./src/hotspot/share/memory/arena.cpp:197), pid=12544, tid=18272
#
# JRE version: OpenJDK Runtime Environment (11.0.10) (build 11.0.10+0-b96-7249189)
# Java VM: OpenJDK 64-Bit Server VM (11.0.10+0-b96-7249189, mixed mode, tiered, compressed oops, g1 gc, windows-amd64)
# No core dump will be written. Minidumps are not enabled by default on client versions of Windows
#

---------------  S U M M A R Y ------------

Command Line: --add-opens=java.base/java.util=ALL-UNNAMED --add-opens=java.base/java.lang=ALL-UNNAMED --add-opens=java.base/java.lang.invoke=ALL-UNNAMED --add-opens=java.base/java.util=ALL-UNNAMED --add-opens=java.prefs/java.util.prefs=ALL-UNNAMED --add-opens=java.prefs/java.util.prefs=ALL-UNNAMED --add-opens=java.base/java.nio.charset=ALL-UNNAMED --add-opens=java.base/java.net=ALL-UNNAMED --add-opens=java.base/java.util.concurrent.atomic=ALL-UNNAMED -Xmx2048m -Dfile.encoding=UTF-8 -Duser.country=US -Duser.language=en -Duser.variant org.gradle.launcher.daemon.bootstrap.GradleDaemon 7.0.2

Host: Intel(R) Core(TM) i5-5200U CPU @ 2.20GHz, 4 cores, 7G,  Windows 10 , 64 bit Build 19041 (10.0.19041.1503)
Time: Sat Mar 12 15:25:42 2022 India Standard Time elapsed time: 60.881089 seconds (0d 0h 1m 0s)

---------------  T H R E A D  ---------------

Current thread (0x000001d513a9a800):  JavaThread "C2 CompilerThread0" daemon [_thread_in_native, id=18272, stack(0x000000d25f400000,0x000000d25f500000)]


Current CompileTask:
C2:  60881 11415       4       java.net.URLClassLoader$1::run (5 bytes)

Stack: [0x000000d25f400000,0x000000d25f500000]
Native frames: (J=compiled Java code, j=interpreted, Vv=VM code, C=native code)
V  [jvm.dll+0x5ecfaa]
V  [jvm.dll+0x722bd5]
V  [jvm.dll+0x72412d]
V  [jvm.dll+0x7247e3]
V  [jvm.dll+0x242928]
V  [jvm.dll+0xbc4fc]
V  [jvm.dll+0xbca0c]
V  [jvm.dll+0x352d7d]
V  [jvm.dll+0x320ad3]
V  [jvm.dll+0x31ffca]
V  [jvm.dll+0x1fb602]
V  [jvm.dll+0x1fa7f4]
V  [jvm.dll+0x18354c]
V  [jvm.dll+0x208ee7]
V  [jvm.dll+0x207731]
V  [jvm.dll+0x6eb1cf]
V  [jvm.dll+0x6e3d45]
V  [jvm.dll+0x5ebe96]
C  [ucrtbase.dll+0x21bb2]
C  [KERNEL32.DLL+0x17034]
C  [ntdll.dll+0x52651]


---------------  P R O C E S S  ---------------

Threads class SMR info:
_java_thread_list=0x000001d51a62f4e0, length=51, elements={
0x000001d579603800, 0x000001d513a34000, 0x000001d513a38000, 0x000001d513a94800,
0x000001d513a96000, 0x000001d513a97800, 0x000001d513a9a800, 0x000001d513aa1800,
0x000001d513af2800, 0x000001d513bfd000, 0x000001d515d0d800, 0x000001d515c1c800,
0x000001d514afa800, 0x000001d515228800, 0x000001d5149dc800, 0x000001d515f55000,
0x000001d514f22800, 0x000001d515ff8000, 0x000001d514bd8000, 0x000001d514bda800,
0x000001d514bd9000, 0x000001d514bd9800, 0x000001d514bdd000, 0x000001d514bdb800,
0x000001d514bd7000, 0x000001d514bdc000, 0x000001d514bdd800, 0x000001d5153b5800,
0x000001d5153b5000, 0x000001d5153b6800, 0x000001d5153ba800, 0x000001d5153bc000,
0x000001d5153bd000, 0x000001d5153be000, 0x000001d5153b9000, 0x000001d5153b8000,
0x000001d5153bf800, 0x000001d5153be800, 0x000001d5153b9800, 0x000001d5153c2800,
0x000001d5153c3800, 0x000001d5153c1000, 0x000001d51adba800, 0x000001d51adc0800,
0x000001d51adbe800, 0x000001d51adbd000, 0x000001d51adbb800, 0x000001d51adbc800,
0x000001d51adc3000, 0x000001d5199b3000, 0x000001d51adc5000
}

Java Threads: ( => current thread )
  0x000001d579603800 JavaThread "main" [_thread_blocked, id=7708, stack(0x000000d25e800000,0x000000d25e900000)]
  0x000001d513a34000 JavaThread "Reference Handler" daemon [_thread_blocked, id=10916, stack(0x000000d25ef00000,0x000000d25f000000)]
  0x000001d513a38000 JavaThread "Finalizer" daemon [_thread_blocked, id=11024, stack(0x000000d25f000000,0x000000d25f100000)]
  0x000001d513a94800 JavaThread "Signal Dispatcher" daemon [_thread_blocked, id=17112, stack(0x000000d25f100000,0x000000d25f200000)]
  0x000001d513a96000 JavaThread "Attach Listener" daemon [_thread_blocked, id=8912, stack(0x000000d25f200000,0x000000d25f300000)]
  0x000001d513a97800 JavaThread "Service Thread" daemon [_thread_blocked, id=18764, stack(0x000000d25f300000,0x000000d25f400000)]
=>0x000001d513a9a800 JavaThread "C2 CompilerThread0" daemon [_thread_in_native, id=18272, stack(0x000000d25f400000,0x000000d25f500000)]
  0x000001d513aa1800 JavaThread "C1 CompilerThread0" daemon [_thread_blocked, id=14204, stack(0x000000d25f500000,0x000000d25f600000)]
  0x000001d513af2800 JavaThread "Sweeper thread" daemon [_thread_blocked, id=18616, stack(0x000000d25f600000,0x000000d25f700000)]
  0x000001d513bfd000 JavaThread "Common-Cleaner" daemon [_thread_blocked, id=9528, stack(0x000000d25f700000,0x000000d25f800000)]
  0x000001d515d0d800 JavaThread "Daemon health stats" [_thread_blocked, id=2256, stack(0x000000d25fc00000,0x000000d25fd00000)]
  0x000001d515c1c800 JavaThread "Incoming local TCP Connector on port 57393" [_thread_in_native, id=10388, stack(0x000000d25fb00000,0x000000d25fc00000)]
  0x000001d514afa800 JavaThread "Daemon" [_thread_blocked, id=4380, stack(0x000000d25fd00000,0x000000d25fe00000)]
  0x000001d515228800 JavaThread "Handler for socket connection from /127.0.0.1:57393 to /127.0.0.1:57394" [_thread_in_native, id=13640, stack(0x000000d25fe00000,0x000000d25ff00000)]
  0x000001d5149dc800 JavaThread "Daemon periodic checks" [_thread_blocked, id=7928, stack(0x000000d25ff00000,0x000000d260000000)]
  0x000001d515f55000 JavaThread "Cancel handler" [_thread_blocked, id=14700, stack(0x000000d260000000,0x000000d260100000)]
  0x000001d514f22800 JavaThread "Daemon worker" [_thread_blocked, id=16900, stack(0x000000d260100000,0x000000d260200000)]
  0x000001d515ff8000 JavaThread "Asynchronous log dispatcher for DefaultDaemonConnection: socket connection from /127.0.0.1:57393 to /127.0.0.1:57394" [_thread_blocked, id=15148, stack(0x000000d260200000,0x000000d260300000)]
  0x000001d514bd8000 JavaThread "Stdin handler" [_thread_blocked, id=17448, stack(0x000000d260300000,0x000000d260400000)]
  0x000001d514bda800 JavaThread "Daemon client event forwarder" [_thread_blocked, id=7000, stack(0x000000d260400000,0x000000d260500000)]
  0x000001d514bd9000 JavaThread "Cache worker for file hash cache (C:\Users\PARVATHY\.gradle\caches\7.0.2\fileHashes)" [_thread_blocked, id=13760, stack(0x000000d260500000,0x000000d260600000)]
  0x000001d514bd9800 JavaThread "File lock request listener" [_thread_in_native, id=16800, stack(0x000000d260600000,0x000000d260700000)]
  0x000001d514bdd000 JavaThread "Cache worker for journal cache (C:\Users\PARVATHY\.gradle\caches\journal-1)" [_thread_blocked, id=11052, stack(0x000000d260800000,0x000000d260900000)]
  0x000001d514bdb800 JavaThread "Cache worker for file hash cache (E:\Rajagiri\Sem 6\Lead Manager App\.gradle\7.0.2\fileHashes)" [_thread_blocked, id=18484, stack(0x000000d260900000,0x000000d260a00000)]
  0x000001d514bd7000 JavaThread "File watcher server" daemon [_thread_in_native, id=1800, stack(0x000000d260b00000,0x000000d260c00000)]
  0x000001d514bdc000 JavaThread "File watcher consumer" daemon [_thread_blocked, id=16548, stack(0x000000d260c00000,0x000000d260d00000)]
  0x000001d514bdd800 JavaThread "Cache worker for checksums cache (E:\Rajagiri\Sem 6\Lead Manager App\.gradle\checksums)" [_thread_blocked, id=13936, stack(0x000000d260a00000,0x000000d260b00000)]
  0x000001d5153b5800 JavaThread "Cache worker for cache directory md-supplier (C:\Users\PARVATHY\.gradle\caches\7.0.2\md-supplier)" [_thread_blocked, id=9488, stack(0x000000d260d00000,0x000000d260e00000)]
  0x000001d5153b5000 JavaThread "Cache worker for cache directory md-rule (C:\Users\PARVATHY\.gradle\caches\7.0.2\md-rule)" [_thread_blocked, id=12232, stack(0x000000d260f00000,0x000000d261000000)]
  0x000001d5153b6800 JavaThread "Cache worker for execution history cache (C:\Users\PARVATHY\.gradle\caches\7.0.2\executionHistory)" [_thread_blocked, id=17760, stack(0x000000d261000000,0x000000d261100000)]
  0x000001d5153ba800 JavaThread "jar transforms" [_thread_blocked, id=17916, stack(0x000000d261100000,0x000000d261200000)]
  0x000001d5153bc000 JavaThread "jar transforms Thread 2" [_thread_blocked, id=14772, stack(0x000000d261200000,0x000000d261300000)]
  0x000001d5153bd000 JavaThread "Cache worker for file content cache (C:\Users\PARVATHY\.gradle\caches\7.0.2\fileContent)" [_thread_blocked, id=14276, stack(0x000000d261300000,0x000000d261400000)]
  0x000001d5153be000 JavaThread "Cache worker for dependencies-accessors (E:\Rajagiri\Sem 6\Lead Manager App\.gradle\7.0.2\dependencies-accessors)" [_thread_blocked, id=4188, stack(0x000000d261400000,0x000000d261500000)]
  0x000001d5153b9000 JavaThread "jar transforms Thread 3" [_thread_blocked, id=16308, stack(0x000000d261500000,0x000000d261600000)]
  0x000001d5153b8000 JavaThread "Cache worker for Build Output Cleanup Cache (E:\Rajagiri\Sem 6\Lead Manager App\.gradle\buildOutputCleanup)" [_thread_blocked, id=18476, stack(0x000000d260e00000,0x000000d260f00000)]
  0x000001d5153bf800 JavaThread "Build operations" [_thread_in_native, id=17160, stack(0x000000d261700000,0x000000d261800000)]
  0x000001d5153be800 JavaThread "Build operations Thread 2" [_thread_blocked, id=6704, stack(0x000000d261800000,0x000000d261900000)]
  0x000001d5153b9800 JavaThread "Build operations Thread 3" [_thread_blocked, id=17664, stack(0x000000d261900000,0x000000d261a00000)]
  0x000001d5153c2800 JavaThread "Build operations Thread 4" [_thread_in_native, id=788, stack(0x000000d261a00000,0x000000d261b00000)]
  0x000001d5153c3800 JavaThread "jar transforms Thread 4" [_thread_blocked, id=19096, stack(0x000000d261b00000,0x000000d261c00000)]
  0x000001d5153c1000 JavaThread "Memory manager" [_thread_blocked, id=15996, stack(0x000000d261c00000,0x000000d261d00000)]
  0x000001d51adba800 JavaThread "build event listener" [_thread_blocked, id=2820, stack(0x000000d261f00000,0x000000d262000000)]
  0x000001d51adc0800 JavaThread "Execution worker for ':'" [_thread_in_native, id=10612, stack(0x000000d262000000,0x000000d262100000)]
  0x000001d51adbe800 JavaThread "Execution worker for ':' Thread 2" [_thread_blocked, id=592, stack(0x000000d262100000,0x000000d262200000)]
  0x000001d51adbd000 JavaThread "Execution worker for ':' Thread 3" [_thread_blocked, id=2896, stack(0x000000d262200000,0x000000d262300000)]
  0x000001d51adbb800 JavaThread "Cache worker for execution history cache (E:\Rajagiri\Sem 6\Lead Manager App\.gradle\7.0.2\executionHistory)" [_thread_blocked, id=17656, stack(0x000000d262300000,0x000000d262400000)]
  0x000001d51adbc800 JavaThread "WorkerExecutor Queue" [_thread_in_vm, id=16432, stack(0x000000d262400000,0x000000d262500000)]
  0x000001d51adc3000 JavaThread "WorkerExecutor Queue Thread 2" [_thread_blocked, id=3892, stack(0x000000d262500000,0x000000d262600000)]
  0x000001d5199b3000 JavaThread "C2 CompilerThread1" daemon [_thread_in_native, id=600, stack(0x000000d261600000,0x000000d261700000)]
  0x000001d51adc5000 JavaThread "WorkerExecutor Queue Thread 3" [_thread_blocked, id=5312, stack(0x000000d262600000,0x000000d262700000)]

Other Threads:
  0x000001d513a30000 VMThread "VM Thread" [stack: 0x000000d25ee00000,0x000000d25ef00000] [id=18196]
  0x000001d513c34000 WatcherThread [stack: 0x000000d25f800000,0x000000d25f900000] [id=2156]
  0x000001d57961b800 GCTaskThread "GC Thread#0" [stack: 0x000000d25e900000,0x000000d25ea00000] [id=14600]
  0x000001d514502800 GCTaskThread "GC Thread#1" [stack: 0x000000d25f900000,0x000000d25fa00000] [id=16352]
  0x000001d514503800 GCTaskThread "GC Thread#2" [stack: 0x000000d25fa00000,0x000000d25fb00000] [id=14476]
  0x000001d515a15800 GCTaskThread "GC Thread#3" [stack: 0x000000d260700000,0x000000d260800000] [id=4048]
  0x000001d57964d000 ConcurrentGCThread "G1 Main Marker" [stack: 0x000000d25ea00000,0x000000d25eb00000] [id=13600]
  0x000001d57964e000 ConcurrentGCThread "G1 Conc#0" [stack: 0x000000d25eb00000,0x000000d25ec00000] [id=15576]
  0x000001d51307e800 ConcurrentGCThread "G1 Refine#0" [stack: 0x000000d25ec00000,0x000000d25ed00000] [id=7684]
  0x000001d51307f800 ConcurrentGCThread "G1 Young RemSet Sampling" [stack: 0x000000d25ed00000,0x000000d25ee00000] [id=2592]

Threads with active compile tasks:
C2 CompilerThread0  61473 11415       4       java.net.URLClassLoader$1::run (5 bytes)
C2 CompilerThread1  61473 11416   !   4       java.net.URLClassLoader$1::run (63 bytes)

VM state:not at safepoint (normal execution)

VM Mutex/Monitor currently owned by a thread: None

Heap address: 0x0000000080000000, size: 2048 MB, Compressed Oops mode: 32-bit
Narrow klass base: 0x0000000000000000, Narrow klass shift: 3
Compressed class space size: 1073741824 Address: 0x0000000100000000

Heap:
 garbage-first heap   total 131072K, used 91336K [0x0000000080000000, 0x0000000100000000)
  region size 1024K, 18 young (18432K), 2 survivors (2048K)
 Metaspace       used 88849K, capacity 90970K, committed 91196K, reserved 1128448K
  class space    used 11236K, capacity 12020K, committed 12032K, reserved 1048576K
Heap Regions: E=young(eden), S=young(survivor), O=old, HS=humongous(starts), HC=humongous(continues), CS=collection set, F=free, A=archive, TAMS=top-at-mark-start (previous, next)
|   0|0x0000000080000000, 0x0000000080100000, 0x0000000080100000|100%| O|  |TAMS 0x0000000080100000, 0x0000000080000000| Complete 
|   1|0x0000000080100000, 0x0000000080200000, 0x0000000080200000|100%| O|  |TAMS 0x0000000080200000, 0x0000000080100000| Untracked 
|   2|0x0000000080200000, 0x0000000080300000, 0x0000000080300000|100%| O|  |TAMS 0x0000000080300000, 0x0000000080200000| Untracked 
|   3|0x0000000080300000, 0x0000000080400000, 0x0000000080400000|100%|HS|  |TAMS 0x0000000080400000, 0x0000000080300000| Complete 
|   4|0x0000000080400000, 0x0000000080500000, 0x0000000080500000|100%|HC|  |TAMS 0x0000000080500000, 0x0000000080400000| Complete 
|   5|0x0000000080500000, 0x0000000080600000, 0x0000000080600000|100%|HC|  |TAMS 0x0000000080600000, 0x0000000080500000| Complete 
|   6|0x0000000080600000, 0x0000000080700000, 0x0000000080700000|100%| O|  |TAMS 0x0000000080700000, 0x0000000080600000| Untracked 
|   7|0x0000000080700000, 0x00000000807ffff8, 0x0000000080800000| 99%| O|  |TAMS 0x00000000807ffff8, 0x0000000080700000| Untracked 
|   8|0x0000000080800000, 0x0000000080900000, 0x0000000080900000|100%| O|  |TAMS 0x0000000080900000, 0x0000000080800000| Untracked 
|   9|0x0000000080900000, 0x0000000080a00000, 0x0000000080a00000|100%| O|  |TAMS 0x0000000080a00000, 0x0000000080900000| Untracked 
|  10|0x0000000080a00000, 0x0000000080b00000, 0x0000000080b00000|100%| O|  |TAMS 0x0000000080b00000, 0x0000000080a00000| Untracked 
|  11|0x0000000080b00000, 0x0000000080c00000, 0x0000000080c00000|100%| O|  |TAMS 0x0000000080c00000, 0x0000000080b00000| Untracked 
|  12|0x0000000080c00000, 0x0000000080d00000, 0x0000000080d00000|100%| O|  |TAMS 0x0000000080d00000, 0x0000000080c00000| Untracked 
|  13|0x0000000080d00000, 0x0000000080e00000, 0x0000000080e00000|100%| O|  |TAMS 0x0000000080e00000, 0x0000000080d00000| Untracked 
|  14|0x0000000080e00000, 0x0000000080f00000, 0x0000000080f00000|100%| O|  |TAMS 0x0000000080f00000, 0x0000000080e00000| Untracked 
|  15|0x0000000080f00000, 0x0000000081000000, 0x0000000081000000|100%| O|  |TAMS 0x0000000081000000, 0x0000000080f00000| Untracked 
|  16|0x0000000081000000, 0x0000000081100000, 0x0000000081100000|100%|HS|  |TAMS 0x0000000081100000, 0x0000000081000000| Complete 
|  17|0x0000000081100000, 0x0000000081200000, 0x0000000081200000|100%| O|  |TAMS 0x0000000081200000, 0x0000000081100000| Untracked 
|  18|0x0000000081200000, 0x0000000081300000, 0x0000000081300000|100%| O|  |TAMS 0x0000000081300000, 0x0000000081200000| Untracked 
|  19|0x0000000081300000, 0x0000000081400000, 0x0000000081400000|100%| O|  |TAMS 0x0000000081400000, 0x0000000081300000| Untracked 
|  20|0x0000000081400000, 0x0000000081500000, 0x0000000081500000|100%| O|  |TAMS 0x0000000081500000, 0x0000000081400000| Complete 
|  21|0x0000000081500000, 0x0000000081600000, 0x0000000081600000|100%| O|  |TAMS 0x0000000081600000, 0x0000000081500000| Complete 
|  22|0x0000000081600000, 0x0000000081700000, 0x0000000081700000|100%| O|  |TAMS 0x0000000081700000, 0x0000000081600000| Untracked 
|  23|0x0000000081700000, 0x0000000081800000, 0x0000000081800000|100%|HS|  |TAMS 0x0000000081800000, 0x0000000081700000| Complete 
|  24|0x0000000081800000, 0x0000000081900000, 0x0000000081900000|100%|HS|  |TAMS 0x0000000081900000, 0x0000000081800000| Complete 
|  25|0x0000000081900000, 0x0000000081a00000, 0x0000000081a00000|100%|HC|  |TAMS 0x0000000081a00000, 0x0000000081900000| Complete 
|  26|0x0000000081a00000, 0x0000000081b00000, 0x0000000081b00000|100%| O|  |TAMS 0x0000000081b00000, 0x0000000081a00000| Untracked 
|  27|0x0000000081b00000, 0x0000000081c00000, 0x0000000081c00000|100%| O|  |TAMS 0x0000000081c00000, 0x0000000081b00000| Untracked 
|  28|0x0000000081c00000, 0x0000000081d00000, 0x0000000081d00000|100%| O|  |TAMS 0x0000000081d00000, 0x0000000081c00000| Untracked 
|  29|0x0000000081d00000, 0x0000000081e00000, 0x0000000081e00000|100%| O|  |TAMS 0x0000000081e00000, 0x0000000081d00000| Untracked 
|  30|0x0000000081e00000, 0x0000000081f00000, 0x0000000081f00000|100%| O|  |TAMS 0x0000000081f00000, 0x0000000081e00000| Untracked 
|  31|0x0000000081f00000, 0x0000000082000000, 0x0000000082000000|100%| O|  |TAMS 0x0000000082000000, 0x0000000081f00000| Complete 
|  32|0x0000000082000000, 0x0000000082100000, 0x0000000082100000|100%| O|  |TAMS 0x0000000082100000, 0x0000000082000000| Untracked 
|  33|0x0000000082100000, 0x0000000082200000, 0x0000000082200000|100%| O|  |TAMS 0x0000000082200000, 0x0000000082100000| Untracked 
|  34|0x0000000082200000, 0x0000000082300000, 0x0000000082300000|100%| O|  |TAMS 0x0000000082300000, 0x0000000082200000| Complete 
|  35|0x0000000082300000, 0x0000000082400000, 0x0000000082400000|100%| O|  |TAMS 0x0000000082400000, 0x0000000082300000| Untracked 
|  36|0x0000000082400000, 0x0000000082500000, 0x0000000082500000|100%| O|  |TAMS 0x0000000082500000, 0x0000000082400000| Untracked 
|  37|0x0000000082500000, 0x0000000082600000, 0x0000000082600000|100%| O|  |TAMS 0x0000000082600000, 0x0000000082500000| Untracked 
|  38|0x0000000082600000, 0x0000000082700000, 0x0000000082700000|100%| O|  |TAMS 0x0000000082700000, 0x0000000082600000| Untracked 
|  39|0x0000000082700000, 0x0000000082800000, 0x0000000082800000|100%| O|  |TAMS 0x0000000082800000, 0x0000000082700000| Untracked 
|  40|0x0000000082800000, 0x0000000082900000, 0x0000000082900000|100%| O|  |TAMS 0x0000000082900000, 0x0000000082800000| Untracked 
|  41|0x0000000082900000, 0x0000000082a00000, 0x0000000082a00000|100%| O|  |TAMS 0x0000000082a00000, 0x0000000082900000| Complete 
|  42|0x0000000082a00000, 0x0000000082b00000, 0x0000000082b00000|100%| O|  |TAMS 0x0000000082b00000, 0x0000000082a00000| Untracked 
|  43|0x0000000082b00000, 0x0000000082c00000, 0x0000000082c00000|100%| O|  |TAMS 0x0000000082c00000, 0x0000000082b00000| Untracked 
|  44|0x0000000082c00000, 0x0000000082d00000, 0x0000000082d00000|100%| O|  |TAMS 0x0000000082d00000, 0x0000000082c00000| Untracked 
|  45|0x0000000082d00000, 0x0000000082e00000, 0x0000000082e00000|100%| O|  |TAMS 0x0000000082e00000, 0x0000000082d00000| Untracked 
|  46|0x0000000082e00000, 0x0000000082f00000, 0x0000000082f00000|100%| O|  |TAMS 0x0000000082f00000, 0x0000000082e00000| Untracked 
|  47|0x0000000082f00000, 0x0000000083000000, 0x0000000083000000|100%| O|  |TAMS 0x0000000083000000, 0x0000000082f00000| Untracked 
|  48|0x0000000083000000, 0x0000000083100000, 0x0000000083100000|100%| O|  |TAMS 0x0000000083100000, 0x0000000083000000| Untracked 
|  49|0x0000000083100000, 0x0000000083200000, 0x0000000083200000|100%| O|  |TAMS 0x0000000083200000, 0x0000000083100000| Complete 
|  50|0x0000000083200000, 0x0000000083300000, 0x0000000083300000|100%| O|  |TAMS 0x0000000083300000, 0x0000000083200000| Untracked 
|  51|0x0000000083300000, 0x0000000083400000, 0x0000000083400000|100%| O|  |TAMS 0x0000000083400000, 0x0000000083300000| Untracked 
|  52|0x0000000083400000, 0x0000000083500000, 0x0000000083500000|100%| O|  |TAMS 0x0000000083500000, 0x0000000083400000| Complete 
|  53|0x0000000083500000, 0x0000000083600000, 0x0000000083600000|100%| O|  |TAMS 0x0000000083600000, 0x0000000083500000| Untracked 
|  54|0x0000000083600000, 0x0000000083700000, 0x0000000083700000|100%| O|  |TAMS 0x0000000083700000, 0x0000000083600000| Untracked 
|  55|0x0000000083700000, 0x0000000083800000, 0x0000000083800000|100%| O|  |TAMS 0x0000000083800000, 0x0000000083700000| Complete 
|  56|0x0000000083800000, 0x0000000083900000, 0x0000000083900000|100%| O|  |TAMS 0x0000000083900000, 0x0000000083800000| Complete 
|  57|0x0000000083900000, 0x0000000083a00000, 0x0000000083a00000|100%| O|  |TAMS 0x0000000083a00000, 0x0000000083900000| Complete 
|  58|0x0000000083a00000, 0x0000000083b00000, 0x0000000083b00000|100%| O|  |TAMS 0x0000000083b00000, 0x0000000083a00000| Untracked 
|  59|0x0000000083b00000, 0x0000000083c00000, 0x0000000083c00000|100%| O|  |TAMS 0x0000000083c00000, 0x0000000083b00000| Untracked 
|  60|0x0000000083c00000, 0x0000000083d00000, 0x0000000083d00000|100%| O|  |TAMS 0x0000000083d00000, 0x0000000083c00000| Complete 
|  61|0x0000000083d00000, 0x0000000083e00000, 0x0000000083e00000|100%| O|  |TAMS 0x0000000083e00000, 0x0000000083d00000| Complete 
|  62|0x0000000083e00000, 0x0000000083e00000, 0x0000000083f00000|  0%| F|  |TAMS 0x0000000083e00000, 0x0000000083e00000| Untracked 
|  63|0x0000000083f00000, 0x0000000084000000, 0x0000000084000000|100%| O|  |TAMS 0x0000000084000000, 0x0000000083f00000| Complete 
|  64|0x0000000084000000, 0x0000000084000000, 0x0000000084100000|  0%| F|  |TAMS 0x0000000084000000, 0x0000000084000000| Untracked 
|  65|0x0000000084100000, 0x0000000084100000, 0x0000000084200000|  0%| F|  |TAMS 0x0000000084100000, 0x0000000084100000| Untracked 
|  66|0x0000000084200000, 0x0000000084300000, 0x0000000084300000|100%| O|  |TAMS 0x0000000084300000, 0x0000000084200000| Complete 
|  67|0x0000000084300000, 0x0000000084400000, 0x0000000084400000|100%| O|  |TAMS 0x0000000084400000, 0x0000000084300000| Complete 
|  68|0x0000000084400000, 0x0000000084500000, 0x0000000084500000|100%| O|  |TAMS 0x0000000084500000, 0x0000000084400000| Complete 
|  69|0x0000000084500000, 0x0000000084600000, 0x0000000084600000|100%| O|  |TAMS 0x0000000084600000, 0x0000000084500000| Complete 
|  70|0x0000000084600000, 0x0000000084700000, 0x0000000084700000|100%| O|  |TAMS 0x0000000084700000, 0x0000000084600000| Untracked 
|  71|0x0000000084700000, 0x0000000084800000, 0x0000000084800000|100%| O|  |TAMS 0x0000000084800000, 0x0000000084700000| Complete 
|  72|0x0000000084800000, 0x0000000084900000, 0x0000000084900000|100%| O|  |TAMS 0x0000000084900000, 0x0000000084800000| Complete 
|  73|0x0000000084900000, 0x0000000084a00000, 0x0000000084a00000|100%| O|  |TAMS 0x0000000084a00000, 0x0000000084900000| Complete 
|  74|0x0000000084a00000, 0x0000000084aea000, 0x0000000084b00000| 91%| O|  |TAMS 0x0000000084aea000, 0x0000000084a00000| Untracked 
|  75|0x0000000084b00000, 0x0000000084b00000, 0x0000000084c00000|  0%| F|  |TAMS 0x0000000084b00000, 0x0000000084b00000| Untracked 
|  76|0x0000000084c00000, 0x0000000084c00000, 0x0000000084d00000|  0%| F|  |TAMS 0x0000000084c00000, 0x0000000084c00000| Untracked 
|  77|0x0000000084d00000, 0x0000000084d00000, 0x0000000084e00000|  0%| F|  |TAMS 0x0000000084d00000, 0x0000000084d00000| Untracked 
|  78|0x0000000084e00000, 0x0000000084e00000, 0x0000000084f00000|  0%| F|  |TAMS 0x0000000084e00000, 0x0000000084e00000| Untracked 
|  79|0x0000000084f00000, 0x0000000084f00000, 0x0000000085000000|  0%| F|  |TAMS 0x0000000084f00000, 0x0000000084f00000| Untracked 
|  80|0x0000000085000000, 0x0000000085000000, 0x0000000085100000|  0%| F|  |TAMS 0x0000000085000000, 0x0000000085000000| Untracked 
|  81|0x0000000085100000, 0x0000000085100000, 0x0000000085200000|  0%| F|  |TAMS 0x0000000085100000, 0x0000000085100000| Untracked 
|  82|0x0000000085200000, 0x0000000085200000, 0x0000000085300000|  0%| F|  |TAMS 0x0000000085200000, 0x0000000085200000| Untracked 
|  83|0x0000000085300000, 0x0000000085300000, 0x0000000085400000|  0%| F|  |TAMS 0x0000000085300000, 0x0000000085300000| Untracked 
|  84|0x0000000085400000, 0x0000000085400000, 0x0000000085500000|  0%| F|  |TAMS 0x0000000085400000, 0x0000000085400000| Untracked 
|  85|0x0000000085500000, 0x0000000085500000, 0x0000000085600000|  0%| F|  |TAMS 0x0000000085500000, 0x0000000085500000| Untracked 
|  86|0x0000000085600000, 0x0000000085600000, 0x0000000085700000|  0%| F|  |TAMS 0x0000000085600000, 0x0000000085600000| Untracked 
|  87|0x0000000085700000, 0x0000000085700000, 0x0000000085800000|  0%| F|  |TAMS 0x0000000085700000, 0x0000000085700000| Untracked 
|  88|0x0000000085800000, 0x0000000085800000, 0x0000000085900000|  0%| F|  |TAMS 0x0000000085800000, 0x0000000085800000| Untracked 
|  89|0x0000000085900000, 0x0000000085900000, 0x0000000085a00000|  0%| F|  |TAMS 0x0000000085900000, 0x0000000085900000| Untracked 
|  90|0x0000000085a00000, 0x0000000085a00000, 0x0000000085b00000|  0%| F|  |TAMS 0x0000000085a00000, 0x0000000085a00000| Untracked 
|  91|0x0000000085b00000, 0x0000000085b00000, 0x0000000085c00000|  0%| F|  |TAMS 0x0000000085b00000, 0x0000000085b00000| Untracked 
|  92|0x0000000085c00000, 0x0000000085c00000, 0x0000000085d00000|  0%| F|  |TAMS 0x0000000085c00000, 0x0000000085c00000| Untracked 
|  93|0x0000000085d00000, 0x0000000085d00000, 0x0000000085e00000|  0%| F|  |TAMS 0x0000000085d00000, 0x0000000085d00000| Untracked 
|  94|0x0000000085e00000, 0x0000000085e00000, 0x0000000085f00000|  0%| F|  |TAMS 0x0000000085e00000, 0x0000000085e00000| Untracked 
|  95|0x0000000085f00000, 0x0000000085f00000, 0x0000000086000000|  0%| F|  |TAMS 0x0000000085f00000, 0x0000000085f00000| Untracked 
|  96|0x0000000086000000, 0x0000000086000000, 0x0000000086100000|  0%| F|  |TAMS 0x0000000086000000, 0x0000000086000000| Untracked 
|  97|0x0000000086100000, 0x0000000086100000, 0x0000000086200000|  0%| F|  |TAMS 0x0000000086100000, 0x0000000086100000| Untracked 
|  98|0x0000000086200000, 0x0000000086200000, 0x0000000086300000|  0%| F|  |TAMS 0x0000000086200000, 0x0000000086200000| Untracked 
|  99|0x0000000086300000, 0x0000000086300000, 0x0000000086400000|  0%| F|  |TAMS 0x0000000086300000, 0x0000000086300000| Untracked 
| 100|0x0000000086400000, 0x0000000086400000, 0x0000000086500000|  0%| F|  |TAMS 0x0000000086400000, 0x0000000086400000| Untracked 
| 101|0x0000000086500000, 0x0000000086600000, 0x0000000086600000|100%| O|  |TAMS 0x0000000086600000, 0x0000000086500000| Complete 
| 102|0x0000000086600000, 0x0000000086600000, 0x0000000086700000|  0%| F|  |TAMS 0x0000000086600000, 0x0000000086600000| Untracked 
| 103|0x0000000086700000, 0x0000000086700000, 0x0000000086800000|  0%| F|  |TAMS 0x0000000086700000, 0x0000000086700000| Untracked 
| 104|0x0000000086800000, 0x0000000086800000, 0x0000000086900000|  0%| F|  |TAMS 0x0000000086800000, 0x0000000086800000| Untracked 
| 105|0x0000000086900000, 0x0000000086948350, 0x0000000086a00000| 28%| S|CS|TAMS 0x0000000086900000, 0x0000000086900000| Complete 
| 106|0x0000000086a00000, 0x0000000086b00000, 0x0000000086b00000|100%| S|CS|TAMS 0x0000000086a00000, 0x0000000086a00000| Complete 
| 107|0x0000000086b00000, 0x0000000086b00000, 0x0000000086c00000|  0%| F|  |TAMS 0x0000000086b00000, 0x0000000086b00000| Untracked 
| 108|0x0000000086c00000, 0x0000000086c00000, 0x0000000086d00000|  0%| F|  |TAMS 0x0000000086c00000, 0x0000000086c00000| Untracked 
| 109|0x0000000086d00000, 0x0000000086d00000, 0x0000000086e00000|  0%| F|  |TAMS 0x0000000086d00000, 0x0000000086d00000| Untracked 
| 110|0x0000000086e00000, 0x0000000086e00000, 0x0000000086f00000|  0%| F|  |TAMS 0x0000000086e00000, 0x0000000086e00000| Untracked 
| 111|0x0000000086f00000, 0x0000000086f00000, 0x0000000087000000|  0%| F|  |TAMS 0x0000000086f00000, 0x0000000086f00000| Untracked 
| 112|0x0000000087000000, 0x00000000870cee08, 0x0000000087100000| 80%| E|  |TAMS 0x0000000087000000, 0x0000000087000000| Complete 
| 113|0x0000000087100000, 0x0000000087200000, 0x0000000087200000|100%| E|CS|TAMS 0x0000000087100000, 0x0000000087100000| Complete 
| 114|0x0000000087200000, 0x0000000087300000, 0x0000000087300000|100%| E|CS|TAMS 0x0000000087200000, 0x0000000087200000| Complete 
| 115|0x0000000087300000, 0x0000000087400000, 0x0000000087400000|100%| E|CS|TAMS 0x0000000087300000, 0x0000000087300000| Complete 
| 116|0x0000000087400000, 0x0000000087500000, 0x0000000087500000|100%| E|CS|TAMS 0x0000000087400000, 0x0000000087400000| Complete 
| 117|0x0000000087500000, 0x0000000087600000, 0x0000000087600000|100%| E|CS|TAMS 0x0000000087500000, 0x0000000087500000| Complete 
| 118|0x0000000087600000, 0x0000000087700000, 0x0000000087700000|100%| E|CS|TAMS 0x0000000087600000, 0x0000000087600000| Complete 
| 119|0x0000000087700000, 0x0000000087800000, 0x0000000087800000|100%| E|CS|TAMS 0x0000000087700000, 0x0000000087700000| Complete 
| 120|0x0000000087800000, 0x0000000087900000, 0x0000000087900000|100%| E|CS|TAMS 0x0000000087800000, 0x0000000087800000| Complete 
| 121|0x0000000087900000, 0x0000000087a00000, 0x0000000087a00000|100%| E|CS|TAMS 0x0000000087900000, 0x0000000087900000| Complete 
| 122|0x0000000087a00000, 0x0000000087b00000, 0x0000000087b00000|100%| E|CS|TAMS 0x0000000087a00000, 0x0000000087a00000| Complete 
| 123|0x0000000087b00000, 0x0000000087c00000, 0x0000000087c00000|100%| E|CS|TAMS 0x0000000087b00000, 0x0000000087b00000| Complete 
| 124|0x0000000087c00000, 0x0000000087d00000, 0x0000000087d00000|100%| E|CS|TAMS 0x0000000087c00000, 0x0000000087c00000| Complete 
| 125|0x0000000087d00000, 0x0000000087e00000, 0x0000000087e00000|100%| E|CS|TAMS 0x0000000087d00000, 0x0000000087d00000| Complete 
| 126|0x0000000087e00000, 0x0000000087f00000, 0x0000000087f00000|100%| E|CS|TAMS 0x0000000087e00000, 0x0000000087e00000| Complete 
| 127|0x0000000087f00000, 0x0000000088000000, 0x0000000088000000|100%| E|CS|TAMS 0x0000000087f00000, 0x0000000087f00000| Complete 

Card table byte_map: [0x000001d57d470000,0x000001d57d870000] _byte_map_base: 0x000001d57d070000

Marking Bits (Prev, Next): (CMBitMap*) 0x000001d5796444c8, (CMBitMap*) 0x000001d579644500
 Prev Bits: [0x000001d57dc70000, 0x000001d57fc70000)
 Next Bits: [0x000001d50f000000, 0x000001d511000000)

Polling page: 0x000001d576db0000

Metaspace:

Usage:
  Non-class:     77.10 MB capacity,    75.81 MB ( 98%) used,     1.06 MB (  1%) free+waste,   238.13 KB ( <1%) overhead. 
      Class:     11.74 MB capacity,    10.97 MB ( 93%) used,   675.30 KB (  6%) free+waste,   106.31 KB ( <1%) overhead. 
       Both:     88.84 MB capacity,    86.78 MB ( 98%) used,     1.72 MB (  2%) free+waste,   344.44 KB ( <1%) overhead. 

Virtual space:
  Non-class space:       78.00 MB reserved,      77.31 MB (>99%) committed 
      Class space:        1.00 GB reserved,      11.75 MB (  1%) committed 
             Both:        1.08 GB reserved,      89.06 MB (  8%) committed 

Chunk freelists:
   Non-Class:  22.00 KB
       Class:  12.00 KB
        Both:  34.00 KB

MaxMetaspaceSize: 17179869184.00 GB
CompressedClassSpaceSize: 1.00 GB

CodeHeap 'non-profiled nmethods': size=120064Kb used=7932Kb max_used=7932Kb free=112131Kb
 bounds [0x000001d507ac0000, 0x000001d508280000, 0x000001d50f000000]
CodeHeap 'profiled nmethods': size=120000Kb used=25496Kb max_used=25496Kb free=94503Kb
 bounds [0x000001d500590000, 0x000001d501e80000, 0x000001d507ac0000]
CodeHeap 'non-nmethods': size=5696Kb used=2286Kb max_used=2388Kb free=3409Kb
 bounds [0x000001d500000000, 0x000001d500270000, 0x000001d500590000]
 total_blobs=12239 nmethods=11349 adapters=801
 compilation: enabled
              stopped_count=0, restarted_count=0
 full_count=0

Compilation events (20 events):
Event: 60.314 Thread 0x000001d513aa1800 nmethod 11407 0x000001d501e6a210 code [0x000001d501e6a3e0, 0x000001d501e6a658]
Event: 60.314 Thread 0x000001d513aa1800 11408       1       kotlin.reflect.jvm.internal.KClassImpl::getJClass (5 bytes)
Event: 60.314 Thread 0x000001d513aa1800 nmethod 11408 0x000001d508271c10 code [0x000001d508271dc0, 0x000001d508271e78]
Event: 60.315 Thread 0x000001d513a9a800 11409       4       java.lang.ClassLoader::definePackage (84 bytes)
Event: 60.340 Thread 0x000001d513a9a800 nmethod 11409 0x000001d508271f10 code [0x000001d508272100, 0x000001d5082728e8]
Event: 60.397 Thread 0x000001d513aa1800 11410       3       kotlin.reflect.jvm.internal.impl.name.FqNameUnsafe::isRoot (8 bytes)
Event: 60.397 Thread 0x000001d513aa1800 nmethod 11410 0x000001d501e6a790 code [0x000001d501e6a940, 0x000001d501e6ab18]
Event: 60.399 Thread 0x000001d513aa1800 11411       3       kotlin.reflect.jvm.internal.impl.name.FqName::asString (16 bytes)
Event: 60.399 Thread 0x000001d513aa1800 nmethod 11411 0x000001d501e6ac10 code [0x000001d501e6ade0, 0x000001d501e6b038]
Event: 60.399 Thread 0x000001d513aa1800 11412       3       kotlin.reflect.jvm.internal.impl.name.FqNameUnsafe::asString (13 bytes)
Event: 60.400 Thread 0x000001d513aa1800 nmethod 11412 0x000001d501e6b190 code [0x000001d501e6b340, 0x000001d501e6b4c8]
Event: 60.400 Thread 0x000001d513aa1800 11413       3       kotlin.reflect.jvm.internal.impl.name.FqName::toUnsafe (13 bytes)
Event: 60.400 Thread 0x000001d513aa1800 nmethod 11413 0x000001d501e6b590 code [0x000001d501e6b740, 0x000001d501e6b8c8]
Event: 60.442 Thread 0x000001d513aa1800 11414       1       kotlin.reflect.jvm.internal.pcollections.ConsPStack::size (5 bytes)
Event: 60.443 Thread 0x000001d513aa1800 nmethod 11414 0x000001d508272e90 code [0x000001d508273040, 0x000001d5082730f8]
Event: 60.472 Thread 0x000001d513a9a800 11415       4       java.net.URLClassLoader$1::run (5 bytes)
Event: 60.476 Thread 0x000001d5199b3000 nmethod 11331 0x000001d508273190 code [0x000001d508273a00, 0x000001d50827ac58]
Event: 60.476 Thread 0x000001d5199b3000 11416   !   4       java.net.URLClassLoader$1::run (63 bytes)
Event: 60.644 Thread 0x000001d513aa1800 11417       3       kotlin.reflect.jvm.internal.ReflectProperties$Val::<init> (5 bytes)
Event: 60.644 Thread 0x000001d513aa1800 nmethod 11417 0x000001d501e6b990 code [0x000001d501e6bb40, 0x000001d501e6bc98]

GC Heap History (20 events):
Event: 50.484 GC heap before
{Heap before GC invocations=25 (full 0):
 garbage-first heap   total 131072K, used 92703K [0x0000000080000000, 0x0000000100000000)
  region size 1024K, 9 young (9216K), 2 survivors (2048K)
 Metaspace       used 81104K, capacity 83139K, committed 83388K, reserved 1122304K
  class space    used 10514K, capacity 11260K, committed 11392K, reserved 1048576K
}
Event: 50.500 GC heap after
{Heap after GC invocations=26 (full 0):
 garbage-first heap   total 131072K, used 91135K [0x0000000080000000, 0x0000000100000000)
  region size 1024K, 3 young (3072K), 3 survivors (3072K)
 Metaspace       used 81104K, capacity 83139K, committed 83388K, reserved 1122304K
  class space    used 10514K, capacity 11260K, committed 11392K, reserved 1048576K
}
Event: 52.023 GC heap before
{Heap before GC invocations=27 (full 0):
 garbage-first heap   total 131072K, used 116735K [0x0000000080000000, 0x0000000100000000)
  region size 1024K, 17 young (17408K), 3 survivors (3072K)
 Metaspace       used 83270K, capacity 85342K, committed 85564K, reserved 1124352K
  class space    used 10688K, capacity 11441K, committed 11520K, reserved 1048576K
}
Event: 52.038 GC heap after
{Heap after GC invocations=28 (full 0):
 garbage-first heap   total 131072K, used 90784K [0x0000000080000000, 0x0000000100000000)
  region size 1024K, 2 young (2048K), 2 survivors (2048K)
 Metaspace       used 83270K, capacity 85342K, committed 85564K, reserved 1124352K
  class space    used 10688K, capacity 11441K, committed 11520K, reserved 1048576K
}
Event: 52.975 GC heap before
{Heap before GC invocations=28 (full 0):
 garbage-first heap   total 131072K, used 105120K [0x0000000080000000, 0x0000000100000000)
  region size 1024K, 16 young (16384K), 2 survivors (2048K)
 Metaspace       used 83998K, capacity 86047K, committed 86332K, reserved 1124352K
  class space    used 10745K, capacity 11505K, committed 11520K, reserved 1048576K
}
Event: 52.994 GC heap after
{Heap after GC invocations=29 (full 0):
 garbage-first heap   total 131072K, used 92751K [0x0000000080000000, 0x0000000100000000)
  region size 1024K, 2 young (2048K), 2 survivors (2048K)
 Metaspace       used 83998K, capacity 86047K, committed 86332K, reserved 1124352K
  class space    used 10745K, capacity 11505K, committed 11520K, reserved 1048576K
}
Event: 54.343 GC heap before
{Heap before GC invocations=30 (full 0):
 garbage-first heap   total 131072K, used 100943K [0x0000000080000000, 0x0000000100000000)
  region size 1024K, 16 young (16384K), 2 survivors (2048K)
 Metaspace       used 84863K, capacity 86879K, committed 87228K, reserved 1124352K
  class space    used 10819K, capacity 11569K, committed 11648K, reserved 1048576K
}
Event: 54.353 GC heap after
{Heap after GC invocations=31 (full 0):
 garbage-first heap   total 131072K, used 89630K [0x0000000080000000, 0x0000000100000000)
  region size 1024K, 2 young (2048K), 2 survivors (2048K)
 Metaspace       used 84863K, capacity 86879K, committed 87228K, reserved 1124352K
  class space    used 10819K, capacity 11569K, committed 11648K, reserved 1048576K
}
Event: 54.791 GC heap before
{Heap before GC invocations=31 (full 0):
 garbage-first heap   total 131072K, used 93726K [0x0000000080000000, 0x0000000100000000)
  region size 1024K, 6 young (6144K), 2 survivors (2048K)
 Metaspace       used 85555K, capacity 87647K, committed 87740K, reserved 1126400K
  class space    used 10867K, capacity 11633K, committed 11648K, reserved 1048576K
}
Event: 54.800 GC heap after
{Heap after GC invocations=32 (full 0):
 garbage-first heap   total 131072K, used 77556K [0x0000000080000000, 0x0000000100000000)
  region size 1024K, 1 young (1024K), 1 survivors (1024K)
 Metaspace       used 85555K, capacity 87647K, committed 87740K, reserved 1126400K
  class space    used 10867K, capacity 11633K, committed 11648K, reserved 1048576K
}
Event: 55.020 GC heap before
{Heap before GC invocations=32 (full 0):
 garbage-first heap   total 131072K, used 82676K [0x0000000080000000, 0x0000000100000000)
  region size 1024K, 6 young (6144K), 1 survivors (1024K)
 Metaspace       used 85955K, capacity 87999K, committed 88380K, reserved 1126400K
  class space    used 10900K, capacity 11665K, committed 11776K, reserved 1048576K
}
Event: 55.031 GC heap after
{Heap after GC invocations=33 (full 0):
 garbage-first heap   total 131072K, used 76087K [0x0000000080000000, 0x0000000100000000)
  region size 1024K, 1 young (1024K), 1 survivors (1024K)
 Metaspace       used 85955K, capacity 87999K, committed 88380K, reserved 1126400K
  class space    used 10900K, capacity 11665K, committed 11776K, reserved 1048576K
}
Event: 56.739 GC heap before
{Heap before GC invocations=33 (full 0):
 garbage-first heap   total 131072K, used 95543K [0x0000000080000000, 0x0000000100000000)
  region size 1024K, 21 young (21504K), 1 survivors (1024K)
 Metaspace       used 86457K, capacity 88514K, committed 88636K, reserved 1126400K
  class space    used 10944K, capacity 11680K, committed 11776K, reserved 1048576K
}
Event: 56.754 GC heap after
{Heap after GC invocations=34 (full 0):
 garbage-first heap   total 131072K, used 80895K [0x0000000080000000, 0x0000000100000000)
  region size 1024K, 3 young (3072K), 3 survivors (3072K)
 Metaspace       used 86457K, capacity 88514K, committed 88636K, reserved 1126400K
  class space    used 10944K, capacity 11680K, committed 11776K, reserved 1048576K
}
Event: 58.820 GC heap before
{Heap before GC invocations=35 (full 0):
 garbage-first heap   total 131072K, used 98303K [0x0000000080000000, 0x0000000100000000)
  region size 1024K, 22 young (22528K), 3 survivors (3072K)
 Metaspace       used 86594K, capacity 88602K, committed 88892K, reserved 1126400K
  class space    used 10944K, capacity 11680K, committed 11776K, reserved 1048576K
}
Event: 58.830 GC heap after
{Heap after GC invocations=36 (full 0):
 garbage-first heap   total 131072K, used 81043K [0x0000000080000000, 0x0000000100000000)
  region size 1024K, 2 young (2048K), 2 survivors (2048K)
 Metaspace       used 86594K, capacity 88602K, committed 88892K, reserved 1126400K
  class space    used 10944K, capacity 11680K, committed 11776K, reserved 1048576K
}
Event: 59.379 GC heap before
{Heap before GC invocations=36 (full 0):
 garbage-first heap   total 131072K, used 85139K [0x0000000080000000, 0x0000000100000000)
  region size 1024K, 6 young (6144K), 2 survivors (2048K)
 Metaspace       used 86677K, capacity 88739K, committed 88892K, reserved 1126400K
  class space    used 10948K, capacity 11681K, committed 11776K, reserved 1048576K
}
Event: 59.385 GC heap after
{Heap after GC invocations=37 (full 0):
 garbage-first heap   total 131072K, used 78195K [0x0000000080000000, 0x0000000100000000)
  region size 1024K, 1 young (1024K), 1 survivors (1024K)
 Metaspace       used 86677K, capacity 88739K, committed 88892K, reserved 1126400K
  class space    used 10948K, capacity 11681K, committed 11776K, reserved 1048576K
}
Event: 60.671 GC heap before
{Heap before GC invocations=37 (full 0):
 garbage-first heap   total 131072K, used 98675K [0x0000000080000000, 0x0000000100000000)
  region size 1024K, 21 young (21504K), 1 survivors (1024K)
 Metaspace       used 87876K, capacity 89976K, committed 90044K, reserved 1128448K
  class space    used 11104K, capacity 11860K, committed 11904K, reserved 1048576K
}
Event: 60.677 GC heap after
{Heap after GC invocations=38 (full 0):
 garbage-first heap   total 131072K, used 79048K [0x0000000080000000, 0x0000000100000000)
  region size 1024K, 2 young (2048K), 2 survivors (2048K)
 Metaspace       used 87876K, capacity 89976K, committed 90044K, reserved 1128448K
  class space    used 11104K, capacity 11860K, committed 11904K, reserved 1048576K
}

Deoptimization events (20 events):
Event: 59.693 Thread 0x000001d51adbd000 Uncommon trap: trap_request=0xffffffde fr.pc=0x000001d508241718 relative=0x0000000000000078
Event: 59.693 Thread 0x000001d51adbd000 Uncommon trap: reason=class_check action=maybe_recompile pc=0x000001d508241718 method=java.util.AbstractList$RandomAccessSpliterator.getFence()I @ 34 c2
Event: 59.693 Thread 0x000001d51adbd000 DEOPT PACKING pc=0x000001d508241718 sp=0x000000d2622fc0b0
Event: 59.693 Thread 0x000001d51adbd000 DEOPT UNPACKING pc=0x000001d5000278af sp=0x000000d2622fc030 mode 2
Event: 59.696 Thread 0x000001d51adbd000 Uncommon trap: trap_request=0xffffff4d fr.pc=0x000001d50815ec28 relative=0x0000000000000888
Event: 59.696 Thread 0x000001d51adbd000 Uncommon trap: reason=unstable_if action=reinterpret pc=0x000001d50815ec28 method=org.gradle.internal.snapshot.VfsRelativePath.compareToFirstSegment(Ljava/lang/String;Lorg/gradle/internal/snapshot/CaseSensitivity;)I @ 134 c2
Event: 59.696 Thread 0x000001d51adbd000 DEOPT PACKING pc=0x000001d50815ec28 sp=0x000000d2622f9e10
Event: 59.696 Thread 0x000001d51adbd000 DEOPT UNPACKING pc=0x000001d5000278af sp=0x000000d2622f9d90 mode 2
Event: 59.747 Thread 0x000001d51adbd000 Uncommon trap: trap_request=0xffffffd6 fr.pc=0x000001d5081ee558 relative=0x0000000000000698
Event: 59.747 Thread 0x000001d51adbd000 Uncommon trap: reason=array_check action=maybe_recompile pc=0x000001d5081ee558 method=java.util.TimSort.binarySort([Ljava/lang/Object;IIILjava/util/Comparator;)V @ 215 c2
Event: 59.747 Thread 0x000001d51adbd000 DEOPT PACKING pc=0x000001d5081ee558 sp=0x000000d2622f7bc0
Event: 59.747 Thread 0x000001d51adbd000 DEOPT UNPACKING pc=0x000001d5000278af sp=0x000000d2622f7b68 mode 2
Event: 59.747 Thread 0x000001d51adbd000 Uncommon trap: trap_request=0xffffffd6 fr.pc=0x000001d5081ee668 relative=0x00000000000007a8
Event: 59.747 Thread 0x000001d51adbd000 Uncommon trap: reason=array_check action=maybe_recompile pc=0x000001d5081ee668 method=java.util.TimSort.binarySort([Ljava/lang/Object;IIILjava/util/Comparator;)V @ 193 c2
Event: 59.747 Thread 0x000001d51adbd000 DEOPT PACKING pc=0x000001d5081ee668 sp=0x000000d2622f7bc0
Event: 59.747 Thread 0x000001d51adbd000 DEOPT UNPACKING pc=0x000001d5000278af sp=0x000000d2622f7b68 mode 2
Event: 60.217 Thread 0x000001d51adbc800 Uncommon trap: trap_request=0xffffff4d fr.pc=0x000001d5080a9fb4 relative=0x00000000000000f4
Event: 60.217 Thread 0x000001d51adbc800 Uncommon trap: reason=unstable_if action=reinterpret pc=0x000001d5080a9fb4 method=com.google.gson.stream.JsonReader.peek()Lcom/google/gson/stream/JsonToken; @ 15 c2
Event: 60.217 Thread 0x000001d51adbc800 DEOPT PACKING pc=0x000001d5080a9fb4 sp=0x000000d2624fe030
Event: 60.217 Thread 0x000001d51adbc800 DEOPT UNPACKING pc=0x000001d5000278af sp=0x000000d2624fdfb8 mode 2

Classes redefined (0 events):
No events

Internal exceptions (20 events):
Event: 40.469 Thread 0x000001d51adbd000 Exception <a 'java/lang/IncompatibleClassChangeError'{0x0000000087837f70}: Found class java.lang.Object, but interface was expected> (0x0000000087837f70) thrown at [./src/hotspot/share/interpreter/linkResolver.cpp, line 839]
Event: 40.525 Thread 0x000001d51adbd000 Exception <a 'java/lang/NoSuchMethodError'{0x00000000877fa600}: 'int java.lang.invoke.DirectMethodHandle$Holder.invokeStaticInit(java.lang.Object, java.lang.Object, java.lang.Object, java.lang.Object, java.lang.Object)'> (0x00000000877fa600) thrown at [./src/hotspot/share/interpreter/linkResolver.cpp, line 773]
Event: 41.431 Thread 0x000001d5153be800 Exception <a 'java/lang/NoSuchMethodError'{0x0000000086a67c68}: 'java.lang.Object java.lang.invoke.DirectMethodHandle$Holder.invokeSpecialIFC(java.lang.Object, java.lang.Object, java.lang.Object)'> (0x0000000086a67c68) thrown at [./src/hotspot/share/interpreter/linkResolver.cpp, line 773]
Event: 43.545 Thread 0x000001d5153c2800 Exception <a 'java/lang/NoSuchMethodError'{0x0000000087f22d18}: 'void java.lang.invoke.DirectMethodHandle$Holder.invokeVirtual(java.lang.Object, java.lang.Object)'> (0x0000000087f22d18) thrown at [./src/hotspot/share/interpreter/linkResolver.cpp, line 773]
Event: 46.683 Thread 0x000001d51adbe800 Implicit null exception at 0x000001d507dda204 to 0x000001d507dda3fc
Event: 51.198 Thread 0x000001d51adbe800 Exception <a 'java/lang/NoSuchMethodError'{0x0000000087c64bc0}: <clinit>> (0x0000000087c64bc0) thrown at [./src/hotspot/share/prims/jni.cpp, line 1362]
Event: 51.300 Thread 0x000001d51adbe800 Exception <a 'java/lang/NoSuchMethodError'{0x0000000087b1f988}: <clinit>> (0x0000000087b1f988) thrown at [./src/hotspot/share/prims/jni.cpp, line 1362]
Event: 51.898 Thread 0x000001d51adbc800 Implicit null exception at 0x000001d507f6dcb6 to 0x000001d507f6e434
Event: 51.900 Thread 0x000001d51adbc800 Implicit null exception at 0x000001d507f6dcb6 to 0x000001d507f6e434
Event: 51.900 Thread 0x000001d51adbc800 Implicit null exception at 0x000001d507f6dcb6 to 0x000001d507f6e434
Event: 51.900 Thread 0x000001d51adbc800 Implicit null exception at 0x000001d507f6dcb6 to 0x000001d507f6e434
Event: 56.169 Thread 0x000001d51adbe800 Exception <a 'java/lang/NoSuchMethodError'{0x00000000871ec410}: 'void java.lang.invoke.DirectMethodHandle$Holder.invokeStatic(java.lang.Object, java.lang.Object, java.lang.Object, java.lang.Object, java.lang.Object, java.lang.Object, java.lang.Object)'> (0x00000000871ec410) thrown at [./src/hotspot/share/interpreter/linkResolver.cpp, line 773]
Event: 59.661 Thread 0x000001d51adbd000 Exception <a 'java/lang/NoSuchMethodError'{0x0000000087eeab70}: <clinit>> (0x0000000087eeab70) thrown at [./src/hotspot/share/prims/jni.cpp, line 1362]
Event: 59.661 Thread 0x000001d51adbd000 Exception <a 'java/lang/NoSuchMethodError'{0x0000000087eebe90}: <clinit>> (0x0000000087eebe90) thrown at [./src/hotspot/share/prims/jni.cpp, line 1362]
Event: 59.661 Thread 0x000001d51adbd000 Exception <a 'java/lang/NoSuchMethodError'{0x0000000087eee5f0}: <clinit>> (0x0000000087eee5f0) thrown at [./src/hotspot/share/prims/jni.cpp, line 1362]
Event: 59.664 Thread 0x000001d51adbd000 Exception <a 'java/lang/NoSuchMethodError'{0x0000000087d07fd0}: <clinit>> (0x0000000087d07fd0) thrown at [./src/hotspot/share/prims/jni.cpp, line 1362]
Event: 59.664 Thread 0x000001d51adbd000 Exception <a 'java/lang/NoSuchMethodError'{0x0000000087d094b0}: <clinit>> (0x0000000087d094b0) thrown at [./src/hotspot/share/prims/jni.cpp, line 1362]
Event: 59.745 Thread 0x000001d51adbd000 Exception <a 'java/lang/NoSuchMethodError'{0x0000000087cf8da8}: <clinit>> (0x0000000087cf8da8) thrown at [./src/hotspot/share/prims/jni.cpp, line 1362]
Event: 59.752 Thread 0x000001d51adbd000 Exception <a 'java/lang/NoSuchMethodError'{0x0000000087a29c50}: <clinit>> (0x0000000087a29c50) thrown at [./src/hotspot/share/prims/jni.cpp, line 1362]
Event: 59.753 Thread 0x000001d51adbd000 Exception <a 'java/lang/NoSuchMethodError'{0x0000000087a3ca08}: <clinit>> (0x0000000087a3ca08) thrown at [./src/hotspot/share/prims/jni.cpp, line 1362]

Events (20 events):
Event: 60.762 loading class kotlin/reflect/jvm/internal/impl/resolve/ExternalOverridabilityCondition
Event: 60.762 loading class kotlin/reflect/jvm/internal/impl/resolve/ExternalOverridabilityCondition done
Event: 60.772 Executing VM operation: RevokeBias
Event: 60.773 Executing VM operation: RevokeBias done
Event: 60.774 loading class kotlin/reflect/jvm/internal/impl/load/java/FieldOverridabilityCondition
Event: 60.774 loading class kotlin/reflect/jvm/internal/impl/load/java/FieldOverridabilityCondition done
Event: 60.775 loading class kotlin/reflect/jvm/internal/impl/load/java/ErasedOverridabilityCondition
Event: 60.775 loading class kotlin/reflect/jvm/internal/impl/load/java/ErasedOverridabilityCondition done
Event: 60.781 loading class kotlin/reflect/jvm/internal/impl/load/java/JavaIncompatibilityRulesOverridabilityCondition
Event: 60.781 loading class kotlin/reflect/jvm/internal/impl/load/java/JavaIncompatibilityRulesOverridabilityCondition done
Event: 60.784 loading class kotlin/reflect/jvm/internal/impl/load/java/JavaIncompatibilityRulesOverridabilityCondition$Companion
Event: 60.784 loading class kotlin/reflect/jvm/internal/impl/load/java/JavaIncompatibilityRulesOverridabilityCondition$Companion done
Event: 60.785 loading class kotlin/reflect/jvm/internal/impl/resolve/OverridingUtil$1
Event: 60.785 loading class kotlin/reflect/jvm/internal/impl/resolve/OverridingUtil$1 done
Event: 60.792 loading class kotlin/reflect/jvm/internal/impl/load/java/lazy/LazyJavaPackageFragmentProvider
Event: 60.792 loading class kotlin/reflect/jvm/internal/impl/load/java/lazy/LazyJavaPackageFragmentProvider done
Event: 60.793 loading class kotlin/reflect/jvm/internal/impl/descriptors/PackageFragmentProviderOptimized
Event: 60.793 loading class kotlin/reflect/jvm/internal/impl/descriptors/PackageFragmentProviderOptimized done
Event: 60.795 loading class kotlin/reflect/jvm/internal/impl/descriptors/PackageFragmentProvider
Event: 60.795 loading class kotlin/reflect/jvm/internal/impl/descriptors/PackageFragmentProvider done


Dynamic libraries:
0x00007ff7bbc70000 - 0x00007ff7bbc7a000 	C:\Program Files\Android\Android Studio\jre\bin\java.exe
0x00007ffcbb810000 - 0x00007ffcbba05000 	C:\WINDOWS\SYSTEM32\ntdll.dll
0x00007ffcb9ab0000 - 0x00007ffcb9b6e000 	C:\WINDOWS\System32\KERNEL32.DLL
0x00007ffcb9520000 - 0x00007ffcb97e8000 	C:\WINDOWS\System32\KERNELBASE.dll
0x00007ffcb90f0000 - 0x00007ffcb91f0000 	C:\WINDOWS\System32\ucrtbase.dll
0x00007ffcb2030000 - 0x00007ffcb2049000 	C:\Program Files\Android\Android Studio\jre\bin\jli.dll
0x00007ffcb1ed0000 - 0x00007ffcb1ee7000 	C:\Program Files\Android\Android Studio\jre\bin\VCRUNTIME140.dll
0x00007ffcbb4b0000 - 0x00007ffcbb650000 	C:\WINDOWS\System32\USER32.dll
0x00007ffcb8f20000 - 0x00007ffcb8f42000 	C:\WINDOWS\System32\win32u.dll
0x00007ffcba280000 - 0x00007ffcba2ab000 	C:\WINDOWS\System32\GDI32.dll
0x00007ffcb91f0000 - 0x00007ffcb92fd000 	C:\WINDOWS\System32\gdi32full.dll
0x00007ffcb8fa0000 - 0x00007ffcb903d000 	C:\WINDOWS\System32\msvcp_win.dll
0x00007ffcaa930000 - 0x00007ffcaabca000 	C:\WINDOWS\WinSxS\amd64_microsoft.windows.common-controls_6595b64144ccf1df_6.0.19041.1110_none_60b5254171f9507e\COMCTL32.dll
0x00007ffcbadf0000 - 0x00007ffcbae8e000 	C:\WINDOWS\System32\msvcrt.dll
0x00007ffcbae90000 - 0x00007ffcbaec0000 	C:\WINDOWS\System32\IMM32.DLL
0x00007ffcadf70000 - 0x00007ffcae172000 	C:\WINDOWS\system32\tmumh\20019\AddOn\8.53.0.1135\TmUmEvt64.dll
0x00007ffcbb3d0000 - 0x00007ffcbb3d8000 	C:\WINDOWS\System32\PSAPI.DLL
0x00007ffcb9880000 - 0x00007ffcb992e000 	C:\WINDOWS\System32\ADVAPI32.dll
0x00007ffcb9ff0000 - 0x00007ffcba08c000 	C:\WINDOWS\System32\sechost.dll
0x00007ffcba150000 - 0x00007ffcba275000 	C:\WINDOWS\System32\RPCRT4.dll
0x000000006b400000 - 0x000000006b570000 	C:\WINDOWS\system32\tmumh\20019\TmMon\2.8.0.1054\tmmon64.dll
0x00007ffc8edb0000 - 0x00007ffc8ee4d000 	C:\Program Files\Android\Android Studio\jre\bin\msvcp140.dll
0x00007ffc77620000 - 0x00007ffc780ef000 	C:\Program Files\Android\Android Studio\jre\bin\server\jvm.dll
0x00007ffca4880000 - 0x00007ffca4889000 	C:\WINDOWS\SYSTEM32\WSOCK32.dll
0x00007ffcbac60000 - 0x00007ffcbaccb000 	C:\WINDOWS\System32\WS2_32.dll
0x00007ffcad960000 - 0x00007ffcad987000 	C:\WINDOWS\SYSTEM32\WINMM.dll
0x00007ffcad9b0000 - 0x00007ffcad9ba000 	C:\WINDOWS\SYSTEM32\VERSION.dll
0x00007ffcb6d30000 - 0x00007ffcb6d42000 	C:\WINDOWS\SYSTEM32\kernel.appcore.dll
0x00007ffcb2000000 - 0x00007ffcb2011000 	C:\Program Files\Android\Android Studio\jre\bin\verify.dll
0x00007ffca4d90000 - 0x00007ffca4f74000 	C:\WINDOWS\SYSTEM32\DBGHELP.DLL
0x00007ffca4850000 - 0x00007ffca487c000 	C:\WINDOWS\SYSTEM32\dbgcore.DLL
0x00007ffcb9330000 - 0x00007ffcb93b2000 	C:\WINDOWS\System32\bcryptPrimitives.dll
0x00007ffca5260000 - 0x00007ffca5289000 	C:\Program Files\Android\Android Studio\jre\bin\java.dll
0x00007ffcb2470000 - 0x00007ffcb247b000 	C:\Program Files\Android\Android Studio\jre\bin\jimage.dll
0x00007ffcb1f90000 - 0x00007ffcb1fa8000 	C:\Program Files\Android\Android Studio\jre\bin\zip.dll
0x00007ffcba460000 - 0x00007ffcbaba4000 	C:\WINDOWS\System32\SHELL32.dll
0x00007ffcb7010000 - 0x00007ffcb77a4000 	C:\WINDOWS\SYSTEM32\windows.storage.dll
0x00007ffcbb070000 - 0x00007ffcbb3c5000 	C:\WINDOWS\System32\combase.dll
0x00007ffcb8970000 - 0x00007ffcb899e000 	C:\WINDOWS\SYSTEM32\Wldp.dll
0x00007ffcb9a00000 - 0x00007ffcb9aad000 	C:\WINDOWS\System32\SHCORE.dll
0x00007ffcba090000 - 0x00007ffcba0e5000 	C:\WINDOWS\System32\shlwapi.dll
0x00007ffcb8e60000 - 0x00007ffcb8e7f000 	C:\WINDOWS\SYSTEM32\profapi.dll
0x00007ffca80e0000 - 0x00007ffca80fa000 	C:\Program Files\Android\Android Studio\jre\bin\net.dll
0x00007ffcb4120000 - 0x00007ffcb422c000 	C:\WINDOWS\SYSTEM32\WINHTTP.dll
0x00007ffcb86d0000 - 0x00007ffcb873a000 	C:\WINDOWS\system32\mswsock.dll
0x00007ffca6390000 - 0x00007ffca63a4000 	C:\Program Files\Android\Android Studio\jre\bin\nio.dll
0x00007ffcb1fb0000 - 0x00007ffcb1fd7000 	C:\Users\PARVATHY\.gradle\native\8bec1ad78214c89d9ad589b4d07fe93259594b29d510b10fafb7a158f7737e5d\windows-amd64\native-platform.dll
0x00007ffc8ac80000 - 0x00007ffc8adbd000 	C:\Users\PARVATHY\.gradle\native\53dbd7edfb1c66fb8903c78663c9afc45aea4f116125fa6feffd364cf09443e8\windows-amd64\native-platform-file-events.dll
0x00007ffcb2080000 - 0x00007ffcb208a000 	C:\Program Files\Android\Android Studio\jre\bin\management.dll
0x00007ffcad4b0000 - 0x00007ffcad4bc000 	C:\Program Files\Android\Android Studio\jre\bin\management_ext.dll
0x00007ffcb88d0000 - 0x00007ffcb88e8000 	C:\WINDOWS\SYSTEM32\CRYPTSP.dll
0x00007ffcb7fe0000 - 0x00007ffcb8014000 	C:\WINDOWS\system32\rsaenh.dll
0x00007ffcb9300000 - 0x00007ffcb9327000 	C:\WINDOWS\System32\bcrypt.dll
0x00007ffcb8e20000 - 0x00007ffcb8e4e000 	C:\WINDOWS\SYSTEM32\USERENV.dll
0x00007ffcb88c0000 - 0x00007ffcb88cc000 	C:\WINDOWS\SYSTEM32\CRYPTBASE.dll
0x00007ffcb8370000 - 0x00007ffcb83ab000 	C:\WINDOWS\SYSTEM32\IPHLPAPI.DLL
0x00007ffcbb7c0000 - 0x00007ffcbb7c8000 	C:\WINDOWS\System32\NSI.dll
0x00007ffcaf050000 - 0x00007ffcaf067000 	C:\WINDOWS\SYSTEM32\dhcpcsvc6.DLL
0x00007ffcb00e0000 - 0x00007ffcb00fd000 	C:\WINDOWS\SYSTEM32\dhcpcsvc.DLL
0x00007ffcb83c0000 - 0x00007ffcb848b000 	C:\WINDOWS\SYSTEM32\DNSAPI.dll

dbghelp: loaded successfully - version: 4.0.5 - missing functions: none
symbol engine: initialized successfully - sym options: 0x614 - pdb path: .;C:\Program Files\Android\Android Studio\jre\bin;C:\WINDOWS\SYSTEM32;C:\WINDOWS\WinSxS\amd64_microsoft.windows.common-controls_6595b64144ccf1df_6.0.19041.1110_none_60b5254171f9507e;C:\WINDOWS\system32\tmumh\20019\AddOn\8.53.0.1135;C:\WINDOWS\system32\tmumh\20019\TmMon\2.8.0.1054;C:\Program Files\Android\Android Studio\jre\bin\server;C:\Users\PARVATHY\.gradle\native\8bec1ad78214c89d9ad589b4d07fe93259594b29d510b10fafb7a158f7737e5d\windows-amd64;C:\Users\PARVATHY\.gradle\native\53dbd7edfb1c66fb8903c78663c9afc45aea4f116125fa6feffd364cf09443e8\windows-amd64

VM Arguments:
jvm_args: --add-opens=java.base/java.util=ALL-UNNAMED --add-opens=java.base/java.lang=ALL-UNNAMED --add-opens=java.base/java.lang.invoke=ALL-UNNAMED --add-opens=java.base/java.util=ALL-UNNAMED --add-opens=java.prefs/java.util.prefs=ALL-UNNAMED --add-opens=java.prefs/java.util.prefs=ALL-UNNAMED --add-opens=java.base/java.nio.charset=ALL-UNNAMED --add-opens=java.base/java.net=ALL-UNNAMED --add-opens=java.base/java.util.concurrent.atomic=ALL-UNNAMED -Xmx2048m -Dfile.encoding=UTF-8 -Duser.country=US -Duser.language=en -Duser.variant 
java_command: org.gradle.launcher.daemon.bootstrap.GradleDaemon 7.0.2
java_class_path (initial): C:\Users\PARVATHY\.gradle\wrapper\dists\gradle-7.0.2-bin\857tjihv64xamwrf0h14cai3r\gradle-7.0.2\lib\gradle-launcher-7.0.2.jar
Launcher Type: SUN_STANDARD

[Global flags]
     intx CICompilerCount                          = 3                                         {product} {ergonomic}
     uint ConcGCThreads                            = 1                                         {product} {ergonomic}
     uint G1ConcRefinementThreads                  = 4                                         {product} {ergonomic}
   size_t G1HeapRegionSize                         = 1048576                                   {product} {ergonomic}
    uintx GCDrainStackTargetSize                   = 64                                        {product} {ergonomic}
   size_t InitialHeapSize                          = 134217728                                 {product} {ergonomic}
   size_t MarkStackSize                            = 4194304                                   {product} {ergonomic}
   size_t MaxHeapSize                              = 2147483648                                {product} {command line}
   size_t MaxNewSize                               = 1287651328                                {product} {ergonomic}
   size_t MinHeapDeltaBytes                        = 1048576                                   {product} {ergonomic}
    uintx NonNMethodCodeHeapSize                   = 5830732                                {pd product} {ergonomic}
    uintx NonProfiledCodeHeapSize                  = 122913754                              {pd product} {ergonomic}
    uintx ProfiledCodeHeapSize                     = 122913754                              {pd product} {ergonomic}
    uintx ReservedCodeCacheSize                    = 251658240                              {pd product} {ergonomic}
     bool SegmentedCodeCache                       = true                                      {product} {ergonomic}
     bool UseCompressedClassPointers               = true                                 {lp64_product} {ergonomic}
     bool UseCompressedOops                        = true                                 {lp64_product} {ergonomic}
     bool UseG1GC                                  = true                                      {product} {ergonomic}
     bool UseLargePagesIndividualAllocation        = false                                  {pd product} {ergonomic}

Logging:
Log output configuration:
 #0: stdout all=warning uptime,level,tags
 #1: stderr all=off uptime,level,tags

Environment Variables:
PATH=C:\Program Files\Java\jdk1.8.0_131\bin;C:\ProgramData\Oracle\Java\javapath;C:\WINDOWS\system32;C:\WINDOWS;C:\WINDOWS\System32\Wbem;C:\WINDOWS\System32\WindowsPowerShell\v1.0\;C:\WINDOWS\System32\OpenSSH\;C:\Program Files (x86)\AOMEI\AOMEI Backupper 6.4.0;C:\Program Files\Git\cmd;C:\Program Files\nodejs\;C:\Users\PARVATHY\AppData\Local\Microsoft\WindowsApps;C:\Program Files\heroku\bin;C:\Program Files\sfdx\bin;F:\Microsoft VS Code\bin;C:\Users\PARVATHY\AppData\Roaming\npm
USERNAME=PARVATHY
OS=Windows_NT
PROCESSOR_IDENTIFIER=Intel64 Family 6 Model 61 Stepping 4, GenuineIntel



---------------  S Y S T E M  ---------------

OS: Windows 10 , 64 bit Build 19041 (10.0.19041.1503)
OS uptime: 3 days 23:24 hours

CPU:total 4 (initial active 4) (2 cores per cpu, 2 threads per core) family 6 model 61 stepping 4 microcode 0x2d, cmov, cx8, fxsr, mmx, sse, sse2, sse3, ssse3, sse4.1, sse4.2, popcnt, avx, avx2, aes, clmul, erms, 3dnowpref, lzcnt, ht, tsc, tscinvbit, bmi1, bmi2, adx, fma

Memory: 4k page, system-wide physical 8103M (656M free)
TotalPageFile size 10603M (AvailPageFile size 7M)
current process WorkingSet (physical memory assigned to process): 393M, peak: 399M
current process commit charge ("private bytes"): 426M, peak: 428M

vm_info: OpenJDK 64-Bit Server VM (11.0.10+0-b96-7249189) for windows-amd64 JRE (11.0.10+0-b96-7249189), built on Mar 31 2021 21:44:00 by "builder" with MS VC++ 14.0 (VS2015)

END.
