#
# There is insufficient memory for the Java Runtime Environment to continue.
# Native memory allocation (malloc) failed to allocate 760976 bytes for Chunk::new
# Possible reasons:
#   The system is out of physical RAM or swap space
#   The process is running with CompressedOops enabled, and the Java Heap may be blocking the growth of the native heap
# Possible solutions:
#   Reduce memory load on the system
#   Increase physical memory or swap space
#   Check if swap backing store is full
#   Decrease Java heap size (-Xmx/-Xms)
#   Decrease number of Java threads
#   Decrease Java thread stack sizes (-Xss)
#   Set larger code cache with -XX:ReservedCodeCacheSize=
#   JVM is running with Unscaled Compressed Oops mode in which the Java heap is
#     placed in the first 4GB address space. The Java Heap base address is the
#     maximum limit for the native heap growth. Please use -XX:HeapBaseMinAddress
#     to set the Java Heap base and to place the Java Heap above 4GB virtual address.
# This output file may be truncated or incomplete.
#
#  Out of Memory Error (./src/hotspot/share/memory/arena.cpp:197), pid=18716, tid=17472
#
# JRE version: OpenJDK Runtime Environment (11.0.10) (build 11.0.10+0-b96-7249189)
# Java VM: OpenJDK 64-Bit Server VM (11.0.10+0-b96-7249189, mixed mode, tiered, compressed oops, g1 gc, windows-amd64)
# No core dump will be written. Minidumps are not enabled by default on client versions of Windows
#

---------------  S U M M A R Y ------------

Command Line: --add-opens=java.base/java.util=ALL-UNNAMED --add-opens=java.base/java.lang=ALL-UNNAMED --add-opens=java.base/java.lang.invoke=ALL-UNNAMED --add-opens=java.base/java.util=ALL-UNNAMED --add-opens=java.prefs/java.util.prefs=ALL-UNNAMED --add-opens=java.prefs/java.util.prefs=ALL-UNNAMED --add-opens=java.base/java.nio.charset=ALL-UNNAMED --add-opens=java.base/java.net=ALL-UNNAMED --add-opens=java.base/java.util.concurrent.atomic=ALL-UNNAMED -Xmx2048m -Dfile.encoding=UTF-8 -Duser.country=US -Duser.language=en -Duser.variant org.gradle.launcher.daemon.bootstrap.GradleDaemon 7.0.2

Host: Intel(R) Core(TM) i5-5200U CPU @ 2.20GHz, 4 cores, 7G,  Windows 10 , 64 bit Build 19041 (10.0.19041.1503)
Time: Tue Mar  8 10:05:43 2022 India Standard Time elapsed time: 106.866949 seconds (0d 0h 1m 46s)

---------------  T H R E A D  ---------------

Current thread (0x0000021f860d6000):  JavaThread "C2 CompilerThread0" daemon [_thread_in_native, id=17472, stack(0x00000044b6e00000,0x00000044b6f00000)]


Current CompileTask:
C2: 106867 15175       4       com.android.tools.r8.internal.XC::b (682 bytes)

Stack: [0x00000044b6e00000,0x00000044b6f00000]
Native frames: (J=compiled Java code, j=interpreted, Vv=VM code, C=native code)
V  [jvm.dll+0x5ecfaa]
V  [jvm.dll+0x722bd5]
V  [jvm.dll+0x72412d]
V  [jvm.dll+0x7247e3]
V  [jvm.dll+0x242928]
V  [jvm.dll+0xbc4fc]
V  [jvm.dll+0xbca0c]
V  [jvm.dll+0x352d7d]
V  [jvm.dll+0x320ad3]
V  [jvm.dll+0x31ffca]
V  [jvm.dll+0x1fb602]
V  [jvm.dll+0x1fa7f4]
V  [jvm.dll+0x18354c]
V  [jvm.dll+0x208ee7]
V  [jvm.dll+0x207731]
V  [jvm.dll+0x6eb1cf]
V  [jvm.dll+0x6e3d45]
V  [jvm.dll+0x5ebe96]
C  [ucrtbase.dll+0x21bb2]
C  [KERNEL32.DLL+0x17034]
C  [ntdll.dll+0x52651]


---------------  P R O C E S S  ---------------

Threads class SMR info:
_java_thread_list=0x0000021f8c380ec0, length=56, elements={
0x0000021febc55800, 0x0000021fff5b9800, 0x0000021fff5be800, 0x0000021f860d1800,
0x0000021f860d2800, 0x0000021f860d4000, 0x0000021f860d6000, 0x0000021f860d9000,
0x0000021f86150800, 0x0000021f86241800, 0x0000021f892f1800, 0x0000021f877a0000,
0x0000021f89c70800, 0x0000021f87ec3800, 0x0000021f87ec4800, 0x0000021f897f0800,
0x0000021f892f0000, 0x0000021f87abd000, 0x0000021f892dc000, 0x0000021f892de800,
0x0000021f892df000, 0x0000021f892e0000, 0x0000021f892e1000, 0x0000021f892e1800,
0x0000021f892e2800, 0x0000021f892dc800, 0x0000021f892dd800, 0x0000021f89a6f000,
0x0000021f89a75000, 0x0000021f89a70000, 0x0000021f89a71800, 0x0000021f89a72800,
0x0000021f8bdee800, 0x0000021f8bdee000, 0x0000021f8bdf1000, 0x0000021f8bdf3800,
0x0000021f8bdef800, 0x0000021f8bdf4800, 0x0000021f8bdf7800, 0x0000021f8bdf6000,
0x0000021f8bdf6800, 0x0000021f8bdf2800, 0x0000021f8bdf9000, 0x0000021f8bdfa000,
0x0000021f8bdfc800, 0x0000021f8bdfb000, 0x0000021f89a71000, 0x0000021f8a786000,
0x0000021f8a786800, 0x0000021f8a787800, 0x0000021f8a788800, 0x0000021f8a789000,
0x0000021f8a78a000, 0x0000021f8a785000, 0x0000021f8a78c800, 0x0000021f8a78e000
}

Java Threads: ( => current thread )
  0x0000021febc55800 JavaThread "main" [_thread_blocked, id=21924, stack(0x00000044b6200000,0x00000044b6300000)]
  0x0000021fff5b9800 JavaThread "Reference Handler" daemon [_thread_blocked, id=14328, stack(0x00000044b6900000,0x00000044b6a00000)]
  0x0000021fff5be800 JavaThread "Finalizer" daemon [_thread_blocked, id=23312, stack(0x00000044b6a00000,0x00000044b6b00000)]
  0x0000021f860d1800 JavaThread "Signal Dispatcher" daemon [_thread_blocked, id=19380, stack(0x00000044b6b00000,0x00000044b6c00000)]
  0x0000021f860d2800 JavaThread "Attach Listener" daemon [_thread_blocked, id=2280, stack(0x00000044b6c00000,0x00000044b6d00000)]
  0x0000021f860d4000 JavaThread "Service Thread" daemon [_thread_blocked, id=19252, stack(0x00000044b6d00000,0x00000044b6e00000)]
=>0x0000021f860d6000 JavaThread "C2 CompilerThread0" daemon [_thread_in_native, id=17472, stack(0x00000044b6e00000,0x00000044b6f00000)]
  0x0000021f860d9000 JavaThread "C1 CompilerThread0" daemon [_thread_blocked, id=10460, stack(0x00000044b6f00000,0x00000044b7000000)]
  0x0000021f86150800 JavaThread "Sweeper thread" daemon [_thread_blocked, id=22448, stack(0x00000044b7000000,0x00000044b7100000)]
  0x0000021f86241800 JavaThread "Common-Cleaner" daemon [_thread_blocked, id=22116, stack(0x00000044b7100000,0x00000044b7200000)]
  0x0000021f892f1800 JavaThread "Daemon health stats" [_thread_blocked, id=11340, stack(0x00000044b7600000,0x00000044b7700000)]
  0x0000021f877a0000 JavaThread "Incoming local TCP Connector on port 62491" [_thread_in_native, id=2808, stack(0x00000044b7500000,0x00000044b7600000)]
  0x0000021f89c70800 JavaThread "Daemon periodic checks" [_thread_blocked, id=18744, stack(0x00000044b7800000,0x00000044b7900000)]
  0x0000021f87ec3800 JavaThread "Daemon" [_thread_blocked, id=14372, stack(0x00000044b7900000,0x00000044b7a00000)]
  0x0000021f87ec4800 JavaThread "Handler for socket connection from /127.0.0.1:62491 to /127.0.0.1:62492" [_thread_in_native, id=9172, stack(0x00000044b7a00000,0x00000044b7b00000)]
  0x0000021f897f0800 JavaThread "Cancel handler" [_thread_blocked, id=21676, stack(0x00000044b7b00000,0x00000044b7c00000)]
  0x0000021f892f0000 JavaThread "Daemon worker" [_thread_blocked, id=2984, stack(0x00000044b7c00000,0x00000044b7d00000)]
  0x0000021f87abd000 JavaThread "Asynchronous log dispatcher for DefaultDaemonConnection: socket connection from /127.0.0.1:62491 to /127.0.0.1:62492" [_thread_blocked, id=9116, stack(0x00000044b7d00000,0x00000044b7e00000)]
  0x0000021f892dc000 JavaThread "Daemon client event forwarder" [_thread_blocked, id=11076, stack(0x00000044b7f00000,0x00000044b8000000)]
  0x0000021f892de800 JavaThread "Cache worker for file hash cache (C:\Users\PARVATHY\.gradle\caches\7.0.2\fileHashes)" [_thread_blocked, id=21080, stack(0x00000044b8000000,0x00000044b8100000)]
  0x0000021f892df000 JavaThread "File lock request listener" [_thread_in_native, id=18892, stack(0x00000044b8100000,0x00000044b8200000)]
  0x0000021f892e0000 JavaThread "Cache worker for journal cache (C:\Users\PARVATHY\.gradle\caches\journal-1)" [_thread_blocked, id=8764, stack(0x00000044b8200000,0x00000044b8300000)]
  0x0000021f892e1000 JavaThread "Cache worker for file hash cache (E:\Rajagiri\Sem 6\Lead Manager App\.gradle\7.0.2\fileHashes)" [_thread_blocked, id=14196, stack(0x00000044b8300000,0x00000044b8400000)]
  0x0000021f892e1800 JavaThread "File watcher server" daemon [_thread_in_native, id=22260, stack(0x00000044b8400000,0x00000044b8500000)]
  0x0000021f892e2800 JavaThread "File watcher consumer" daemon [_thread_blocked, id=14256, stack(0x00000044b8500000,0x00000044b8600000)]
  0x0000021f892dc800 JavaThread "Cache worker for checksums cache (E:\Rajagiri\Sem 6\Lead Manager App\.gradle\checksums)" [_thread_blocked, id=16708, stack(0x00000044b8600000,0x00000044b8700000)]
  0x0000021f892dd800 JavaThread "Cache worker for cache directory md-supplier (C:\Users\PARVATHY\.gradle\caches\7.0.2\md-supplier)" [_thread_blocked, id=23324, stack(0x00000044b8700000,0x00000044b8800000)]
  0x0000021f89a6f000 JavaThread "Cache worker for cache directory md-rule (C:\Users\PARVATHY\.gradle\caches\7.0.2\md-rule)" [_thread_blocked, id=776, stack(0x00000044b8900000,0x00000044b8a00000)]
  0x0000021f89a75000 JavaThread "Cache worker for execution history cache (C:\Users\PARVATHY\.gradle\caches\7.0.2\executionHistory)" [_thread_blocked, id=18280, stack(0x00000044b8a00000,0x00000044b8b00000)]
  0x0000021f89a70000 JavaThread "jar transforms" [_thread_blocked, id=16788, stack(0x00000044b8b00000,0x00000044b8c00000)]
  0x0000021f89a71800 JavaThread "jar transforms Thread 2" [_thread_blocked, id=19896, stack(0x00000044b8c00000,0x00000044b8d00000)]
  0x0000021f89a72800 JavaThread "Cache worker for file content cache (C:\Users\PARVATHY\.gradle\caches\7.0.2\fileContent)" [_thread_blocked, id=18952, stack(0x00000044b8d00000,0x00000044b8e00000)]
  0x0000021f8bdee800 JavaThread "Cache worker for dependencies-accessors (E:\Rajagiri\Sem 6\Lead Manager App\.gradle\7.0.2\dependencies-accessors)" [_thread_blocked, id=18004, stack(0x00000044b8800000,0x00000044b8900000)]
  0x0000021f8bdee000 JavaThread "jar transforms Thread 3" [_thread_blocked, id=22176, stack(0x00000044b8f00000,0x00000044b9000000)]
  0x0000021f8bdf1000 JavaThread "Cache worker for Build Output Cleanup Cache (E:\Rajagiri\Sem 6\Lead Manager App\.gradle\buildOutputCleanup)" [_thread_blocked, id=20932, stack(0x00000044b9000000,0x00000044b9100000)]
  0x0000021f8bdf3800 JavaThread "Build operations" [_thread_blocked, id=22712, stack(0x00000044b8e00000,0x00000044b8f00000)]
  0x0000021f8bdef800 JavaThread "Build operations Thread 2" [_thread_blocked, id=21236, stack(0x00000044b9100000,0x00000044b9200000)]
  0x0000021f8bdf4800 JavaThread "Build operations Thread 3" [_thread_blocked, id=6020, stack(0x00000044b9200000,0x00000044b9300000)]
  0x0000021f8bdf7800 JavaThread "Build operations Thread 4" [_thread_blocked, id=1916, stack(0x00000044b9300000,0x00000044b9400000)]
  0x0000021f8bdf6000 JavaThread "jar transforms Thread 4" [_thread_blocked, id=20404, stack(0x00000044b9500000,0x00000044b9600000)]
  0x0000021f8bdf6800 JavaThread "Memory manager" [_thread_blocked, id=6464, stack(0x00000044b9600000,0x00000044b9700000)]
  0x0000021f8bdf2800 JavaThread "build event listener" [_thread_blocked, id=18560, stack(0x00000044b9900000,0x00000044b9a00000)]
  0x0000021f8bdf9000 JavaThread "Execution worker for ':'" [_thread_blocked, id=19372, stack(0x00000044b9a00000,0x00000044b9b00000)]
  0x0000021f8bdfa000 JavaThread "Execution worker for ':' Thread 2" [_thread_blocked, id=6992, stack(0x00000044b9b00000,0x00000044b9c00000)]
  0x0000021f8bdfc800 JavaThread "Execution worker for ':' Thread 3" [_thread_blocked, id=20916, stack(0x00000044b9c00000,0x00000044b9d00000)]
  0x0000021f8bdfb000 JavaThread "Cache worker for execution history cache (E:\Rajagiri\Sem 6\Lead Manager App\.gradle\7.0.2\executionHistory)" [_thread_blocked, id=21916, stack(0x00000044b9d00000,0x00000044b9e00000)]
  0x0000021f89a71000 JavaThread "WorkerExecutor Queue Thread 2" [_thread_in_vm, id=3540, stack(0x00000044ba100000,0x00000044ba200000)]
  0x0000021f8a786000 JavaThread "WorkerExecutor Queue Thread 3" [_thread_in_vm, id=17752, stack(0x00000044b5f00000,0x00000044b6000000)]
  0x0000021f8a786800 JavaThread "pool-3-thread-1" [_thread_blocked, id=15624, stack(0x00000044b5e00000,0x00000044b5f00000)]
  0x0000021f8a787800 JavaThread "stderr" [_thread_in_native, id=10584, stack(0x00000044b6000000,0x00000044b6100000)]
  0x0000021f8a788800 JavaThread "stdout" [_thread_in_native, id=21148, stack(0x00000044b9400000,0x00000044b9500000)]
  0x0000021f8a789000 JavaThread "Cache worker for Java compile cache (C:\Users\PARVATHY\.gradle\caches\7.0.2\javaCompile)" [_thread_blocked, id=4728, stack(0x00000044ba000000,0x00000044ba100000)]
  0x0000021f8a78a000 JavaThread "Cache worker for Java compile cache (E:\Rajagiri\Sem 6\Lead Manager App\.gradle\7.0.2\javaCompile)" [_thread_blocked, id=22680, stack(0x00000044ba200000,0x00000044ba300000)]
  0x0000021f8a785000 JavaThread "WorkerExecutor Queue Thread 4" [_thread_in_Java, id=16596, stack(0x00000044ba300000,0x00000044ba400000)]
  0x0000021f8a78c800 JavaThread "WorkerExecutor Queue Thread 5" [_thread_in_vm, id=3488, stack(0x00000044ba400000,0x00000044ba500000)]
  0x0000021f8a78e000 JavaThread "C2 CompilerThread1" daemon [_thread_in_native, id=10080, stack(0x00000044b7e00000,0x00000044b7f00000)]

Other Threads:
  0x0000021f86088000 VMThread "VM Thread" [stack: 0x00000044b6800000,0x00000044b6900000] [id=12812]
  0x0000021f86265000 WatcherThread [stack: 0x00000044b7200000,0x00000044b7300000] [id=10564]
  0x0000021febc6d000 GCTaskThread "GC Thread#0" [stack: 0x00000044b6300000,0x00000044b6400000] [id=16988]
  0x0000021f86d53000 GCTaskThread "GC Thread#1" [stack: 0x00000044b7300000,0x00000044b7400000] [id=11920]
  0x0000021f8701f800 GCTaskThread "GC Thread#2" [stack: 0x00000044b7400000,0x00000044b7500000] [id=19840]
  0x0000021f88112000 GCTaskThread "GC Thread#3" [stack: 0x00000044b7700000,0x00000044b7800000] [id=22112]
  0x0000021febc9f000 ConcurrentGCThread "G1 Main Marker" [stack: 0x00000044b6400000,0x00000044b6500000] [id=20812]
  0x0000021febca0800 ConcurrentGCThread "G1 Conc#0" [stack: 0x00000044b6500000,0x00000044b6600000] [id=11884]
  0x0000021fff48f800 ConcurrentGCThread "G1 Refine#0" [stack: 0x00000044b6600000,0x00000044b6700000] [id=20596]
  0x0000021f8cb24000 ConcurrentGCThread "G1 Refine#1" [stack: 0x00000044b9e00000,0x00000044b9f00000] [id=21124]
  0x0000021f8a02f800 ConcurrentGCThread "G1 Refine#2" [stack: 0x00000044b9f00000,0x00000044ba000000] [id=18392]
  0x0000021fff490800 ConcurrentGCThread "G1 Young RemSet Sampling" [stack: 0x00000044b6700000,0x00000044b6800000] [id=1260]

Threads with active compile tasks:
C2 CompilerThread0 107566 15175       4       com.android.tools.r8.internal.XC::b (682 bytes)
C2 CompilerThread1 107566 15562       4       com.android.tools.r8.internal.Ne::G (324 bytes)

VM state:not at safepoint (normal execution)

VM Mutex/Monitor currently owned by a thread:  ([mutex/lock_event])
[0x0000021febc503e0] MetaspaceExpand_lock - owner thread: 0x0000021f89a71000

Heap address: 0x0000000080000000, size: 2048 MB, Compressed Oops mode: 32-bit
Narrow klass base: 0x0000000000000000, Narrow klass shift: 3
Compressed class space size: 1073741824 Address: 0x0000000100000000

Heap:
 garbage-first heap   total 157696K, used 104435K [0x0000000080000000, 0x0000000100000000)
  region size 1024K, 10 young (10240K), 1 survivors (1024K)
 Metaspace       used 109892K, capacity 112630K, committed 112700K, reserved 1159168K
  class space    used 13997K, capacity 15045K, committed 15104K, reserved 1048576K
Heap Regions: E=young(eden), S=young(survivor), O=old, HS=humongous(starts), HC=humongous(continues), CS=collection set, F=free, A=archive, TAMS=top-at-mark-start (previous, next)
|   0|0x0000000080000000, 0x0000000080100000, 0x0000000080100000|100%| O|  |TAMS 0x0000000080100000, 0x0000000080100000| Untracked 
|   1|0x0000000080100000, 0x0000000080200000, 0x0000000080200000|100%| O|  |TAMS 0x0000000080200000, 0x0000000080200000| Untracked 
|   2|0x0000000080200000, 0x0000000080300000, 0x0000000080300000|100%| O|  |TAMS 0x0000000080300000, 0x0000000080300000| Untracked 
|   3|0x0000000080300000, 0x0000000080400000, 0x0000000080400000|100%|HS|  |TAMS 0x0000000080400000, 0x0000000080400000| Complete 
|   4|0x0000000080400000, 0x0000000080500000, 0x0000000080500000|100%|HC|  |TAMS 0x0000000080500000, 0x0000000080500000| Complete 
|   5|0x0000000080500000, 0x0000000080600000, 0x0000000080600000|100%|HC|  |TAMS 0x0000000080600000, 0x0000000080600000| Complete 
|   6|0x0000000080600000, 0x0000000080700000, 0x0000000080700000|100%| O|  |TAMS 0x0000000080700000, 0x0000000080700000| Untracked 
|   7|0x0000000080700000, 0x0000000080800000, 0x0000000080800000|100%| O|  |TAMS 0x0000000080800000, 0x0000000080800000| Untracked 
|   8|0x0000000080800000, 0x0000000080900000, 0x0000000080900000|100%| O|  |TAMS 0x0000000080900000, 0x0000000080900000| Untracked 
|   9|0x0000000080900000, 0x0000000080a00000, 0x0000000080a00000|100%| O|  |TAMS 0x0000000080a00000, 0x0000000080a00000| Untracked 
|  10|0x0000000080a00000, 0x0000000080b00000, 0x0000000080b00000|100%| O|  |TAMS 0x0000000080b00000, 0x0000000080b00000| Untracked 
|  11|0x0000000080b00000, 0x0000000080c00000, 0x0000000080c00000|100%| O|  |TAMS 0x0000000080c00000, 0x0000000080c00000| Untracked 
|  12|0x0000000080c00000, 0x0000000080d00000, 0x0000000080d00000|100%| O|  |TAMS 0x0000000080d00000, 0x0000000080d00000| Untracked 
|  13|0x0000000080d00000, 0x0000000080e00000, 0x0000000080e00000|100%| O|  |TAMS 0x0000000080e00000, 0x0000000080e00000| Untracked 
|  14|0x0000000080e00000, 0x0000000080f00000, 0x0000000080f00000|100%| O|  |TAMS 0x0000000080f00000, 0x0000000080f00000| Untracked 
|  15|0x0000000080f00000, 0x0000000081000000, 0x0000000081000000|100%|HS|  |TAMS 0x0000000081000000, 0x0000000081000000| Complete 
|  16|0x0000000081000000, 0x0000000081100000, 0x0000000081100000|100%| O|  |TAMS 0x0000000081100000, 0x0000000081100000| Untracked 
|  17|0x0000000081100000, 0x0000000081200000, 0x0000000081200000|100%| O|  |TAMS 0x0000000081200000, 0x0000000081200000| Untracked 
|  18|0x0000000081200000, 0x0000000081300000, 0x0000000081300000|100%| O|  |TAMS 0x0000000081300000, 0x0000000081300000| Untracked 
|  19|0x0000000081300000, 0x0000000081400000, 0x0000000081400000|100%| O|  |TAMS 0x0000000081400000, 0x0000000081400000| Untracked 
|  20|0x0000000081400000, 0x0000000081500000, 0x0000000081500000|100%| O|  |TAMS 0x0000000081500000, 0x0000000081500000| Untracked 
|  21|0x0000000081500000, 0x0000000081600000, 0x0000000081600000|100%| O|  |TAMS 0x0000000081600000, 0x0000000081600000| Untracked 
|  22|0x0000000081600000, 0x0000000081700000, 0x0000000081700000|100%| O|  |TAMS 0x0000000081700000, 0x0000000081700000| Untracked 
|  23|0x0000000081700000, 0x0000000081800000, 0x0000000081800000|100%| O|  |TAMS 0x0000000081800000, 0x0000000081800000| Untracked 
|  24|0x0000000081800000, 0x0000000081900000, 0x0000000081900000|100%| O|  |TAMS 0x0000000081900000, 0x0000000081900000| Untracked 
|  25|0x0000000081900000, 0x0000000081a00000, 0x0000000081a00000|100%| O|  |TAMS 0x0000000081a00000, 0x0000000081a00000| Untracked 
|  26|0x0000000081a00000, 0x0000000081b00000, 0x0000000081b00000|100%| O|  |TAMS 0x0000000081b00000, 0x0000000081b00000| Untracked 
|  27|0x0000000081b00000, 0x0000000081c00000, 0x0000000081c00000|100%| O|  |TAMS 0x0000000081c00000, 0x0000000081c00000| Untracked 
|  28|0x0000000081c00000, 0x0000000081d00000, 0x0000000081d00000|100%|HS|  |TAMS 0x0000000081d00000, 0x0000000081d00000| Complete 
|  29|0x0000000081d00000, 0x0000000081e00000, 0x0000000081e00000|100%|HS|  |TAMS 0x0000000081e00000, 0x0000000081e00000| Complete 
|  30|0x0000000081e00000, 0x0000000081f00000, 0x0000000081f00000|100%|HC|  |TAMS 0x0000000081f00000, 0x0000000081f00000| Complete 
|  31|0x0000000081f00000, 0x0000000082000000, 0x0000000082000000|100%| O|  |TAMS 0x0000000082000000, 0x0000000082000000| Untracked 
|  32|0x0000000082000000, 0x0000000082100000, 0x0000000082100000|100%| O|  |TAMS 0x0000000082100000, 0x0000000082100000| Untracked 
|  33|0x0000000082100000, 0x0000000082200000, 0x0000000082200000|100%| O|  |TAMS 0x0000000082200000, 0x0000000082200000| Untracked 
|  34|0x0000000082200000, 0x0000000082300000, 0x0000000082300000|100%| O|  |TAMS 0x0000000082300000, 0x0000000082300000| Untracked 
|  35|0x0000000082300000, 0x0000000082400000, 0x0000000082400000|100%| O|  |TAMS 0x0000000082400000, 0x0000000082400000| Untracked 
|  36|0x0000000082400000, 0x0000000082500000, 0x0000000082500000|100%| O|  |TAMS 0x0000000082500000, 0x0000000082500000| Untracked 
|  37|0x0000000082500000, 0x0000000082600000, 0x0000000082600000|100%| O|  |TAMS 0x0000000082600000, 0x0000000082600000| Untracked 
|  38|0x0000000082600000, 0x0000000082700000, 0x0000000082700000|100%| O|  |TAMS 0x0000000082700000, 0x0000000082700000| Untracked 
|  39|0x0000000082700000, 0x0000000082800000, 0x0000000082800000|100%| O|  |TAMS 0x0000000082800000, 0x0000000082800000| Untracked 
|  40|0x0000000082800000, 0x0000000082900000, 0x0000000082900000|100%| O|  |TAMS 0x0000000082900000, 0x0000000082900000| Untracked 
|  41|0x0000000082900000, 0x0000000082a00000, 0x0000000082a00000|100%| O|  |TAMS 0x0000000082a00000, 0x0000000082a00000| Untracked 
|  42|0x0000000082a00000, 0x0000000082b00000, 0x0000000082b00000|100%| O|  |TAMS 0x0000000082b00000, 0x0000000082b00000| Untracked 
|  43|0x0000000082b00000, 0x0000000082c00000, 0x0000000082c00000|100%| O|  |TAMS 0x0000000082c00000, 0x0000000082c00000| Untracked 
|  44|0x0000000082c00000, 0x0000000082d00000, 0x0000000082d00000|100%| O|  |TAMS 0x0000000082d00000, 0x0000000082d00000| Untracked 
|  45|0x0000000082d00000, 0x0000000082e00000, 0x0000000082e00000|100%| O|  |TAMS 0x0000000082e00000, 0x0000000082e00000| Untracked 
|  46|0x0000000082e00000, 0x0000000082f00000, 0x0000000082f00000|100%| O|  |TAMS 0x0000000082f00000, 0x0000000082f00000| Untracked 
|  47|0x0000000082f00000, 0x0000000083000000, 0x0000000083000000|100%| O|  |TAMS 0x0000000083000000, 0x0000000083000000| Untracked 
|  48|0x0000000083000000, 0x0000000083100000, 0x0000000083100000|100%| O|  |TAMS 0x0000000083100000, 0x0000000083100000| Untracked 
|  49|0x0000000083100000, 0x0000000083200000, 0x0000000083200000|100%| O|  |TAMS 0x0000000083200000, 0x0000000083200000| Untracked 
|  50|0x0000000083200000, 0x0000000083300000, 0x0000000083300000|100%| O|  |TAMS 0x0000000083300000, 0x0000000083300000| Untracked 
|  51|0x0000000083300000, 0x0000000083400000, 0x0000000083400000|100%| O|  |TAMS 0x0000000083400000, 0x0000000083400000| Untracked 
|  52|0x0000000083400000, 0x0000000083500000, 0x0000000083500000|100%| O|  |TAMS 0x0000000083500000, 0x0000000083500000| Untracked 
|  53|0x0000000083500000, 0x0000000083600000, 0x0000000083600000|100%| O|  |TAMS 0x0000000083600000, 0x0000000083600000| Untracked 
|  54|0x0000000083600000, 0x0000000083700000, 0x0000000083700000|100%| O|  |TAMS 0x0000000083700000, 0x0000000083700000| Untracked 
|  55|0x0000000083700000, 0x0000000083800000, 0x0000000083800000|100%| O|  |TAMS 0x0000000083800000, 0x0000000083800000| Untracked 
|  56|0x0000000083800000, 0x0000000083900000, 0x0000000083900000|100%| O|  |TAMS 0x0000000083900000, 0x0000000083900000| Untracked 
|  57|0x0000000083900000, 0x0000000083a00000, 0x0000000083a00000|100%| O|  |TAMS 0x0000000083a00000, 0x0000000083a00000| Untracked 
|  58|0x0000000083a00000, 0x0000000083b00000, 0x0000000083b00000|100%| O|  |TAMS 0x0000000083b00000, 0x0000000083b00000| Untracked 
|  59|0x0000000083b00000, 0x0000000083c00000, 0x0000000083c00000|100%| O|  |TAMS 0x0000000083c00000, 0x0000000083c00000| Untracked 
|  60|0x0000000083c00000, 0x0000000083d00000, 0x0000000083d00000|100%| O|  |TAMS 0x0000000083d00000, 0x0000000083d00000| Untracked 
|  61|0x0000000083d00000, 0x0000000083e00000, 0x0000000083e00000|100%| O|  |TAMS 0x0000000083e00000, 0x0000000083e00000| Untracked 
|  62|0x0000000083e00000, 0x0000000083f00000, 0x0000000083f00000|100%| O|  |TAMS 0x0000000083f00000, 0x0000000083f00000| Untracked 
|  63|0x0000000083f00000, 0x0000000084000000, 0x0000000084000000|100%| O|  |TAMS 0x0000000084000000, 0x0000000084000000| Untracked 
|  64|0x0000000084000000, 0x0000000084100000, 0x0000000084100000|100%| O|  |TAMS 0x0000000084100000, 0x0000000084100000| Untracked 
|  65|0x0000000084100000, 0x0000000084200000, 0x0000000084200000|100%| O|  |TAMS 0x0000000084200000, 0x0000000084200000| Untracked 
|  66|0x0000000084200000, 0x0000000084300000, 0x0000000084300000|100%| O|  |TAMS 0x0000000084300000, 0x0000000084300000| Untracked 
|  67|0x0000000084300000, 0x0000000084400000, 0x0000000084400000|100%| O|  |TAMS 0x0000000084400000, 0x0000000084400000| Untracked 
|  68|0x0000000084400000, 0x0000000084500000, 0x0000000084500000|100%| O|  |TAMS 0x0000000084500000, 0x0000000084500000| Untracked 
|  69|0x0000000084500000, 0x0000000084600000, 0x0000000084600000|100%| O|  |TAMS 0x0000000084600000, 0x0000000084600000| Untracked 
|  70|0x0000000084600000, 0x0000000084700000, 0x0000000084700000|100%| O|  |TAMS 0x0000000084700000, 0x0000000084700000| Untracked 
|  71|0x0000000084700000, 0x0000000084800000, 0x0000000084800000|100%| O|  |TAMS 0x0000000084800000, 0x0000000084800000| Untracked 
|  72|0x0000000084800000, 0x0000000084900000, 0x0000000084900000|100%| O|  |TAMS 0x0000000084900000, 0x0000000084900000| Untracked 
|  73|0x0000000084900000, 0x0000000084a00000, 0x0000000084a00000|100%| O|  |TAMS 0x0000000084a00000, 0x0000000084a00000| Untracked 
|  74|0x0000000084a00000, 0x0000000084b00000, 0x0000000084b00000|100%| O|  |TAMS 0x0000000084b00000, 0x0000000084b00000| Untracked 
|  75|0x0000000084b00000, 0x0000000084c00000, 0x0000000084c00000|100%| O|  |TAMS 0x0000000084c00000, 0x0000000084c00000| Untracked 
|  76|0x0000000084c00000, 0x0000000084d00000, 0x0000000084d00000|100%| O|  |TAMS 0x0000000084d00000, 0x0000000084d00000| Untracked 
|  77|0x0000000084d00000, 0x0000000084e00000, 0x0000000084e00000|100%| O|  |TAMS 0x0000000084e00000, 0x0000000084e00000| Untracked 
|  78|0x0000000084e00000, 0x0000000084f00000, 0x0000000084f00000|100%| O|  |TAMS 0x0000000084f00000, 0x0000000084f00000| Untracked 
|  79|0x0000000084f00000, 0x0000000085000000, 0x0000000085000000|100%| O|  |TAMS 0x0000000085000000, 0x0000000085000000| Untracked 
|  80|0x0000000085000000, 0x0000000085000000, 0x0000000085100000|  0%| F|  |TAMS 0x0000000085000000, 0x0000000085000000| Untracked 
|  81|0x0000000085100000, 0x0000000085200000, 0x0000000085200000|100%| O|  |TAMS 0x0000000085200000, 0x0000000085200000| Untracked 
|  82|0x0000000085200000, 0x0000000085300000, 0x0000000085300000|100%| O|  |TAMS 0x0000000085300000, 0x0000000085300000| Untracked 
|  83|0x0000000085300000, 0x0000000085400000, 0x0000000085400000|100%| O|  |TAMS 0x0000000085400000, 0x0000000085400000| Untracked 
|  84|0x0000000085400000, 0x0000000085500000, 0x0000000085500000|100%| O|  |TAMS 0x0000000085500000, 0x0000000085500000| Untracked 
|  85|0x0000000085500000, 0x0000000085600000, 0x0000000085600000|100%| O|  |TAMS 0x0000000085600000, 0x0000000085600000| Untracked 
|  86|0x0000000085600000, 0x0000000085700000, 0x0000000085700000|100%| O|  |TAMS 0x0000000085700000, 0x0000000085700000| Untracked 
|  87|0x0000000085700000, 0x0000000085800000, 0x0000000085800000|100%| O|  |TAMS 0x0000000085800000, 0x0000000085800000| Untracked 
|  88|0x0000000085800000, 0x0000000085900000, 0x0000000085900000|100%| O|  |TAMS 0x00000000858c0200, 0x0000000085900000| Untracked 
|  89|0x0000000085900000, 0x0000000085a00000, 0x0000000085a00000|100%| O|  |TAMS 0x0000000085900000, 0x0000000085a00000| Untracked 
|  90|0x0000000085a00000, 0x0000000085b00000, 0x0000000085b00000|100%| O|  |TAMS 0x0000000085a00000, 0x0000000085b00000| Untracked 
|  91|0x0000000085b00000, 0x0000000085b22400, 0x0000000085c00000| 13%| O|  |TAMS 0x0000000085b00000, 0x0000000085b22400| Untracked 
|  92|0x0000000085c00000, 0x0000000085c00000, 0x0000000085d00000|  0%| F|  |TAMS 0x0000000085c00000, 0x0000000085c00000| Untracked 
|  93|0x0000000085d00000, 0x0000000085d00000, 0x0000000085e00000|  0%| F|  |TAMS 0x0000000085d00000, 0x0000000085d00000| Untracked 
|  94|0x0000000085e00000, 0x0000000085e00000, 0x0000000085f00000|  0%| F|  |TAMS 0x0000000085e00000, 0x0000000085e00000| Untracked 
|  95|0x0000000085f00000, 0x0000000085f00000, 0x0000000086000000|  0%| F|  |TAMS 0x0000000085f00000, 0x0000000085f00000| Untracked 
|  96|0x0000000086000000, 0x0000000086000000, 0x0000000086100000|  0%| F|  |TAMS 0x0000000086000000, 0x0000000086000000| Untracked 
|  97|0x0000000086100000, 0x0000000086100000, 0x0000000086200000|  0%| F|  |TAMS 0x0000000086100000, 0x0000000086100000| Untracked 
|  98|0x0000000086200000, 0x0000000086300000, 0x0000000086300000|100%| O|  |TAMS 0x0000000086300000, 0x0000000086300000| Untracked 
|  99|0x0000000086300000, 0x0000000086400000, 0x0000000086400000|100%| O|  |TAMS 0x0000000086400000, 0x0000000086400000| Untracked 
| 100|0x0000000086400000, 0x0000000086400000, 0x0000000086500000|  0%| F|  |TAMS 0x0000000086400000, 0x0000000086400000| Untracked 
| 101|0x0000000086500000, 0x0000000086500000, 0x0000000086600000|  0%| F|  |TAMS 0x0000000086500000, 0x0000000086500000| Untracked 
| 102|0x0000000086600000, 0x0000000086700000, 0x0000000086700000|100%| O|  |TAMS 0x0000000086700000, 0x0000000086700000| Untracked 
| 103|0x0000000086700000, 0x0000000086800000, 0x0000000086800000|100%| O|  |TAMS 0x0000000086800000, 0x0000000086800000| Untracked 
| 104|0x0000000086800000, 0x0000000086800000, 0x0000000086900000|  0%| F|  |TAMS 0x0000000086800000, 0x0000000086800000| Untracked 
| 105|0x0000000086900000, 0x0000000086900000, 0x0000000086a00000|  0%| F|  |TAMS 0x0000000086900000, 0x0000000086900000| Untracked 
| 106|0x0000000086a00000, 0x0000000086a00000, 0x0000000086b00000|  0%| F|  |TAMS 0x0000000086a00000, 0x0000000086a00000| Untracked 
| 107|0x0000000086b00000, 0x0000000086b00000, 0x0000000086c00000|  0%| F|  |TAMS 0x0000000086b00000, 0x0000000086b00000| Untracked 
| 108|0x0000000086c00000, 0x0000000086c00000, 0x0000000086d00000|  0%| F|  |TAMS 0x0000000086c00000, 0x0000000086c00000| Untracked 
| 109|0x0000000086d00000, 0x0000000086d00000, 0x0000000086e00000|  0%| F|  |TAMS 0x0000000086d00000, 0x0000000086d00000| Untracked 
| 110|0x0000000086e00000, 0x0000000086e00000, 0x0000000086f00000|  0%| F|  |TAMS 0x0000000086e00000, 0x0000000086e00000| Untracked 
| 111|0x0000000086f00000, 0x0000000086f00000, 0x0000000087000000|  0%| F|  |TAMS 0x0000000086f00000, 0x0000000086f00000| Untracked 
| 112|0x0000000087000000, 0x0000000087000000, 0x0000000087100000|  0%| F|  |TAMS 0x0000000087000000, 0x0000000087000000| Untracked 
| 113|0x0000000087100000, 0x0000000087100000, 0x0000000087200000|  0%| F|  |TAMS 0x0000000087100000, 0x0000000087100000| Untracked 
| 114|0x0000000087200000, 0x0000000087200000, 0x0000000087300000|  0%| F|  |TAMS 0x0000000087200000, 0x0000000087200000| Untracked 
| 115|0x0000000087300000, 0x0000000087300000, 0x0000000087400000|  0%| F|  |TAMS 0x0000000087300000, 0x0000000087300000| Untracked 
| 116|0x0000000087400000, 0x0000000087400000, 0x0000000087500000|  0%| F|  |TAMS 0x0000000087400000, 0x0000000087400000| Untracked 
| 117|0x0000000087500000, 0x0000000087500000, 0x0000000087600000|  0%| F|  |TAMS 0x0000000087500000, 0x0000000087500000| Untracked 
| 118|0x0000000087600000, 0x0000000087600000, 0x0000000087700000|  0%| F|  |TAMS 0x0000000087600000, 0x0000000087600000| Untracked 
| 119|0x0000000087700000, 0x0000000087700000, 0x0000000087800000|  0%| F|  |TAMS 0x0000000087700000, 0x0000000087700000| Untracked 
| 120|0x0000000087800000, 0x0000000087800000, 0x0000000087900000|  0%| F|  |TAMS 0x0000000087800000, 0x0000000087800000| Untracked 
| 121|0x0000000087900000, 0x0000000087900000, 0x0000000087a00000|  0%| F|  |TAMS 0x0000000087900000, 0x0000000087900000| Untracked 
| 122|0x0000000087a00000, 0x0000000087a00000, 0x0000000087b00000|  0%| F|  |TAMS 0x0000000087a00000, 0x0000000087a00000| Untracked 
| 123|0x0000000087b00000, 0x0000000087b00000, 0x0000000087c00000|  0%| F|  |TAMS 0x0000000087b00000, 0x0000000087b00000| Untracked 
| 124|0x0000000087c00000, 0x0000000087c00000, 0x0000000087d00000|  0%| F|  |TAMS 0x0000000087c00000, 0x0000000087c00000| Untracked 
| 125|0x0000000087d00000, 0x0000000087d00000, 0x0000000087e00000|  0%| F|  |TAMS 0x0000000087d00000, 0x0000000087d00000| Untracked 
| 126|0x0000000087e00000, 0x0000000087e00000, 0x0000000087f00000|  0%| F|  |TAMS 0x0000000087e00000, 0x0000000087e00000| Untracked 
| 127|0x0000000087f00000, 0x0000000087f00000, 0x0000000088000000|  0%| F|  |TAMS 0x0000000087f00000, 0x0000000087f00000| Untracked 
| 128|0x0000000088000000, 0x0000000088000000, 0x0000000088100000|  0%| F|  |TAMS 0x0000000088000000, 0x0000000088000000| Untracked 
| 129|0x0000000088100000, 0x0000000088100000, 0x0000000088200000|  0%| F|  |TAMS 0x0000000088100000, 0x0000000088100000| Untracked 
| 130|0x0000000088200000, 0x0000000088200000, 0x0000000088300000|  0%| F|  |TAMS 0x0000000088200000, 0x0000000088200000| Untracked 
| 131|0x0000000088300000, 0x0000000088300000, 0x0000000088400000|  0%| F|  |TAMS 0x0000000088300000, 0x0000000088300000| Untracked 
| 132|0x0000000088400000, 0x0000000088400000, 0x0000000088500000|  0%| F|  |TAMS 0x0000000088400000, 0x0000000088400000| Untracked 
| 133|0x0000000088500000, 0x0000000088500000, 0x0000000088600000|  0%| F|  |TAMS 0x0000000088500000, 0x0000000088500000| Untracked 
| 134|0x0000000088600000, 0x0000000088600000, 0x0000000088700000|  0%| F|  |TAMS 0x0000000088600000, 0x0000000088600000| Untracked 
| 135|0x0000000088700000, 0x0000000088700000, 0x0000000088800000|  0%| F|  |TAMS 0x0000000088700000, 0x0000000088700000| Untracked 
| 136|0x0000000088800000, 0x00000000888da958, 0x0000000088900000| 85%| S|CS|TAMS 0x0000000088800000, 0x0000000088800000| Complete 
| 137|0x0000000088900000, 0x0000000088900000, 0x0000000088a00000|  0%| F|  |TAMS 0x0000000088900000, 0x0000000088900000| Untracked 
| 138|0x0000000088a00000, 0x0000000088a00000, 0x0000000088b00000|  0%| F|  |TAMS 0x0000000088a00000, 0x0000000088a00000| Untracked 
| 139|0x0000000088b00000, 0x0000000088b00000, 0x0000000088c00000|  0%| F|  |TAMS 0x0000000088b00000, 0x0000000088b00000| Untracked 
| 140|0x0000000088c00000, 0x0000000088c00000, 0x0000000088d00000|  0%| F|  |TAMS 0x0000000088c00000, 0x0000000088c00000| Untracked 
| 141|0x0000000088d00000, 0x0000000088d00000, 0x0000000088e00000|  0%| F|  |TAMS 0x0000000088d00000, 0x0000000088d00000| Untracked 
| 142|0x0000000088e00000, 0x0000000088e00000, 0x0000000088f00000|  0%| F|  |TAMS 0x0000000088e00000, 0x0000000088e00000| Untracked 
| 143|0x0000000088f00000, 0x0000000088f00000, 0x0000000089000000|  0%| F|  |TAMS 0x0000000088f00000, 0x0000000088f00000| Untracked 
| 144|0x0000000089000000, 0x0000000089000000, 0x0000000089100000|  0%| F|  |TAMS 0x0000000089000000, 0x0000000089000000| Untracked 
| 145|0x0000000089100000, 0x00000000891a8de8, 0x0000000089200000| 65%| E|  |TAMS 0x0000000089100000, 0x0000000089100000| Complete 
| 146|0x0000000089200000, 0x0000000089300000, 0x0000000089300000|100%| E|CS|TAMS 0x0000000089200000, 0x0000000089200000| Complete 
| 147|0x0000000089300000, 0x0000000089400000, 0x0000000089400000|100%| E|  |TAMS 0x0000000089300000, 0x0000000089300000| Complete 
| 148|0x0000000089400000, 0x0000000089500000, 0x0000000089500000|100%| E|CS|TAMS 0x0000000089400000, 0x0000000089400000| Complete 
| 149|0x0000000089500000, 0x0000000089600000, 0x0000000089600000|100%| E|CS|TAMS 0x0000000089500000, 0x0000000089500000| Complete 
| 150|0x0000000089600000, 0x0000000089700000, 0x0000000089700000|100%| E|CS|TAMS 0x0000000089600000, 0x0000000089600000| Complete 
| 151|0x0000000089700000, 0x0000000089800000, 0x0000000089800000|100%| E|CS|TAMS 0x0000000089700000, 0x0000000089700000| Complete 
| 152|0x0000000089800000, 0x0000000089900000, 0x0000000089900000|100%| E|CS|TAMS 0x0000000089800000, 0x0000000089800000| Complete 
| 153|0x0000000089900000, 0x0000000089a00000, 0x0000000089a00000|100%| E|CS|TAMS 0x0000000089900000, 0x0000000089900000| Complete 

Card table byte_map: [0x0000021ffeac0000,0x0000021ffeec0000] _byte_map_base: 0x0000021ffe6c0000

Marking Bits (Prev, Next): (CMBitMap*) 0x0000021febc961b0, (CMBitMap*) 0x0000021febc96178
 Prev Bits: [0x0000021f82000000, 0x0000021f84000000)
 Next Bits: [0x0000021f80000000, 0x0000021f82000000)

Polling page: 0x0000021feb3b0000

Metaspace:

Usage:
  Non-class:     95.36 MB capacity,    93.67 MB ( 98%) used,     1.37 MB (  1%) free+waste,   339.38 KB ( <1%) overhead. 
      Class:     14.69 MB capacity,    13.67 MB ( 93%) used,   895.19 KB (  6%) free+waste,   152.06 KB (  1%) overhead. 
       Both:    110.06 MB capacity,   107.34 MB ( 98%) used,     2.24 MB (  2%) free+waste,   491.44 KB ( <1%) overhead. 

Virtual space:
  Non-class space:      108.00 MB reserved,      95.56 MB ( 88%) committed 
      Class space:        1.00 GB reserved,      14.75 MB (  1%) committed 
             Both:        1.11 GB reserved,     110.31 MB ( 10%) committed 

Chunk freelists:
   Non-Class:  7.00 KB
       Class:  0 bytes
        Both:  7.00 KB

MaxMetaspaceSize: 17179869184.00 GB
CompressedClassSpaceSize: 1.00 GB

CodeHeap 'non-profiled nmethods': size=120064Kb used=10451Kb max_used=10451Kb free=109612Kb
 bounds [0x0000021ff7180000, 0x0000021ff7bc0000, 0x0000021ffe6c0000]
CodeHeap 'profiled nmethods': size=120000Kb used=36314Kb max_used=36314Kb free=83685Kb
 bounds [0x0000021fefc50000, 0x0000021ff1fd0000, 0x0000021ff7180000]
CodeHeap 'non-nmethods': size=5696Kb used=2332Kb max_used=2391Kb free=3363Kb
 bounds [0x0000021fef6c0000, 0x0000021fef930000, 0x0000021fefc50000]
 total_blobs=16430 nmethods=15478 adapters=861
 compilation: enabled
              stopped_count=0, restarted_count=0
 full_count=0

Compilation events (20 events):
Event: 106.842 Thread 0x0000021f860d9000 15256       2       com.android.tools.r8.internal.ka::a (14 bytes)
Event: 106.842 Thread 0x0000021f8a78e000 15177       4       java.lang.StrictMath::floorOrCeil (128 bytes)
Event: 106.842 Thread 0x0000021f860d9000 nmethod 15256 0x0000021ff1eda690 code [0x0000021ff1eda840, 0x0000021ff1eda958]
Event: 106.842 Thread 0x0000021f860d9000 15257       2       com.android.tools.r8.internal.Xi::c (97 bytes)
Event: 106.843 Thread 0x0000021f860d9000 nmethod 15257 0x0000021ff1edaa10 code [0x0000021ff1edac40, 0x0000021ff1edb038]
Event: 106.844 Thread 0x0000021f860d9000 15258       2       com.android.tools.r8.internal.Xi::a (159 bytes)
Event: 106.844 Thread 0x0000021f8a78e000 nmethod 15177 0x0000021ff7b9ac10 code [0x0000021ff7b9adc0, 0x0000021ff7b9aed8]
Event: 106.844 Thread 0x0000021f8a78e000 15189       4       java.util.LinkedList$ListItr::remove (84 bytes)
Event: 106.845 Thread 0x0000021f860d9000 nmethod 15258 0x0000021ff1edb310 code [0x0000021ff1edb600, 0x0000021ff1edc098]
Event: 106.845 Thread 0x0000021f860d9000 15259       2       com.android.tools.r8.code.J1::<init> (16 bytes)
Event: 106.845 Thread 0x0000021f860d9000 nmethod 15259 0x0000021ff1edc690 code [0x0000021ff1edc840, 0x0000021ff1edc968]
Event: 106.845 Thread 0x0000021f860d9000 15260       2       com.android.tools.r8.code.V0::<init> (218 bytes)
Event: 106.846 Thread 0x0000021f860d9000 nmethod 15260 0x0000021ff1edca10 code [0x0000021ff1edcbc0, 0x0000021ff1edcd38]
Event: 106.846 Thread 0x0000021f860d9000 15261       2       com.android.tools.r8.internal.qf::contains (14 bytes)
Event: 106.846 Thread 0x0000021f860d9000 nmethod 15261 0x0000021ff1edce10 code [0x0000021ff1edcfc0, 0x0000021ff1edd0e8]
Event: 106.846 Thread 0x0000021f860d9000 15262       2       com.android.tools.r8.internal.f7::<init> (95 bytes)
Event: 106.847 Thread 0x0000021f860d9000 nmethod 15262 0x0000021ff1edd190 code [0x0000021ff1edd340, 0x0000021ff1edd5f8]
Event: 106.847 Thread 0x0000021f860d9000 15263       2       com.android.tools.r8.internal.Ne::B (7 bytes)
Event: 106.847 Thread 0x0000021f860d9000 nmethod 15263 0x0000021ff1edd690 code [0x0000021ff1edd840, 0x0000021ff1edd968]
Event: 106.847 Thread 0x0000021f860d9000 15264       2       com.android.tools.r8.ir.regalloc.a::a (1373 bytes)

GC Heap History (20 events):
Event: 102.206 GC heap before
{Heap before GC invocations=53 (full 0):
 garbage-first heap   total 131072K, used 110021K [0x0000000080000000, 0x0000000100000000)
  region size 1024K, 13 young (13312K), 2 survivors (2048K)
 Metaspace       used 98646K, capacity 100938K, committed 101180K, reserved 1136640K
  class space    used 12461K, capacity 13293K, committed 13312K, reserved 1048576K
}
Event: 102.220 GC heap after
{Heap after GC invocations=54 (full 0):
 garbage-first heap   total 131072K, used 100621K [0x0000000080000000, 0x0000000100000000)
  region size 1024K, 1 young (1024K), 1 survivors (1024K)
 Metaspace       used 98646K, capacity 100938K, committed 101180K, reserved 1136640K
  class space    used 12461K, capacity 13293K, committed 13312K, reserved 1048576K
}
Event: 102.516 GC heap before
{Heap before GC invocations=54 (full 0):
 garbage-first heap   total 131072K, used 108813K [0x0000000080000000, 0x0000000100000000)
  region size 1024K, 6 young (6144K), 1 survivors (1024K)
 Metaspace       used 99050K, capacity 101367K, committed 101564K, reserved 1138688K
  class space    used 12516K, capacity 13328K, committed 13440K, reserved 1048576K
}
Event: 102.525 GC heap after
{Heap after GC invocations=55 (full 0):
 garbage-first heap   total 131072K, used 99142K [0x0000000080000000, 0x0000000100000000)
  region size 1024K, 1 young (1024K), 1 survivors (1024K)
 Metaspace       used 99050K, capacity 101367K, committed 101564K, reserved 1138688K
  class space    used 12516K, capacity 13328K, committed 13440K, reserved 1048576K
}
Event: 102.818 GC heap before
{Heap before GC invocations=55 (full 0):
 garbage-first heap   total 131072K, used 109382K [0x0000000080000000, 0x0000000100000000)
  region size 1024K, 12 young (12288K), 1 survivors (1024K)
 Metaspace       used 99708K, capacity 102044K, committed 102204K, reserved 1138688K
  class space    used 12612K, capacity 13479K, committed 13568K, reserved 1048576K
}
Event: 102.822 GC heap after
{Heap after GC invocations=56 (full 0):
 garbage-first heap   total 131072K, used 100453K [0x0000000080000000, 0x0000000100000000)
  region size 1024K, 2 young (2048K), 2 survivors (2048K)
 Metaspace       used 99708K, capacity 102044K, committed 102204K, reserved 1138688K
  class space    used 12612K, capacity 13479K, committed 13568K, reserved 1048576K
}
Event: 103.583 GC heap before
{Heap before GC invocations=57 (full 0):
 garbage-first heap   total 131072K, used 111717K [0x0000000080000000, 0x0000000100000000)
  region size 1024K, 13 young (13312K), 2 survivors (2048K)
 Metaspace       used 102139K, capacity 104520K, committed 104636K, reserved 1140736K
  class space    used 12952K, capacity 13845K, committed 13952K, reserved 1048576K
}
Event: 103.593 GC heap after
{Heap after GC invocations=58 (full 0):
 garbage-first heap   total 131072K, used 101857K [0x0000000080000000, 0x0000000100000000)
  region size 1024K, 2 young (2048K), 2 survivors (2048K)
 Metaspace       used 102139K, capacity 104520K, committed 104636K, reserved 1140736K
  class space    used 12952K, capacity 13845K, committed 13952K, reserved 1048576K
}
Event: 103.637 GC heap before
{Heap before GC invocations=58 (full 0):
 garbage-first heap   total 131072K, used 105953K [0x0000000080000000, 0x0000000100000000)
  region size 1024K, 6 young (6144K), 2 survivors (2048K)
 Metaspace       used 102164K, capacity 104523K, committed 104636K, reserved 1140736K
  class space    used 12954K, capacity 13846K, committed 13952K, reserved 1048576K
}
Event: 103.649 GC heap after
{Heap after GC invocations=59 (full 0):
 garbage-first heap   total 131072K, used 89637K [0x0000000080000000, 0x0000000100000000)
  region size 1024K, 1 young (1024K), 1 survivors (1024K)
 Metaspace       used 102164K, capacity 104523K, committed 104636K, reserved 1140736K
  class space    used 12954K, capacity 13846K, committed 13952K, reserved 1048576K
}
Event: 104.129 GC heap before
{Heap before GC invocations=59 (full 0):
 garbage-first heap   total 131072K, used 106021K [0x0000000080000000, 0x0000000100000000)
  region size 1024K, 17 young (17408K), 1 survivors (1024K)
 Metaspace       used 103255K, capacity 105728K, committed 105788K, reserved 1140736K
  class space    used 13111K, capacity 14033K, committed 14080K, reserved 1048576K
}
Event: 104.144 GC heap after
{Heap after GC invocations=60 (full 0):
 garbage-first heap   total 131072K, used 94735K [0x0000000080000000, 0x0000000100000000)
  region size 1024K, 3 young (3072K), 3 survivors (3072K)
 Metaspace       used 103255K, capacity 105728K, committed 105788K, reserved 1140736K
  class space    used 13111K, capacity 14033K, committed 14080K, reserved 1048576K
}
Event: 104.726 GC heap before
{Heap before GC invocations=60 (full 0):
 garbage-first heap   total 131072K, used 107023K [0x0000000080000000, 0x0000000100000000)
  region size 1024K, 16 young (16384K), 3 survivors (3072K)
 Metaspace       used 105950K, capacity 108587K, committed 108860K, reserved 1144832K
  class space    used 13562K, capacity 14528K, committed 14592K, reserved 1048576K
}
Event: 104.739 GC heap after
{Heap after GC invocations=61 (full 0):
 garbage-first heap   total 131072K, used 96000K [0x0000000080000000, 0x0000000100000000)
  region size 1024K, 1 young (1024K), 1 survivors (1024K)
 Metaspace       used 105950K, capacity 108587K, committed 108860K, reserved 1144832K
  class space    used 13562K, capacity 14528K, committed 14592K, reserved 1048576K
}
Event: 105.418 GC heap before
{Heap before GC invocations=61 (full 0):
 garbage-first heap   total 131072K, used 109312K [0x0000000080000000, 0x0000000100000000)
  region size 1024K, 14 young (14336K), 1 survivors (1024K)
 Metaspace       used 107673K, capacity 110315K, committed 110396K, reserved 1144832K
  class space    used 13768K, capacity 14781K, committed 14848K, reserved 1048576K
}
Event: 105.431 GC heap after
{Heap after GC invocations=62 (full 0):
 garbage-first heap   total 131072K, used 96849K [0x0000000080000000, 0x0000000100000000)
  region size 1024K, 2 young (2048K), 2 survivors (2048K)
 Metaspace       used 107673K, capacity 110315K, committed 110396K, reserved 1144832K
  class space    used 13768K, capacity 14781K, committed 14848K, reserved 1048576K
}
Event: 106.278 GC heap before
{Heap before GC invocations=63 (full 0):
 garbage-first heap   total 131072K, used 110161K [0x0000000080000000, 0x0000000100000000)
  region size 1024K, 15 young (15360K), 2 survivors (2048K)
 Metaspace       used 108136K, capacity 110732K, committed 110908K, reserved 1144832K
  class space    used 13798K, capacity 14780K, committed 14848K, reserved 1048576K
}
Event: 106.288 GC heap after
{Heap after GC invocations=64 (full 0):
 garbage-first heap   total 131072K, used 97769K [0x0000000080000000, 0x0000000100000000)
  region size 1024K, 2 young (2048K), 2 survivors (2048K)
 Metaspace       used 108136K, capacity 110732K, committed 110908K, reserved 1144832K
  class space    used 13798K, capacity 14780K, committed 14848K, reserved 1048576K
}
Event: 106.326 GC heap before
{Heap before GC invocations=64 (full 0):
 garbage-first heap   total 131072K, used 101865K [0x0000000080000000, 0x0000000100000000)
  region size 1024K, 6 young (6144K), 2 survivors (2048K)
 Metaspace       used 108141K, capacity 110732K, committed 110908K, reserved 1144832K
  class space    used 13799K, capacity 14780K, committed 14848K, reserved 1048576K
}
Event: 106.340 GC heap after
{Heap after GC invocations=65 (full 0):
 garbage-first heap   total 157696K, used 97417K [0x0000000080000000, 0x0000000100000000)
  region size 1024K, 1 young (1024K), 1 survivors (1024K)
 Metaspace       used 108141K, capacity 110732K, committed 110908K, reserved 1144832K
  class space    used 13799K, capacity 14780K, committed 14848K, reserved 1048576K
}

Deoptimization events (20 events):
Event: 106.315 Thread 0x0000021f8a785000 DEOPT PACKING pc=0x0000021ff1d83233 sp=0x00000044ba3fc090
Event: 106.315 Thread 0x0000021f8a785000 DEOPT UNPACKING pc=0x0000021fef6e76ce sp=0x00000044ba3fb528 mode 0
Event: 106.316 Thread 0x0000021f8a785000 DEOPT PACKING pc=0x0000021ff1d83233 sp=0x00000044ba3fc090
Event: 106.316 Thread 0x0000021f8a785000 DEOPT UNPACKING pc=0x0000021fef6e76ce sp=0x00000044ba3fb528 mode 0
Event: 106.355 Thread 0x0000021f8a785000 DEOPT PACKING pc=0x0000021ff1d83233 sp=0x00000044ba3fc090
Event: 106.355 Thread 0x0000021f8a785000 DEOPT UNPACKING pc=0x0000021fef6e76ce sp=0x00000044ba3fb528 mode 0
Event: 106.357 Thread 0x0000021f8a785000 DEOPT PACKING pc=0x0000021ff1d83233 sp=0x00000044ba3fc090
Event: 106.357 Thread 0x0000021f8a785000 DEOPT UNPACKING pc=0x0000021fef6e76ce sp=0x00000044ba3fb528 mode 0
Event: 106.556 Thread 0x0000021f89a71000 Uncommon trap: trap_request=0xffffff4d fr.pc=0x0000021ff7b26134 relative=0x0000000000000374
Event: 106.556 Thread 0x0000021f89a71000 Uncommon trap: reason=unstable_if action=reinterpret pc=0x0000021ff7b26134 method=com.android.tools.r8.internal.XG.a(Lcom/android/tools/r8/graph/d0;)Lcom/android/tools/r8/internal/XG; @ 12 c2
Event: 106.556 Thread 0x0000021f89a71000 DEOPT PACKING pc=0x0000021ff7b26134 sp=0x00000044ba1fc270
Event: 106.556 Thread 0x0000021f89a71000 DEOPT UNPACKING pc=0x0000021fef6e78af sp=0x00000044ba1fc150 mode 2
Event: 106.556 Thread 0x0000021f89a71000 Uncommon trap: trap_request=0xffffff4d fr.pc=0x0000021ff7b51d90 relative=0x0000000000003f30
Event: 106.556 Thread 0x0000021f89a71000 Uncommon trap: reason=unstable_if action=reinterpret pc=0x0000021ff7b51d90 method=com.android.tools.r8.internal.Me.a(ILcom/android/tools/r8/internal/YG;Lcom/android/tools/r8/internal/i2;Lcom/android/tools/r8/internal/i2$c;Lcom/android/tools/r8/internal/Nv
Event: 106.556 Thread 0x0000021f89a71000 DEOPT PACKING pc=0x0000021ff7b51d90 sp=0x00000044ba1fc270
Event: 106.557 Thread 0x0000021f89a71000 DEOPT UNPACKING pc=0x0000021fef6e78af sp=0x00000044ba1fc2e0 mode 2
Event: 106.596 Thread 0x0000021f89a71000 Uncommon trap: trap_request=0xfffffff4 fr.pc=0x0000021ff7b8860c relative=0x000000000000014c
Event: 106.596 Thread 0x0000021f89a71000 Uncommon trap: reason=null_check action=make_not_entrant pc=0x0000021ff7b8860c method=com.android.tools.r8.internal.b2$f.a(Lcom/android/tools/r8/graph/X;)Lcom/android/tools/r8/internal/b2$e; @ 10 c2
Event: 106.596 Thread 0x0000021f89a71000 DEOPT PACKING pc=0x0000021ff7b8860c sp=0x00000044ba1fcc90
Event: 106.596 Thread 0x0000021f89a71000 DEOPT UNPACKING pc=0x0000021fef6e78af sp=0x00000044ba1fcb40 mode 2

Classes redefined (0 events):
No events

Internal exceptions (20 events):
Event: 102.511 Thread 0x0000021f8bdf9000 Exception <a 'sun/nio/fs/WindowsException'{0x0000000087bff360}> (0x0000000087bff360) thrown at [./src/hotspot/share/prims/jni.cpp, line 615]
Event: 102.560 Thread 0x0000021f8bdf9000 Exception <a 'java/lang/NoSuchMethodError'{0x0000000087fa2fd8}: <clinit>> (0x0000000087fa2fd8) thrown at [./src/hotspot/share/prims/jni.cpp, line 1362]
Event: 103.004 Thread 0x0000021f8a786000 Exception <a 'sun/nio/fs/WindowsException'{0x0000000087e1a4c8}> (0x0000000087e1a4c8) thrown at [./src/hotspot/share/prims/jni.cpp, line 615]
Event: 103.045 Thread 0x0000021f89a71000 Exception <a 'sun/nio/fs/WindowsException'{0x0000000087e9ec08}> (0x0000000087e9ec08) thrown at [./src/hotspot/share/prims/jni.cpp, line 615]
Event: 103.400 Thread 0x0000021f89a71000 Exception <a 'java/lang/NoSuchMethodError'{0x00000000879a0af8}: 'java.lang.Object java.lang.invoke.DirectMethodHandle$Holder.invokeStatic(java.lang.Object, java.lang.Object, java.lang.Object, java.lang.Object, java.lang.Object, java.lang.Object, java.lang.Object, java.lang.Object, java.lang.Object, java.lang.Object, java.lang.Object, java.lang.Object, java.lang.Object, java.lang.Object, java.lang.Object, java.lang.Object, java.lang.Object, java.lang.Object, int, java.lang.Object)'> (0x00000000879a0af8) thr
Event: 103.401 Thread 0x0000021f89a71000 Exception <a 'java/lang/NoSuchMethodError'{0x00000000879a6880}: 'java.lang.Object java.lang.invoke.DirectMethodHandle$Holder.invokeStaticInit(java.lang.Object, java.lang.Object, java.lang.Object, java.lang.Object, java.lang.Object, java.lang.Object, java.lang.Object, java.lang.Object, java.lang.Object, java.lang.Object, java.lang.Object, java.lang.Object, java.lang.Object, java.lang.Object, java.lang.Object, java.lang.Object, java.lang.Object, java.lang.Object, int, java.lang.Object)'> (0x00000000879a6880)
Event: 103.460 Thread 0x0000021f8a786000 Exception <a 'java/lang/IncompatibleClassChangeError'{0x00000000878a27f0}: Found class java.lang.Object, but interface was expected> (0x00000000878a27f0) thrown at [./src/hotspot/share/interpreter/linkResolver.cpp, line 839]
Event: 103.460 Thread 0x0000021f89a71000 Exception <a 'java/lang/IncompatibleClassChangeError'{0x000000008788fb48}: Found class java.lang.Object, but interface was expected> (0x000000008788fb48) thrown at [./src/hotspot/share/interpreter/linkResolver.cpp, line 839]
Event: 103.546 Thread 0x0000021f8a78c800 Exception <a 'java/lang/NoSuchMethodError'{0x00000000877a5978}: 'long java.lang.invoke.DirectMethodHandle$Holder.invokeStatic(java.lang.Object, long, java.lang.Object)'> (0x00000000877a5978) thrown at [./src/hotspot/share/interpreter/linkResolver.cpp, line 773]
Event: 104.034 Thread 0x0000021f8a786000 Exception <a 'java/lang/NoSuchMethodError'{0x00000000872954c0}: 'void java.lang.invoke.DirectMethodHandle$Holder.invokeStatic(java.lang.Object, java.lang.Object, java.lang.Object, int)'> (0x00000000872954c0) thrown at [./src/hotspot/share/interpreter/linkResolver.cpp, line 773]
Event: 104.035 Thread 0x0000021f8a786000 Exception <a 'java/lang/IncompatibleClassChangeError'{0x000000008729d4d0}: Found class java.lang.Object, but interface was expected> (0x000000008729d4d0) thrown at [./src/hotspot/share/interpreter/linkResolver.cpp, line 839]
Event: 104.513 Thread 0x0000021f8a78c800 Exception <a 'java/lang/NoSuchMethodError'{0x0000000087788328}: 'java.lang.Object java.lang.invoke.Invokers$Holder.linkToTargetMethod(java.lang.Object, java.lang.Object, java.lang.Object, java.lang.Object, java.lang.Object, java.lang.Object, java.lang.Object)'> (0x0000000087788328) thrown at [./src/hotspot/share/interpreter/linkResolver.cpp, line 773]
Event: 104.662 Thread 0x0000021f89a71000 Exception <a 'java/lang/NoSuchMethodError'{0x00000000874783b0}: 'java.lang.Object java.lang.invoke.DirectMethodHandle$Holder.invokeVirtual(java.lang.Object, java.lang.Object, int, java.lang.Object)'> (0x00000000874783b0) thrown at [./src/hotspot/share/interpreter/linkResolver.cpp, line 773]
Event: 104.695 Thread 0x0000021f89a71000 Exception <a 'java/lang/IncompatibleClassChangeError'{0x00000000873021b8}: Found class java.lang.Object, but interface was expected> (0x00000000873021b8) thrown at [./src/hotspot/share/interpreter/linkResolver.cpp, line 839]
Event: 104.696 Thread 0x0000021f89a71000 Exception <a 'java/lang/IncompatibleClassChangeError'{0x000000008730b220}: Found class java.lang.Object, but interface was expected> (0x000000008730b220) thrown at [./src/hotspot/share/interpreter/linkResolver.cpp, line 839]
Event: 104.716 Thread 0x0000021f8a78c800 Exception <a 'java/lang/NoSuchMethodError'{0x000000008738b900}: 'void java.lang.invoke.DirectMethodHandle$Holder.invokeVirtual(java.lang.Object, java.lang.Object, int, java.lang.Object)'> (0x000000008738b900) thrown at [./src/hotspot/share/interpreter/linkResolver.cpp, line 773]
Event: 104.885 Thread 0x0000021f89a71000 Exception <a 'java/lang/NoSuchMethodError'{0x0000000087db6f90}: 'java.lang.Object java.lang.invoke.DirectMethodHandle$Holder.newInvokeSpecial(java.lang.Object, int)'> (0x0000000087db6f90) thrown at [./src/hotspot/share/interpreter/linkResolver.cpp, line 773]
Event: 105.108 Thread 0x0000021f8a786000 Exception <a 'java/lang/NoSuchMethodError'{0x00000000879bc6d8}: 'long java.lang.invoke.DirectMethodHandle$Holder.invokeStatic(java.lang.Object, java.lang.Object)'> (0x00000000879bc6d8) thrown at [./src/hotspot/share/interpreter/linkResolver.cpp, line 773]
Event: 106.168 Thread 0x0000021f8a786000 Exception <a 'java/lang/NoSuchMethodError'{0x000000008764cb30}: 'java.lang.Object java.lang.invoke.DirectMethodHandle$Holder.invokeInterface(java.lang.Object, java.lang.Object, int)'> (0x000000008764cb30) thrown at [./src/hotspot/share/interpreter/linkResolver.cpp, line 773]
Event: 106.595 Thread 0x0000021f89a71000 Implicit null exception at 0x0000021ff7b8857c to 0x0000021ff7b88600

Events (20 events):
Event: 106.558 loading class com/android/tools/r8/internal/aw
Event: 106.558 loading class com/android/tools/r8/internal/aw done
Event: 106.599 loading class com/android/tools/r8/code/p3
Event: 106.599 loading class com/android/tools/r8/code/p3 done
Event: 106.604 loading class com/android/tools/r8/code/m3
Event: 106.604 loading class com/android/tools/r8/code/m3 done
Event: 106.604 loading class com/android/tools/r8/code/l3
Event: 106.604 loading class com/android/tools/r8/code/l3 done
Event: 106.605 loading class com/android/tools/r8/code/k3
Event: 106.605 loading class com/android/tools/r8/code/k3 done
Event: 106.606 loading class com/android/tools/r8/code/n3
Event: 106.606 loading class com/android/tools/r8/code/n3 done
Event: 106.606 loading class com/android/tools/r8/code/q3
Event: 106.606 loading class com/android/tools/r8/code/q3 done
Event: 106.607 loading class com/android/tools/r8/code/j3
Event: 106.607 loading class com/android/tools/r8/code/j3 done
Event: 106.744 loading class com/android/tools/r8/internal/l4$a
Event: 106.744 loading class com/android/tools/r8/internal/l4$a done
Event: 106.833 Executing VM operation: ICBufferFull
Event: 106.834 Executing VM operation: ICBufferFull done


Dynamic libraries:
0x00007ff7ae970000 - 0x00007ff7ae97a000 	C:\Program Files\Android\Android Studio\jre\bin\java.exe
0x00007ffbb87d0000 - 0x00007ffbb89c5000 	C:\WINDOWS\SYSTEM32\ntdll.dll
0x00007ffbb71f0000 - 0x00007ffbb72ae000 	C:\WINDOWS\System32\KERNEL32.DLL
0x00007ffbb62a0000 - 0x00007ffbb6568000 	C:\WINDOWS\System32\KERNELBASE.dll
0x00007ffbb5fd0000 - 0x00007ffbb60d0000 	C:\WINDOWS\System32\ucrtbase.dll
0x00007ffba48f0000 - 0x00007ffba4909000 	C:\Program Files\Android\Android Studio\jre\bin\jli.dll
0x00007ffbb7a00000 - 0x00007ffbb7ba0000 	C:\WINDOWS\System32\USER32.dll
0x00007ffbb60d0000 - 0x00007ffbb60f2000 	C:\WINDOWS\System32\win32u.dll
0x00007ffbb71c0000 - 0x00007ffbb71eb000 	C:\WINDOWS\System32\GDI32.dll
0x00007ffbb6740000 - 0x00007ffbb684d000 	C:\WINDOWS\System32\gdi32full.dll
0x00007ffbb6200000 - 0x00007ffbb629d000 	C:\WINDOWS\System32\msvcp_win.dll
0x00007ffba48d0000 - 0x00007ffba48e7000 	C:\Program Files\Android\Android Studio\jre\bin\VCRUNTIME140.dll
0x00007ffbb5310000 - 0x00007ffbb55aa000 	C:\WINDOWS\WinSxS\amd64_microsoft.windows.common-controls_6595b64144ccf1df_6.0.19041.1110_none_60b5254171f9507e\COMCTL32.dll
0x00007ffbb7e20000 - 0x00007ffbb7ebe000 	C:\WINDOWS\System32\msvcrt.dll
0x00007ffbb86c0000 - 0x00007ffbb86f0000 	C:\WINDOWS\System32\IMM32.DLL
0x00007ffbaa570000 - 0x00007ffbaa772000 	C:\WINDOWS\system32\tmumh\20019\AddOn\8.53.0.1135\TmUmEvt64.dll
0x00007ffbb6a60000 - 0x00007ffbb6a68000 	C:\WINDOWS\System32\PSAPI.DLL
0x00007ffbb69b0000 - 0x00007ffbb6a5e000 	C:\WINDOWS\System32\ADVAPI32.dll
0x00007ffbb86f0000 - 0x00007ffbb878c000 	C:\WINDOWS\System32\sechost.dll
0x00007ffbb6880000 - 0x00007ffbb69a5000 	C:\WINDOWS\System32\RPCRT4.dll
0x0000000051c50000 - 0x0000000051dc0000 	C:\WINDOWS\system32\tmumh\20019\TmMon\2.8.0.1054\tmmon64.dll
0x00007ffb85330000 - 0x00007ffb853cd000 	C:\Program Files\Android\Android Studio\jre\bin\msvcp140.dll
0x00007ffb811b0000 - 0x00007ffb81c7f000 	C:\Program Files\Android\Android Studio\jre\bin\server\jvm.dll
0x00007ffba0d60000 - 0x00007ffba0d69000 	C:\WINDOWS\SYSTEM32\WSOCK32.dll
0x00007ffbb7880000 - 0x00007ffbb78eb000 	C:\WINDOWS\System32\WS2_32.dll
0x00007ffba9790000 - 0x00007ffba97b7000 	C:\WINDOWS\SYSTEM32\WINMM.dll
0x00007ffba97c0000 - 0x00007ffba97ca000 	C:\WINDOWS\SYSTEM32\VERSION.dll
0x00007ffbb3090000 - 0x00007ffbb30a2000 	C:\WINDOWS\SYSTEM32\kernel.appcore.dll
0x00007ffbb4100000 - 0x00007ffbb4111000 	C:\Program Files\Android\Android Studio\jre\bin\verify.dll
0x00007ffbb5960000 - 0x00007ffbb5b44000 	C:\WINDOWS\SYSTEM32\DBGHELP.DLL
0x00007ffbb58b0000 - 0x00007ffbb58dc000 	C:\WINDOWS\SYSTEM32\dbgcore.DLL
0x00007ffbb5f40000 - 0x00007ffbb5fc2000 	C:\WINDOWS\System32\bcryptPrimitives.dll
0x00007ffbaff70000 - 0x00007ffbaff99000 	C:\Program Files\Android\Android Studio\jre\bin\java.dll
0x00007ffbb4000000 - 0x00007ffbb400b000 	C:\Program Files\Android\Android Studio\jre\bin\jimage.dll
0x00007ffbb3d90000 - 0x00007ffbb3da8000 	C:\Program Files\Android\Android Studio\jre\bin\zip.dll
0x0000021f86500000 - 0x0000021f86c44000 	C:\WINDOWS\System32\SHELL32.dll
0x00007ffbb3350000 - 0x00007ffbb3ae4000 	C:\WINDOWS\SYSTEM32\windows.storage.dll
0x00007ffbb7520000 - 0x00007ffbb7875000 	C:\WINDOWS\System32\combase.dll
0x00007ffbb52a0000 - 0x00007ffbb52ce000 	C:\WINDOWS\SYSTEM32\Wldp.dll
0x00007ffbb7d70000 - 0x00007ffbb7e1d000 	C:\WINDOWS\System32\SHCORE.dll
0x00007ffbb7ec0000 - 0x00007ffbb7f15000 	C:\WINDOWS\System32\shlwapi.dll
0x00007ffbb5e80000 - 0x00007ffbb5e9f000 	C:\WINDOWS\SYSTEM32\profapi.dll
0x00007ffbb0c90000 - 0x00007ffbb0caa000 	C:\Program Files\Android\Android Studio\jre\bin\net.dll
0x00007ffbb07e0000 - 0x00007ffbb08ec000 	C:\WINDOWS\SYSTEM32\WINHTTP.dll
0x00007ffbb4ff0000 - 0x00007ffbb505a000 	C:\WINDOWS\system32\mswsock.dll
0x00007ffbaff40000 - 0x00007ffbaff54000 	C:\Program Files\Android\Android Studio\jre\bin\nio.dll
0x00007ffbb3cd0000 - 0x00007ffbb3cf7000 	C:\Users\PARVATHY\.gradle\native\8bec1ad78214c89d9ad589b4d07fe93259594b29d510b10fafb7a158f7737e5d\windows-amd64\native-platform.dll
0x00007ffb85130000 - 0x00007ffb8526d000 	C:\Users\PARVATHY\.gradle\native\53dbd7edfb1c66fb8903c78663c9afc45aea4f116125fa6feffd364cf09443e8\windows-amd64\native-platform-file-events.dll
0x00007ffbb3d70000 - 0x00007ffbb3d7a000 	C:\Program Files\Android\Android Studio\jre\bin\management.dll
0x00007ffbb0310000 - 0x00007ffbb031c000 	C:\Program Files\Android\Android Studio\jre\bin\management_ext.dll
0x00007ffbb5cc0000 - 0x00007ffbb5cd8000 	C:\WINDOWS\SYSTEM32\CRYPTSP.dll
0x00007ffbb49a0000 - 0x00007ffbb49d4000 	C:\WINDOWS\system32\rsaenh.dll
0x00007ffbb6850000 - 0x00007ffbb6877000 	C:\WINDOWS\System32\bcrypt.dll
0x00007ffbb5e40000 - 0x00007ffbb5e6e000 	C:\WINDOWS\SYSTEM32\USERENV.dll
0x00007ffbb50e0000 - 0x00007ffbb50ec000 	C:\WINDOWS\SYSTEM32\CRYPTBASE.dll
0x00007ffbb4cf0000 - 0x00007ffbb4d2b000 	C:\WINDOWS\SYSTEM32\IPHLPAPI.DLL
0x00007ffbb73f0000 - 0x00007ffbb73f8000 	C:\WINDOWS\System32\NSI.dll
0x00007ffbab490000 - 0x00007ffbab4a7000 	C:\WINDOWS\SYSTEM32\dhcpcsvc6.DLL
0x00007ffbac4e0000 - 0x00007ffbac4fd000 	C:\WINDOWS\SYSTEM32\dhcpcsvc.DLL
0x00007ffbb4d30000 - 0x00007ffbb4dfb000 	C:\WINDOWS\SYSTEM32\DNSAPI.dll

dbghelp: loaded successfully - version: 4.0.5 - missing functions: none
symbol engine: initialized successfully - sym options: 0x614 - pdb path: .;C:\Program Files\Android\Android Studio\jre\bin;C:\WINDOWS\SYSTEM32;C:\WINDOWS\WinSxS\amd64_microsoft.windows.common-controls_6595b64144ccf1df_6.0.19041.1110_none_60b5254171f9507e;C:\WINDOWS\system32\tmumh\20019\AddOn\8.53.0.1135;C:\WINDOWS\system32\tmumh\20019\TmMon\2.8.0.1054;C:\Program Files\Android\Android Studio\jre\bin\server;C:\Users\PARVATHY\.gradle\native\8bec1ad78214c89d9ad589b4d07fe93259594b29d510b10fafb7a158f7737e5d\windows-amd64;C:\Users\PARVATHY\.gradle\native\53dbd7edfb1c66fb8903c78663c9afc45aea4f116125fa6feffd364cf09443e8\windows-amd64

VM Arguments:
jvm_args: --add-opens=java.base/java.util=ALL-UNNAMED --add-opens=java.base/java.lang=ALL-UNNAMED --add-opens=java.base/java.lang.invoke=ALL-UNNAMED --add-opens=java.base/java.util=ALL-UNNAMED --add-opens=java.prefs/java.util.prefs=ALL-UNNAMED --add-opens=java.prefs/java.util.prefs=ALL-UNNAMED --add-opens=java.base/java.nio.charset=ALL-UNNAMED --add-opens=java.base/java.net=ALL-UNNAMED --add-opens=java.base/java.util.concurrent.atomic=ALL-UNNAMED -Xmx2048m -Dfile.encoding=UTF-8 -Duser.country=US -Duser.language=en -Duser.variant 
java_command: org.gradle.launcher.daemon.bootstrap.GradleDaemon 7.0.2
java_class_path (initial): C:\Users\PARVATHY\.gradle\wrapper\dists\gradle-7.0.2-bin\857tjihv64xamwrf0h14cai3r\gradle-7.0.2\lib\gradle-launcher-7.0.2.jar
Launcher Type: SUN_STANDARD

[Global flags]
     intx CICompilerCount                          = 3                                         {product} {ergonomic}
     uint ConcGCThreads                            = 1                                         {product} {ergonomic}
     uint G1ConcRefinementThreads                  = 4                                         {product} {ergonomic}
   size_t G1HeapRegionSize                         = 1048576                                   {product} {ergonomic}
    uintx GCDrainStackTargetSize                   = 64                                        {product} {ergonomic}
   size_t InitialHeapSize                          = 134217728                                 {product} {ergonomic}
   size_t MarkStackSize                            = 4194304                                   {product} {ergonomic}
   size_t MaxHeapSize                              = 2147483648                                {product} {command line}
   size_t MaxNewSize                               = 1287651328                                {product} {ergonomic}
   size_t MinHeapDeltaBytes                        = 1048576                                   {product} {ergonomic}
    uintx NonNMethodCodeHeapSize                   = 5830732                                {pd product} {ergonomic}
    uintx NonProfiledCodeHeapSize                  = 122913754                              {pd product} {ergonomic}
    uintx ProfiledCodeHeapSize                     = 122913754                              {pd product} {ergonomic}
    uintx ReservedCodeCacheSize                    = 251658240                              {pd product} {ergonomic}
     bool SegmentedCodeCache                       = true                                      {product} {ergonomic}
     bool UseCompressedClassPointers               = true                                 {lp64_product} {ergonomic}
     bool UseCompressedOops                        = true                                 {lp64_product} {ergonomic}
     bool UseG1GC                                  = true                                      {product} {ergonomic}
     bool UseLargePagesIndividualAllocation        = false                                  {pd product} {ergonomic}

Logging:
Log output configuration:
 #0: stdout all=warning uptime,level,tags
 #1: stderr all=off uptime,level,tags

Environment Variables:
PATH=C:\Program Files\Java\jdk1.8.0_131\bin;C:\ProgramData\Oracle\Java\javapath;C:\WINDOWS\system32;C:\WINDOWS;C:\WINDOWS\System32\Wbem;C:\WINDOWS\System32\WindowsPowerShell\v1.0\;C:\WINDOWS\System32\OpenSSH\;C:\Program Files (x86)\AOMEI\AOMEI Backupper 6.4.0;C:\Program Files\Git\cmd;C:\Program Files\nodejs\;C:\Users\PARVATHY\AppData\Local\Microsoft\WindowsApps;C:\Program Files\heroku\bin;C:\Program Files\sfdx\bin;F:\Microsoft VS Code\bin;C:\Users\PARVATHY\AppData\Roaming\npm
USERNAME=PARVATHY
OS=Windows_NT
PROCESSOR_IDENTIFIER=Intel64 Family 6 Model 61 Stepping 4, GenuineIntel



---------------  S Y S T E M  ---------------

OS: Windows 10 , 64 bit Build 19041 (10.0.19041.1503)
OS uptime: 7 days 22:16 hours

CPU:total 4 (initial active 4) (2 cores per cpu, 2 threads per core) family 6 model 61 stepping 4 microcode 0x2d, cmov, cx8, fxsr, mmx, sse, sse2, sse3, ssse3, sse4.1, sse4.2, popcnt, avx, avx2, aes, clmul, erms, 3dnowpref, lzcnt, ht, tsc, tscinvbit, bmi1, bmi2, adx, fma

Memory: 4k page, system-wide physical 8103M (621M free)
TotalPageFile size 10603M (AvailPageFile size 0M)
current process WorkingSet (physical memory assigned to process): 456M, peak: 456M
current process commit charge ("private bytes"): 493M, peak: 494M

vm_info: OpenJDK 64-Bit Server VM (11.0.10+0-b96-7249189) for windows-amd64 JRE (11.0.10+0-b96-7249189), built on Mar 31 2021 21:44:00 by "builder" with MS VC++ 14.0 (VS2015)

END.
