#
# There is insufficient memory for the Java Runtime Environment to continue.
# Native memory allocation (mmap) failed to map 27262976 bytes for Failed to commit area from 0x0000000088100000 to 0x0000000089b00000 of length 27262976.
# Possible reasons:
#   The system is out of physical RAM or swap space
#   The process is running with CompressedOops enabled, and the Java Heap may be blocking the growth of the native heap
# Possible solutions:
#   Reduce memory load on the system
#   Increase physical memory or swap space
#   Check if swap backing store is full
#   Decrease Java heap size (-Xmx/-Xms)
#   Decrease number of Java threads
#   Decrease Java thread stack sizes (-Xss)
#   Set larger code cache with -XX:ReservedCodeCacheSize=
#   JVM is running with Unscaled Compressed Oops mode in which the Java heap is
#     placed in the first 4GB address space. The Java Heap base address is the
#     maximum limit for the native heap growth. Please use -XX:HeapBaseMinAddress
#     to set the Java Heap base and to place the Java Heap above 4GB virtual address.
# This output file may be truncated or incomplete.
#
#  Out of Memory Error (./src/hotspot/os/windows/os_windows.cpp:3301), pid=15252, tid=6908
#
# JRE version: OpenJDK Runtime Environment (11.0.10) (build 11.0.10+0-b96-7249189)
# Java VM: OpenJDK 64-Bit Server VM (11.0.10+0-b96-7249189, mixed mode, tiered, compressed oops, g1 gc, windows-amd64)
# No core dump will be written. Minidumps are not enabled by default on client versions of Windows
#

---------------  S U M M A R Y ------------

Command Line: --add-opens=java.base/java.util=ALL-UNNAMED --add-opens=java.base/java.lang=ALL-UNNAMED --add-opens=java.base/java.lang.invoke=ALL-UNNAMED --add-opens=java.base/java.util=ALL-UNNAMED --add-opens=java.prefs/java.util.prefs=ALL-UNNAMED --add-opens=java.prefs/java.util.prefs=ALL-UNNAMED --add-opens=java.base/java.nio.charset=ALL-UNNAMED --add-opens=java.base/java.net=ALL-UNNAMED --add-opens=java.base/java.util.concurrent.atomic=ALL-UNNAMED -Xmx2048m -Dfile.encoding=UTF-8 -Duser.country=US -Duser.language=en -Duser.variant org.gradle.launcher.daemon.bootstrap.GradleDaemon 7.0.2

Host: Intel(R) Core(TM) i5-5200U CPU @ 2.20GHz, 4 cores, 7G,  Windows 10 , 64 bit Build 19041 (10.0.19041.1503)
Time: Mon Mar 14 11:32:38 2022 India Standard Time elapsed time: 107.477927 seconds (0d 0h 1m 47s)

---------------  T H R E A D  ---------------

Current thread (0x00000178ff51f000):  VMThread "VM Thread" [stack: 0x000000085ab00000,0x000000085ac00000] [id=6908]

Stack: [0x000000085ab00000,0x000000085ac00000]
[error occurred during error reporting (printing stack bounds), id 0xc0000005, EXCEPTION_ACCESS_VIOLATION (0xc0000005) at pc=0x0000017880000f2d]

Native frames: (J=compiled Java code, j=interpreted, Vv=VM code, C=native code)
V  [jvm.dll+0x5ecfaa]
V  [jvm.dll+0x722bd5]
V  [jvm.dll+0x72412d]
V  [jvm.dll+0x724745]
V  [jvm.dll+0x7246fb]
V  [jvm.dll+0x5ec348]
V  [jvm.dll+0x5ecad8]
C  [ntdll.dll+0xa20cf]
C  [ntdll.dll+0x51454]
C  [ntdll.dll+0xa0bfe]
C  0x0000017880000f2d

VM_Operation (0x000000085e3fb8c0): G1CollectForAllocation, mode: safepoint, requested by thread 0x0000017894e47000


---------------  P R O C E S S  ---------------

Threads class SMR info:
_java_thread_list=0x0000017894fb8e50, length=56, elements={
0x00000178f4141000, 0x00000178ff521000, 0x00000178ff526800, 0x00000178ff580800,
0x00000178ff582000, 0x00000178ff584000, 0x00000178ff58a800, 0x00000178ff58e800,
0x00000178ff5a2000, 0x00000178ff6f5000, 0x00000178910d6000, 0x000001788f48b000,
0x000001789150e800, 0x00000178919f5800, 0x0000017891b78800, 0x0000017890f48000,
0x0000017890f48800, 0x0000017890f47000, 0x00000178919f1000, 0x00000178919f0800,
0x00000178919f2000, 0x00000178919f2800, 0x0000017890a32000, 0x0000017890a32800,
0x0000017890a34800, 0x0000017890a31000, 0x0000017890a33800, 0x0000017890a2f800,
0x0000017890a36000, 0x0000017890a3b000, 0x0000017890a39800, 0x0000017890a38800,
0x0000017890a3a000, 0x0000017890a3c800, 0x0000017890a37000, 0x0000017890a3d800,
0x0000017890a37800, 0x0000017890a3e000, 0x0000017892905000, 0x00000178928ff800,
0x0000017892902800, 0x0000017892904000, 0x0000017892901000, 0x0000017892901800,
0x0000017892900000, 0x0000017894e4a000, 0x0000017894e48800, 0x0000017894e49800,
0x0000017894e4b000, 0x0000017894e45800, 0x0000017894e4c000, 0x0000017894e46000,
0x0000017894e47800, 0x0000017894e47000, 0x0000017894e4d800, 0x0000017894e51800
}

Java Threads: ( => current thread )
  0x00000178f4141000 JavaThread "main" [_thread_blocked, id=16964, stack(0x000000085a500000,0x000000085a600000)]
  0x00000178ff521000 JavaThread "Reference Handler" daemon [_thread_blocked, id=11620, stack(0x000000085ac00000,0x000000085ad00000)]
  0x00000178ff526800 JavaThread "Finalizer" daemon [_thread_blocked, id=13728, stack(0x000000085ad00000,0x000000085ae00000)]
  0x00000178ff580800 JavaThread "Signal Dispatcher" daemon [_thread_blocked, id=1860, stack(0x000000085ae00000,0x000000085af00000)]
  0x00000178ff582000 JavaThread "Attach Listener" daemon [_thread_blocked, id=15472, stack(0x000000085af00000,0x000000085b000000)]
  0x00000178ff584000 JavaThread "Service Thread" daemon [_thread_blocked, id=11480, stack(0x000000085b000000,0x000000085b100000)]
  0x00000178ff58a800 JavaThread "C2 CompilerThread0" daemon [_thread_blocked, id=16996, stack(0x000000085b100000,0x000000085b200000)]
  0x00000178ff58e800 JavaThread "C1 CompilerThread0" daemon [_thread_blocked, id=14072, stack(0x000000085b200000,0x000000085b300000)]
  0x00000178ff5a2000 JavaThread "Sweeper thread" daemon [_thread_blocked, id=16716, stack(0x000000085b300000,0x000000085b400000)]
  0x00000178ff6f5000 JavaThread "Common-Cleaner" daemon [_thread_blocked, id=12892, stack(0x000000085b400000,0x000000085b500000)]
  0x00000178910d6000 JavaThread "Daemon health stats" [_thread_blocked, id=992, stack(0x000000085b900000,0x000000085ba00000)]
  0x000001788f48b000 JavaThread "Incoming local TCP Connector on port 56781" [_thread_in_native, id=888, stack(0x000000085b800000,0x000000085b900000)]
  0x000001789150e800 JavaThread "Daemon" [_thread_blocked, id=5152, stack(0x000000085ba00000,0x000000085bb00000)]
  0x00000178919f5800 JavaThread "Handler for socket connection from /127.0.0.1:56781 to /127.0.0.1:56782" [_thread_in_native, id=8376, stack(0x000000085bb00000,0x000000085bc00000)]
  0x0000017891b78800 JavaThread "Daemon periodic checks" [_thread_blocked, id=5980, stack(0x000000085bc00000,0x000000085bd00000)]
  0x0000017890f48000 JavaThread "Cancel handler" [_thread_blocked, id=19012, stack(0x000000085bd00000,0x000000085be00000)]
  0x0000017890f48800 JavaThread "Daemon worker" [_thread_blocked, id=608, stack(0x000000085be00000,0x000000085bf00000)]
  0x0000017890f47000 JavaThread "Asynchronous log dispatcher for DefaultDaemonConnection: socket connection from /127.0.0.1:56781 to /127.0.0.1:56782" [_thread_blocked, id=5808, stack(0x000000085bf00000,0x000000085c000000)]
  0x00000178919f1000 JavaThread "Daemon client event forwarder" [_thread_blocked, id=8604, stack(0x000000085c100000,0x000000085c200000)]
  0x00000178919f0800 JavaThread "Cache worker for file hash cache (C:\Users\PARVATHY\.gradle\caches\7.0.2\fileHashes)" [_thread_blocked, id=17088, stack(0x000000085c200000,0x000000085c300000)]
  0x00000178919f2000 JavaThread "File lock request listener" [_thread_in_native, id=4668, stack(0x000000085c300000,0x000000085c400000)]
  0x00000178919f2800 JavaThread "Cache worker for journal cache (C:\Users\PARVATHY\.gradle\caches\journal-1)" [_thread_blocked, id=14496, stack(0x000000085c500000,0x000000085c600000)]
  0x0000017890a32000 JavaThread "Cache worker for file hash cache (E:\Rajagiri\Sem 6\Lead Manager App\.gradle\7.0.2\fileHashes)" [_thread_blocked, id=14132, stack(0x000000085c600000,0x000000085c700000)]
  0x0000017890a32800 JavaThread "File watcher server" daemon [_thread_blocked, id=13552, stack(0x000000085c700000,0x000000085c800000)]
  0x0000017890a34800 JavaThread "File watcher consumer" daemon [_thread_blocked, id=11276, stack(0x000000085c800000,0x000000085c900000)]
  0x0000017890a31000 JavaThread "Cache worker for checksums cache (E:\Rajagiri\Sem 6\Lead Manager App\.gradle\checksums)" [_thread_blocked, id=18040, stack(0x000000085c900000,0x000000085ca00000)]
  0x0000017890a33800 JavaThread "Cache worker for cache directory md-supplier (C:\Users\PARVATHY\.gradle\caches\7.0.2\md-supplier)" [_thread_blocked, id=16924, stack(0x000000085ca00000,0x000000085cb00000)]
  0x0000017890a2f800 JavaThread "Cache worker for cache directory md-rule (C:\Users\PARVATHY\.gradle\caches\7.0.2\md-rule)" [_thread_blocked, id=18704, stack(0x000000085cb00000,0x000000085cc00000)]
  0x0000017890a36000 JavaThread "Cache worker for execution history cache (C:\Users\PARVATHY\.gradle\caches\7.0.2\executionHistory)" [_thread_blocked, id=12248, stack(0x000000085cc00000,0x000000085cd00000)]
  0x0000017890a3b000 JavaThread "jar transforms" [_thread_blocked, id=14792, stack(0x000000085ce00000,0x000000085cf00000)]
  0x0000017890a39800 JavaThread "jar transforms Thread 2" [_thread_blocked, id=18460, stack(0x000000085cf00000,0x000000085d000000)]
  0x0000017890a38800 JavaThread "Cache worker for file content cache (C:\Users\PARVATHY\.gradle\caches\7.0.2\fileContent)" [_thread_blocked, id=18532, stack(0x000000085d000000,0x000000085d100000)]
  0x0000017890a3a000 JavaThread "Cache worker for dependencies-accessors (E:\Rajagiri\Sem 6\Lead Manager App\.gradle\7.0.2\dependencies-accessors)" [_thread_blocked, id=17152, stack(0x000000085cd00000,0x000000085ce00000)]
  0x0000017890a3c800 JavaThread "jar transforms Thread 3" [_thread_blocked, id=16332, stack(0x000000085d100000,0x000000085d200000)]
  0x0000017890a37000 JavaThread "Cache worker for Build Output Cleanup Cache (E:\Rajagiri\Sem 6\Lead Manager App\.gradle\buildOutputCleanup)" [_thread_blocked, id=7696, stack(0x000000085d200000,0x000000085d300000)]
  0x0000017890a3d800 JavaThread "Build operations" [_thread_blocked, id=16068, stack(0x000000085d300000,0x000000085d400000)]
  0x0000017890a37800 JavaThread "Build operations Thread 2" [_thread_blocked, id=7032, stack(0x000000085d400000,0x000000085d500000)]
  0x0000017890a3e000 JavaThread "Build operations Thread 3" [_thread_blocked, id=2484, stack(0x000000085d500000,0x000000085d600000)]
  0x0000017892905000 JavaThread "Build operations Thread 4" [_thread_blocked, id=16404, stack(0x000000085d600000,0x000000085d700000)]
  0x00000178928ff800 JavaThread "jar transforms Thread 4" [_thread_blocked, id=18996, stack(0x000000085d700000,0x000000085d800000)]
  0x0000017892902800 JavaThread "Memory manager" [_thread_blocked, id=18056, stack(0x000000085d800000,0x000000085d900000)]
  0x0000017892904000 JavaThread "build event listener" [_thread_blocked, id=16848, stack(0x000000085db00000,0x000000085dc00000)]
  0x0000017892901000 JavaThread "Execution worker for ':'" [_thread_blocked, id=17172, stack(0x000000085dc00000,0x000000085dd00000)]
  0x0000017892901800 JavaThread "Execution worker for ':' Thread 2" [_thread_blocked, id=17632, stack(0x000000085dd00000,0x000000085de00000)]
  0x0000017892900000 JavaThread "Execution worker for ':' Thread 3" [_thread_blocked, id=11008, stack(0x000000085de00000,0x000000085df00000)]
  0x0000017894e4a000 JavaThread "Cache worker for execution history cache (E:\Rajagiri\Sem 6\Lead Manager App\.gradle\7.0.2\executionHistory)" [_thread_blocked, id=5904, stack(0x000000085df00000,0x000000085e000000)]
  0x0000017894e48800 JavaThread "WorkerExecutor Queue" [_thread_blocked, id=18912, stack(0x000000085e000000,0x000000085e100000)]
  0x0000017894e49800 JavaThread "WorkerExecutor Queue Thread 2" [_thread_blocked, id=18280, stack(0x000000085a100000,0x000000085a200000)]
  0x0000017894e4b000 JavaThread "pool-3-thread-1" [_thread_blocked, id=18004, stack(0x000000085a200000,0x000000085a300000)]
  0x0000017894e45800 JavaThread "stderr" [_thread_in_native, id=9452, stack(0x000000085a300000,0x000000085a400000)]
  0x0000017894e4c000 JavaThread "stdout" [_thread_in_native, id=18300, stack(0x000000085e100000,0x000000085e200000)]
  0x0000017894e46000 JavaThread "Cache worker for Java compile cache (C:\Users\PARVATHY\.gradle\caches\7.0.2\javaCompile)" [_thread_blocked, id=15852, stack(0x000000085c000000,0x000000085c100000)]
  0x0000017894e47800 JavaThread "Cache worker for Java compile cache (E:\Rajagiri\Sem 6\Lead Manager App\.gradle\7.0.2\javaCompile)" [_thread_blocked, id=14876, stack(0x000000085e200000,0x000000085e300000)]
  0x0000017894e47000 JavaThread "WorkerExecutor Queue Thread 3" [_thread_blocked, id=15740, stack(0x000000085e300000,0x000000085e400000)]
  0x0000017894e4d800 JavaThread "WorkerExecutor Queue Thread 4" [_thread_blocked, id=11132, stack(0x000000085e400000,0x000000085e500000)]
  0x0000017894e51800 JavaThread "WorkerExecutor Queue Thread 5" [_thread_blocked, id=13720, stack(0x000000085e500000,0x000000085e600000)]

Other Threads:
=>0x00000178ff51f000 VMThread "VM Thread" [stack: 0x000000085ab00000,0x000000085ac00000] [id=6908]
  0x00000178ff70e000 WatcherThread [stack: 0x000000085b500000,0x000000085b600000] [id=16972]
  0x00000178f4159800 GCTaskThread "GC Thread#0" [stack: 0x000000085a600000,0x000000085a700000] [id=8928]
  0x000001788f3aa000 GCTaskThread "GC Thread#1" [stack: 0x000000085b600000,0x000000085b700000] [id=15140]
  0x000001788f5bb800 GCTaskThread "GC Thread#2" [stack: 0x000000085b700000,0x000000085b800000] [id=18792]
  0x0000017890522800 GCTaskThread "GC Thread#3" [stack: 0x000000085c400000,0x000000085c500000] [id=19076]
  0x00000178f418a800 ConcurrentGCThread "G1 Main Marker" [stack: 0x000000085a700000,0x000000085a800000] [id=19052]
  0x00000178f418d000 ConcurrentGCThread "G1 Conc#0" [stack: 0x000000085a800000,0x000000085a900000] [id=2064]
  0x00000178fea53800 ConcurrentGCThread "G1 Refine#0" [stack: 0x000000085a900000,0x000000085aa00000] [id=8360]
  0x00000178fea54800 ConcurrentGCThread "G1 Young RemSet Sampling" [stack: 0x000000085aa00000,0x000000085ab00000] [id=5944]

Threads with active compile tasks:
C2 CompilerThread0 107685 14525 %     4       com.android.tools.r8.internal.U6::a @ 2378 (4191 bytes)
C1 CompilerThread0 107685 14541       3       com.android.tools.r8.internal.U6::<init> (454 bytes)

VM state:at safepoint (normal execution)

VM Mutex/Monitor currently owned by a thread:  ([mutex/lock_event])
[0x00000178f413b390] Threads_lock - owner thread: 0x00000178ff51f000
[0x00000178f413b6f0] Heap_lock - owner thread: 0x0000017894e47000

Heap address: 0x0000000080000000, size: 2048 MB, Compressed Oops mode: 32-bit
Narrow klass base: 0x0000000000000000, Narrow klass shift: 3
Compressed class space size: 1073741824 Address: 0x0000000100000000

Heap:
 garbage-first heap   total 158720K, used 107704K [0x0000000080000000, 0x0000000100000000)
  region size 1024K, 1 young (1024K), 1 survivors (1024K)
 Metaspace       used 105125K, capacity 107628K, committed 107836K, reserved 1142784K
  class space    used 13305K, capacity 14255K, committed 14336K, reserved 1048576K
Heap Regions: E=young(eden), S=young(survivor), O=old, HS=humongous(starts), HC=humongous(continues), CS=collection set, F=free, A=archive, TAMS=top-at-mark-start (previous, next)
|   0|0x0000000080000000, 0x0000000080100000, 0x0000000080100000|100%| O|  |TAMS 0x0000000080100000, 0x0000000080100000| Untracked 
|   1|0x0000000080100000, 0x0000000080200000, 0x0000000080200000|100%| O|  |TAMS 0x0000000080200000, 0x0000000080200000| Untracked 
|   2|0x0000000080200000, 0x0000000080300000, 0x0000000080300000|100%| O|  |TAMS 0x0000000080300000, 0x0000000080300000| Untracked 
|   3|0x0000000080300000, 0x0000000080400000, 0x0000000080400000|100%|HS|  |TAMS 0x0000000080400000, 0x0000000080400000| Complete 
|   4|0x0000000080400000, 0x0000000080500000, 0x0000000080500000|100%|HC|  |TAMS 0x0000000080500000, 0x0000000080500000| Complete 
|   5|0x0000000080500000, 0x0000000080600000, 0x0000000080600000|100%|HC|  |TAMS 0x0000000080600000, 0x0000000080600000| Complete 
|   6|0x0000000080600000, 0x0000000080700000, 0x0000000080700000|100%| O|  |TAMS 0x0000000080700000, 0x0000000080700000| Untracked 
|   7|0x0000000080700000, 0x0000000080800000, 0x0000000080800000|100%| O|  |TAMS 0x0000000080800000, 0x0000000080800000| Untracked 
|   8|0x0000000080800000, 0x0000000080900000, 0x0000000080900000|100%| O|  |TAMS 0x0000000080900000, 0x0000000080900000| Untracked 
|   9|0x0000000080900000, 0x0000000080a00000, 0x0000000080a00000|100%| O|  |TAMS 0x0000000080a00000, 0x0000000080a00000| Untracked 
|  10|0x0000000080a00000, 0x0000000080b00000, 0x0000000080b00000|100%| O|  |TAMS 0x0000000080b00000, 0x0000000080b00000| Untracked 
|  11|0x0000000080b00000, 0x0000000080c00000, 0x0000000080c00000|100%| O|  |TAMS 0x0000000080c00000, 0x0000000080c00000| Untracked 
|  12|0x0000000080c00000, 0x0000000080d00000, 0x0000000080d00000|100%| O|  |TAMS 0x0000000080d00000, 0x0000000080d00000| Untracked 
|  13|0x0000000080d00000, 0x0000000080e00000, 0x0000000080e00000|100%| O|  |TAMS 0x0000000080e00000, 0x0000000080e00000| Untracked 
|  14|0x0000000080e00000, 0x0000000080f00000, 0x0000000080f00000|100%| O|  |TAMS 0x0000000080f00000, 0x0000000080f00000| Untracked 
|  15|0x0000000080f00000, 0x0000000081000000, 0x0000000081000000|100%| O|  |TAMS 0x0000000081000000, 0x0000000081000000| Untracked 
|  16|0x0000000081000000, 0x0000000081100000, 0x0000000081100000|100%|HS|  |TAMS 0x0000000081100000, 0x0000000081100000| Complete 
|  17|0x0000000081100000, 0x0000000081200000, 0x0000000081200000|100%| O|  |TAMS 0x0000000081200000, 0x0000000081200000| Untracked 
|  18|0x0000000081200000, 0x0000000081300000, 0x0000000081300000|100%| O|  |TAMS 0x0000000081300000, 0x0000000081300000| Untracked 
|  19|0x0000000081300000, 0x0000000081400000, 0x0000000081400000|100%| O|  |TAMS 0x0000000081400000, 0x0000000081400000| Untracked 
|  20|0x0000000081400000, 0x0000000081500000, 0x0000000081500000|100%| O|  |TAMS 0x0000000081500000, 0x0000000081500000| Untracked 
|  21|0x0000000081500000, 0x0000000081600000, 0x0000000081600000|100%| O|  |TAMS 0x0000000081600000, 0x0000000081600000| Untracked 
|  22|0x0000000081600000, 0x0000000081700000, 0x0000000081700000|100%| O|  |TAMS 0x0000000081700000, 0x0000000081700000| Untracked 
|  23|0x0000000081700000, 0x0000000081800000, 0x0000000081800000|100%|HS|  |TAMS 0x0000000081800000, 0x0000000081800000| Complete 
|  24|0x0000000081800000, 0x0000000081900000, 0x0000000081900000|100%|HS|  |TAMS 0x0000000081900000, 0x0000000081900000| Complete 
|  25|0x0000000081900000, 0x0000000081a00000, 0x0000000081a00000|100%|HC|  |TAMS 0x0000000081a00000, 0x0000000081a00000| Complete 
|  26|0x0000000081a00000, 0x0000000081b00000, 0x0000000081b00000|100%| O|  |TAMS 0x0000000081b00000, 0x0000000081b00000| Untracked 
|  27|0x0000000081b00000, 0x0000000081c00000, 0x0000000081c00000|100%| O|  |TAMS 0x0000000081c00000, 0x0000000081c00000| Untracked 
|  28|0x0000000081c00000, 0x0000000081d00000, 0x0000000081d00000|100%| O|  |TAMS 0x0000000081d00000, 0x0000000081d00000| Untracked 
|  29|0x0000000081d00000, 0x0000000081e00000, 0x0000000081e00000|100%| O|  |TAMS 0x0000000081e00000, 0x0000000081e00000| Untracked 
|  30|0x0000000081e00000, 0x0000000081f00000, 0x0000000081f00000|100%| O|  |TAMS 0x0000000081f00000, 0x0000000081f00000| Untracked 
|  31|0x0000000081f00000, 0x0000000082000000, 0x0000000082000000|100%| O|  |TAMS 0x0000000082000000, 0x0000000082000000| Untracked 
|  32|0x0000000082000000, 0x0000000082100000, 0x0000000082100000|100%| O|  |TAMS 0x0000000082100000, 0x0000000082100000| Untracked 
|  33|0x0000000082100000, 0x0000000082200000, 0x0000000082200000|100%| O|  |TAMS 0x0000000082200000, 0x0000000082200000| Untracked 
|  34|0x0000000082200000, 0x0000000082300000, 0x0000000082300000|100%| O|  |TAMS 0x0000000082300000, 0x0000000082300000| Untracked 
|  35|0x0000000082300000, 0x0000000082400000, 0x0000000082400000|100%| O|  |TAMS 0x0000000082400000, 0x0000000082400000| Untracked 
|  36|0x0000000082400000, 0x0000000082500000, 0x0000000082500000|100%| O|  |TAMS 0x0000000082500000, 0x0000000082500000| Untracked 
|  37|0x0000000082500000, 0x0000000082600000, 0x0000000082600000|100%| O|  |TAMS 0x0000000082600000, 0x0000000082600000| Untracked 
|  38|0x0000000082600000, 0x0000000082700000, 0x0000000082700000|100%| O|  |TAMS 0x0000000082700000, 0x0000000082700000| Untracked 
|  39|0x0000000082700000, 0x0000000082800000, 0x0000000082800000|100%| O|  |TAMS 0x0000000082800000, 0x0000000082800000| Untracked 
|  40|0x0000000082800000, 0x0000000082900000, 0x0000000082900000|100%| O|  |TAMS 0x0000000082900000, 0x0000000082900000| Untracked 
|  41|0x0000000082900000, 0x0000000082a00000, 0x0000000082a00000|100%| O|  |TAMS 0x0000000082900000, 0x0000000082a00000| Untracked 
|  42|0x0000000082a00000, 0x0000000082b00000, 0x0000000082b00000|100%| O|  |TAMS 0x0000000082b00000, 0x0000000082b00000| Untracked 
|  43|0x0000000082b00000, 0x0000000082c00000, 0x0000000082c00000|100%| O|  |TAMS 0x0000000082c00000, 0x0000000082c00000| Untracked 
|  44|0x0000000082c00000, 0x0000000082d00000, 0x0000000082d00000|100%| O|  |TAMS 0x0000000082d00000, 0x0000000082d00000| Untracked 
|  45|0x0000000082d00000, 0x0000000082e00000, 0x0000000082e00000|100%| O|  |TAMS 0x0000000082e00000, 0x0000000082e00000| Untracked 
|  46|0x0000000082e00000, 0x0000000082f00000, 0x0000000082f00000|100%| O|  |TAMS 0x0000000082f00000, 0x0000000082f00000| Untracked 
|  47|0x0000000082f00000, 0x0000000083000000, 0x0000000083000000|100%| O|  |TAMS 0x0000000083000000, 0x0000000083000000| Untracked 
|  48|0x0000000083000000, 0x0000000083100000, 0x0000000083100000|100%| O|  |TAMS 0x0000000083100000, 0x0000000083100000| Untracked 
|  49|0x0000000083100000, 0x0000000083200000, 0x0000000083200000|100%| O|  |TAMS 0x0000000083200000, 0x0000000083200000| Untracked 
|  50|0x0000000083200000, 0x0000000083300000, 0x0000000083300000|100%| O|  |TAMS 0x0000000083300000, 0x0000000083300000| Untracked 
|  51|0x0000000083300000, 0x0000000083400000, 0x0000000083400000|100%| O|  |TAMS 0x0000000083400000, 0x0000000083400000| Untracked 
|  52|0x0000000083400000, 0x0000000083500000, 0x0000000083500000|100%| O|  |TAMS 0x0000000083500000, 0x0000000083500000| Untracked 
|  53|0x0000000083500000, 0x0000000083600000, 0x0000000083600000|100%| O|  |TAMS 0x0000000083600000, 0x0000000083600000| Untracked 
|  54|0x0000000083600000, 0x0000000083700000, 0x0000000083700000|100%| O|  |TAMS 0x0000000083700000, 0x0000000083700000| Untracked 
|  55|0x0000000083700000, 0x0000000083800000, 0x0000000083800000|100%| O|  |TAMS 0x0000000083700000, 0x0000000083800000| Untracked 
|  56|0x0000000083800000, 0x0000000083900000, 0x0000000083900000|100%| O|  |TAMS 0x0000000083800000, 0x0000000083900000| Untracked 
|  57|0x0000000083900000, 0x0000000083a00000, 0x0000000083a00000|100%| O|  |TAMS 0x0000000083a00000, 0x0000000083a00000| Untracked 
|  58|0x0000000083a00000, 0x0000000083b00000, 0x0000000083b00000|100%| O|  |TAMS 0x0000000083b00000, 0x0000000083b00000| Untracked 
|  59|0x0000000083b00000, 0x0000000083c00000, 0x0000000083c00000|100%| O|  |TAMS 0x0000000083c00000, 0x0000000083c00000| Untracked 
|  60|0x0000000083c00000, 0x0000000083d00000, 0x0000000083d00000|100%| O|  |TAMS 0x0000000083d00000, 0x0000000083d00000| Untracked 
|  61|0x0000000083d00000, 0x0000000083e00000, 0x0000000083e00000|100%| O|  |TAMS 0x0000000083e00000, 0x0000000083e00000| Untracked 
|  62|0x0000000083e00000, 0x0000000083f00000, 0x0000000083f00000|100%| O|  |TAMS 0x0000000083f00000, 0x0000000083f00000| Untracked 
|  63|0x0000000083f00000, 0x0000000084000000, 0x0000000084000000|100%| O|  |TAMS 0x0000000084000000, 0x0000000084000000| Untracked 
|  64|0x0000000084000000, 0x0000000084100000, 0x0000000084100000|100%| O|  |TAMS 0x0000000084100000, 0x0000000084100000| Untracked 
|  65|0x0000000084100000, 0x0000000084200000, 0x0000000084200000|100%| O|  |TAMS 0x0000000084100000, 0x0000000084200000| Untracked 
|  66|0x0000000084200000, 0x0000000084300000, 0x0000000084300000|100%| O|  |TAMS 0x0000000084300000, 0x0000000084300000| Untracked 
|  67|0x0000000084300000, 0x0000000084400000, 0x0000000084400000|100%| O|  |TAMS 0x0000000084400000, 0x0000000084400000| Untracked 
|  68|0x0000000084400000, 0x0000000084500000, 0x0000000084500000|100%| O|  |TAMS 0x0000000084400000, 0x0000000084500000| Untracked 
|  69|0x0000000084500000, 0x0000000084600000, 0x0000000084600000|100%| O|  |TAMS 0x0000000084600000, 0x0000000084600000| Untracked 
|  70|0x0000000084600000, 0x0000000084700000, 0x0000000084700000|100%| O|  |TAMS 0x0000000084700000, 0x0000000084700000| Untracked 
|  71|0x0000000084700000, 0x0000000084800000, 0x0000000084800000|100%| O|  |TAMS 0x0000000084800000, 0x0000000084800000| Untracked 
|  72|0x0000000084800000, 0x0000000084900000, 0x0000000084900000|100%| O|  |TAMS 0x0000000084900000, 0x0000000084900000| Untracked 
|  73|0x0000000084900000, 0x0000000084a00000, 0x0000000084a00000|100%| O|  |TAMS 0x0000000084a00000, 0x0000000084a00000| Untracked 
|  74|0x0000000084a00000, 0x0000000084b00000, 0x0000000084b00000|100%| O|  |TAMS 0x0000000084b00000, 0x0000000084b00000| Untracked 
|  75|0x0000000084b00000, 0x0000000084c00000, 0x0000000084c00000|100%| O|  |TAMS 0x0000000084c00000, 0x0000000084c00000| Untracked 
|  76|0x0000000084c00000, 0x0000000084d00000, 0x0000000084d00000|100%| O|  |TAMS 0x0000000084d00000, 0x0000000084d00000| Untracked 
|  77|0x0000000084d00000, 0x0000000084e00000, 0x0000000084e00000|100%| O|  |TAMS 0x0000000084e00000, 0x0000000084e00000| Untracked 
|  78|0x0000000084e00000, 0x0000000084f00000, 0x0000000084f00000|100%| O|  |TAMS 0x0000000084f00000, 0x0000000084f00000| Untracked 
|  79|0x0000000084f00000, 0x0000000085000000, 0x0000000085000000|100%| O|  |TAMS 0x0000000084f00000, 0x0000000085000000| Untracked 
|  80|0x0000000085000000, 0x0000000085100000, 0x0000000085100000|100%| O|  |TAMS 0x0000000085100000, 0x0000000085100000| Untracked 
|  81|0x0000000085100000, 0x0000000085200000, 0x0000000085200000|100%| O|  |TAMS 0x0000000085200000, 0x0000000085200000| Untracked 
|  82|0x0000000085200000, 0x0000000085300000, 0x0000000085300000|100%| O|  |TAMS 0x0000000085300000, 0x0000000085300000| Untracked 
|  83|0x0000000085300000, 0x0000000085400000, 0x0000000085400000|100%|HS|  |TAMS 0x0000000085400000, 0x0000000085400000| Complete 
|  84|0x0000000085400000, 0x0000000085500000, 0x0000000085500000|100%|HC|  |TAMS 0x0000000085500000, 0x0000000085500000| Complete 
|  85|0x0000000085500000, 0x0000000085600000, 0x0000000085600000|100%| O|  |TAMS 0x0000000085600000, 0x0000000085600000| Untracked 
|  86|0x0000000085600000, 0x0000000085700000, 0x0000000085700000|100%| O|  |TAMS 0x0000000085700000, 0x0000000085700000| Untracked 
|  87|0x0000000085700000, 0x0000000085800000, 0x0000000085800000|100%| O|  |TAMS 0x0000000085700000, 0x0000000085800000| Untracked 
|  88|0x0000000085800000, 0x0000000085900000, 0x0000000085900000|100%| O|  |TAMS 0x0000000085900000, 0x0000000085900000| Untracked 
|  89|0x0000000085900000, 0x0000000085a00000, 0x0000000085a00000|100%| O|  |TAMS 0x0000000085900000, 0x0000000085a00000| Untracked 
|  90|0x0000000085a00000, 0x0000000085b00000, 0x0000000085b00000|100%| O|  |TAMS 0x0000000085b00000, 0x0000000085b00000| Untracked 
|  91|0x0000000085b00000, 0x0000000085c00000, 0x0000000085c00000|100%| O|  |TAMS 0x0000000085b00000, 0x0000000085c00000| Untracked 
|  92|0x0000000085c00000, 0x0000000085d00000, 0x0000000085d00000|100%| O|  |TAMS 0x0000000085d00000, 0x0000000085d00000| Untracked 
|  93|0x0000000085d00000, 0x0000000085dafc00, 0x0000000085e00000| 68%| O|  |TAMS 0x0000000085d00000, 0x0000000085dafc00| Untracked 
|  94|0x0000000085e00000, 0x0000000085e00000, 0x0000000085f00000|  0%| F|  |TAMS 0x0000000085e00000, 0x0000000085e00000| Untracked 
|  95|0x0000000085f00000, 0x0000000086000000, 0x0000000086000000|100%| O|  |TAMS 0x0000000086000000, 0x0000000086000000| Untracked 
|  96|0x0000000086000000, 0x0000000086100000, 0x0000000086100000|100%| O|  |TAMS 0x0000000086100000, 0x0000000086100000| Untracked 
|  97|0x0000000086100000, 0x0000000086200000, 0x0000000086200000|100%| O|  |TAMS 0x0000000086200000, 0x0000000086200000| Untracked 
|  98|0x0000000086200000, 0x0000000086300000, 0x0000000086300000|100%| O|  |TAMS 0x00000000862a8600, 0x0000000086300000| Untracked 
|  99|0x0000000086300000, 0x0000000086400000, 0x0000000086400000|100%| O|  |TAMS 0x0000000086300000, 0x0000000086400000| Untracked 
| 100|0x0000000086400000, 0x0000000086500000, 0x0000000086500000|100%| O|  |TAMS 0x0000000086400000, 0x0000000086500000| Untracked 
| 101|0x0000000086500000, 0x0000000086600000, 0x0000000086600000|100%| O|  |TAMS 0x0000000086500000, 0x0000000086600000| Untracked 
| 102|0x0000000086600000, 0x0000000086700000, 0x0000000086700000|100%| O|  |TAMS 0x0000000086600000, 0x0000000086700000| Untracked 
| 103|0x0000000086700000, 0x0000000086800000, 0x0000000086800000|100%| O|  |TAMS 0x0000000086700000, 0x0000000086800000| Untracked 
| 104|0x0000000086800000, 0x0000000086900000, 0x0000000086900000|100%| O|  |TAMS 0x0000000086800000, 0x0000000086900000| Untracked 
| 105|0x0000000086900000, 0x0000000086a00000, 0x0000000086a00000|100%| O|  |TAMS 0x0000000086900000, 0x0000000086a00000| Untracked 
| 106|0x0000000086a00000, 0x0000000086a00000, 0x0000000086b00000|  0%| F|  |TAMS 0x0000000086a00000, 0x0000000086a00000| Untracked 
| 107|0x0000000086b00000, 0x0000000086b00000, 0x0000000086c00000|  0%| F|  |TAMS 0x0000000086b00000, 0x0000000086b00000| Untracked 
| 108|0x0000000086c00000, 0x0000000086c00000, 0x0000000086d00000|  0%| F|  |TAMS 0x0000000086c00000, 0x0000000086c00000| Untracked 
| 109|0x0000000086d00000, 0x0000000086d00000, 0x0000000086e00000|  0%| F|  |TAMS 0x0000000086d00000, 0x0000000086d00000| Untracked 
| 110|0x0000000086e00000, 0x0000000086e00000, 0x0000000086f00000|  0%| F|  |TAMS 0x0000000086e00000, 0x0000000086e00000| Untracked 
| 111|0x0000000086f00000, 0x0000000086f00000, 0x0000000087000000|  0%| F|  |TAMS 0x0000000086f00000, 0x0000000086f00000| Untracked 
| 112|0x0000000087000000, 0x0000000087000000, 0x0000000087100000|  0%| F|  |TAMS 0x0000000087000000, 0x0000000087000000| Untracked 
| 113|0x0000000087100000, 0x0000000087100000, 0x0000000087200000|  0%| F|  |TAMS 0x0000000087100000, 0x0000000087100000| Untracked 
| 114|0x0000000087200000, 0x0000000087200000, 0x0000000087300000|  0%| F|  |TAMS 0x0000000087200000, 0x0000000087200000| Untracked 
| 115|0x0000000087300000, 0x0000000087300000, 0x0000000087400000|  0%| F|  |TAMS 0x0000000087300000, 0x0000000087300000| Untracked 
| 116|0x0000000087400000, 0x0000000087400000, 0x0000000087500000|  0%| F|  |TAMS 0x0000000087400000, 0x0000000087400000| Untracked 
| 117|0x0000000087500000, 0x0000000087500000, 0x0000000087600000|  0%| F|  |TAMS 0x0000000087500000, 0x0000000087500000| Untracked 
| 118|0x0000000087600000, 0x0000000087600000, 0x0000000087700000|  0%| F|  |TAMS 0x0000000087600000, 0x0000000087600000| Untracked 
| 119|0x0000000087700000, 0x0000000087700000, 0x0000000087800000|  0%| F|  |TAMS 0x0000000087700000, 0x0000000087700000| Untracked 
| 120|0x0000000087800000, 0x0000000087800000, 0x0000000087900000|  0%| F|  |TAMS 0x0000000087800000, 0x0000000087800000| Untracked 
| 121|0x0000000087900000, 0x000000008797e720, 0x0000000087a00000| 49%| S|CS|TAMS 0x0000000087900000, 0x0000000087900000| Complete 
| 122|0x0000000087a00000, 0x0000000087a00000, 0x0000000087b00000|  0%| F|  |TAMS 0x0000000087a00000, 0x0000000087a00000| Untracked 
| 123|0x0000000087b00000, 0x0000000087b00000, 0x0000000087c00000|  0%| F|  |TAMS 0x0000000087b00000, 0x0000000087b00000| Untracked 
| 124|0x0000000087c00000, 0x0000000087c00000, 0x0000000087d00000|  0%| F|  |TAMS 0x0000000087c00000, 0x0000000087c00000| Untracked 
| 125|0x0000000087d00000, 0x0000000087d00000, 0x0000000087e00000|  0%| F|  |TAMS 0x0000000087d00000, 0x0000000087d00000| Untracked 
| 126|0x0000000087e00000, 0x0000000087e00000, 0x0000000087f00000|  0%| F|  |TAMS 0x0000000087e00000, 0x0000000087e00000| Untracked 
| 127|0x0000000087f00000, 0x0000000087f00000, 0x0000000088000000|  0%| F|  |TAMS 0x0000000087f00000, 0x0000000087f00000| Untracked 
| 128|0x0000000088000000, 0x0000000088000000, 0x0000000088100000|  0%| F|  |TAMS 0x0000000088000000, 0x0000000088000000| Untracked 

Card table byte_map: [0x00000178f7fb0000,0x00000178f83b0000] _byte_map_base: 0x00000178f7bb0000

Marking Bits (Prev, Next): (CMBitMap*) 0x00000178f4181918, (CMBitMap*) 0x00000178f4181950
 Prev Bits: [0x00000178f87b0000, 0x00000178fa7b0000)
 Next Bits: [0x00000178fa7b0000, 0x00000178fc7b0000)

Polling page: 0x00000178f38a0000

Metaspace:

Usage:
  Non-class:     91.18 MB capacity,    89.67 MB ( 98%) used,     1.22 MB (  1%) free+waste,   307.75 KB ( <1%) overhead. 
      Class:     13.92 MB capacity,    12.99 MB ( 93%) used,   810.02 KB (  6%) free+waste,   139.38 KB ( <1%) overhead. 
       Both:    105.11 MB capacity,   102.66 MB ( 98%) used,     2.01 MB (  2%) free+waste,   447.13 KB ( <1%) overhead. 

Virtual space:
  Non-class space:       92.00 MB reserved,      91.31 MB (>99%) committed 
      Class space:        1.00 GB reserved,      14.00 MB (  1%) committed 
             Both:        1.09 GB reserved,     105.31 MB (  9%) committed 

Chunk freelists:
   Non-Class:  0 bytes
       Class:  0 bytes
        Both:  0 bytes

MaxMetaspaceSize: 17179869184.00 GB
CompressedClassSpaceSize: 1.00 GB

CodeHeap 'non-profiled nmethods': size=120064Kb used=8251Kb max_used=8251Kb free=111812Kb
 bounds [0x0000017887ac0000, 0x00000178882d0000, 0x000001788f000000]
CodeHeap 'profiled nmethods': size=120000Kb used=33086Kb max_used=33086Kb free=86913Kb
 bounds [0x0000017880590000, 0x00000178825e0000, 0x0000017887ac0000]
CodeHeap 'non-nmethods': size=5696Kb used=2328Kb max_used=2354Kb free=3367Kb
 bounds [0x0000017880000000, 0x0000017880270000, 0x0000017880590000]
 total_blobs=15216 nmethods=14275 adapters=851
 compilation: enabled
              stopped_count=0, restarted_count=0
 full_count=0

Compilation events (20 events):
Event: 107.461 Thread 0x00000178ff58e800 nmethod 14528 0x00000178825daa90 code [0x00000178825dace0, 0x00000178825db788]
Event: 107.461 Thread 0x00000178ff58e800 14529       3       com.android.tools.r8.internal.jt::a (9 bytes)
Event: 107.461 Thread 0x00000178ff58e800 nmethod 14529 0x00000178825dba10 code [0x00000178825dbbc0, 0x00000178825dbd68]
Event: 107.461 Thread 0x00000178ff58e800 14530       3       com.android.tools.r8.internal.jt$$Lambda$1351/0x0000000100dea040::accept (16 bytes)
Event: 107.461 Thread 0x00000178ff58e800 nmethod 14530 0x00000178825dbe10 code [0x00000178825dbfe0, 0x00000178825dc308]
Event: 107.461 Thread 0x00000178ff58e800 14531       3       com.android.tools.r8.internal.g7::<init> (7 bytes)
Event: 107.462 Thread 0x00000178ff58e800 nmethod 14531 0x00000178825dc410 code [0x00000178825dc5c0, 0x00000178825dc6e8]
Event: 107.462 Thread 0x00000178ff58e800 14532       3       com.android.tools.r8.internal.g7::<init> (99 bytes)
Event: 107.463 Thread 0x00000178ff58e800 nmethod 14532 0x00000178825dc790 code [0x00000178825dca20, 0x00000178825dd528]
Event: 107.463 Thread 0x00000178ff58e800 14533       3       com.android.tools.r8.internal.U6::<init> (10 bytes)
Event: 107.463 Thread 0x00000178ff58e800 nmethod 14533 0x00000178825dd890 code [0x00000178825dda60, 0x00000178825ddc08]
Event: 107.463 Thread 0x00000178ff58e800 14535       1       com.android.tools.r8.graph.H0::L (2 bytes)
Event: 107.463 Thread 0x00000178ff58e800 nmethod 14535 0x00000178882ce990 code [0x00000178882ceb40, 0x00000178882cebf8]
Event: 107.463 Thread 0x00000178ff58e800 14536       3       com.android.tools.r8.utils.V$$Lambda$1222/0x0000000100da1c40::get$Lambda (11 bytes)
Event: 107.463 Thread 0x00000178ff58e800 nmethod 14536 0x00000178825ddd10 code [0x00000178825ddee0, 0x00000178825de198]
Event: 107.463 Thread 0x00000178ff58e800 14540       1       com.android.tools.r8.graph.B::g (5 bytes)
Event: 107.464 Thread 0x00000178ff58e800 nmethod 14540 0x00000178882cec90 code [0x00000178882cee40, 0x00000178882ceef8]
Event: 107.464 Thread 0x00000178ff58e800 14539       3       com.android.tools.r8.internal.Is::a (76 bytes)
Event: 107.465 Thread 0x00000178ff58e800 nmethod 14539 0x00000178825de290 code [0x00000178825de540, 0x00000178825df588]
Event: 107.465 Thread 0x00000178ff58e800 14541       3       com.android.tools.r8.internal.U6::<init> (454 bytes)

GC Heap History (20 events):
Event: 100.227 GC heap after
{Heap after GC invocations=48 (full 0):
 garbage-first heap   total 132096K, used 101183K [0x0000000080000000, 0x0000000100000000)
  region size 1024K, 1 young (1024K), 1 survivors (1024K)
 Metaspace       used 98729K, capacity 100926K, committed 101180K, reserved 1136640K
  class space    used 12454K, capacity 13284K, committed 13312K, reserved 1048576K
}
Event: 101.794 GC heap before
{Heap before GC invocations=48 (full 0):
 garbage-first heap   total 132096K, used 112447K [0x0000000080000000, 0x0000000100000000)
  region size 1024K, 12 young (12288K), 1 survivors (1024K)
 Metaspace       used 98921K, capacity 101188K, committed 101436K, reserved 1138688K
  class space    used 12454K, capacity 13284K, committed 13312K, reserved 1048576K
}
Event: 101.801 GC heap after
{Heap after GC invocations=49 (full 0):
 garbage-first heap   total 132096K, used 101462K [0x0000000080000000, 0x0000000100000000)
  region size 1024K, 2 young (2048K), 2 survivors (2048K)
 Metaspace       used 98921K, capacity 101188K, committed 101436K, reserved 1138688K
  class space    used 12454K, capacity 13284K, committed 13312K, reserved 1048576K
}
Event: 104.556 GC heap before
{Heap before GC invocations=49 (full 0):
 garbage-first heap   total 132096K, used 111702K [0x0000000080000000, 0x0000000100000000)
  region size 1024K, 13 young (13312K), 2 survivors (2048K)
 Metaspace       used 99113K, capacity 101413K, committed 101436K, reserved 1138688K
  class space    used 12468K, capacity 13292K, committed 13312K, reserved 1048576K
}
Event: 104.562 GC heap after
{Heap after GC invocations=50 (full 0):
 garbage-first heap   total 132096K, used 101998K [0x0000000080000000, 0x0000000100000000)
  region size 1024K, 1 young (1024K), 1 survivors (1024K)
 Metaspace       used 99113K, capacity 101413K, committed 101436K, reserved 1138688K
  class space    used 12468K, capacity 13292K, committed 13312K, reserved 1048576K
}
Event: 104.892 GC heap before
{Heap before GC invocations=50 (full 0):
 garbage-first heap   total 132096K, used 109166K [0x0000000080000000, 0x0000000100000000)
  region size 1024K, 7 young (7168K), 1 survivors (1024K)
 Metaspace       used 99253K, capacity 101487K, committed 101692K, reserved 1138688K
  class space    used 12479K, capacity 13294K, committed 13312K, reserved 1048576K
}
Event: 104.897 GC heap after
{Heap after GC invocations=51 (full 0):
 garbage-first heap   total 132096K, used 104191K [0x0000000080000000, 0x0000000100000000)
  region size 1024K, 2 young (2048K), 2 survivors (2048K)
 Metaspace       used 99253K, capacity 101487K, committed 101692K, reserved 1138688K
  class space    used 12479K, capacity 13294K, committed 13312K, reserved 1048576K
}
Event: 105.897 GC heap before
{Heap before GC invocations=52 (full 0):
 garbage-first heap   total 132096K, used 113407K [0x0000000080000000, 0x0000000100000000)
  region size 1024K, 10 young (10240K), 2 survivors (2048K)
 Metaspace       used 100176K, capacity 102459K, committed 102716K, reserved 1138688K
  class space    used 12617K, capacity 13480K, committed 13568K, reserved 1048576K
}
Event: 105.905 GC heap after
{Heap after GC invocations=53 (full 0):
 garbage-first heap   total 132096K, used 103099K [0x0000000080000000, 0x0000000100000000)
  region size 1024K, 2 young (2048K), 2 survivors (2048K)
 Metaspace       used 100176K, capacity 102459K, committed 102716K, reserved 1138688K
  class space    used 12617K, capacity 13480K, committed 13568K, reserved 1048576K
}
Event: 105.922 GC heap before
{Heap before GC invocations=53 (full 0):
 garbage-first heap   total 132096K, used 106171K [0x0000000080000000, 0x0000000100000000)
  region size 1024K, 6 young (6144K), 2 survivors (2048K)
 Metaspace       used 100179K, capacity 102459K, committed 102716K, reserved 1138688K
  class space    used 12617K, capacity 13480K, committed 13568K, reserved 1048576K
}
Event: 105.944 GC heap after
{Heap after GC invocations=54 (full 0):
 garbage-first heap   total 132096K, used 98017K [0x0000000080000000, 0x0000000100000000)
  region size 1024K, 1 young (1024K), 1 survivors (1024K)
 Metaspace       used 100179K, capacity 102459K, committed 102716K, reserved 1138688K
  class space    used 12617K, capacity 13480K, committed 13568K, reserved 1048576K
}
Event: 106.551 GC heap before
{Heap before GC invocations=54 (full 0):
 garbage-first heap   total 132096K, used 108257K [0x0000000080000000, 0x0000000100000000)
  region size 1024K, 12 young (12288K), 1 survivors (1024K)
 Metaspace       used 102040K, capacity 104377K, committed 104508K, reserved 1140736K
  class space    used 12877K, capacity 13762K, committed 13824K, reserved 1048576K
}
Event: 106.559 GC heap after
{Heap after GC invocations=55 (full 0):
 garbage-first heap   total 132096K, used 98792K [0x0000000080000000, 0x0000000100000000)
  region size 1024K, 2 young (2048K), 2 survivors (2048K)
 Metaspace       used 102040K, capacity 104377K, committed 104508K, reserved 1140736K
  class space    used 12877K, capacity 13762K, committed 13824K, reserved 1048576K
}
Event: 106.982 GC heap before
{Heap before GC invocations=55 (full 0):
 garbage-first heap   total 132096K, used 109032K [0x0000000080000000, 0x0000000100000000)
  region size 1024K, 13 young (13312K), 2 survivors (2048K)
 Metaspace       used 103020K, capacity 105352K, committed 105660K, reserved 1140736K
  class space    used 12997K, capacity 13895K, committed 13952K, reserved 1048576K
}
Event: 106.997 GC heap after
{Heap after GC invocations=56 (full 0):
 garbage-first heap   total 132096K, used 102457K [0x0000000080000000, 0x0000000100000000)
  region size 1024K, 2 young (2048K), 2 survivors (2048K)
 Metaspace       used 103020K, capacity 105352K, committed 105660K, reserved 1140736K
  class space    used 12997K, capacity 13895K, committed 13952K, reserved 1048576K
}
Event: 107.082 GC heap before
{Heap before GC invocations=56 (full 0):
 garbage-first heap   total 132096K, used 109625K [0x0000000080000000, 0x0000000100000000)
  region size 1024K, 10 young (10240K), 2 survivors (2048K)
 Metaspace       used 103185K, capacity 105560K, committed 105660K, reserved 1140736K
  class space    used 13016K, capacity 13900K, committed 13952K, reserved 1048576K
}
Event: 107.098 GC heap after
{Heap after GC invocations=57 (full 0):
 garbage-first heap   total 132096K, used 105934K [0x0000000080000000, 0x0000000100000000)
  region size 1024K, 2 young (2048K), 2 survivors (2048K)
 Metaspace       used 103185K, capacity 105560K, committed 105660K, reserved 1140736K
  class space    used 13016K, capacity 13900K, committed 13952K, reserved 1048576K
}
Event: 107.245 GC heap before
{Heap before GC invocations=57 (full 0):
 garbage-first heap   total 132096K, used 112078K [0x0000000080000000, 0x0000000100000000)
  region size 1024K, 8 young (8192K), 2 survivors (2048K)
 Metaspace       used 103969K, capacity 106320K, committed 106556K, reserved 1142784K
  class space    used 13131K, capacity 14025K, committed 14080K, reserved 1048576K
}
Event: 107.254 GC heap after
{Heap after GC invocations=58 (full 0):
 garbage-first heap   total 132096K, used 107236K [0x0000000080000000, 0x0000000100000000)
  region size 1024K, 1 young (1024K), 1 survivors (1024K)
 Metaspace       used 103969K, capacity 106320K, committed 106556K, reserved 1142784K
  class space    used 13131K, capacity 14025K, committed 14080K, reserved 1048576K
}
Event: 107.466 GC heap before
{Heap before GC invocations=58 (full 0):
 garbage-first heap   total 132096K, used 112356K [0x0000000080000000, 0x0000000100000000)
  region size 1024K, 7 young (7168K), 1 survivors (1024K)
 Metaspace       used 105125K, capacity 107628K, committed 107836K, reserved 1142784K
  class space    used 13305K, capacity 14255K, committed 14336K, reserved 1048576K
}

Deoptimization events (20 events):
Event: 106.367 Thread 0x0000017894e49800 DEOPT PACKING pc=0x00000178882a5be0 sp=0x000000085a1fadb0
Event: 106.367 Thread 0x0000017894e49800 DEOPT UNPACKING pc=0x00000178800278af sp=0x000000085a1fad70 mode 2
Event: 106.368 Thread 0x0000017894e49800 Uncommon trap: trap_request=0xffffff6e fr.pc=0x00000178882a5be0 relative=0x00000000000007e0
Event: 106.368 Thread 0x0000017894e49800 Uncommon trap: reason=speculate_class_check action=maybe_recompile pc=0x00000178882a5be0 method=java.util.zip.InflaterInputStream.read([BII)I @ 100 c2
Event: 106.368 Thread 0x0000017894e49800 DEOPT PACKING pc=0x00000178882a5be0 sp=0x000000085a1fadb0
Event: 106.368 Thread 0x0000017894e49800 DEOPT UNPACKING pc=0x00000178800278af sp=0x000000085a1fad70 mode 2
Event: 106.369 Thread 0x0000017894e48800 Uncommon trap: trap_request=0xffffff6e fr.pc=0x00000178882a5be0 relative=0x00000000000007e0
Event: 106.369 Thread 0x0000017894e48800 Uncommon trap: reason=speculate_class_check action=maybe_recompile pc=0x00000178882a5be0 method=java.util.zip.InflaterInputStream.read([BII)I @ 100 c2
Event: 106.369 Thread 0x0000017894e48800 DEOPT PACKING pc=0x00000178882a5be0 sp=0x000000085e0f99c0
Event: 106.369 Thread 0x0000017894e48800 DEOPT UNPACKING pc=0x00000178800278af sp=0x000000085e0f9980 mode 2
Event: 106.369 Thread 0x0000017894e48800 Uncommon trap: trap_request=0xffffff6e fr.pc=0x00000178882a5be0 relative=0x00000000000007e0
Event: 106.369 Thread 0x0000017894e48800 Uncommon trap: reason=speculate_class_check action=maybe_recompile pc=0x00000178882a5be0 method=java.util.zip.InflaterInputStream.read([BII)I @ 100 c2
Event: 106.369 Thread 0x0000017894e48800 DEOPT PACKING pc=0x00000178882a5be0 sp=0x000000085e0f99c0
Event: 106.369 Thread 0x0000017894e48800 DEOPT UNPACKING pc=0x00000178800278af sp=0x000000085e0f9980 mode 2
Event: 107.114 Thread 0x0000017894e51800 DEOPT PACKING pc=0x0000017881f4b844 sp=0x000000085e5fc7f0
Event: 107.114 Thread 0x0000017894e51800 DEOPT UNPACKING pc=0x00000178800276ce sp=0x000000085e5fbd90 mode 0
Event: 107.121 Thread 0x0000017894e51800 DEOPT PACKING pc=0x0000017881f4b844 sp=0x000000085e5fc7f0
Event: 107.121 Thread 0x0000017894e51800 DEOPT UNPACKING pc=0x00000178800276ce sp=0x000000085e5fbd90 mode 0
Event: 107.464 Thread 0x0000017894e47000 DEOPT PACKING pc=0x0000017882571607 sp=0x000000085e3fc1e0
Event: 107.464 Thread 0x0000017894e47000 DEOPT UNPACKING pc=0x00000178800276ce sp=0x000000085e3fb700 mode 0

Classes redefined (0 events):
No events

Internal exceptions (20 events):
Event: 103.243 Thread 0x0000017892901000 Exception <a 'sun/nio/fs/WindowsException'{0x0000000087bb56e8}> (0x0000000087bb56e8) thrown at [./src/hotspot/share/prims/jni.cpp, line 615]
Event: 103.294 Thread 0x0000017892901000 Exception <a 'sun/nio/fs/WindowsException'{0x0000000087bbee30}> (0x0000000087bbee30) thrown at [./src/hotspot/share/prims/jni.cpp, line 615]
Event: 103.342 Thread 0x0000017892901000 Exception <a 'sun/nio/fs/WindowsException'{0x0000000087bc89e0}> (0x0000000087bc89e0) thrown at [./src/hotspot/share/prims/jni.cpp, line 615]
Event: 103.421 Thread 0x0000017892901000 Exception <a 'sun/nio/fs/WindowsException'{0x0000000087bd4b58}> (0x0000000087bd4b58) thrown at [./src/hotspot/share/prims/jni.cpp, line 615]
Event: 103.458 Thread 0x0000017892901000 Exception <a 'sun/nio/fs/WindowsException'{0x0000000087be96e0}> (0x0000000087be96e0) thrown at [./src/hotspot/share/prims/jni.cpp, line 615]
Event: 103.524 Thread 0x0000017892901000 Exception <a 'sun/nio/fs/WindowsException'{0x0000000087a06720}> (0x0000000087a06720) thrown at [./src/hotspot/share/prims/jni.cpp, line 615]
Event: 103.634 Thread 0x0000017892901000 Exception <a 'sun/nio/fs/WindowsException'{0x0000000087ac6510}> (0x0000000087ac6510) thrown at [./src/hotspot/share/prims/jni.cpp, line 615]
Event: 103.681 Thread 0x0000017892901000 Exception <a 'sun/nio/fs/WindowsException'{0x0000000087ad4928}> (0x0000000087ad4928) thrown at [./src/hotspot/share/prims/jni.cpp, line 615]
Event: 104.456 Thread 0x00000178919f1000 Exception <a 'java/lang/NoSuchMethodError'{0x000000008768fe60}: <clinit>> (0x000000008768fe60) thrown at [./src/hotspot/share/prims/jni.cpp, line 1362]
Event: 105.422 Thread 0x0000017892901000 Exception <a 'sun/nio/fs/WindowsException'{0x0000000087fa4780}> (0x0000000087fa4780) thrown at [./src/hotspot/share/prims/jni.cpp, line 615]
Event: 105.552 Thread 0x0000017892901000 Exception <a 'java/lang/NoSuchMethodError'{0x0000000087e4f1f8}: <clinit>> (0x0000000087e4f1f8) thrown at [./src/hotspot/share/prims/jni.cpp, line 1362]
Event: 106.185 Thread 0x0000017894e48800 Exception <a 'sun/nio/fs/WindowsException'{0x0000000087bd7730}> (0x0000000087bd7730) thrown at [./src/hotspot/share/prims/jni.cpp, line 615]
Event: 106.209 Thread 0x0000017894e49800 Exception <a 'sun/nio/fs/WindowsException'{0x0000000087941228}> (0x0000000087941228) thrown at [./src/hotspot/share/prims/jni.cpp, line 615]
Event: 106.400 Thread 0x0000017894e47000 Exception <a 'java/lang/NoSuchMethodError'{0x0000000087689d30}: 'java.lang.Object java.lang.invoke.DirectMethodHandle$Holder.invokeStatic(java.lang.Object, java.lang.Object, java.lang.Object, java.lang.Object, java.lang.Object, java.lang.Object, java.lang.Object, java.lang.Object, java.lang.Object, java.lang.Object, java.lang.Object, java.lang.Object, java.lang.Object, java.lang.Object, java.lang.Object, java.lang.Object, java.lang.Object, java.lang.Object, int, java.lang.Object)'> (0x0000000087689d30) thr
Event: 106.400 Thread 0x0000017894e47000 Exception <a 'java/lang/NoSuchMethodError'{0x000000008768fab8}: 'java.lang.Object java.lang.invoke.DirectMethodHandle$Holder.invokeStaticInit(java.lang.Object, java.lang.Object, java.lang.Object, java.lang.Object, java.lang.Object, java.lang.Object, java.lang.Object, java.lang.Object, java.lang.Object, java.lang.Object, java.lang.Object, java.lang.Object, java.lang.Object, java.lang.Object, java.lang.Object, java.lang.Object, java.lang.Object, java.lang.Object, int, java.lang.Object)'> (0x000000008768fab8)
Event: 106.503 Thread 0x0000017894e47000 Exception <a 'java/lang/IncompatibleClassChangeError'{0x00000000876f5b98}: Found class java.lang.Object, but interface was expected> (0x00000000876f5b98) thrown at [./src/hotspot/share/interpreter/linkResolver.cpp, line 839]
Event: 107.171 Thread 0x0000017894e47000 Exception <a 'java/lang/NoSuchMethodError'{0x0000000087fef468}: 'void java.lang.invoke.DirectMethodHandle$Holder.invokeStatic(java.lang.Object, java.lang.Object, java.lang.Object, int)'> (0x0000000087fef468) thrown at [./src/hotspot/share/interpreter/linkResolver.cpp, line 773]
Event: 107.171 Thread 0x0000017894e48800 Exception <a 'java/lang/NoSuchMethodError'{0x0000000087fec760}: 'void java.lang.invoke.DirectMethodHandle$Holder.invokeStatic(java.lang.Object, java.lang.Object, java.lang.Object, int)'> (0x0000000087fec760) thrown at [./src/hotspot/share/interpreter/linkResolver.cpp, line 773]
Event: 107.172 Thread 0x0000017894e49800 Exception <a 'java/lang/IncompatibleClassChangeError'{0x0000000087ffde00}: Found class java.lang.Object, but interface was expected> (0x0000000087ffde00) thrown at [./src/hotspot/share/interpreter/linkResolver.cpp, line 839]
Event: 107.174 Thread 0x0000017894e47000 Exception <a 'java/lang/IncompatibleClassChangeError'{0x0000000087ff7218}: Found class java.lang.Object, but interface was expected> (0x0000000087ff7218) thrown at [./src/hotspot/share/interpreter/linkResolver.cpp, line 839]

Events (20 events):
Event: 107.456 loading class com/android/tools/r8/internal/ko done
Event: 107.457 loading class com/android/tools/r8/internal/O4
Event: 107.457 loading class com/android/tools/r8/internal/O4 done
Event: 107.458 loading class com/android/tools/r8/internal/Xv
Event: 107.458 loading class com/android/tools/r8/internal/Xv done
Event: 107.460 loading class com/android/tools/r8/internal/g9
Event: 107.460 loading class com/android/tools/r8/internal/g9 done
Event: 107.462 loading class com/android/tools/r8/internal/g9$a
Event: 107.462 loading class com/android/tools/r8/internal/g9$a done
Event: 107.462 loading class com/android/tools/r8/internal/g9
Event: 107.462 loading class com/android/tools/r8/internal/g9 done
Event: 107.462 loading class com/android/tools/r8/internal/g9
Event: 107.462 loading class com/android/tools/r8/internal/g9 done
Event: 107.462 loading class com/android/tools/r8/internal/g9
Event: 107.462 loading class com/android/tools/r8/internal/g9 done
Event: 107.463 loading class com/android/tools/r8/graph/i$a
Event: 107.463 loading class com/android/tools/r8/graph/i$a done
Event: 107.465 loading class com/android/tools/r8/internal/I4
Event: 107.465 loading class com/android/tools/r8/internal/I4 done
Event: 107.466 Executing VM operation: G1CollectForAllocation


Dynamic libraries:
0x00007ff6c0920000 - 0x00007ff6c092a000 	C:\Program Files\Android\Android Studio\jre\bin\java.exe
0x00007ffcbb810000 - 0x00007ffcbba05000 	C:\WINDOWS\SYSTEM32\ntdll.dll
0x00007ffcb9ab0000 - 0x00007ffcb9b6e000 	C:\WINDOWS\System32\KERNEL32.DLL
0x00007ffcb9520000 - 0x00007ffcb97e8000 	C:\WINDOWS\System32\KERNELBASE.dll
0x00007ffcb90f0000 - 0x00007ffcb91f0000 	C:\WINDOWS\System32\ucrtbase.dll
0x00007ffcb1fc0000 - 0x00007ffcb1fd7000 	C:\Program Files\Android\Android Studio\jre\bin\VCRUNTIME140.dll
0x00007ffcad4d0000 - 0x00007ffcad4e9000 	C:\Program Files\Android\Android Studio\jre\bin\jli.dll
0x00007ffcbb4b0000 - 0x00007ffcbb650000 	C:\WINDOWS\System32\USER32.dll
0x00007ffcb8f20000 - 0x00007ffcb8f42000 	C:\WINDOWS\System32\win32u.dll
0x00007ffcba280000 - 0x00007ffcba2ab000 	C:\WINDOWS\System32\GDI32.dll
0x00007ffcb91f0000 - 0x00007ffcb92fd000 	C:\WINDOWS\System32\gdi32full.dll
0x00007ffcb8fa0000 - 0x00007ffcb903d000 	C:\WINDOWS\System32\msvcp_win.dll
0x00007ffcaa930000 - 0x00007ffcaabca000 	C:\WINDOWS\WinSxS\amd64_microsoft.windows.common-controls_6595b64144ccf1df_6.0.19041.1110_none_60b5254171f9507e\COMCTL32.dll
0x00007ffcbadf0000 - 0x00007ffcbae8e000 	C:\WINDOWS\System32\msvcrt.dll
0x00007ffcbae90000 - 0x00007ffcbaec0000 	C:\WINDOWS\System32\IMM32.DLL
0x00007ffcadf70000 - 0x00007ffcae172000 	C:\WINDOWS\system32\tmumh\20019\AddOn\8.53.0.1135\TmUmEvt64.dll
0x00007ffcbb3d0000 - 0x00007ffcbb3d8000 	C:\WINDOWS\System32\PSAPI.DLL
0x00007ffcb9880000 - 0x00007ffcb992e000 	C:\WINDOWS\System32\ADVAPI32.dll
0x00007ffcb9ff0000 - 0x00007ffcba08c000 	C:\WINDOWS\System32\sechost.dll
0x00007ffcba150000 - 0x00007ffcba275000 	C:\WINDOWS\System32\RPCRT4.dll
0x000000006b400000 - 0x000000006b570000 	C:\WINDOWS\system32\tmumh\20019\TmMon\2.8.0.1054\tmmon64.dll
0x00007ffc8f050000 - 0x00007ffc8f0ed000 	C:\Program Files\Android\Android Studio\jre\bin\msvcp140.dll
0x00007ffc802b0000 - 0x00007ffc80d7f000 	C:\Program Files\Android\Android Studio\jre\bin\server\jvm.dll
0x00007ffca4880000 - 0x00007ffca4889000 	C:\WINDOWS\SYSTEM32\WSOCK32.dll
0x00007ffcbac60000 - 0x00007ffcbaccb000 	C:\WINDOWS\System32\WS2_32.dll
0x00007ffcad960000 - 0x00007ffcad987000 	C:\WINDOWS\SYSTEM32\WINMM.dll
0x00007ffcad9b0000 - 0x00007ffcad9ba000 	C:\WINDOWS\SYSTEM32\VERSION.dll
0x00007ffcb6d30000 - 0x00007ffcb6d42000 	C:\WINDOWS\SYSTEM32\kernel.appcore.dll
0x00007ffcab480000 - 0x00007ffcab491000 	C:\Program Files\Android\Android Studio\jre\bin\verify.dll
0x00007ffca4d90000 - 0x00007ffca4f74000 	C:\WINDOWS\SYSTEM32\DBGHELP.DLL
0x00007ffca4850000 - 0x00007ffca487c000 	C:\WINDOWS\SYSTEM32\dbgcore.DLL
0x00007ffcb9330000 - 0x00007ffcb93b2000 	C:\WINDOWS\System32\bcryptPrimitives.dll
0x00007ffca8270000 - 0x00007ffca8299000 	C:\Program Files\Android\Android Studio\jre\bin\java.dll
0x00007ffcb1e90000 - 0x00007ffcb1e9b000 	C:\Program Files\Android\Android Studio\jre\bin\jimage.dll
0x00007ffca8d50000 - 0x00007ffca8d68000 	C:\Program Files\Android\Android Studio\jre\bin\zip.dll
0x00007ffcba460000 - 0x00007ffcbaba4000 	C:\WINDOWS\System32\SHELL32.dll
0x00007ffcb7010000 - 0x00007ffcb77a4000 	C:\WINDOWS\SYSTEM32\windows.storage.dll
0x00007ffcbb070000 - 0x00007ffcbb3c5000 	C:\WINDOWS\System32\combase.dll
0x00007ffcb8970000 - 0x00007ffcb899e000 	C:\WINDOWS\SYSTEM32\Wldp.dll
0x00007ffcb9a00000 - 0x00007ffcb9aad000 	C:\WINDOWS\System32\SHCORE.dll
0x00007ffcba090000 - 0x00007ffcba0e5000 	C:\WINDOWS\System32\shlwapi.dll
0x00007ffcb8e60000 - 0x00007ffcb8e7f000 	C:\WINDOWS\SYSTEM32\profapi.dll
0x00007ffca81f0000 - 0x00007ffca820a000 	C:\Program Files\Android\Android Studio\jre\bin\net.dll
0x00007ffcb4120000 - 0x00007ffcb422c000 	C:\WINDOWS\SYSTEM32\WINHTTP.dll
0x00007ffcb86d0000 - 0x00007ffcb873a000 	C:\WINDOWS\system32\mswsock.dll
0x00007ffca80e0000 - 0x00007ffca80f4000 	C:\Program Files\Android\Android Studio\jre\bin\nio.dll
0x00000178f4060000 - 0x00000178f4087000 	C:\Users\PARVATHY\.gradle\native\8bec1ad78214c89d9ad589b4d07fe93259594b29d510b10fafb7a158f7737e5d\windows-amd64\native-platform.dll
0x00007ffc8dc20000 - 0x00007ffc8dd5d000 	C:\Users\PARVATHY\.gradle\native\53dbd7edfb1c66fb8903c78663c9afc45aea4f116125fa6feffd364cf09443e8\windows-amd64\native-platform-file-events.dll
0x00007ffcad4b0000 - 0x00007ffcad4ba000 	C:\Program Files\Android\Android Studio\jre\bin\management.dll
0x00007ffcac8c0000 - 0x00007ffcac8cc000 	C:\Program Files\Android\Android Studio\jre\bin\management_ext.dll
0x00007ffcb88d0000 - 0x00007ffcb88e8000 	C:\WINDOWS\SYSTEM32\CRYPTSP.dll
0x00007ffcb7fe0000 - 0x00007ffcb8014000 	C:\WINDOWS\system32\rsaenh.dll
0x00007ffcb9300000 - 0x00007ffcb9327000 	C:\WINDOWS\System32\bcrypt.dll
0x00007ffcb8e20000 - 0x00007ffcb8e4e000 	C:\WINDOWS\SYSTEM32\USERENV.dll
0x00007ffcb88c0000 - 0x00007ffcb88cc000 	C:\WINDOWS\SYSTEM32\CRYPTBASE.dll
0x00007ffcb8370000 - 0x00007ffcb83ab000 	C:\WINDOWS\SYSTEM32\IPHLPAPI.DLL
0x00007ffcbb7c0000 - 0x00007ffcbb7c8000 	C:\WINDOWS\System32\NSI.dll
0x00007ffcaf050000 - 0x00007ffcaf067000 	C:\WINDOWS\SYSTEM32\dhcpcsvc6.DLL
0x00007ffcb00e0000 - 0x00007ffcb00fd000 	C:\WINDOWS\SYSTEM32\dhcpcsvc.DLL
0x00007ffcb83c0000 - 0x00007ffcb848b000 	C:\WINDOWS\SYSTEM32\DNSAPI.dll

dbghelp: loaded successfully - version: 4.0.5 - missing functions: none
symbol engine: initialized successfully - sym options: 0x614 - pdb path: .;C:\Program Files\Android\Android Studio\jre\bin;C:\WINDOWS\SYSTEM32;C:\WINDOWS\WinSxS\amd64_microsoft.windows.common-controls_6595b64144ccf1df_6.0.19041.1110_none_60b5254171f9507e;C:\WINDOWS\system32\tmumh\20019\AddOn\8.53.0.1135;C:\WINDOWS\system32\tmumh\20019\TmMon\2.8.0.1054;C:\Program Files\Android\Android Studio\jre\bin\server;C:\Users\PARVATHY\.gradle\native\8bec1ad78214c89d9ad589b4d07fe93259594b29d510b10fafb7a158f7737e5d\windows-amd64;C:\Users\PARVATHY\.gradle\native\53dbd7edfb1c66fb8903c78663c9afc45aea4f116125fa6feffd364cf09443e8\windows-amd64

VM Arguments:
jvm_args: --add-opens=java.base/java.util=ALL-UNNAMED --add-opens=java.base/java.lang=ALL-UNNAMED --add-opens=java.base/java.lang.invoke=ALL-UNNAMED --add-opens=java.base/java.util=ALL-UNNAMED --add-opens=java.prefs/java.util.prefs=ALL-UNNAMED --add-opens=java.prefs/java.util.prefs=ALL-UNNAMED --add-opens=java.base/java.nio.charset=ALL-UNNAMED --add-opens=java.base/java.net=ALL-UNNAMED --add-opens=java.base/java.util.concurrent.atomic=ALL-UNNAMED -Xmx2048m -Dfile.encoding=UTF-8 -Duser.country=US -Duser.language=en -Duser.variant 
java_command: org.gradle.launcher.daemon.bootstrap.GradleDaemon 7.0.2
java_class_path (initial): C:\Users\PARVATHY\.gradle\wrapper\dists\gradle-7.0.2-bin\857tjihv64xamwrf0h14cai3r\gradle-7.0.2\lib\gradle-launcher-7.0.2.jar
Launcher Type: SUN_STANDARD

[Global flags]
     intx CICompilerCount                          = 3                                         {product} {ergonomic}
     uint ConcGCThreads                            = 1                                         {product} {ergonomic}
     uint G1ConcRefinementThreads                  = 4                                         {product} {ergonomic}
   size_t G1HeapRegionSize                         = 1048576                                   {product} {ergonomic}
    uintx GCDrainStackTargetSize                   = 64                                        {product} {ergonomic}
   size_t InitialHeapSize                          = 134217728                                 {product} {ergonomic}
   size_t MarkStackSize                            = 4194304                                   {product} {ergonomic}
   size_t MaxHeapSize                              = 2147483648                                {product} {command line}
   size_t MaxNewSize                               = 1287651328                                {product} {ergonomic}
   size_t MinHeapDeltaBytes                        = 1048576                                   {product} {ergonomic}
    uintx NonNMethodCodeHeapSize                   = 5830732                                {pd product} {ergonomic}
    uintx NonProfiledCodeHeapSize                  = 122913754                              {pd product} {ergonomic}
    uintx ProfiledCodeHeapSize                     = 122913754                              {pd product} {ergonomic}
    uintx ReservedCodeCacheSize                    = 251658240                              {pd product} {ergonomic}
     bool SegmentedCodeCache                       = true                                      {product} {ergonomic}
     bool UseCompressedClassPointers               = true                                 {lp64_product} {ergonomic}
     bool UseCompressedOops                        = true                                 {lp64_product} {ergonomic}
     bool UseG1GC                                  = true                                      {product} {ergonomic}
     bool UseLargePagesIndividualAllocation        = false                                  {pd product} {ergonomic}

Logging:
Log output configuration:
 #0: stdout all=warning uptime,level,tags
 #1: stderr all=off uptime,level,tags

Environment Variables:
PATH=C:\Program Files\Java\jdk1.8.0_131\bin;C:\ProgramData\Oracle\Java\javapath;C:\WINDOWS\system32;C:\WINDOWS;C:\WINDOWS\System32\Wbem;C:\WINDOWS\System32\WindowsPowerShell\v1.0\;C:\WINDOWS\System32\OpenSSH\;C:\Program Files (x86)\AOMEI\AOMEI Backupper 6.4.0;C:\Program Files\Git\cmd;C:\Program Files\nodejs\;C:\Users\PARVATHY\AppData\Local\Microsoft\WindowsApps;C:\Program Files\heroku\bin;C:\Program Files\sfdx\bin;F:\Microsoft VS Code\bin;C:\Users\PARVATHY\AppData\Roaming\npm
USERNAME=PARVATHY
OS=Windows_NT
PROCESSOR_IDENTIFIER=Intel64 Family 6 Model 61 Stepping 4, GenuineIntel



---------------  S Y S T E M  ---------------

OS: Windows 10 , 64 bit Build 19041 (10.0.19041.1503)
OS uptime: 5 days 19:31 hours

CPU:total 4 (initial active 4) (2 cores per cpu, 2 threads per core) family 6 model 61 stepping 4 microcode 0x2d, cmov, cx8, fxsr, mmx, sse, sse2, sse3, ssse3, sse4.1, sse4.2, popcnt, avx, avx2, aes, clmul, erms, 3dnowpref, lzcnt, ht, tsc, tscinvbit, bmi1, bmi2, adx, fma

Memory: 4k page, system-wide physical 8103M (287M free)
TotalPageFile size 10603M (AvailPageFile size 7M)
current process WorkingSet (physical memory assigned to process): 403M, peak: 403M
current process commit charge ("private bytes"): 428M, peak: 454M

vm_info: OpenJDK 64-Bit Server VM (11.0.10+0-b96-7249189) for windows-amd64 JRE (11.0.10+0-b96-7249189), built on Mar 31 2021 21:44:00 by "builder" with MS VC++ 14.0 (VS2015)

END.
