#
# There is insufficient memory for the Java Runtime Environment to continue.
# Native memory allocation (malloc) failed to allocate 32744 bytes for ChunkPool::allocate
# Possible reasons:
#   The system is out of physical RAM or swap space
#   The process is running with CompressedOops enabled, and the Java Heap may be blocking the growth of the native heap
# Possible solutions:
#   Reduce memory load on the system
#   Increase physical memory or swap space
#   Check if swap backing store is full
#   Decrease Java heap size (-Xmx/-Xms)
#   Decrease number of Java threads
#   Decrease Java thread stack sizes (-Xss)
#   Set larger code cache with -XX:ReservedCodeCacheSize=
#   JVM is running with Unscaled Compressed Oops mode in which the Java heap is
#     placed in the first 4GB address space. The Java Heap base address is the
#     maximum limit for the native heap growth. Please use -XX:HeapBaseMinAddress
#     to set the Java Heap base and to place the Java Heap above 4GB virtual address.
# This output file may be truncated or incomplete.
#
#  Out of Memory Error (./src/hotspot/share/memory/arena.cpp:81), pid=19016, tid=15340
#
# JRE version: OpenJDK Runtime Environment (11.0.10) (build 11.0.10+0-b96-7249189)
# Java VM: OpenJDK 64-Bit Server VM (11.0.10+0-b96-7249189, mixed mode, tiered, compressed oops, g1 gc, windows-amd64)
# No core dump will be written. Minidumps are not enabled by default on client versions of Windows
#

---------------  S U M M A R Y ------------

Command Line: --add-opens=java.base/java.util=ALL-UNNAMED --add-opens=java.base/java.lang=ALL-UNNAMED --add-opens=java.base/java.lang.invoke=ALL-UNNAMED --add-opens=java.base/java.util=ALL-UNNAMED --add-opens=java.prefs/java.util.prefs=ALL-UNNAMED --add-opens=java.prefs/java.util.prefs=ALL-UNNAMED --add-opens=java.base/java.nio.charset=ALL-UNNAMED --add-opens=java.base/java.net=ALL-UNNAMED --add-opens=java.base/java.util.concurrent.atomic=ALL-UNNAMED -Xmx2048m -Dfile.encoding=UTF-8 -Duser.country=US -Duser.language=en -Duser.variant org.gradle.launcher.daemon.bootstrap.GradleDaemon 7.0.2

Host: Intel(R) Core(TM) i5-5200U CPU @ 2.20GHz, 4 cores, 7G,  Windows 10 , 64 bit Build 19041 (10.0.19041.1503)
Time: Tue Mar 15 16:12:23 2022 India Standard Time elapsed time: 34.334328 seconds (0d 0h 0m 34s)

---------------  T H R E A D  ---------------

Current thread (0x00000227c8f1d800):  JavaThread "C2 CompilerThread0" daemon [_thread_in_native, id=15340, stack(0x0000007ea8300000,0x0000007ea8400000)]


Current CompileTask:
C2:  34334 11075       4       org.gradle.api.internal.artifacts.transform.ConsumerProvidedVariantFinder::matchAttributes (68 bytes)

Stack: [0x0000007ea8300000,0x0000007ea8400000]
Native frames: (J=compiled Java code, j=interpreted, Vv=VM code, C=native code)
V  [jvm.dll+0x5ecfaa]
V  [jvm.dll+0x722bd5]
V  [jvm.dll+0x72412d]
V  [jvm.dll+0x7247e3]
V  [jvm.dll+0x242928]
V  [jvm.dll+0xbc75b]
V  [jvm.dll+0xbca0c]
V  [jvm.dll+0x358676]
V  [jvm.dll+0x357ef1]
V  [jvm.dll+0x357f34]
V  [jvm.dll+0x351be9]
V  [jvm.dll+0x198040]
V  [jvm.dll+0x1fb70e]
V  [jvm.dll+0x1fa7f4]
V  [jvm.dll+0x18354c]
V  [jvm.dll+0x208ee7]
V  [jvm.dll+0x207731]
V  [jvm.dll+0x6eb1cf]
V  [jvm.dll+0x6e3d45]
V  [jvm.dll+0x5ebe96]
C  [ucrtbase.dll+0x21bb2]
C  [KERNEL32.DLL+0x17034]
C  [ntdll.dll+0x52651]


---------------  P R O C E S S  ---------------

Threads class SMR info:
_java_thread_list=0x00000227cbca6710, length=50, elements={
0x00000227aeae3800, 0x00000227c8eb4800, 0x00000227c8eb8800, 0x00000227c8f17800,
0x00000227c8f19000, 0x00000227c8f1b800, 0x00000227c8f1d800, 0x00000227c8f22800,
0x00000227c8f2a800, 0x00000227c9090000, 0x00000227ca46b000, 0x00000227c91ab000,
0x00000227cb44b800, 0x00000227ca88e800, 0x00000227cbfe5000, 0x00000227caa5b800,
0x00000227cb940000, 0x00000227caf6a800, 0x00000227cbb44800, 0x00000227caf77000,
0x00000227caf78800, 0x00000227caf77800, 0x00000227caf79800, 0x00000227caf76000,
0x00000227caf73800, 0x00000227caf7a000, 0x00000227caf74800, 0x00000227caf75000,
0x00000227cf629000, 0x00000227cf62a000, 0x00000227cf627800, 0x00000227cf62a800,
0x00000227cf625000, 0x00000227cf62c800, 0x00000227cf626800, 0x00000227cf630800,
0x00000227cf62f800, 0x00000227cf633000, 0x00000227cf631000, 0x00000227cf632000,
0x00000227cf62d000, 0x00000227cf62e000, 0x00000227cba23800, 0x00000227cba26000,
0x00000227cba27000, 0x00000227cba24800, 0x00000227cba21800, 0x00000227cba25800,
0x00000227cba28000, 0x00000227cba28800
}

Java Threads: ( => current thread )
  0x00000227aeae3800 JavaThread "main" [_thread_blocked, id=11624, stack(0x0000007ea7700000,0x0000007ea7800000)]
  0x00000227c8eb4800 JavaThread "Reference Handler" daemon [_thread_blocked, id=15612, stack(0x0000007ea7e00000,0x0000007ea7f00000)]
  0x00000227c8eb8800 JavaThread "Finalizer" daemon [_thread_blocked, id=20332, stack(0x0000007ea7f00000,0x0000007ea8000000)]
  0x00000227c8f17800 JavaThread "Signal Dispatcher" daemon [_thread_blocked, id=604, stack(0x0000007ea8000000,0x0000007ea8100000)]
  0x00000227c8f19000 JavaThread "Attach Listener" daemon [_thread_blocked, id=18036, stack(0x0000007ea8100000,0x0000007ea8200000)]
  0x00000227c8f1b800 JavaThread "Service Thread" daemon [_thread_blocked, id=18472, stack(0x0000007ea8200000,0x0000007ea8300000)]
=>0x00000227c8f1d800 JavaThread "C2 CompilerThread0" daemon [_thread_in_native, id=15340, stack(0x0000007ea8300000,0x0000007ea8400000)]
  0x00000227c8f22800 JavaThread "C1 CompilerThread0" daemon [_thread_blocked, id=7944, stack(0x0000007ea8400000,0x0000007ea8500000)]
  0x00000227c8f2a800 JavaThread "Sweeper thread" daemon [_thread_blocked, id=19364, stack(0x0000007ea8500000,0x0000007ea8600000)]
  0x00000227c9090000 JavaThread "Common-Cleaner" daemon [_thread_blocked, id=14476, stack(0x0000007ea8600000,0x0000007ea8700000)]
  0x00000227ca46b000 JavaThread "Daemon health stats" [_thread_blocked, id=1148, stack(0x0000007ea8b00000,0x0000007ea8c00000)]
  0x00000227c91ab000 JavaThread "Incoming local TCP Connector on port 51531" [_thread_in_native, id=17496, stack(0x0000007ea8800000,0x0000007ea8900000)]
  0x00000227cb44b800 JavaThread "Daemon periodic checks" [_thread_blocked, id=10396, stack(0x0000007ea8c00000,0x0000007ea8d00000)]
  0x00000227ca88e800 JavaThread "Daemon" [_thread_blocked, id=10996, stack(0x0000007ea8d00000,0x0000007ea8e00000)]
  0x00000227cbfe5000 JavaThread "Handler for socket connection from /127.0.0.1:51531 to /127.0.0.1:51532" [_thread_in_native, id=3264, stack(0x0000007ea8e00000,0x0000007ea8f00000)]
  0x00000227caa5b800 JavaThread "Cancel handler" [_thread_blocked, id=14916, stack(0x0000007ea8f00000,0x0000007ea9000000)]
  0x00000227cb940000 JavaThread "Daemon worker" [_thread_in_Java, id=13456, stack(0x0000007ea9000000,0x0000007ea9100000)]
  0x00000227caf6a800 JavaThread "Asynchronous log dispatcher for DefaultDaemonConnection: socket connection from /127.0.0.1:51531 to /127.0.0.1:51532" [_thread_blocked, id=18892, stack(0x0000007ea9100000,0x0000007ea9200000)]
  0x00000227cbb44800 JavaThread "Stdin handler" [_thread_blocked, id=20248, stack(0x0000007ea9200000,0x0000007ea9300000)]
  0x00000227caf77000 JavaThread "Daemon client event forwarder" [_thread_blocked, id=6708, stack(0x0000007ea9300000,0x0000007ea9400000)]
  0x00000227caf78800 JavaThread "Cache worker for file hash cache (C:\Users\PARVATHY\.gradle\caches\7.0.2\fileHashes)" [_thread_blocked, id=18012, stack(0x0000007ea9400000,0x0000007ea9500000)]
  0x00000227caf77800 JavaThread "File lock request listener" [_thread_in_native, id=12964, stack(0x0000007ea9500000,0x0000007ea9600000)]
  0x00000227caf79800 JavaThread "Cache worker for journal cache (C:\Users\PARVATHY\.gradle\caches\journal-1)" [_thread_blocked, id=15948, stack(0x0000007ea9700000,0x0000007ea9800000)]
  0x00000227caf76000 JavaThread "Cache worker for file hash cache (E:\Rajagiri\Sem 6\Lead Manager App\.gradle\7.0.2\fileHashes)" [_thread_blocked, id=13864, stack(0x0000007ea9900000,0x0000007ea9a00000)]
  0x00000227caf73800 JavaThread "File watcher server" daemon [_thread_in_native, id=16716, stack(0x0000007ea9a00000,0x0000007ea9b00000)]
  0x00000227caf7a000 JavaThread "File watcher consumer" daemon [_thread_blocked, id=1100, stack(0x0000007ea9b00000,0x0000007ea9c00000)]
  0x00000227caf74800 JavaThread "Cache worker for checksums cache (E:\Rajagiri\Sem 6\Lead Manager App\.gradle\checksums)" [_thread_blocked, id=6576, stack(0x0000007ea9c00000,0x0000007ea9d00000)]
  0x00000227caf75000 JavaThread "Cache worker for cache directory md-supplier (C:\Users\PARVATHY\.gradle\caches\7.0.2\md-supplier)" [_thread_blocked, id=2064, stack(0x0000007ea9d00000,0x0000007ea9e00000)]
  0x00000227cf629000 JavaThread "Cache worker for cache directory md-rule (C:\Users\PARVATHY\.gradle\caches\7.0.2\md-rule)" [_thread_blocked, id=20228, stack(0x0000007ea9e00000,0x0000007ea9f00000)]
  0x00000227cf62a000 JavaThread "Cache worker for execution history cache (C:\Users\PARVATHY\.gradle\caches\7.0.2\executionHistory)" [_thread_blocked, id=10056, stack(0x0000007ea9800000,0x0000007ea9900000)]
  0x00000227cf627800 JavaThread "jar transforms" [_thread_blocked, id=788, stack(0x0000007eaa000000,0x0000007eaa100000)]
  0x00000227cf62a800 JavaThread "jar transforms Thread 2" [_thread_blocked, id=14704, stack(0x0000007eaa100000,0x0000007eaa200000)]
  0x00000227cf625000 JavaThread "Cache worker for file content cache (C:\Users\PARVATHY\.gradle\caches\7.0.2\fileContent)" [_thread_blocked, id=19584, stack(0x0000007eaa200000,0x0000007eaa300000)]
  0x00000227cf62c800 JavaThread "Cache worker for dependencies-accessors (E:\Rajagiri\Sem 6\Lead Manager App\.gradle\7.0.2\dependencies-accessors)" [_thread_blocked, id=18980, stack(0x0000007eaa300000,0x0000007eaa400000)]
  0x00000227cf626800 JavaThread "jar transforms Thread 3" [_thread_blocked, id=15996, stack(0x0000007eaa400000,0x0000007eaa500000)]
  0x00000227cf630800 JavaThread "Cache worker for Build Output Cleanup Cache (E:\Rajagiri\Sem 6\Lead Manager App\.gradle\buildOutputCleanup)" [_thread_blocked, id=15656, stack(0x0000007eaa500000,0x0000007eaa600000)]
  0x00000227cf62f800 JavaThread "Build operations" [_thread_blocked, id=936, stack(0x0000007eaa600000,0x0000007eaa700000)]
  0x00000227cf633000 JavaThread "Build operations Thread 2" [_thread_blocked, id=2632, stack(0x0000007eaa700000,0x0000007eaa800000)]
  0x00000227cf631000 JavaThread "Build operations Thread 3" [_thread_blocked, id=5524, stack(0x0000007eaa800000,0x0000007eaa900000)]
  0x00000227cf632000 JavaThread "Build operations Thread 4" [_thread_blocked, id=15596, stack(0x0000007eaa900000,0x0000007eaaa00000)]
  0x00000227cf62d000 JavaThread "jar transforms Thread 4" [_thread_blocked, id=19304, stack(0x0000007eaaa00000,0x0000007eaab00000)]
  0x00000227cf62e000 JavaThread "Memory manager" [_thread_blocked, id=8736, stack(0x0000007eaab00000,0x0000007eaac00000)]
  0x00000227cba23800 JavaThread "build event listener" [_thread_blocked, id=7076, stack(0x0000007eaac00000,0x0000007eaad00000)]
  0x00000227cba26000 JavaThread "Execution worker for ':'" [_thread_blocked, id=19572, stack(0x0000007eaad00000,0x0000007eaae00000)]
  0x00000227cba27000 JavaThread "Execution worker for ':' Thread 2" [_thread_blocked, id=600, stack(0x0000007eaae00000,0x0000007eaaf00000)]
  0x00000227cba24800 JavaThread "Execution worker for ':' Thread 3" [_thread_blocked, id=1288, stack(0x0000007eaaf00000,0x0000007eab000000)]
  0x00000227cba21800 JavaThread "Cache worker for execution history cache (E:\Rajagiri\Sem 6\Lead Manager App\.gradle\7.0.2\executionHistory)" [_thread_blocked, id=2224, stack(0x0000007eab000000,0x0000007eab100000)]
  0x00000227cba25800 JavaThread "Cache worker for Java compile cache (C:\Users\PARVATHY\.gradle\caches\7.0.2\javaCompile)" [_thread_blocked, id=17572, stack(0x0000007eab100000,0x0000007eab200000)]
  0x00000227cba28000 JavaThread "Cache worker for Java compile cache (E:\Rajagiri\Sem 6\Lead Manager App\.gradle\7.0.2\javaCompile)" [_thread_blocked, id=20400, stack(0x0000007eab200000,0x0000007eab300000)]
  0x00000227cba28800 JavaThread "C2 CompilerThread1" daemon [_thread_in_native, id=17888, stack(0x0000007ea7400000,0x0000007ea7500000)]

Other Threads:
  0x00000227c8eb0000 VMThread "VM Thread" [stack: 0x0000007ea7d00000,0x0000007ea7e00000] [id=20204]
  0x00000227c90ab000 WatcherThread [stack: 0x0000007ea8700000,0x0000007ea8800000] [id=17032]
  0x00000227aeafb800 GCTaskThread "GC Thread#0" [stack: 0x0000007ea7800000,0x0000007ea7900000] [id=20156]
  0x00000227c9450800 GCTaskThread "GC Thread#1" [stack: 0x0000007ea8900000,0x0000007ea8a00000] [id=8876]
  0x00000227c9672000 GCTaskThread "GC Thread#2" [stack: 0x0000007ea8a00000,0x0000007ea8b00000] [id=560]
  0x00000227cb3b9800 GCTaskThread "GC Thread#3" [stack: 0x0000007ea9600000,0x0000007ea9700000] [id=17492]
  0x00000227aeb2d000 ConcurrentGCThread "G1 Main Marker" [stack: 0x0000007ea7900000,0x0000007ea7a00000] [id=13216]
  0x00000227aeb2e000 ConcurrentGCThread "G1 Conc#0" [stack: 0x0000007ea7a00000,0x0000007ea7b00000] [id=6844]
  0x00000227c84fd000 ConcurrentGCThread "G1 Refine#0" [stack: 0x0000007ea7b00000,0x0000007ea7c00000] [id=2060]
  0x00000227c84fe000 ConcurrentGCThread "G1 Young RemSet Sampling" [stack: 0x0000007ea7c00000,0x0000007ea7d00000] [id=4328]

Threads with active compile tasks:
C2 CompilerThread0  34802 11075       4       org.gradle.api.internal.artifacts.transform.ConsumerProvidedVariantFinder::matchAttributes (68 bytes)
C2 CompilerThread1  34802 11076   !   4       org.gradle.internal.instantiation.generator.DependencyInjectingInstantiator::doCreate (64 bytes)

VM state:not at safepoint (normal execution)

VM Mutex/Monitor currently owned by a thread: None

Heap address: 0x0000000080000000, size: 2048 MB, Compressed Oops mode: 32-bit
Narrow klass base: 0x0000000000000000, Narrow klass shift: 3
Compressed class space size: 1073741824 Address: 0x0000000100000000

Heap:
 garbage-first heap   total 189440K, used 95232K [0x0000000080000000, 0x0000000100000000)
  region size 1024K, 15 young (15360K), 4 survivors (4096K)
 Metaspace       used 89735K, capacity 91933K, committed 92364K, reserved 1128448K
  class space    used 11520K, capacity 12336K, committed 12492K, reserved 1048576K
Heap Regions: E=young(eden), S=young(survivor), O=old, HS=humongous(starts), HC=humongous(continues), CS=collection set, F=free, A=archive, TAMS=top-at-mark-start (previous, next)
|   0|0x0000000080000000, 0x0000000080100000, 0x0000000080100000|100%| O|  |TAMS 0x0000000080100000, 0x0000000080000000| Untracked 
|   1|0x0000000080100000, 0x0000000080200000, 0x0000000080200000|100%| O|  |TAMS 0x0000000080200000, 0x0000000080100000| Untracked 
|   2|0x0000000080200000, 0x0000000080300000, 0x0000000080300000|100%| O|  |TAMS 0x0000000080300000, 0x0000000080200000| Untracked 
|   3|0x0000000080300000, 0x0000000080400000, 0x0000000080400000|100%|HS|  |TAMS 0x0000000080400000, 0x0000000080300000| Complete 
|   4|0x0000000080400000, 0x0000000080500000, 0x0000000080500000|100%|HC|  |TAMS 0x0000000080500000, 0x0000000080400000| Complete 
|   5|0x0000000080500000, 0x0000000080600000, 0x0000000080600000|100%|HC|  |TAMS 0x0000000080600000, 0x0000000080500000| Complete 
|   6|0x0000000080600000, 0x0000000080700000, 0x0000000080700000|100%| O|  |TAMS 0x0000000080700000, 0x0000000080600000| Untracked 
|   7|0x0000000080700000, 0x0000000080800000, 0x0000000080800000|100%| O|  |TAMS 0x0000000080800000, 0x0000000080700000| Untracked 
|   8|0x0000000080800000, 0x0000000080900000, 0x0000000080900000|100%| O|  |TAMS 0x0000000080900000, 0x0000000080800000| Untracked 
|   9|0x0000000080900000, 0x0000000080a00000, 0x0000000080a00000|100%| O|  |TAMS 0x0000000080a00000, 0x0000000080900000| Untracked 
|  10|0x0000000080a00000, 0x0000000080b00000, 0x0000000080b00000|100%| O|  |TAMS 0x0000000080b00000, 0x0000000080a00000| Untracked 
|  11|0x0000000080b00000, 0x0000000080c00000, 0x0000000080c00000|100%| O|  |TAMS 0x0000000080c00000, 0x0000000080b00000| Untracked 
|  12|0x0000000080c00000, 0x0000000080d00000, 0x0000000080d00000|100%| O|  |TAMS 0x0000000080d00000, 0x0000000080c00000| Untracked 
|  13|0x0000000080d00000, 0x0000000080e00000, 0x0000000080e00000|100%| O|  |TAMS 0x0000000080e00000, 0x0000000080d00000| Untracked 
|  14|0x0000000080e00000, 0x0000000080f00000, 0x0000000080f00000|100%| O|  |TAMS 0x0000000080f00000, 0x0000000080e00000| Untracked 
|  15|0x0000000080f00000, 0x0000000081000000, 0x0000000081000000|100%| O|  |TAMS 0x0000000081000000, 0x0000000080f00000| Untracked 
|  16|0x0000000081000000, 0x0000000081100000, 0x0000000081100000|100%| O|  |TAMS 0x0000000081100000, 0x0000000081000000| Untracked 
|  17|0x0000000081100000, 0x0000000081200000, 0x0000000081200000|100%|HS|  |TAMS 0x0000000081200000, 0x0000000081100000| Complete 
|  18|0x0000000081200000, 0x0000000081300000, 0x0000000081300000|100%| O|  |TAMS 0x0000000081300000, 0x0000000081200000| Untracked 
|  19|0x0000000081300000, 0x0000000081400000, 0x0000000081400000|100%| O|  |TAMS 0x0000000081400000, 0x0000000081300000| Untracked 
|  20|0x0000000081400000, 0x0000000081500000, 0x0000000081500000|100%| O|  |TAMS 0x0000000081500000, 0x0000000081400000| Untracked 
|  21|0x0000000081500000, 0x0000000081600000, 0x0000000081600000|100%| O|  |TAMS 0x0000000081600000, 0x0000000081500000| Untracked 
|  22|0x0000000081600000, 0x0000000081700000, 0x0000000081700000|100%| O|  |TAMS 0x0000000081700000, 0x0000000081600000| Untracked 
|  23|0x0000000081700000, 0x0000000081800000, 0x0000000081800000|100%|HS|  |TAMS 0x0000000081800000, 0x0000000081700000| Complete 
|  24|0x0000000081800000, 0x0000000081900000, 0x0000000081900000|100%|HS|  |TAMS 0x0000000081900000, 0x0000000081800000| Complete 
|  25|0x0000000081900000, 0x0000000081a00000, 0x0000000081a00000|100%|HC|  |TAMS 0x0000000081a00000, 0x0000000081900000| Complete 
|  26|0x0000000081a00000, 0x0000000081b00000, 0x0000000081b00000|100%| O|  |TAMS 0x0000000081b00000, 0x0000000081a00000| Untracked 
|  27|0x0000000081b00000, 0x0000000081c00000, 0x0000000081c00000|100%| O|  |TAMS 0x0000000081c00000, 0x0000000081b00000| Untracked 
|  28|0x0000000081c00000, 0x0000000081d00000, 0x0000000081d00000|100%| O|  |TAMS 0x0000000081d00000, 0x0000000081c00000| Untracked 
|  29|0x0000000081d00000, 0x0000000081e00000, 0x0000000081e00000|100%| O|  |TAMS 0x0000000081e00000, 0x0000000081d00000| Untracked 
|  30|0x0000000081e00000, 0x0000000081f00000, 0x0000000081f00000|100%| O|  |TAMS 0x0000000081f00000, 0x0000000081e00000| Untracked 
|  31|0x0000000081f00000, 0x0000000082000000, 0x0000000082000000|100%| O|  |TAMS 0x0000000082000000, 0x0000000081f00000| Untracked 
|  32|0x0000000082000000, 0x0000000082100000, 0x0000000082100000|100%| O|  |TAMS 0x0000000082100000, 0x0000000082000000| Untracked 
|  33|0x0000000082100000, 0x0000000082200000, 0x0000000082200000|100%| O|  |TAMS 0x0000000082200000, 0x0000000082100000| Untracked 
|  34|0x0000000082200000, 0x0000000082300000, 0x0000000082300000|100%| O|  |TAMS 0x0000000082300000, 0x0000000082200000| Untracked 
|  35|0x0000000082300000, 0x0000000082400000, 0x0000000082400000|100%| O|  |TAMS 0x0000000082400000, 0x0000000082300000| Untracked 
|  36|0x0000000082400000, 0x0000000082500000, 0x0000000082500000|100%| O|  |TAMS 0x0000000082500000, 0x0000000082400000| Untracked 
|  37|0x0000000082500000, 0x0000000082600000, 0x0000000082600000|100%| O|  |TAMS 0x0000000082600000, 0x0000000082500000| Untracked 
|  38|0x0000000082600000, 0x0000000082700000, 0x0000000082700000|100%| O|  |TAMS 0x0000000082700000, 0x0000000082600000| Untracked 
|  39|0x0000000082700000, 0x0000000082800000, 0x0000000082800000|100%| O|  |TAMS 0x0000000082800000, 0x0000000082700000| Untracked 
|  40|0x0000000082800000, 0x0000000082900000, 0x0000000082900000|100%| O|  |TAMS 0x0000000082900000, 0x0000000082800000| Untracked 
|  41|0x0000000082900000, 0x0000000082a00000, 0x0000000082a00000|100%| O|  |TAMS 0x0000000082a00000, 0x0000000082900000| Untracked 
|  42|0x0000000082a00000, 0x0000000082b00000, 0x0000000082b00000|100%| O|  |TAMS 0x0000000082b00000, 0x0000000082a00000| Untracked 
|  43|0x0000000082b00000, 0x0000000082c00000, 0x0000000082c00000|100%| O|  |TAMS 0x0000000082c00000, 0x0000000082b00000| Untracked 
|  44|0x0000000082c00000, 0x0000000082d00000, 0x0000000082d00000|100%| O|  |TAMS 0x0000000082d00000, 0x0000000082c00000| Untracked 
|  45|0x0000000082d00000, 0x0000000082e00000, 0x0000000082e00000|100%| O|  |TAMS 0x0000000082e00000, 0x0000000082d00000| Untracked 
|  46|0x0000000082e00000, 0x0000000082f00000, 0x0000000082f00000|100%| O|  |TAMS 0x0000000082f00000, 0x0000000082e00000| Untracked 
|  47|0x0000000082f00000, 0x0000000083000000, 0x0000000083000000|100%| O|  |TAMS 0x0000000083000000, 0x0000000082f00000| Untracked 
|  48|0x0000000083000000, 0x0000000083100000, 0x0000000083100000|100%| O|  |TAMS 0x0000000083100000, 0x0000000083000000| Untracked 
|  49|0x0000000083100000, 0x0000000083200000, 0x0000000083200000|100%| O|  |TAMS 0x0000000083200000, 0x0000000083100000| Untracked 
|  50|0x0000000083200000, 0x0000000083300000, 0x0000000083300000|100%| O|  |TAMS 0x0000000083300000, 0x0000000083200000| Untracked 
|  51|0x0000000083300000, 0x0000000083400000, 0x0000000083400000|100%| O|  |TAMS 0x0000000083400000, 0x0000000083300000| Untracked 
|  52|0x0000000083400000, 0x0000000083500000, 0x0000000083500000|100%| O|  |TAMS 0x0000000083500000, 0x0000000083400000| Untracked 
|  53|0x0000000083500000, 0x0000000083600000, 0x0000000083600000|100%| O|  |TAMS 0x0000000083600000, 0x0000000083500000| Untracked 
|  54|0x0000000083600000, 0x0000000083700000, 0x0000000083700000|100%| O|  |TAMS 0x0000000083700000, 0x0000000083600000| Untracked 
|  55|0x0000000083700000, 0x0000000083800000, 0x0000000083800000|100%| O|  |TAMS 0x0000000083800000, 0x0000000083700000| Untracked 
|  56|0x0000000083800000, 0x0000000083900000, 0x0000000083900000|100%| O|  |TAMS 0x0000000083900000, 0x0000000083800000| Untracked 
|  57|0x0000000083900000, 0x0000000083a00000, 0x0000000083a00000|100%| O|  |TAMS 0x0000000083a00000, 0x0000000083900000| Untracked 
|  58|0x0000000083a00000, 0x0000000083b00000, 0x0000000083b00000|100%| O|  |TAMS 0x0000000083b00000, 0x0000000083a00000| Untracked 
|  59|0x0000000083b00000, 0x0000000083c00000, 0x0000000083c00000|100%| O|  |TAMS 0x0000000083c00000, 0x0000000083b00000| Untracked 
|  60|0x0000000083c00000, 0x0000000083d00000, 0x0000000083d00000|100%| O|  |TAMS 0x0000000083d00000, 0x0000000083c00000| Untracked 
|  61|0x0000000083d00000, 0x0000000083e00000, 0x0000000083e00000|100%| O|  |TAMS 0x0000000083e00000, 0x0000000083d00000| Untracked 
|  62|0x0000000083e00000, 0x0000000083f00000, 0x0000000083f00000|100%| O|  |TAMS 0x0000000083f00000, 0x0000000083e00000| Untracked 
|  63|0x0000000083f00000, 0x0000000084000000, 0x0000000084000000|100%| O|  |TAMS 0x0000000084000000, 0x0000000083f00000| Untracked 
|  64|0x0000000084000000, 0x0000000084100000, 0x0000000084100000|100%|HS|  |TAMS 0x0000000084100000, 0x0000000084000000| Complete 
|  65|0x0000000084100000, 0x0000000084200000, 0x0000000084200000|100%|HC|  |TAMS 0x0000000084200000, 0x0000000084100000| Complete 
|  66|0x0000000084200000, 0x0000000084300000, 0x0000000084300000|100%| O|  |TAMS 0x0000000084300000, 0x0000000084200000| Untracked 
|  67|0x0000000084300000, 0x0000000084400000, 0x0000000084400000|100%| O|  |TAMS 0x0000000084400000, 0x0000000084300000| Untracked 
|  68|0x0000000084400000, 0x0000000084500000, 0x0000000084500000|100%| O|  |TAMS 0x0000000084500000, 0x0000000084400000| Untracked 
|  69|0x0000000084500000, 0x0000000084600000, 0x0000000084600000|100%| O|  |TAMS 0x0000000084600000, 0x0000000084500000| Untracked 
|  70|0x0000000084600000, 0x0000000084700000, 0x0000000084700000|100%| O|  |TAMS 0x0000000084700000, 0x0000000084600000| Untracked 
|  71|0x0000000084700000, 0x0000000084800000, 0x0000000084800000|100%| O|  |TAMS 0x0000000084800000, 0x0000000084700000| Untracked 
|  72|0x0000000084800000, 0x0000000084900000, 0x0000000084900000|100%| O|  |TAMS 0x0000000084900000, 0x0000000084800000| Untracked 
|  73|0x0000000084900000, 0x0000000084a00000, 0x0000000084a00000|100%| O|  |TAMS 0x0000000084a00000, 0x0000000084900000| Untracked 
|  74|0x0000000084a00000, 0x0000000084b00000, 0x0000000084b00000|100%| O|  |TAMS 0x0000000084b00000, 0x0000000084a00000| Untracked 
|  75|0x0000000084b00000, 0x0000000084c00000, 0x0000000084c00000|100%| O|  |TAMS 0x0000000084c00000, 0x0000000084b00000| Untracked 
|  76|0x0000000084c00000, 0x0000000084d00000, 0x0000000084d00000|100%| O|  |TAMS 0x0000000084d00000, 0x0000000084c00000| Untracked 
|  77|0x0000000084d00000, 0x0000000084e00000, 0x0000000084e00000|100%| O|  |TAMS 0x0000000084e00000, 0x0000000084d00000| Untracked 
|  78|0x0000000084e00000, 0x0000000084f00000, 0x0000000084f00000|100%| O|  |TAMS 0x0000000084f00000, 0x0000000084e00000| Untracked 
|  79|0x0000000084f00000, 0x0000000085000000, 0x0000000085000000|100%| O|  |TAMS 0x0000000085000000, 0x0000000084f00000| Untracked 
|  80|0x0000000085000000, 0x0000000085000000, 0x0000000085100000|  0%| F|  |TAMS 0x0000000085000000, 0x0000000085000000| Untracked 
|  81|0x0000000085100000, 0x0000000085100000, 0x0000000085200000|  0%| F|  |TAMS 0x0000000085100000, 0x0000000085100000| Untracked 
|  82|0x0000000085200000, 0x0000000085200000, 0x0000000085300000|  0%| F|  |TAMS 0x0000000085200000, 0x0000000085200000| Untracked 
|  83|0x0000000085300000, 0x0000000085300000, 0x0000000085400000|  0%| F|  |TAMS 0x0000000085300000, 0x0000000085300000| Untracked 
|  84|0x0000000085400000, 0x0000000085400000, 0x0000000085500000|  0%| F|  |TAMS 0x0000000085400000, 0x0000000085400000| Untracked 
|  85|0x0000000085500000, 0x0000000085500000, 0x0000000085600000|  0%| F|  |TAMS 0x0000000085500000, 0x0000000085500000| Untracked 
|  86|0x0000000085600000, 0x0000000085600000, 0x0000000085700000|  0%| F|  |TAMS 0x0000000085600000, 0x0000000085600000| Untracked 
|  87|0x0000000085700000, 0x0000000085700000, 0x0000000085800000|  0%| F|  |TAMS 0x0000000085700000, 0x0000000085700000| Untracked 
|  88|0x0000000085800000, 0x0000000085800000, 0x0000000085900000|  0%| F|  |TAMS 0x0000000085800000, 0x0000000085800000| Untracked 
|  89|0x0000000085900000, 0x0000000085900000, 0x0000000085a00000|  0%| F|  |TAMS 0x0000000085900000, 0x0000000085900000| Untracked 
|  90|0x0000000085a00000, 0x0000000085a00000, 0x0000000085b00000|  0%| F|  |TAMS 0x0000000085a00000, 0x0000000085a00000| Untracked 
|  91|0x0000000085b00000, 0x0000000085b00000, 0x0000000085c00000|  0%| F|  |TAMS 0x0000000085b00000, 0x0000000085b00000| Untracked 
|  92|0x0000000085c00000, 0x0000000085c00000, 0x0000000085d00000|  0%| F|  |TAMS 0x0000000085c00000, 0x0000000085c00000| Untracked 
|  93|0x0000000085d00000, 0x0000000085d00000, 0x0000000085e00000|  0%| F|  |TAMS 0x0000000085d00000, 0x0000000085d00000| Untracked 
|  94|0x0000000085e00000, 0x0000000085e00000, 0x0000000085f00000|  0%| F|  |TAMS 0x0000000085e00000, 0x0000000085e00000| Untracked 
|  95|0x0000000085f00000, 0x0000000085f00000, 0x0000000086000000|  0%| F|  |TAMS 0x0000000085f00000, 0x0000000085f00000| Untracked 
|  96|0x0000000086000000, 0x0000000086000000, 0x0000000086100000|  0%| F|  |TAMS 0x0000000086000000, 0x0000000086000000| Untracked 
|  97|0x0000000086100000, 0x0000000086100000, 0x0000000086200000|  0%| F|  |TAMS 0x0000000086100000, 0x0000000086100000| Untracked 
|  98|0x0000000086200000, 0x0000000086200000, 0x0000000086300000|  0%| F|  |TAMS 0x0000000086200000, 0x0000000086200000| Untracked 
|  99|0x0000000086300000, 0x0000000086300000, 0x0000000086400000|  0%| F|  |TAMS 0x0000000086300000, 0x0000000086300000| Untracked 
| 100|0x0000000086400000, 0x0000000086400000, 0x0000000086500000|  0%| F|  |TAMS 0x0000000086400000, 0x0000000086400000| Untracked 
| 101|0x0000000086500000, 0x0000000086500000, 0x0000000086600000|  0%| F|  |TAMS 0x0000000086500000, 0x0000000086500000| Untracked 
| 102|0x0000000086600000, 0x0000000086600000, 0x0000000086700000|  0%| F|  |TAMS 0x0000000086600000, 0x0000000086600000| Untracked 
| 103|0x0000000086700000, 0x0000000086700000, 0x0000000086800000|  0%| F|  |TAMS 0x0000000086700000, 0x0000000086700000| Untracked 
| 104|0x0000000086800000, 0x0000000086800000, 0x0000000086900000|  0%| F|  |TAMS 0x0000000086800000, 0x0000000086800000| Untracked 
| 105|0x0000000086900000, 0x0000000086900000, 0x0000000086a00000|  0%| F|  |TAMS 0x0000000086900000, 0x0000000086900000| Untracked 
| 106|0x0000000086a00000, 0x0000000086a00000, 0x0000000086b00000|  0%| F|  |TAMS 0x0000000086a00000, 0x0000000086a00000| Untracked 
| 107|0x0000000086b00000, 0x0000000086b00000, 0x0000000086c00000|  0%| F|  |TAMS 0x0000000086b00000, 0x0000000086b00000| Untracked 
| 108|0x0000000086c00000, 0x0000000086c00000, 0x0000000086d00000|  0%| F|  |TAMS 0x0000000086c00000, 0x0000000086c00000| Untracked 
| 109|0x0000000086d00000, 0x0000000086d00000, 0x0000000086e00000|  0%| F|  |TAMS 0x0000000086d00000, 0x0000000086d00000| Untracked 
| 110|0x0000000086e00000, 0x0000000086e00000, 0x0000000086f00000|  0%| F|  |TAMS 0x0000000086e00000, 0x0000000086e00000| Untracked 
| 111|0x0000000086f00000, 0x0000000087000000, 0x0000000087000000|100%| S|CS|TAMS 0x0000000086f00000, 0x0000000086f00000| Complete 
| 112|0x0000000087000000, 0x0000000087100000, 0x0000000087100000|100%| S|CS|TAMS 0x0000000087000000, 0x0000000087000000| Complete 
| 113|0x0000000087100000, 0x0000000087200000, 0x0000000087200000|100%| S|CS|TAMS 0x0000000087100000, 0x0000000087100000| Complete 
| 114|0x0000000087200000, 0x0000000087300000, 0x0000000087300000|100%| S|CS|TAMS 0x0000000087200000, 0x0000000087200000| Complete 
| 115|0x0000000087300000, 0x0000000087300000, 0x0000000087400000|  0%| F|  |TAMS 0x0000000087300000, 0x0000000087300000| Untracked 
| 116|0x0000000087400000, 0x0000000087400000, 0x0000000087500000|  0%| F|  |TAMS 0x0000000087400000, 0x0000000087400000| Untracked 
| 117|0x0000000087500000, 0x0000000087500000, 0x0000000087600000|  0%| F|  |TAMS 0x0000000087500000, 0x0000000087500000| Untracked 
| 118|0x0000000087600000, 0x0000000087600000, 0x0000000087700000|  0%| F|  |TAMS 0x0000000087600000, 0x0000000087600000| Untracked 
| 119|0x0000000087700000, 0x0000000087700000, 0x0000000087800000|  0%| F|  |TAMS 0x0000000087700000, 0x0000000087700000| Untracked 
| 120|0x0000000087800000, 0x0000000087800000, 0x0000000087900000|  0%| F|  |TAMS 0x0000000087800000, 0x0000000087800000| Untracked 
| 121|0x0000000087900000, 0x0000000087900000, 0x0000000087a00000|  0%| F|  |TAMS 0x0000000087900000, 0x0000000087900000| Untracked 
| 122|0x0000000087a00000, 0x0000000087a00000, 0x0000000087b00000|  0%| F|  |TAMS 0x0000000087a00000, 0x0000000087a00000| Untracked 
| 123|0x0000000087b00000, 0x0000000087b00000, 0x0000000087c00000|  0%| F|  |TAMS 0x0000000087b00000, 0x0000000087b00000| Untracked 
| 124|0x0000000087c00000, 0x0000000087c00000, 0x0000000087d00000|  0%| F|  |TAMS 0x0000000087c00000, 0x0000000087c00000| Untracked 
| 125|0x0000000087d00000, 0x0000000087d00000, 0x0000000087e00000|  0%| F|  |TAMS 0x0000000087d00000, 0x0000000087d00000| Untracked 
| 126|0x0000000087e00000, 0x0000000087e00000, 0x0000000087f00000|  0%| F|  |TAMS 0x0000000087e00000, 0x0000000087e00000| Untracked 
| 127|0x0000000087f00000, 0x0000000087f00000, 0x0000000088000000|  0%| F|  |TAMS 0x0000000087f00000, 0x0000000087f00000| Untracked 
| 128|0x0000000088000000, 0x0000000088000000, 0x0000000088100000|  0%| F|  |TAMS 0x0000000088000000, 0x0000000088000000| Untracked 
| 129|0x0000000088100000, 0x0000000088100000, 0x0000000088200000|  0%| F|  |TAMS 0x0000000088100000, 0x0000000088100000| Untracked 
| 130|0x0000000088200000, 0x0000000088200000, 0x0000000088300000|  0%| F|  |TAMS 0x0000000088200000, 0x0000000088200000| Untracked 
| 131|0x0000000088300000, 0x0000000088300000, 0x0000000088400000|  0%| F|  |TAMS 0x0000000088300000, 0x0000000088300000| Untracked 
| 132|0x0000000088400000, 0x0000000088400000, 0x0000000088500000|  0%| F|  |TAMS 0x0000000088400000, 0x0000000088400000| Untracked 
| 133|0x0000000088500000, 0x0000000088500000, 0x0000000088600000|  0%| F|  |TAMS 0x0000000088500000, 0x0000000088500000| Untracked 
| 134|0x0000000088600000, 0x0000000088600000, 0x0000000088700000|  0%| F|  |TAMS 0x0000000088600000, 0x0000000088600000| Untracked 
| 135|0x0000000088700000, 0x0000000088700000, 0x0000000088800000|  0%| F|  |TAMS 0x0000000088700000, 0x0000000088700000| Untracked 
| 136|0x0000000088800000, 0x0000000088800000, 0x0000000088900000|  0%| F|  |TAMS 0x0000000088800000, 0x0000000088800000| Untracked 
| 137|0x0000000088900000, 0x0000000088900000, 0x0000000088a00000|  0%| F|  |TAMS 0x0000000088900000, 0x0000000088900000| Untracked 
| 138|0x0000000088a00000, 0x0000000088a00000, 0x0000000088b00000|  0%| F|  |TAMS 0x0000000088a00000, 0x0000000088a00000| Untracked 
| 139|0x0000000088b00000, 0x0000000088b00000, 0x0000000088c00000|  0%| F|  |TAMS 0x0000000088b00000, 0x0000000088b00000| Untracked 
| 140|0x0000000088c00000, 0x0000000088c00000, 0x0000000088d00000|  0%| F|  |TAMS 0x0000000088c00000, 0x0000000088c00000| Untracked 
| 141|0x0000000088d00000, 0x0000000088d00000, 0x0000000088e00000|  0%| F|  |TAMS 0x0000000088d00000, 0x0000000088d00000| Untracked 
| 142|0x0000000088e00000, 0x0000000088e00000, 0x0000000088f00000|  0%| F|  |TAMS 0x0000000088e00000, 0x0000000088e00000| Untracked 
| 143|0x0000000088f00000, 0x0000000088f00000, 0x0000000089000000|  0%| F|  |TAMS 0x0000000088f00000, 0x0000000088f00000| Untracked 
| 144|0x0000000089000000, 0x0000000089000000, 0x0000000089100000|  0%| F|  |TAMS 0x0000000089000000, 0x0000000089000000| Untracked 
| 145|0x0000000089100000, 0x0000000089100000, 0x0000000089200000|  0%| F|  |TAMS 0x0000000089100000, 0x0000000089100000| Untracked 
| 146|0x0000000089200000, 0x0000000089200000, 0x0000000089300000|  0%| F|  |TAMS 0x0000000089200000, 0x0000000089200000| Untracked 
| 147|0x0000000089300000, 0x0000000089300000, 0x0000000089400000|  0%| F|  |TAMS 0x0000000089300000, 0x0000000089300000| Untracked 
| 148|0x0000000089400000, 0x0000000089400000, 0x0000000089500000|  0%| F|  |TAMS 0x0000000089400000, 0x0000000089400000| Untracked 
| 149|0x0000000089500000, 0x0000000089500000, 0x0000000089600000|  0%| F|  |TAMS 0x0000000089500000, 0x0000000089500000| Untracked 
| 150|0x0000000089600000, 0x0000000089600000, 0x0000000089700000|  0%| F|  |TAMS 0x0000000089600000, 0x0000000089600000| Untracked 
| 151|0x0000000089700000, 0x0000000089700000, 0x0000000089800000|  0%| F|  |TAMS 0x0000000089700000, 0x0000000089700000| Untracked 
| 152|0x0000000089800000, 0x0000000089800000, 0x0000000089900000|  0%| F|  |TAMS 0x0000000089800000, 0x0000000089800000| Untracked 
| 153|0x0000000089900000, 0x0000000089900000, 0x0000000089a00000|  0%| F|  |TAMS 0x0000000089900000, 0x0000000089900000| Untracked 
| 154|0x0000000089a00000, 0x0000000089a00000, 0x0000000089b00000|  0%| F|  |TAMS 0x0000000089a00000, 0x0000000089a00000| Untracked 
| 155|0x0000000089b00000, 0x0000000089b00000, 0x0000000089c00000|  0%| F|  |TAMS 0x0000000089b00000, 0x0000000089b00000| Untracked 
| 156|0x0000000089c00000, 0x0000000089c00000, 0x0000000089d00000|  0%| F|  |TAMS 0x0000000089c00000, 0x0000000089c00000| Untracked 
| 157|0x0000000089d00000, 0x0000000089d00000, 0x0000000089e00000|  0%| F|  |TAMS 0x0000000089d00000, 0x0000000089d00000| Untracked 
| 158|0x0000000089e00000, 0x0000000089e00000, 0x0000000089f00000|  0%| F|  |TAMS 0x0000000089e00000, 0x0000000089e00000| Untracked 
| 159|0x0000000089f00000, 0x0000000089f00000, 0x000000008a000000|  0%| F|  |TAMS 0x0000000089f00000, 0x0000000089f00000| Untracked 
| 160|0x000000008a000000, 0x000000008a000000, 0x000000008a100000|  0%| F|  |TAMS 0x000000008a000000, 0x000000008a000000| Untracked 
| 161|0x000000008a100000, 0x000000008a100000, 0x000000008a200000|  0%| F|  |TAMS 0x000000008a100000, 0x000000008a100000| Untracked 
| 162|0x000000008a200000, 0x000000008a200000, 0x000000008a300000|  0%| F|  |TAMS 0x000000008a200000, 0x000000008a200000| Untracked 
| 163|0x000000008a300000, 0x000000008a300000, 0x000000008a400000|  0%| F|  |TAMS 0x000000008a300000, 0x000000008a300000| Untracked 
| 164|0x000000008a400000, 0x000000008a400000, 0x000000008a500000|  0%| F|  |TAMS 0x000000008a400000, 0x000000008a400000| Untracked 
| 165|0x000000008a500000, 0x000000008a500000, 0x000000008a600000|  0%| F|  |TAMS 0x000000008a500000, 0x000000008a500000| Untracked 
| 166|0x000000008a600000, 0x000000008a600000, 0x000000008a700000|  0%| F|  |TAMS 0x000000008a600000, 0x000000008a600000| Untracked 
| 167|0x000000008a700000, 0x000000008a700000, 0x000000008a800000|  0%| F|  |TAMS 0x000000008a700000, 0x000000008a700000| Untracked 
| 168|0x000000008a800000, 0x000000008a800000, 0x000000008a900000|  0%| F|  |TAMS 0x000000008a800000, 0x000000008a800000| Untracked 
| 169|0x000000008a900000, 0x000000008a900000, 0x000000008aa00000|  0%| F|  |TAMS 0x000000008a900000, 0x000000008a900000| Untracked 
| 170|0x000000008aa00000, 0x000000008aa00000, 0x000000008ab00000|  0%| F|  |TAMS 0x000000008aa00000, 0x000000008aa00000| Untracked 
| 171|0x000000008ab00000, 0x000000008ab00000, 0x000000008ac00000|  0%| F|  |TAMS 0x000000008ab00000, 0x000000008ab00000| Untracked 
| 172|0x000000008ac00000, 0x000000008ac00000, 0x000000008ad00000|  0%| F|  |TAMS 0x000000008ac00000, 0x000000008ac00000| Untracked 
| 173|0x000000008ad00000, 0x000000008ad00000, 0x000000008ae00000|  0%| F|  |TAMS 0x000000008ad00000, 0x000000008ad00000| Untracked 
| 174|0x000000008ae00000, 0x000000008aeda590, 0x000000008af00000| 85%| E|  |TAMS 0x000000008ae00000, 0x000000008ae00000| Complete 
| 175|0x000000008af00000, 0x000000008b000000, 0x000000008b000000|100%| E|CS|TAMS 0x000000008af00000, 0x000000008af00000| Complete 
| 176|0x000000008b000000, 0x000000008b100000, 0x000000008b100000|100%| E|CS|TAMS 0x000000008b000000, 0x000000008b000000| Complete 
| 177|0x000000008b100000, 0x000000008b200000, 0x000000008b200000|100%| E|CS|TAMS 0x000000008b100000, 0x000000008b100000| Complete 
| 178|0x000000008b200000, 0x000000008b300000, 0x000000008b300000|100%| E|CS|TAMS 0x000000008b200000, 0x000000008b200000| Complete 
| 179|0x000000008b300000, 0x000000008b400000, 0x000000008b400000|100%| E|CS|TAMS 0x000000008b300000, 0x000000008b300000| Complete 
| 180|0x000000008b400000, 0x000000008b500000, 0x000000008b500000|100%| E|CS|TAMS 0x000000008b400000, 0x000000008b400000| Complete 
| 181|0x000000008b500000, 0x000000008b600000, 0x000000008b600000|100%| E|CS|TAMS 0x000000008b500000, 0x000000008b500000| Complete 
| 182|0x000000008b600000, 0x000000008b700000, 0x000000008b700000|100%| E|CS|TAMS 0x000000008b600000, 0x000000008b600000| Complete 
| 183|0x000000008b700000, 0x000000008b800000, 0x000000008b800000|100%| E|CS|TAMS 0x000000008b700000, 0x000000008b700000| Complete 
| 184|0x000000008b800000, 0x000000008b900000, 0x000000008b900000|100%| E|  |TAMS 0x000000008b800000, 0x000000008b800000| Complete 

Card table byte_map: [0x00000227c1950000,0x00000227c1d50000] _byte_map_base: 0x00000227c1550000

Marking Bits (Prev, Next): (CMBitMap*) 0x00000227aeb24500, (CMBitMap*) 0x00000227aeb244c8
 Prev Bits: [0x00000227c4150000, 0x00000227c6150000)
 Next Bits: [0x00000227c2150000, 0x00000227c4150000)

Polling page: 0x00000227ac2f0000

Metaspace:

Usage:
  Non-class:     77.73 MB capacity,    76.38 MB ( 98%) used,     1.10 MB (  1%) free+waste,   259.75 KB ( <1%) overhead. 
      Class:     12.05 MB capacity,    11.25 MB ( 93%) used,   698.78 KB (  6%) free+waste,   116.31 KB ( <1%) overhead. 
       Both:     89.78 MB capacity,    87.63 MB ( 98%) used,     1.78 MB (  2%) free+waste,   376.06 KB ( <1%) overhead. 

Virtual space:
  Non-class space:       78.00 MB reserved,      78.00 MB (100%) committed 
      Class space:        1.00 GB reserved,      12.20 MB (  1%) committed 
             Both:        1.08 GB reserved,      90.20 MB (  8%) committed 

Chunk freelists:
   Non-Class:  83.00 KB
       Class:  36.00 KB
        Both:  119.00 KB

MaxMetaspaceSize: 17179869184.00 GB
CompressedClassSpaceSize: 1.00 GB

CodeHeap 'non-profiled nmethods': size=120064Kb used=6642Kb max_used=6642Kb free=113421Kb
 bounds [0x00000227ba010000, 0x00000227ba690000, 0x00000227c1550000]
CodeHeap 'profiled nmethods': size=120000Kb used=24948Kb max_used=24948Kb free=95051Kb
 bounds [0x00000227b2ae0000, 0x00000227b4340000, 0x00000227ba010000]
CodeHeap 'non-nmethods': size=5696Kb used=2285Kb max_used=2337Kb free=3410Kb
 bounds [0x00000227b2550000, 0x00000227b27c0000, 0x00000227b2ae0000]
 total_blobs=11982 nmethods=11092 adapters=801
 compilation: enabled
              stopped_count=0, restarted_count=0
 full_count=0

Compilation events (20 events):
Event: 33.874 Thread 0x00000227c8f22800 11108       3       org.gradle.execution.plan.ValuedVfsHierarchy$$Lambda$778/0x0000000100a7c440::<init> (15 bytes)
Event: 33.875 Thread 0x00000227c8f22800 nmethod 11108 0x00000227b4330290 code [0x00000227b4330440, 0x00000227b4330658]
Event: 33.875 Thread 0x00000227c8f22800 11109       3       org.gradle.execution.plan.ValuedVfsHierarchy$1::<init> (20 bytes)
Event: 33.875 Thread 0x00000227c8f22800 nmethod 11109 0x00000227b4330710 code [0x00000227b43308c0, 0x00000227b4330b38]
Event: 33.899 Thread 0x00000227c8f22800 11110       3       org.gradle.api.internal.file.AbstractFileCollection::iterator (10 bytes)
Event: 33.899 Thread 0x00000227c8f22800 nmethod 11110 0x00000227b4330c10 code [0x00000227b4330de0, 0x00000227b4331058]
Event: 33.902 Thread 0x00000227c8f22800 11111       3       org.gradle.api.internal.tasks.properties.bean.AbstractNestedRuntimeBeanNode$BeanPropertyValue::maybeFinalizeValue (27 bytes)
Event: 33.902 Thread 0x00000227c8f22800 nmethod 11111 0x00000227b4331110 code [0x00000227b4331300, 0x00000227b4331788]
Event: 33.902 Thread 0x00000227c8f22800 11113       3       java.io.Bits::putFloat (10 bytes)
Event: 33.903 Thread 0x00000227c8f22800 nmethod 11113 0x00000227b4331910 code [0x00000227b4331ae0, 0x00000227b4331d88]
Event: 33.903 Thread 0x00000227c8f22800 11112       3       org.gradle.api.internal.tasks.properties.bean.AbstractNestedRuntimeBeanNode$BeanPropertyValue::isConfigurable (13 bytes)
Event: 33.903 Thread 0x00000227c8f22800 nmethod 11112 0x00000227b4331e90 code [0x00000227b4332040, 0x00000227b43321a8]
Event: 33.912 Thread 0x00000227c8f22800 11114       3       org.gradle.api.internal.attributes.DefaultImmutableAttributesFactory$$Lambda$391/0x0000000100580840::apply (8 bytes)
Event: 33.912 Thread 0x00000227c8f22800 nmethod 11114 0x00000227b4332290 code [0x00000227b4332480, 0x00000227b4332978]
Event: 33.944 Thread 0x00000227c8f22800 11117       1       org.gradle.internal.logging.events.ProgressStartEvent::getBuildOperationId (5 bytes)
Event: 33.944 Thread 0x00000227c8f22800 nmethod 11117 0x00000227ba68b090 code [0x00000227ba68b240, 0x00000227ba68b2f8]
Event: 34.076 Thread 0x00000227c8f22800 11118   !   3       org.gradle.internal.operations.UnmanagedBuildOperationWrapper::callWithUnmanagedSupport (33 bytes)
Event: 34.077 Thread 0x00000227c8f22800 nmethod 11118 0x00000227b4332b10 code [0x00000227b4332d00, 0x00000227b4332fb8]
Event: 34.098 Thread 0x00000227c8f22800 11119       3       org.gradle.internal.operations.DefaultBuildOperationExecutor$$Lambda$153/0x0000000100301c40::apply (16 bytes)
Event: 34.099 Thread 0x00000227c8f22800 nmethod 11119 0x00000227b4333190 code [0x00000227b4333360, 0x00000227b4333688]

GC Heap History (20 events):
Event: 15.669 GC heap before
{Heap before GC invocations=10 (full 0):
 garbage-first heap   total 157696K, used 116132K [0x0000000080000000, 0x0000000100000000)
  region size 1024K, 89 young (91136K), 8 survivors (8192K)
 Metaspace       used 53097K, capacity 54397K, committed 54732K, reserved 1097728K
  class space    used 6784K, capacity 7272K, committed 7372K, reserved 1048576K
}
Event: 15.694 GC heap after
{Heap after GC invocations=11 (full 0):
 garbage-first heap   total 157696K, used 43741K [0x0000000080000000, 0x0000000100000000)
  region size 1024K, 12 young (12288K), 12 survivors (12288K)
 Metaspace       used 53097K, capacity 54397K, committed 54732K, reserved 1097728K
  class space    used 6784K, capacity 7272K, committed 7372K, reserved 1048576K
}
Event: 16.831 GC heap before
{Heap before GC invocations=11 (full 0):
 garbage-first heap   total 157696K, used 76509K [0x0000000080000000, 0x0000000100000000)
  region size 1024K, 45 young (46080K), 12 survivors (12288K)
 Metaspace       used 58690K, capacity 60154K, committed 60236K, reserved 1101824K
  class space    used 7443K, capacity 7971K, committed 8012K, reserved 1048576K
}
Event: 16.860 GC heap after
{Heap after GC invocations=12 (full 0):
 garbage-first heap   total 157696K, used 47743K [0x0000000080000000, 0x0000000100000000)
  region size 1024K, 3 young (3072K), 3 survivors (3072K)
 Metaspace       used 58690K, capacity 60154K, committed 60236K, reserved 1101824K
  class space    used 7443K, capacity 7971K, committed 8012K, reserved 1048576K
}
Event: 18.577 GC heap before
{Heap before GC invocations=13 (full 0):
 garbage-first heap   total 157696K, used 105087K [0x0000000080000000, 0x0000000100000000)
  region size 1024K, 59 young (60416K), 3 survivors (3072K)
 Metaspace       used 63281K, capacity 64792K, committed 64972K, reserved 1105920K
  class space    used 8051K, capacity 8606K, committed 8652K, reserved 1048576K
}
Event: 18.594 GC heap after
{Heap after GC invocations=14 (full 0):
 garbage-first heap   total 157696K, used 51363K [0x0000000080000000, 0x0000000100000000)
  region size 1024K, 7 young (7168K), 7 survivors (7168K)
 Metaspace       used 63281K, capacity 64792K, committed 64972K, reserved 1105920K
  class space    used 8051K, capacity 8606K, committed 8652K, reserved 1048576K
}
Event: 19.925 GC heap before
{Heap before GC invocations=15 (full 0):
 garbage-first heap   total 157696K, used 108707K [0x0000000080000000, 0x0000000100000000)
  region size 1024K, 63 young (64512K), 7 survivors (7168K)
 Metaspace       used 68414K, capacity 70126K, committed 70220K, reserved 1110016K
  class space    used 8857K, capacity 9460K, committed 9548K, reserved 1048576K
}
Event: 19.944 GC heap after
{Heap after GC invocations=16 (full 0):
 garbage-first heap   total 157696K, used 55357K [0x0000000080000000, 0x0000000100000000)
  region size 1024K, 5 young (5120K), 5 survivors (5120K)
 Metaspace       used 68414K, capacity 70126K, committed 70220K, reserved 1110016K
  class space    used 8857K, capacity 9460K, committed 9548K, reserved 1048576K
}
Event: 21.771 GC heap before
{Heap before GC invocations=16 (full 0):
 garbage-first heap   total 157696K, used 113725K [0x0000000080000000, 0x0000000100000000)
  region size 1024K, 62 young (63488K), 5 survivors (5120K)
 Metaspace       used 75056K, capacity 76857K, committed 77004K, reserved 1116160K
  class space    used 9787K, capacity 10403K, committed 10444K, reserved 1048576K
}
Event: 21.786 GC heap after
{Heap after GC invocations=17 (full 0):
 garbage-first heap   total 157696K, used 59297K [0x0000000080000000, 0x0000000100000000)
  region size 1024K, 4 young (4096K), 4 survivors (4096K)
 Metaspace       used 75056K, capacity 76857K, committed 77004K, reserved 1116160K
  class space    used 9787K, capacity 10403K, committed 10444K, reserved 1048576K
}
Event: 24.473 GC heap before
{Heap before GC invocations=17 (full 0):
 garbage-first heap   total 157696K, used 116641K [0x0000000080000000, 0x0000000100000000)
  region size 1024K, 61 young (62464K), 4 survivors (4096K)
 Metaspace       used 78452K, capacity 80531K, committed 80716K, reserved 1118208K
  class space    used 10284K, capacity 11046K, committed 11084K, reserved 1048576K
}
Event: 24.493 GC heap after
{Heap after GC invocations=18 (full 0):
 garbage-first heap   total 157696K, used 63699K [0x0000000080000000, 0x0000000100000000)
  region size 1024K, 8 young (8192K), 8 survivors (8192K)
 Metaspace       used 78452K, capacity 80531K, committed 80716K, reserved 1118208K
  class space    used 10284K, capacity 11046K, committed 11084K, reserved 1048576K
}
Event: 27.127 GC heap before
{Heap before GC invocations=18 (full 0):
 garbage-first heap   total 157696K, used 120019K [0x0000000080000000, 0x0000000100000000)
  region size 1024K, 64 young (65536K), 8 survivors (8192K)
 Metaspace       used 79133K, capacity 81216K, committed 81356K, reserved 1120256K
  class space    used 10328K, capacity 11106K, committed 11212K, reserved 1048576K
}
Event: 27.149 GC heap after
{Heap after GC invocations=19 (full 0):
 garbage-first heap   total 157696K, used 67258K [0x0000000080000000, 0x0000000100000000)
  region size 1024K, 4 young (4096K), 4 survivors (4096K)
 Metaspace       used 79133K, capacity 81216K, committed 81356K, reserved 1120256K
  class space    used 10328K, capacity 11106K, committed 11212K, reserved 1048576K
}
Event: 29.476 GC heap before
{Heap before GC invocations=19 (full 0):
 garbage-first heap   total 157696K, used 122554K [0x0000000080000000, 0x0000000100000000)
  region size 1024K, 59 young (60416K), 4 survivors (4096K)
 Metaspace       used 82557K, capacity 84717K, committed 84812K, reserved 1122304K
  class space    used 10721K, capacity 11509K, committed 11596K, reserved 1048576K
}
Event: 29.495 GC heap after
{Heap after GC invocations=20 (full 0):
 garbage-first heap   total 157696K, used 72992K [0x0000000080000000, 0x0000000100000000)
  region size 1024K, 8 young (8192K), 8 survivors (8192K)
 Metaspace       used 82557K, capacity 84717K, committed 84812K, reserved 1122304K
  class space    used 10721K, capacity 11509K, committed 11596K, reserved 1048576K
}
Event: 31.700 GC heap before
{Heap before GC invocations=20 (full 0):
 garbage-first heap   total 157696K, used 126240K [0x0000000080000000, 0x0000000100000000)
  region size 1024K, 59 young (60416K), 8 survivors (8192K)
 Metaspace       used 87855K, capacity 90049K, committed 90316K, reserved 1128448K
  class space    used 11351K, capacity 12175K, committed 12236K, reserved 1048576K
}
Event: 31.732 GC heap after
{Heap after GC invocations=21 (full 0):
 garbage-first heap   total 157696K, used 84868K [0x0000000080000000, 0x0000000100000000)
  region size 1024K, 8 young (8192K), 8 survivors (8192K)
 Metaspace       used 87855K, capacity 90049K, committed 90316K, reserved 1128448K
  class space    used 11351K, capacity 12175K, committed 12236K, reserved 1048576K
}
Event: 34.049 GC heap before
{Heap before GC invocations=21 (full 0):
 garbage-first heap   total 157696K, used 123780K [0x0000000080000000, 0x0000000100000000)
  region size 1024K, 47 young (48128K), 8 survivors (8192K)
 Metaspace       used 89794K, capacity 92034K, committed 92364K, reserved 1128448K
  class space    used 11541K, capacity 12372K, committed 12492K, reserved 1048576K
}
Event: 34.071 GC heap after
{Heap after GC invocations=22 (full 0):
 garbage-first heap   total 189440K, used 86016K [0x0000000080000000, 0x0000000100000000)
  region size 1024K, 4 young (4096K), 4 survivors (4096K)
 Metaspace       used 89794K, capacity 92034K, committed 92364K, reserved 1128448K
  class space    used 11541K, capacity 12372K, committed 12492K, reserved 1048576K
}

Deoptimization events (20 events):
Event: 32.871 Thread 0x00000227cba28000 Uncommon trap: trap_request=0xffffff4d fr.pc=0x00000227ba56920c relative=0x000000000000022c
Event: 32.871 Thread 0x00000227cba28000 Uncommon trap: reason=unstable_if action=reinterpret pc=0x00000227ba56920c method=com.esotericsoftware.kryo.io.Output.writeString(Ljava/lang/CharSequence;)V @ 50 c2
Event: 32.871 Thread 0x00000227cba28000 DEOPT PACKING pc=0x00000227ba56920c sp=0x0000007eab2fe200
Event: 32.871 Thread 0x00000227cba28000 DEOPT UNPACKING pc=0x00000227b25778af sp=0x0000007eab2fe118 mode 2
Event: 32.871 Thread 0x00000227cba28000 Uncommon trap: trap_request=0xffffff4d fr.pc=0x00000227ba272e34 relative=0x0000000000000234
Event: 32.871 Thread 0x00000227cba28000 Uncommon trap: reason=unstable_if action=reinterpret pc=0x00000227ba272e34 method=com.esotericsoftware.kryo.io.Output.writeString(Ljava/lang/CharSequence;)V @ 50 c2
Event: 32.871 Thread 0x00000227cba28000 DEOPT PACKING pc=0x00000227ba272e34 sp=0x0000007eab2fe160
Event: 32.871 Thread 0x00000227cba28000 DEOPT UNPACKING pc=0x00000227b25778af sp=0x0000007eab2fe0f0 mode 2
Event: 33.119 Thread 0x00000227cf632000 Uncommon trap: trap_request=0xfffffff4 fr.pc=0x00000227ba67252c relative=0x0000000000000aec
Event: 33.119 Thread 0x00000227cf632000 Uncommon trap: reason=null_check action=make_not_entrant pc=0x00000227ba67252c method=org.gradle.tooling.internal.provider.runner.SubtreeFilteringBuildOperationListener.started(Lorg/gradle/internal/operations/BuildOperationDescriptor;Lorg/gradle/internal/
Event: 33.119 Thread 0x00000227cf632000 DEOPT PACKING pc=0x00000227ba67252c sp=0x0000007eaa9fe650
Event: 33.119 Thread 0x00000227cf632000 DEOPT UNPACKING pc=0x00000227b25778af sp=0x0000007eaa9fe610 mode 2
Event: 33.609 Thread 0x00000227cf632000 DEOPT PACKING pc=0x00000227b3d2a7d5 sp=0x0000007eaa9fdfd0
Event: 33.609 Thread 0x00000227cf632000 DEOPT UNPACKING pc=0x00000227b25776ce sp=0x0000007eaa9fd4f0 mode 0
Event: 33.744 Thread 0x00000227cf62a000 DEOPT PACKING pc=0x00000227b42a1346 sp=0x0000007ea98fe540
Event: 33.744 Thread 0x00000227cf62a000 DEOPT UNPACKING pc=0x00000227b25776ce sp=0x0000007ea98fd9e0 mode 0
Event: 33.882 Thread 0x00000227caf76000 DEOPT PACKING pc=0x00000227b42a1346 sp=0x0000007ea99fe8c0
Event: 33.882 Thread 0x00000227caf76000 DEOPT UNPACKING pc=0x00000227b25776ce sp=0x0000007ea99fdd60 mode 0
Event: 34.024 Thread 0x00000227caf78800 DEOPT PACKING pc=0x00000227b42a1346 sp=0x0000007ea94fe080
Event: 34.024 Thread 0x00000227caf78800 DEOPT UNPACKING pc=0x00000227b25776ce sp=0x0000007ea94fd520 mode 0

Classes redefined (0 events):
No events

Internal exceptions (20 events):
Event: 32.339 Thread 0x00000227cba24800 Exception <a 'sun/nio/fs/WindowsException'{0x00000000890eace8}> (0x00000000890eace8) thrown at [./src/hotspot/share/prims/jni.cpp, line 615]
Event: 32.354 Thread 0x00000227cba24800 Exception <a 'sun/nio/fs/WindowsException'{0x00000000890f55b0}> (0x00000000890f55b0) thrown at [./src/hotspot/share/prims/jni.cpp, line 615]
Event: 32.365 Thread 0x00000227cba24800 Exception <a 'sun/nio/fs/WindowsException'{0x0000000088f00110}> (0x0000000088f00110) thrown at [./src/hotspot/share/prims/jni.cpp, line 615]
Event: 32.376 Thread 0x00000227cba24800 Exception <a 'sun/nio/fs/WindowsException'{0x0000000088f10c00}> (0x0000000088f10c00) thrown at [./src/hotspot/share/prims/jni.cpp, line 615]
Event: 32.505 Thread 0x00000227cba24800 Exception <a 'sun/nio/fs/WindowsException'{0x0000000088d0eb30}> (0x0000000088d0eb30) thrown at [./src/hotspot/share/prims/jni.cpp, line 615]
Event: 32.534 Thread 0x00000227cba24800 Exception <a 'sun/nio/fs/WindowsException'{0x0000000088d167a8}> (0x0000000088d167a8) thrown at [./src/hotspot/share/prims/jni.cpp, line 615]
Event: 32.550 Thread 0x00000227cba24800 Exception <a 'sun/nio/fs/WindowsException'{0x0000000088d1f108}> (0x0000000088d1f108) thrown at [./src/hotspot/share/prims/jni.cpp, line 615]
Event: 32.560 Thread 0x00000227cba24800 Exception <a 'sun/nio/fs/WindowsException'{0x0000000088d28690}> (0x0000000088d28690) thrown at [./src/hotspot/share/prims/jni.cpp, line 615]
Event: 32.573 Thread 0x00000227cba24800 Exception <a 'sun/nio/fs/WindowsException'{0x0000000088d34158}> (0x0000000088d34158) thrown at [./src/hotspot/share/prims/jni.cpp, line 615]
Event: 32.587 Thread 0x00000227cba24800 Exception <a 'sun/nio/fs/WindowsException'{0x0000000088d474e8}> (0x0000000088d474e8) thrown at [./src/hotspot/share/prims/jni.cpp, line 615]
Event: 32.606 Thread 0x00000227cba24800 Exception <a 'sun/nio/fs/WindowsException'{0x0000000088d8d378}> (0x0000000088d8d378) thrown at [./src/hotspot/share/prims/jni.cpp, line 615]
Event: 32.607 Thread 0x00000227cba24800 Exception <a 'sun/nio/fs/WindowsException'{0x0000000088d8d4d0}> (0x0000000088d8d4d0) thrown at [./src/hotspot/share/prims/jni.cpp, line 615]
Event: 32.613 Thread 0x00000227cba24800 Exception <a 'sun/nio/fs/WindowsException'{0x0000000088c0f530}> (0x0000000088c0f530) thrown at [./src/hotspot/share/prims/jni.cpp, line 615]
Event: 32.614 Thread 0x00000227cba24800 Exception <a 'sun/nio/fs/WindowsException'{0x0000000088c0f678}> (0x0000000088c0f678) thrown at [./src/hotspot/share/prims/jni.cpp, line 615]
Event: 32.705 Thread 0x00000227cba24800 Exception <a 'sun/nio/fs/WindowsException'{0x0000000088955e08}> (0x0000000088955e08) thrown at [./src/hotspot/share/prims/jni.cpp, line 615]
Event: 32.725 Thread 0x00000227cba24800 Exception <a 'sun/nio/fs/WindowsException'{0x0000000088964ec0}> (0x0000000088964ec0) thrown at [./src/hotspot/share/prims/jni.cpp, line 615]
Event: 32.966 Thread 0x00000227cba24800 Exception <a 'java/lang/NoSuchMethodError'{0x000000008875ce30}: 'void java.lang.invoke.DirectMethodHandle$Holder.invokeStatic(java.lang.Object, java.lang.Object, java.lang.Object, java.lang.Object, java.lang.Object, java.lang.Object, java.lang.Object)'> (0x000000008875ce30) thrown at [./src/hotspot/share/interpreter/linkResolver.cpp, line 773]
Event: 32.991 Thread 0x00000227caf77000 Exception <a 'java/lang/NoSuchMethodError'{0x00000000886c76f8}: <clinit>> (0x00000000886c76f8) thrown at [./src/hotspot/share/prims/jni.cpp, line 1362]
Event: 32.998 Thread 0x00000227caf77000 Exception <a 'java/lang/NoSuchMethodError'{0x00000000886e6510}: <clinit>> (0x00000000886e6510) thrown at [./src/hotspot/share/prims/jni.cpp, line 1362]
Event: 33.119 Thread 0x00000227cf632000 Implicit null exception at 0x00000227ba671c3b to 0x00000227ba67250c

Events (20 events):
Event: 32.973 loading class org/gradle/internal/execution/history/impl/DefaultOutputFilesRepository
Event: 32.973 loading class org/gradle/internal/execution/history/impl/DefaultOutputFilesRepository done
Event: 32.974 loading class org/gradle/internal/execution/history/impl/DefaultOutputFilesRepository$1
Event: 32.974 loading class org/gradle/internal/execution/history/impl/DefaultOutputFilesRepository$1 done
Event: 32.976 loading class org/gradle/internal/execution/history/impl/FileSystemSnapshotSerializer$1
Event: 32.976 loading class org/gradle/internal/execution/history/impl/FileSystemSnapshotSerializer$1 done
Event: 32.976 loading class org/gradle/internal/execution/history/impl/FileSystemSnapshotSerializer$1$1
Event: 32.976 loading class org/gradle/internal/execution/history/impl/FileSystemSnapshotSerializer$1$1 done
Event: 32.977 loading class org/gradle/internal/execution/steps/SkipUpToDateStep$2
Event: 32.977 loading class org/gradle/internal/execution/steps/SkipUpToDateStep$2 done
Event: 32.981 loading class org/gradle/tooling/events/task/internal/java/DefaultJavaCompileTaskSuccessResult
Event: 32.981 loading class org/gradle/tooling/events/task/internal/java/DefaultJavaCompileTaskSuccessResult done
Event: 32.982 loading class org/gradle/tooling/events/task/java/JavaCompileTaskOperationResult
Event: 32.982 loading class org/gradle/tooling/events/task/java/JavaCompileTaskOperationResult done
Event: 32.995 loading class com/google/common/collect/ImmutableList$SerializedForm
Event: 32.995 loading class com/google/common/collect/ImmutableList$SerializedForm done
Event: 33.188 Executing VM operation: BulkRevokeBias
Event: 33.190 Executing VM operation: BulkRevokeBias done
Event: 34.049 Executing VM operation: G1CollectForAllocation
Event: 34.071 Executing VM operation: G1CollectForAllocation done


Dynamic libraries:
0x00007ff7d5030000 - 0x00007ff7d503a000 	C:\Program Files\Android\Android Studio\jre\bin\java.exe
0x00007ffcbb810000 - 0x00007ffcbba05000 	C:\WINDOWS\SYSTEM32\ntdll.dll
0x00007ffcb9ab0000 - 0x00007ffcb9b6e000 	C:\WINDOWS\System32\KERNEL32.DLL
0x00007ffcb9520000 - 0x00007ffcb97e8000 	C:\WINDOWS\System32\KERNELBASE.dll
0x00007ffcb90f0000 - 0x00007ffcb91f0000 	C:\WINDOWS\System32\ucrtbase.dll
0x00007ffca7fb0000 - 0x00007ffca7fc7000 	C:\Program Files\Android\Android Studio\jre\bin\VCRUNTIME140.dll
0x00007ffca6ac0000 - 0x00007ffca6ad9000 	C:\Program Files\Android\Android Studio\jre\bin\jli.dll
0x00007ffcbb4b0000 - 0x00007ffcbb650000 	C:\WINDOWS\System32\USER32.dll
0x00007ffcb8f20000 - 0x00007ffcb8f42000 	C:\WINDOWS\System32\win32u.dll
0x00007ffcba280000 - 0x00007ffcba2ab000 	C:\WINDOWS\System32\GDI32.dll
0x00007ffcb91f0000 - 0x00007ffcb92fd000 	C:\WINDOWS\System32\gdi32full.dll
0x00007ffcb8fa0000 - 0x00007ffcb903d000 	C:\WINDOWS\System32\msvcp_win.dll
0x00007ffcaa930000 - 0x00007ffcaabca000 	C:\WINDOWS\WinSxS\amd64_microsoft.windows.common-controls_6595b64144ccf1df_6.0.19041.1110_none_60b5254171f9507e\COMCTL32.dll
0x00007ffcbadf0000 - 0x00007ffcbae8e000 	C:\WINDOWS\System32\msvcrt.dll
0x00007ffcbae90000 - 0x00007ffcbaec0000 	C:\WINDOWS\System32\IMM32.DLL
0x00007ffcadf70000 - 0x00007ffcae172000 	C:\WINDOWS\system32\tmumh\20019\AddOn\8.53.0.1135\TmUmEvt64.dll
0x00007ffcbb3d0000 - 0x00007ffcbb3d8000 	C:\WINDOWS\System32\PSAPI.DLL
0x00007ffcb9880000 - 0x00007ffcb992e000 	C:\WINDOWS\System32\ADVAPI32.dll
0x00007ffcb9ff0000 - 0x00007ffcba08c000 	C:\WINDOWS\System32\sechost.dll
0x00007ffcba150000 - 0x00007ffcba275000 	C:\WINDOWS\System32\RPCRT4.dll
0x000000006b400000 - 0x000000006b570000 	C:\WINDOWS\system32\tmumh\20019\TmMon\2.8.0.1054\tmmon64.dll
0x00007ffc8d880000 - 0x00007ffc8d91d000 	C:\Program Files\Android\Android Studio\jre\bin\msvcp140.dll
0x00007ffc81120000 - 0x00007ffc81bef000 	C:\Program Files\Android\Android Studio\jre\bin\server\jvm.dll
0x00007ffca4880000 - 0x00007ffca4889000 	C:\WINDOWS\SYSTEM32\WSOCK32.dll
0x00007ffcbac60000 - 0x00007ffcbaccb000 	C:\WINDOWS\System32\WS2_32.dll
0x00007ffcad960000 - 0x00007ffcad987000 	C:\WINDOWS\SYSTEM32\WINMM.dll
0x00007ffcad9b0000 - 0x00007ffcad9ba000 	C:\WINDOWS\SYSTEM32\VERSION.dll
0x00007ffcb6d30000 - 0x00007ffcb6d42000 	C:\WINDOWS\SYSTEM32\kernel.appcore.dll
0x00007ffcb2010000 - 0x00007ffcb2021000 	C:\Program Files\Android\Android Studio\jre\bin\verify.dll
0x00007ffca4d90000 - 0x00007ffca4f74000 	C:\WINDOWS\SYSTEM32\DBGHELP.DLL
0x00007ffca4850000 - 0x00007ffca487c000 	C:\WINDOWS\SYSTEM32\dbgcore.DLL
0x00007ffcb9330000 - 0x00007ffcb93b2000 	C:\WINDOWS\System32\bcryptPrimitives.dll
0x00007ffcb1fb0000 - 0x00007ffcb1fd9000 	C:\Program Files\Android\Android Studio\jre\bin\java.dll
0x00007ffcb6750000 - 0x00007ffcb675b000 	C:\Program Files\Android\Android Studio\jre\bin\jimage.dll
0x00007ffcb1ea0000 - 0x00007ffcb1eb8000 	C:\Program Files\Android\Android Studio\jre\bin\zip.dll
0x00007ffcba460000 - 0x00007ffcbaba4000 	C:\WINDOWS\System32\SHELL32.dll
0x00007ffcb7010000 - 0x00007ffcb77a4000 	C:\WINDOWS\SYSTEM32\windows.storage.dll
0x00007ffcbb070000 - 0x00007ffcbb3c5000 	C:\WINDOWS\System32\combase.dll
0x00007ffcb8970000 - 0x00007ffcb899e000 	C:\WINDOWS\SYSTEM32\Wldp.dll
0x00007ffcb9a00000 - 0x00007ffcb9aad000 	C:\WINDOWS\System32\SHCORE.dll
0x00007ffcba090000 - 0x00007ffcba0e5000 	C:\WINDOWS\System32\shlwapi.dll
0x00007ffcb8e60000 - 0x00007ffcb8e7f000 	C:\WINDOWS\SYSTEM32\profapi.dll
0x00007ffcad4e0000 - 0x00007ffcad4fa000 	C:\Program Files\Android\Android Studio\jre\bin\net.dll
0x00007ffcb4120000 - 0x00007ffcb422c000 	C:\WINDOWS\SYSTEM32\WINHTTP.dll
0x00007ffcb86d0000 - 0x00007ffcb873a000 	C:\WINDOWS\system32\mswsock.dll
0x00007ffcad4c0000 - 0x00007ffcad4d4000 	C:\Program Files\Android\Android Studio\jre\bin\nio.dll
0x00007ffca9710000 - 0x00007ffca9737000 	C:\Users\PARVATHY\.gradle\native\8bec1ad78214c89d9ad589b4d07fe93259594b29d510b10fafb7a158f7737e5d\windows-amd64\native-platform.dll
0x00007ffc88000000 - 0x00007ffc8813d000 	C:\Users\PARVATHY\.gradle\native\53dbd7edfb1c66fb8903c78663c9afc45aea4f116125fa6feffd364cf09443e8\windows-amd64\native-platform-file-events.dll
0x00007ffcb6710000 - 0x00007ffcb671a000 	C:\Program Files\Android\Android Studio\jre\bin\management.dll
0x00007ffcb6680000 - 0x00007ffcb668c000 	C:\Program Files\Android\Android Studio\jre\bin\management_ext.dll
0x00007ffcb88d0000 - 0x00007ffcb88e8000 	C:\WINDOWS\SYSTEM32\CRYPTSP.dll
0x00007ffcb7fe0000 - 0x00007ffcb8014000 	C:\WINDOWS\system32\rsaenh.dll
0x00007ffcb9300000 - 0x00007ffcb9327000 	C:\WINDOWS\System32\bcrypt.dll
0x00007ffcb8e20000 - 0x00007ffcb8e4e000 	C:\WINDOWS\SYSTEM32\USERENV.dll
0x00007ffcb88c0000 - 0x00007ffcb88cc000 	C:\WINDOWS\SYSTEM32\CRYPTBASE.dll
0x00007ffcb8370000 - 0x00007ffcb83ab000 	C:\WINDOWS\SYSTEM32\IPHLPAPI.DLL
0x00007ffcbb7c0000 - 0x00007ffcbb7c8000 	C:\WINDOWS\System32\NSI.dll
0x00007ffcaf050000 - 0x00007ffcaf067000 	C:\WINDOWS\SYSTEM32\dhcpcsvc6.DLL
0x00007ffcb00e0000 - 0x00007ffcb00fd000 	C:\WINDOWS\SYSTEM32\dhcpcsvc.DLL
0x00007ffcb83c0000 - 0x00007ffcb848b000 	C:\WINDOWS\SYSTEM32\DNSAPI.dll

dbghelp: loaded successfully - version: 4.0.5 - missing functions: none
symbol engine: initialized successfully - sym options: 0x614 - pdb path: .;C:\Program Files\Android\Android Studio\jre\bin;C:\WINDOWS\SYSTEM32;C:\WINDOWS\WinSxS\amd64_microsoft.windows.common-controls_6595b64144ccf1df_6.0.19041.1110_none_60b5254171f9507e;C:\WINDOWS\system32\tmumh\20019\AddOn\8.53.0.1135;C:\WINDOWS\system32\tmumh\20019\TmMon\2.8.0.1054;C:\Program Files\Android\Android Studio\jre\bin\server;C:\Users\PARVATHY\.gradle\native\8bec1ad78214c89d9ad589b4d07fe93259594b29d510b10fafb7a158f7737e5d\windows-amd64;C:\Users\PARVATHY\.gradle\native\53dbd7edfb1c66fb8903c78663c9afc45aea4f116125fa6feffd364cf09443e8\windows-amd64

VM Arguments:
jvm_args: --add-opens=java.base/java.util=ALL-UNNAMED --add-opens=java.base/java.lang=ALL-UNNAMED --add-opens=java.base/java.lang.invoke=ALL-UNNAMED --add-opens=java.base/java.util=ALL-UNNAMED --add-opens=java.prefs/java.util.prefs=ALL-UNNAMED --add-opens=java.prefs/java.util.prefs=ALL-UNNAMED --add-opens=java.base/java.nio.charset=ALL-UNNAMED --add-opens=java.base/java.net=ALL-UNNAMED --add-opens=java.base/java.util.concurrent.atomic=ALL-UNNAMED -Xmx2048m -Dfile.encoding=UTF-8 -Duser.country=US -Duser.language=en -Duser.variant 
java_command: org.gradle.launcher.daemon.bootstrap.GradleDaemon 7.0.2
java_class_path (initial): C:\Users\PARVATHY\.gradle\wrapper\dists\gradle-7.0.2-bin\857tjihv64xamwrf0h14cai3r\gradle-7.0.2\lib\gradle-launcher-7.0.2.jar
Launcher Type: SUN_STANDARD

[Global flags]
     intx CICompilerCount                          = 3                                         {product} {ergonomic}
     uint ConcGCThreads                            = 1                                         {product} {ergonomic}
     uint G1ConcRefinementThreads                  = 4                                         {product} {ergonomic}
   size_t G1HeapRegionSize                         = 1048576                                   {product} {ergonomic}
    uintx GCDrainStackTargetSize                   = 64                                        {product} {ergonomic}
   size_t InitialHeapSize                          = 134217728                                 {product} {ergonomic}
   size_t MarkStackSize                            = 4194304                                   {product} {ergonomic}
   size_t MaxHeapSize                              = 2147483648                                {product} {command line}
   size_t MaxNewSize                               = 1287651328                                {product} {ergonomic}
   size_t MinHeapDeltaBytes                        = 1048576                                   {product} {ergonomic}
    uintx NonNMethodCodeHeapSize                   = 5830732                                {pd product} {ergonomic}
    uintx NonProfiledCodeHeapSize                  = 122913754                              {pd product} {ergonomic}
    uintx ProfiledCodeHeapSize                     = 122913754                              {pd product} {ergonomic}
    uintx ReservedCodeCacheSize                    = 251658240                              {pd product} {ergonomic}
     bool SegmentedCodeCache                       = true                                      {product} {ergonomic}
     bool UseCompressedClassPointers               = true                                 {lp64_product} {ergonomic}
     bool UseCompressedOops                        = true                                 {lp64_product} {ergonomic}
     bool UseG1GC                                  = true                                      {product} {ergonomic}
     bool UseLargePagesIndividualAllocation        = false                                  {pd product} {ergonomic}

Logging:
Log output configuration:
 #0: stdout all=warning uptime,level,tags
 #1: stderr all=off uptime,level,tags

Environment Variables:
PATH=C:\Program Files\Java\jdk1.8.0_131\bin;C:\ProgramData\Oracle\Java\javapath;C:\WINDOWS\system32;C:\WINDOWS;C:\WINDOWS\System32\Wbem;C:\WINDOWS\System32\WindowsPowerShell\v1.0\;C:\WINDOWS\System32\OpenSSH\;C:\Program Files (x86)\AOMEI\AOMEI Backupper 6.4.0;C:\Program Files\Git\cmd;C:\Program Files\nodejs\;C:\Users\PARVATHY\AppData\Local\Microsoft\WindowsApps;C:\Program Files\heroku\bin;C:\Program Files\sfdx\bin;F:\Microsoft VS Code\bin;C:\Users\PARVATHY\AppData\Roaming\npm
USERNAME=PARVATHY
OS=Windows_NT
PROCESSOR_IDENTIFIER=Intel64 Family 6 Model 61 Stepping 4, GenuineIntel



---------------  S Y S T E M  ---------------

OS: Windows 10 , 64 bit Build 19041 (10.0.19041.1503)
OS uptime: 7 days 0:11 hours

CPU:total 4 (initial active 4) (2 cores per cpu, 2 threads per core) family 6 model 61 stepping 4 microcode 0x2d, cmov, cx8, fxsr, mmx, sse, sse2, sse3, ssse3, sse4.1, sse4.2, popcnt, avx, avx2, aes, clmul, erms, 3dnowpref, lzcnt, ht, tsc, tscinvbit, bmi1, bmi2, adx, fma

Memory: 4k page, system-wide physical 8103M (396M free)
TotalPageFile size 10603M (AvailPageFile size 4M)
current process WorkingSet (physical memory assigned to process): 447M, peak: 447M
current process commit charge ("private bytes"): 493M, peak: 493M

vm_info: OpenJDK 64-Bit Server VM (11.0.10+0-b96-7249189) for windows-amd64 JRE (11.0.10+0-b96-7249189), built on Mar 31 2021 21:44:00 by "builder" with MS VC++ 14.0 (VS2015)

END.
