#
# There is insufficient memory for the Java Runtime Environment to continue.
# Native memory allocation (malloc) failed to allocate 277136 bytes for Chunk::new
# Possible reasons:
#   The system is out of physical RAM or swap space
#   The process is running with CompressedOops enabled, and the Java Heap may be blocking the growth of the native heap
# Possible solutions:
#   Reduce memory load on the system
#   Increase physical memory or swap space
#   Check if swap backing store is full
#   Decrease Java heap size (-Xmx/-Xms)
#   Decrease number of Java threads
#   Decrease Java thread stack sizes (-Xss)
#   Set larger code cache with -XX:ReservedCodeCacheSize=
#   JVM is running with Unscaled Compressed Oops mode in which the Java heap is
#     placed in the first 4GB address space. The Java Heap base address is the
#     maximum limit for the native heap growth. Please use -XX:HeapBaseMinAddress
#     to set the Java Heap base and to place the Java Heap above 4GB virtual address.
# This output file may be truncated or incomplete.
#
#  Out of Memory Error (./src/hotspot/share/memory/arena.cpp:197), pid=16520, tid=17364
#
# JRE version: OpenJDK Runtime Environment (11.0.10) (build 11.0.10+0-b96-7249189)
# Java VM: OpenJDK 64-Bit Server VM (11.0.10+0-b96-7249189, mixed mode, tiered, compressed oops, g1 gc, windows-amd64)
# No core dump will be written. Minidumps are not enabled by default on client versions of Windows
#

---------------  S U M M A R Y ------------

Command Line: --add-opens=java.base/java.util=ALL-UNNAMED --add-opens=java.base/java.lang=ALL-UNNAMED --add-opens=java.base/java.lang.invoke=ALL-UNNAMED --add-opens=java.base/java.util=ALL-UNNAMED --add-opens=java.prefs/java.util.prefs=ALL-UNNAMED --add-opens=java.prefs/java.util.prefs=ALL-UNNAMED --add-opens=java.base/java.nio.charset=ALL-UNNAMED --add-opens=java.base/java.net=ALL-UNNAMED --add-opens=java.base/java.util.concurrent.atomic=ALL-UNNAMED -Xmx2048m -Dfile.encoding=UTF-8 -Duser.country=US -Duser.language=en -Duser.variant org.gradle.launcher.daemon.bootstrap.GradleDaemon 7.0.2

Host: Intel(R) Core(TM) i5-5200U CPU @ 2.20GHz, 4 cores, 7G,  Windows 10 , 64 bit Build 19041 (10.0.19041.1503)
Time: Sat Mar 12 15:18:36 2022 India Standard Time elapsed time: 46.847355 seconds (0d 0h 0m 46s)

---------------  T H R E A D  ---------------

Current thread (0x00000209b381f000):  JavaThread "C2 CompilerThread0" daemon [_thread_in_native, id=17364, stack(0x000000438f800000,0x000000438f900000)]


Current CompileTask:
C2:  46847 8307   !   4       java.nio.file.FileTreeWalker::next (144 bytes)

Stack: [0x000000438f800000,0x000000438f900000]
Native frames: (J=compiled Java code, j=interpreted, Vv=VM code, C=native code)
V  [jvm.dll+0x5ecfaa]
V  [jvm.dll+0x722bd5]
V  [jvm.dll+0x72412d]
V  [jvm.dll+0x7247e3]
V  [jvm.dll+0x242928]
V  [jvm.dll+0xbc4fc]
V  [jvm.dll+0xbca0c]
V  [jvm.dll+0x4ea22e]
V  [jvm.dll+0x320b02]
V  [jvm.dll+0x31ffca]
V  [jvm.dll+0x1fb602]
V  [jvm.dll+0x1fa7f4]
V  [jvm.dll+0x18354c]
V  [jvm.dll+0x208ee7]
V  [jvm.dll+0x207731]
V  [jvm.dll+0x6eb1cf]
V  [jvm.dll+0x6e3d45]
V  [jvm.dll+0x5ebe96]
C  [ucrtbase.dll+0x21bb2]
C  [KERNEL32.DLL+0x17034]
C  [ntdll.dll+0x52651]


---------------  P R O C E S S  ---------------

Threads class SMR info:
_java_thread_list=0x00000209bc1a0d40, length=47, elements={
0x00000209993e1000, 0x00000209b37b4800, 0x00000209b37ba000, 0x00000209b3817800,
0x00000209b3819000, 0x00000209b381c000, 0x00000209b381f000, 0x00000209b3827800,
0x00000209b386c000, 0x00000209b3983000, 0x00000209b3f1c000, 0x00000209b45c7000,
0x00000209b5660800, 0x00000209b4e71000, 0x00000209b4858000, 0x00000209b4859000,
0x00000209b4089000, 0x00000209b58d6800, 0x00000209b408a000, 0x00000209b58cf000,
0x00000209b58d2000, 0x00000209b58d3000, 0x00000209b58cf800, 0x00000209b58d1800,
0x00000209b58cd800, 0x00000209b58d0800, 0x00000209b58d4000, 0x00000209b58ce000,
0x00000209b4f14000, 0x00000209b4f15000, 0x00000209b4f17800, 0x00000209b4f18000,
0x00000209b4f19000, 0x00000209b4f1e000, 0x00000209b4f1e800, 0x00000209b4f1d000,
0x00000209b4f1b800, 0x00000209b4f1a000, 0x00000209b4f22000, 0x00000209b4f1c800,
0x00000209b4f21000, 0x00000209b4f20800, 0x00000209b9950000, 0x00000209b9951000,
0x00000209b9952000, 0x00000209b9952800, 0x00000209b9954000
}

Java Threads: ( => current thread )
  0x00000209993e1000 JavaThread "main" [_thread_blocked, id=18640, stack(0x000000438ec00000,0x000000438ed00000)]
  0x00000209b37b4800 JavaThread "Reference Handler" daemon [_thread_blocked, id=15292, stack(0x000000438f300000,0x000000438f400000)]
  0x00000209b37ba000 JavaThread "Finalizer" daemon [_thread_blocked, id=7452, stack(0x000000438f400000,0x000000438f500000)]
  0x00000209b3817800 JavaThread "Signal Dispatcher" daemon [_thread_blocked, id=8932, stack(0x000000438f500000,0x000000438f600000)]
  0x00000209b3819000 JavaThread "Attach Listener" daemon [_thread_blocked, id=4144, stack(0x000000438f600000,0x000000438f700000)]
  0x00000209b381c000 JavaThread "Service Thread" daemon [_thread_blocked, id=9984, stack(0x000000438f700000,0x000000438f800000)]
=>0x00000209b381f000 JavaThread "C2 CompilerThread0" daemon [_thread_in_native, id=17364, stack(0x000000438f800000,0x000000438f900000)]
  0x00000209b3827800 JavaThread "C1 CompilerThread0" daemon [_thread_blocked, id=11476, stack(0x000000438f900000,0x000000438fa00000)]
  0x00000209b386c000 JavaThread "Sweeper thread" daemon [_thread_blocked, id=19016, stack(0x000000438fa00000,0x000000438fb00000)]
  0x00000209b3983000 JavaThread "Common-Cleaner" daemon [_thread_blocked, id=6624, stack(0x000000438fb00000,0x000000438fc00000)]
  0x00000209b3f1c000 JavaThread "Daemon health stats" [_thread_blocked, id=17816, stack(0x000000438ff00000,0x0000004390000000)]
  0x00000209b45c7000 JavaThread "Incoming local TCP Connector on port 57130" [_thread_in_native, id=16272, stack(0x0000004390000000,0x0000004390100000)]
  0x00000209b5660800 JavaThread "Daemon periodic checks" [_thread_blocked, id=652, stack(0x0000004390100000,0x0000004390200000)]
  0x00000209b4e71000 JavaThread "Daemon" [_thread_blocked, id=9300, stack(0x0000004390200000,0x0000004390300000)]
  0x00000209b4858000 JavaThread "Handler for socket connection from /127.0.0.1:57130 to /127.0.0.1:57131" [_thread_in_native, id=14076, stack(0x0000004390300000,0x0000004390400000)]
  0x00000209b4859000 JavaThread "Cancel handler" [_thread_blocked, id=10732, stack(0x0000004390400000,0x0000004390500000)]
  0x00000209b4089000 JavaThread "Daemon worker" [_thread_blocked, id=6928, stack(0x0000004390500000,0x0000004390600000)]
  0x00000209b58d6800 JavaThread "Asynchronous log dispatcher for DefaultDaemonConnection: socket connection from /127.0.0.1:57130 to /127.0.0.1:57131" [_thread_blocked, id=16944, stack(0x0000004390600000,0x0000004390700000)]
  0x00000209b408a000 JavaThread "Stdin handler" [_thread_blocked, id=10912, stack(0x0000004390700000,0x0000004390800000)]
  0x00000209b58cf000 JavaThread "Daemon client event forwarder" [_thread_blocked, id=16708, stack(0x0000004390800000,0x0000004390900000)]
  0x00000209b58d2000 JavaThread "Cache worker for file hash cache (C:\Users\PARVATHY\.gradle\caches\7.0.2\fileHashes)" [_thread_blocked, id=11520, stack(0x0000004390900000,0x0000004390a00000)]
  0x00000209b58d3000 JavaThread "File lock request listener" [_thread_in_native, id=916, stack(0x0000004390a00000,0x0000004390b00000)]
  0x00000209b58cf800 JavaThread "Cache worker for journal cache (C:\Users\PARVATHY\.gradle\caches\journal-1)" [_thread_blocked, id=19032, stack(0x0000004390c00000,0x0000004390d00000)]
  0x00000209b58d1800 JavaThread "Cache worker for file hash cache (E:\Rajagiri\Sem 6\Lead Manager App\.gradle\7.0.2\fileHashes)" [_thread_blocked, id=9424, stack(0x0000004390d00000,0x0000004390e00000)]
  0x00000209b58cd800 JavaThread "File watcher server" daemon [_thread_in_native, id=1348, stack(0x0000004390e00000,0x0000004390f00000)]
  0x00000209b58d0800 JavaThread "File watcher consumer" daemon [_thread_blocked, id=9064, stack(0x0000004390f00000,0x0000004391000000)]
  0x00000209b58d4000 JavaThread "Cache worker for checksums cache (E:\Rajagiri\Sem 6\Lead Manager App\.gradle\checksums)" [_thread_blocked, id=12956, stack(0x0000004391000000,0x0000004391100000)]
  0x00000209b58ce000 JavaThread "Cache worker for cache directory md-supplier (C:\Users\PARVATHY\.gradle\caches\7.0.2\md-supplier)" [_thread_blocked, id=6820, stack(0x0000004391100000,0x0000004391200000)]
  0x00000209b4f14000 JavaThread "Cache worker for cache directory md-rule (C:\Users\PARVATHY\.gradle\caches\7.0.2\md-rule)" [_thread_blocked, id=6976, stack(0x0000004391200000,0x0000004391300000)]
  0x00000209b4f15000 JavaThread "Cache worker for execution history cache (C:\Users\PARVATHY\.gradle\caches\7.0.2\executionHistory)" [_thread_blocked, id=10804, stack(0x0000004391300000,0x0000004391400000)]
  0x00000209b4f17800 JavaThread "jar transforms" [_thread_blocked, id=18348, stack(0x0000004391500000,0x0000004391600000)]
  0x00000209b4f18000 JavaThread "jar transforms Thread 2" [_thread_blocked, id=3004, stack(0x0000004391600000,0x0000004391700000)]
  0x00000209b4f19000 JavaThread "Cache worker for file content cache (C:\Users\PARVATHY\.gradle\caches\7.0.2\fileContent)" [_thread_blocked, id=7116, stack(0x0000004391700000,0x0000004391800000)]
  0x00000209b4f1e000 JavaThread "Cache worker for dependencies-accessors (E:\Rajagiri\Sem 6\Lead Manager App\.gradle\7.0.2\dependencies-accessors)" [_thread_blocked, id=8904, stack(0x0000004391800000,0x0000004391900000)]
  0x00000209b4f1e800 JavaThread "jar transforms Thread 3" [_thread_blocked, id=9812, stack(0x0000004391400000,0x0000004391500000)]
  0x00000209b4f1d000 JavaThread "Cache worker for Build Output Cleanup Cache (E:\Rajagiri\Sem 6\Lead Manager App\.gradle\buildOutputCleanup)" [_thread_blocked, id=7868, stack(0x0000004391a00000,0x0000004391b00000)]
  0x00000209b4f1b800 JavaThread "Build operations" [_thread_in_native, id=1992, stack(0x0000004391900000,0x0000004391a00000)]
  0x00000209b4f1a000 JavaThread "Build operations Thread 2" [_thread_in_native, id=1488, stack(0x0000004391b00000,0x0000004391c00000)]
  0x00000209b4f22000 JavaThread "Build operations Thread 3" [_thread_blocked, id=19332, stack(0x0000004391c00000,0x0000004391d00000)]
  0x00000209b4f1c800 JavaThread "Build operations Thread 4" [_thread_blocked, id=17820, stack(0x0000004391d00000,0x0000004391e00000)]
  0x00000209b4f21000 JavaThread "jar transforms Thread 4" [_thread_blocked, id=12932, stack(0x0000004391e00000,0x0000004391f00000)]
  0x00000209b4f20800 JavaThread "Memory manager" [_thread_blocked, id=14796, stack(0x0000004391f00000,0x0000004392000000)]
  0x00000209b9950000 JavaThread "build event listener" [_thread_blocked, id=2124, stack(0x0000004392300000,0x0000004392400000)]
  0x00000209b9951000 JavaThread "Execution worker for ':'" [_thread_blocked, id=15500, stack(0x0000004392400000,0x0000004392500000)]
  0x00000209b9952000 JavaThread "Execution worker for ':' Thread 2" [_thread_blocked, id=4568, stack(0x0000004392500000,0x0000004392600000)]
  0x00000209b9952800 JavaThread "Execution worker for ':' Thread 3" [_thread_blocked, id=2948, stack(0x0000004392600000,0x0000004392700000)]
  0x00000209b9954000 JavaThread "Cache worker for execution history cache (E:\Rajagiri\Sem 6\Lead Manager App\.gradle\7.0.2\executionHistory)" [_thread_blocked, id=3100, stack(0x0000004392700000,0x0000004392800000)]

Other Threads:
  0x00000209b37b2000 VMThread "VM Thread" [stack: 0x000000438f200000,0x000000438f300000] [id=3668]
  0x00000209b39a4800 WatcherThread [stack: 0x000000438fc00000,0x000000438fd00000] [id=2596]
  0x00000209993f9800 GCTaskThread "GC Thread#0" [stack: 0x000000438ed00000,0x000000438ee00000] [id=15336]
  0x00000209b3a55800 GCTaskThread "GC Thread#1" [stack: 0x000000438fd00000,0x000000438fe00000] [id=17200]
  0x00000209b3e19000 GCTaskThread "GC Thread#2" [stack: 0x000000438fe00000,0x000000438ff00000] [id=16672]
  0x00000209b544e800 GCTaskThread "GC Thread#3" [stack: 0x0000004390b00000,0x0000004390c00000] [id=10324]
  0x0000020999429000 ConcurrentGCThread "G1 Main Marker" [stack: 0x000000438ee00000,0x000000438ef00000] [id=7332]
  0x000002099942b000 ConcurrentGCThread "G1 Conc#0" [stack: 0x000000438ef00000,0x000000438f000000] [id=11532]
  0x00000209b2dfd800 ConcurrentGCThread "G1 Refine#0" [stack: 0x000000438f000000,0x000000438f100000] [id=8456]
  0x00000209b2dfe800 ConcurrentGCThread "G1 Young RemSet Sampling" [stack: 0x000000438f100000,0x000000438f200000] [id=18552]

Threads with active compile tasks:
C2 CompilerThread0  47420 8307   !   4       java.nio.file.FileTreeWalker::next (144 bytes)

VM state:not at safepoint (normal execution)

VM Mutex/Monitor currently owned by a thread: None

Heap address: 0x0000000080000000, size: 2048 MB, Compressed Oops mode: 32-bit
Narrow klass base: 0x0000000000000000, Narrow klass shift: 3
Compressed class space size: 1073741824 Address: 0x0000000100000000

Heap:
 garbage-first heap   total 131072K, used 101273K [0x0000000080000000, 0x0000000100000000)
  region size 1024K, 49 young (50176K), 7 survivors (7168K)
 Metaspace       used 78559K, capacity 80544K, committed 80828K, reserved 1120256K
  class space    used 10278K, capacity 11023K, committed 11136K, reserved 1048576K
Heap Regions: E=young(eden), S=young(survivor), O=old, HS=humongous(starts), HC=humongous(continues), CS=collection set, F=free, A=archive, TAMS=top-at-mark-start (previous, next)
|   0|0x0000000080000000, 0x0000000080100000, 0x0000000080100000|100%| O|  |TAMS 0x0000000080100000, 0x0000000080000000| Untracked 
|   1|0x0000000080100000, 0x0000000080200000, 0x0000000080200000|100%| O|  |TAMS 0x0000000080200000, 0x0000000080100000| Untracked 
|   2|0x0000000080200000, 0x0000000080300000, 0x0000000080300000|100%| O|  |TAMS 0x0000000080300000, 0x0000000080200000| Untracked 
|   3|0x0000000080300000, 0x0000000080400000, 0x0000000080400000|100%|HS|  |TAMS 0x0000000080400000, 0x0000000080300000| Complete 
|   4|0x0000000080400000, 0x0000000080500000, 0x0000000080500000|100%|HC|  |TAMS 0x0000000080500000, 0x0000000080400000| Complete 
|   5|0x0000000080500000, 0x0000000080600000, 0x0000000080600000|100%|HC|  |TAMS 0x0000000080600000, 0x0000000080500000| Complete 
|   6|0x0000000080600000, 0x0000000080700000, 0x0000000080700000|100%| O|  |TAMS 0x0000000080700000, 0x0000000080600000| Untracked 
|   7|0x0000000080700000, 0x0000000080800000, 0x0000000080800000|100%| O|  |TAMS 0x0000000080800000, 0x0000000080700000| Untracked 
|   8|0x0000000080800000, 0x0000000080900000, 0x0000000080900000|100%| O|  |TAMS 0x0000000080900000, 0x0000000080800000| Untracked 
|   9|0x0000000080900000, 0x0000000080a00000, 0x0000000080a00000|100%| O|  |TAMS 0x0000000080a00000, 0x0000000080900000| Untracked 
|  10|0x0000000080a00000, 0x0000000080b00000, 0x0000000080b00000|100%| O|  |TAMS 0x0000000080b00000, 0x0000000080a00000| Untracked 
|  11|0x0000000080b00000, 0x0000000080c00000, 0x0000000080c00000|100%| O|  |TAMS 0x0000000080c00000, 0x0000000080b00000| Untracked 
|  12|0x0000000080c00000, 0x0000000080d00000, 0x0000000080d00000|100%| O|  |TAMS 0x0000000080d00000, 0x0000000080c00000| Untracked 
|  13|0x0000000080d00000, 0x0000000080e00000, 0x0000000080e00000|100%| O|  |TAMS 0x0000000080e00000, 0x0000000080d00000| Untracked 
|  14|0x0000000080e00000, 0x0000000080f00000, 0x0000000080f00000|100%| O|  |TAMS 0x0000000080f00000, 0x0000000080e00000| Untracked 
|  15|0x0000000080f00000, 0x0000000081000000, 0x0000000081000000|100%| O|  |TAMS 0x0000000081000000, 0x0000000080f00000| Untracked 
|  16|0x0000000081000000, 0x0000000081100000, 0x0000000081100000|100%| O|  |TAMS 0x0000000081100000, 0x0000000081000000| Untracked 
|  17|0x0000000081100000, 0x0000000081200000, 0x0000000081200000|100%|HS|  |TAMS 0x0000000081200000, 0x0000000081100000| Complete 
|  18|0x0000000081200000, 0x0000000081300000, 0x0000000081300000|100%| O|  |TAMS 0x0000000081300000, 0x0000000081200000| Untracked 
|  19|0x0000000081300000, 0x0000000081400000, 0x0000000081400000|100%| O|  |TAMS 0x0000000081400000, 0x0000000081300000| Untracked 
|  20|0x0000000081400000, 0x0000000081500000, 0x0000000081500000|100%| O|  |TAMS 0x0000000081500000, 0x0000000081400000| Untracked 
|  21|0x0000000081500000, 0x0000000081600000, 0x0000000081600000|100%| O|  |TAMS 0x0000000081600000, 0x0000000081500000| Untracked 
|  22|0x0000000081600000, 0x0000000081700000, 0x0000000081700000|100%| O|  |TAMS 0x0000000081700000, 0x0000000081600000| Untracked 
|  23|0x0000000081700000, 0x0000000081800000, 0x0000000081800000|100%|HS|  |TAMS 0x0000000081800000, 0x0000000081700000| Complete 
|  24|0x0000000081800000, 0x0000000081900000, 0x0000000081900000|100%|HS|  |TAMS 0x0000000081900000, 0x0000000081800000| Complete 
|  25|0x0000000081900000, 0x0000000081a00000, 0x0000000081a00000|100%|HC|  |TAMS 0x0000000081a00000, 0x0000000081900000| Complete 
|  26|0x0000000081a00000, 0x0000000081b00000, 0x0000000081b00000|100%| O|  |TAMS 0x0000000081b00000, 0x0000000081a00000| Untracked 
|  27|0x0000000081b00000, 0x0000000081c00000, 0x0000000081c00000|100%| O|  |TAMS 0x0000000081c00000, 0x0000000081b00000| Untracked 
|  28|0x0000000081c00000, 0x0000000081d00000, 0x0000000081d00000|100%| O|  |TAMS 0x0000000081d00000, 0x0000000081c00000| Untracked 
|  29|0x0000000081d00000, 0x0000000081e00000, 0x0000000081e00000|100%| O|  |TAMS 0x0000000081e00000, 0x0000000081d00000| Untracked 
|  30|0x0000000081e00000, 0x0000000081f00000, 0x0000000081f00000|100%| O|  |TAMS 0x0000000081f00000, 0x0000000081e00000| Untracked 
|  31|0x0000000081f00000, 0x0000000082000000, 0x0000000082000000|100%| O|  |TAMS 0x0000000082000000, 0x0000000081f00000| Untracked 
|  32|0x0000000082000000, 0x0000000082100000, 0x0000000082100000|100%| O|  |TAMS 0x0000000082100000, 0x0000000082000000| Untracked 
|  33|0x0000000082100000, 0x0000000082200000, 0x0000000082200000|100%| O|  |TAMS 0x0000000082200000, 0x0000000082100000| Untracked 
|  34|0x0000000082200000, 0x0000000082300000, 0x0000000082300000|100%| O|  |TAMS 0x0000000082300000, 0x0000000082200000| Untracked 
|  35|0x0000000082300000, 0x0000000082400000, 0x0000000082400000|100%| O|  |TAMS 0x0000000082400000, 0x0000000082300000| Untracked 
|  36|0x0000000082400000, 0x0000000082500000, 0x0000000082500000|100%| O|  |TAMS 0x0000000082500000, 0x0000000082400000| Untracked 
|  37|0x0000000082500000, 0x0000000082600000, 0x0000000082600000|100%| O|  |TAMS 0x0000000082600000, 0x0000000082500000| Untracked 
|  38|0x0000000082600000, 0x0000000082700000, 0x0000000082700000|100%| O|  |TAMS 0x0000000082700000, 0x0000000082600000| Untracked 
|  39|0x0000000082700000, 0x0000000082800000, 0x0000000082800000|100%| O|  |TAMS 0x0000000082800000, 0x0000000082700000| Untracked 
|  40|0x0000000082800000, 0x0000000082900000, 0x0000000082900000|100%| O|  |TAMS 0x0000000082900000, 0x0000000082800000| Untracked 
|  41|0x0000000082900000, 0x0000000082a00000, 0x0000000082a00000|100%| O|  |TAMS 0x0000000082a00000, 0x0000000082900000| Untracked 
|  42|0x0000000082a00000, 0x0000000082b00000, 0x0000000082b00000|100%| O|  |TAMS 0x0000000082a00000, 0x0000000082a00000| Untracked 
|  43|0x0000000082b00000, 0x0000000082c00000, 0x0000000082c00000|100%| O|  |TAMS 0x0000000082b00000, 0x0000000082b00000| Untracked 
|  44|0x0000000082c00000, 0x0000000082d00000, 0x0000000082d00000|100%| O|  |TAMS 0x0000000082c00000, 0x0000000082c00000| Untracked 
|  45|0x0000000082d00000, 0x0000000082e00000, 0x0000000082e00000|100%| O|  |TAMS 0x0000000082d00000, 0x0000000082d00000| Untracked 
|  46|0x0000000082e00000, 0x0000000082f00000, 0x0000000082f00000|100%| O|  |TAMS 0x0000000082e00000, 0x0000000082e00000| Untracked 
|  47|0x0000000082f00000, 0x0000000083000000, 0x0000000083000000|100%| O|  |TAMS 0x0000000082f00000, 0x0000000082f00000| Untracked 
|  48|0x0000000083000000, 0x0000000083100000, 0x0000000083100000|100%| O|  |TAMS 0x0000000083000000, 0x0000000083000000| Untracked 
|  49|0x0000000083100000, 0x0000000083200000, 0x0000000083200000|100%| O|  |TAMS 0x0000000083100000, 0x0000000083100000| Untracked 
|  50|0x0000000083200000, 0x0000000083300000, 0x0000000083300000|100%| O|  |TAMS 0x0000000083200000, 0x0000000083200000| Untracked 
|  51|0x0000000083300000, 0x0000000083400000, 0x0000000083400000|100%| O|  |TAMS 0x0000000083300000, 0x0000000083300000| Untracked 
|  52|0x0000000083400000, 0x00000000834bf600, 0x0000000083500000| 74%| O|  |TAMS 0x0000000083400000, 0x0000000083400000| Untracked 
|  53|0x0000000083500000, 0x0000000083500000, 0x0000000083600000|  0%| F|  |TAMS 0x0000000083500000, 0x0000000083500000| Untracked 
|  54|0x0000000083600000, 0x0000000083600000, 0x0000000083700000|  0%| F|  |TAMS 0x0000000083600000, 0x0000000083600000| Untracked 
|  55|0x0000000083700000, 0x0000000083700000, 0x0000000083800000|  0%| F|  |TAMS 0x0000000083700000, 0x0000000083700000| Untracked 
|  56|0x0000000083800000, 0x0000000083800000, 0x0000000083900000|  0%| F|  |TAMS 0x0000000083800000, 0x0000000083800000| Untracked 
|  57|0x0000000083900000, 0x0000000083900000, 0x0000000083a00000|  0%| F|  |TAMS 0x0000000083900000, 0x0000000083900000| Untracked 
|  58|0x0000000083a00000, 0x0000000083a00000, 0x0000000083b00000|  0%| F|  |TAMS 0x0000000083a00000, 0x0000000083a00000| Untracked 
|  59|0x0000000083b00000, 0x0000000083b00000, 0x0000000083c00000|  0%| F|  |TAMS 0x0000000083b00000, 0x0000000083b00000| Untracked 
|  60|0x0000000083c00000, 0x0000000083c00000, 0x0000000083d00000|  0%| F|  |TAMS 0x0000000083c00000, 0x0000000083c00000| Untracked 
|  61|0x0000000083d00000, 0x0000000083d00000, 0x0000000083e00000|  0%| F|  |TAMS 0x0000000083d00000, 0x0000000083d00000| Untracked 
|  62|0x0000000083e00000, 0x0000000083e00000, 0x0000000083f00000|  0%| F|  |TAMS 0x0000000083e00000, 0x0000000083e00000| Untracked 
|  63|0x0000000083f00000, 0x0000000083f00000, 0x0000000084000000|  0%| F|  |TAMS 0x0000000083f00000, 0x0000000083f00000| Untracked 
|  64|0x0000000084000000, 0x0000000084000000, 0x0000000084100000|  0%| F|  |TAMS 0x0000000084000000, 0x0000000084000000| Untracked 
|  65|0x0000000084100000, 0x0000000084100000, 0x0000000084200000|  0%| F|  |TAMS 0x0000000084100000, 0x0000000084100000| Untracked 
|  66|0x0000000084200000, 0x0000000084200000, 0x0000000084300000|  0%| F|  |TAMS 0x0000000084200000, 0x0000000084200000| Untracked 
|  67|0x0000000084300000, 0x0000000084300000, 0x0000000084400000|  0%| F|  |TAMS 0x0000000084300000, 0x0000000084300000| Untracked 
|  68|0x0000000084400000, 0x0000000084400000, 0x0000000084500000|  0%| F|  |TAMS 0x0000000084400000, 0x0000000084400000| Untracked 
|  69|0x0000000084500000, 0x0000000084500000, 0x0000000084600000|  0%| F|  |TAMS 0x0000000084500000, 0x0000000084500000| Untracked 
|  70|0x0000000084600000, 0x0000000084626ee8, 0x0000000084700000| 15%| S|CS|TAMS 0x0000000084600000, 0x0000000084600000| Complete 
|  71|0x0000000084700000, 0x0000000084800000, 0x0000000084800000|100%| S|CS|TAMS 0x0000000084700000, 0x0000000084700000| Complete 
|  72|0x0000000084800000, 0x0000000084900000, 0x0000000084900000|100%| S|CS|TAMS 0x0000000084800000, 0x0000000084800000| Complete 
|  73|0x0000000084900000, 0x0000000084a00000, 0x0000000084a00000|100%| S|CS|TAMS 0x0000000084900000, 0x0000000084900000| Complete 
|  74|0x0000000084a00000, 0x0000000084b00000, 0x0000000084b00000|100%| S|CS|TAMS 0x0000000084a00000, 0x0000000084a00000| Complete 
|  75|0x0000000084b00000, 0x0000000084c00000, 0x0000000084c00000|100%| S|CS|TAMS 0x0000000084b00000, 0x0000000084b00000| Complete 
|  76|0x0000000084c00000, 0x0000000084d00000, 0x0000000084d00000|100%| S|CS|TAMS 0x0000000084c00000, 0x0000000084c00000| Complete 
|  77|0x0000000084d00000, 0x0000000084d00000, 0x0000000084e00000|  0%| F|  |TAMS 0x0000000084d00000, 0x0000000084d00000| Untracked 
|  78|0x0000000084e00000, 0x0000000084e00000, 0x0000000084f00000|  0%| F|  |TAMS 0x0000000084e00000, 0x0000000084e00000| Untracked 
|  79|0x0000000084f00000, 0x0000000084f00000, 0x0000000085000000|  0%| F|  |TAMS 0x0000000084f00000, 0x0000000084f00000| Untracked 
|  80|0x0000000085000000, 0x0000000085000000, 0x0000000085100000|  0%| F|  |TAMS 0x0000000085000000, 0x0000000085000000| Untracked 
|  81|0x0000000085100000, 0x0000000085100000, 0x0000000085200000|  0%| F|  |TAMS 0x0000000085100000, 0x0000000085100000| Untracked 
|  82|0x0000000085200000, 0x0000000085200000, 0x0000000085300000|  0%| F|  |TAMS 0x0000000085200000, 0x0000000085200000| Untracked 
|  83|0x0000000085300000, 0x0000000085300000, 0x0000000085400000|  0%| F|  |TAMS 0x0000000085300000, 0x0000000085300000| Untracked 
|  84|0x0000000085400000, 0x0000000085400000, 0x0000000085500000|  0%| F|  |TAMS 0x0000000085400000, 0x0000000085400000| Untracked 
|  85|0x0000000085500000, 0x0000000085500000, 0x0000000085600000|  0%| F|  |TAMS 0x0000000085500000, 0x0000000085500000| Untracked 
|  86|0x0000000085600000, 0x0000000085659958, 0x0000000085700000| 34%| E|  |TAMS 0x0000000085600000, 0x0000000085600000| Complete 
|  87|0x0000000085700000, 0x0000000085800000, 0x0000000085800000|100%| E|CS|TAMS 0x0000000085700000, 0x0000000085700000| Complete 
|  88|0x0000000085800000, 0x0000000085900000, 0x0000000085900000|100%| E|  |TAMS 0x0000000085800000, 0x0000000085800000| Complete 
|  89|0x0000000085900000, 0x0000000085a00000, 0x0000000085a00000|100%| E|CS|TAMS 0x0000000085900000, 0x0000000085900000| Complete 
|  90|0x0000000085a00000, 0x0000000085b00000, 0x0000000085b00000|100%| E|CS|TAMS 0x0000000085a00000, 0x0000000085a00000| Complete 
|  91|0x0000000085b00000, 0x0000000085c00000, 0x0000000085c00000|100%| E|CS|TAMS 0x0000000085b00000, 0x0000000085b00000| Complete 
|  92|0x0000000085c00000, 0x0000000085d00000, 0x0000000085d00000|100%| E|CS|TAMS 0x0000000085c00000, 0x0000000085c00000| Complete 
|  93|0x0000000085d00000, 0x0000000085e00000, 0x0000000085e00000|100%| E|CS|TAMS 0x0000000085d00000, 0x0000000085d00000| Complete 
|  94|0x0000000085e00000, 0x0000000085f00000, 0x0000000085f00000|100%| E|CS|TAMS 0x0000000085e00000, 0x0000000085e00000| Complete 
|  95|0x0000000085f00000, 0x0000000086000000, 0x0000000086000000|100%| E|CS|TAMS 0x0000000085f00000, 0x0000000085f00000| Complete 
|  96|0x0000000086000000, 0x0000000086100000, 0x0000000086100000|100%| E|CS|TAMS 0x0000000086000000, 0x0000000086000000| Complete 
|  97|0x0000000086100000, 0x0000000086200000, 0x0000000086200000|100%| E|CS|TAMS 0x0000000086100000, 0x0000000086100000| Complete 
|  98|0x0000000086200000, 0x0000000086300000, 0x0000000086300000|100%| E|CS|TAMS 0x0000000086200000, 0x0000000086200000| Complete 
|  99|0x0000000086300000, 0x0000000086400000, 0x0000000086400000|100%| E|CS|TAMS 0x0000000086300000, 0x0000000086300000| Complete 
| 100|0x0000000086400000, 0x0000000086500000, 0x0000000086500000|100%| E|CS|TAMS 0x0000000086400000, 0x0000000086400000| Complete 
| 101|0x0000000086500000, 0x0000000086600000, 0x0000000086600000|100%| E|CS|TAMS 0x0000000086500000, 0x0000000086500000| Complete 
| 102|0x0000000086600000, 0x0000000086700000, 0x0000000086700000|100%| E|CS|TAMS 0x0000000086600000, 0x0000000086600000| Complete 
| 103|0x0000000086700000, 0x0000000086800000, 0x0000000086800000|100%| E|CS|TAMS 0x0000000086700000, 0x0000000086700000| Complete 
| 104|0x0000000086800000, 0x0000000086900000, 0x0000000086900000|100%| E|CS|TAMS 0x0000000086800000, 0x0000000086800000| Complete 
| 105|0x0000000086900000, 0x0000000086a00000, 0x0000000086a00000|100%| E|CS|TAMS 0x0000000086900000, 0x0000000086900000| Complete 
| 106|0x0000000086a00000, 0x0000000086b00000, 0x0000000086b00000|100%| E|CS|TAMS 0x0000000086a00000, 0x0000000086a00000| Complete 
| 107|0x0000000086b00000, 0x0000000086c00000, 0x0000000086c00000|100%| E|CS|TAMS 0x0000000086b00000, 0x0000000086b00000| Complete 
| 108|0x0000000086c00000, 0x0000000086d00000, 0x0000000086d00000|100%| E|CS|TAMS 0x0000000086c00000, 0x0000000086c00000| Complete 
| 109|0x0000000086d00000, 0x0000000086e00000, 0x0000000086e00000|100%| E|CS|TAMS 0x0000000086d00000, 0x0000000086d00000| Complete 
| 110|0x0000000086e00000, 0x0000000086f00000, 0x0000000086f00000|100%| E|CS|TAMS 0x0000000086e00000, 0x0000000086e00000| Complete 
| 111|0x0000000086f00000, 0x0000000087000000, 0x0000000087000000|100%| E|CS|TAMS 0x0000000086f00000, 0x0000000086f00000| Complete 
| 112|0x0000000087000000, 0x0000000087100000, 0x0000000087100000|100%| E|CS|TAMS 0x0000000087000000, 0x0000000087000000| Complete 
| 113|0x0000000087100000, 0x0000000087200000, 0x0000000087200000|100%| E|CS|TAMS 0x0000000087100000, 0x0000000087100000| Complete 
| 114|0x0000000087200000, 0x0000000087300000, 0x0000000087300000|100%| E|CS|TAMS 0x0000000087200000, 0x0000000087200000| Complete 
| 115|0x0000000087300000, 0x0000000087400000, 0x0000000087400000|100%| E|CS|TAMS 0x0000000087300000, 0x0000000087300000| Complete 
| 116|0x0000000087400000, 0x0000000087500000, 0x0000000087500000|100%| E|CS|TAMS 0x0000000087400000, 0x0000000087400000| Complete 
| 117|0x0000000087500000, 0x0000000087600000, 0x0000000087600000|100%| E|CS|TAMS 0x0000000087500000, 0x0000000087500000| Complete 
| 118|0x0000000087600000, 0x0000000087700000, 0x0000000087700000|100%| E|CS|TAMS 0x0000000087600000, 0x0000000087600000| Complete 
| 119|0x0000000087700000, 0x0000000087800000, 0x0000000087800000|100%| E|CS|TAMS 0x0000000087700000, 0x0000000087700000| Complete 
| 120|0x0000000087800000, 0x0000000087900000, 0x0000000087900000|100%| E|CS|TAMS 0x0000000087800000, 0x0000000087800000| Complete 
| 121|0x0000000087900000, 0x0000000087a00000, 0x0000000087a00000|100%| E|CS|TAMS 0x0000000087900000, 0x0000000087900000| Complete 
| 122|0x0000000087a00000, 0x0000000087b00000, 0x0000000087b00000|100%| E|CS|TAMS 0x0000000087a00000, 0x0000000087a00000| Complete 
| 123|0x0000000087b00000, 0x0000000087c00000, 0x0000000087c00000|100%| E|CS|TAMS 0x0000000087b00000, 0x0000000087b00000| Complete 
| 124|0x0000000087c00000, 0x0000000087d00000, 0x0000000087d00000|100%| E|CS|TAMS 0x0000000087c00000, 0x0000000087c00000| Complete 
| 125|0x0000000087d00000, 0x0000000087e00000, 0x0000000087e00000|100%| E|CS|TAMS 0x0000000087d00000, 0x0000000087d00000| Complete 
| 126|0x0000000087e00000, 0x0000000087f00000, 0x0000000087f00000|100%| E|CS|TAMS 0x0000000087e00000, 0x0000000087e00000| Complete 
| 127|0x0000000087f00000, 0x0000000088000000, 0x0000000088000000|100%| E|CS|TAMS 0x0000000087f00000, 0x0000000087f00000| Complete 

Card table byte_map: [0x00000209ac250000,0x00000209ac650000] _byte_map_base: 0x00000209abe50000

Marking Bits (Prev, Next): (CMBitMap*) 0x000002099941ffa8, (CMBitMap*) 0x000002099941ffe0
 Prev Bits: [0x00000209aca50000, 0x00000209aea50000)
 Next Bits: [0x00000209aea50000, 0x00000209b0a50000)

Polling page: 0x0000020996c40000

Metaspace:

Usage:
  Non-class:     67.89 MB capacity,    66.68 MB ( 98%) used,     1.00 MB (  1%) free+waste,   212.19 KB ( <1%) overhead. 
      Class:     10.76 MB capacity,    10.04 MB ( 93%) used,   646.51 KB (  6%) free+waste,    98.25 KB ( <1%) overhead. 
       Both:     78.66 MB capacity,    76.72 MB ( 98%) used,     1.64 MB (  2%) free+waste,   310.44 KB ( <1%) overhead. 

Virtual space:
  Non-class space:       70.00 MB reserved,      68.06 MB ( 97%) committed 
      Class space:        1.00 GB reserved,      10.88 MB (  1%) committed 
             Both:        1.07 GB reserved,      78.93 MB (  7%) committed 

Chunk freelists:
   Non-Class:  43.00 KB
       Class:  0 bytes
        Both:  43.00 KB

MaxMetaspaceSize: 17179869184.00 GB
CompressedClassSpaceSize: 1.00 GB

CodeHeap 'non-profiled nmethods': size=120064Kb used=4810Kb max_used=4810Kb free=115253Kb
 bounds [0x00000209a4910000, 0x00000209a4dd0000, 0x00000209abe50000]
CodeHeap 'profiled nmethods': size=120000Kb used=17683Kb max_used=17683Kb free=102316Kb
 bounds [0x000002099d3e0000, 0x000002099e530000, 0x00000209a4910000]
CodeHeap 'non-nmethods': size=5696Kb used=2272Kb max_used=2323Kb free=3423Kb
 bounds [0x000002099ce50000, 0x000002099d0c0000, 0x000002099d3e0000]
 total_blobs=9158 nmethods=8288 adapters=781
 compilation: enabled
              stopped_count=0, restarted_count=0
 full_count=0

Compilation events (20 events):
Event: 46.027 Thread 0x00000209b3827800 nmethod 8297 0x00000209a4dbe710 code [0x00000209a4dbe8c0, 0x00000209a4dbe978]
Event: 46.027 Thread 0x00000209b3827800 8298       1       org.gradle.internal.snapshot.impl.DefaultImplementationSnapshot::isUnknown (2 bytes)
Event: 46.027 Thread 0x00000209b3827800 nmethod 8298 0x00000209a4dbea10 code [0x00000209a4dbebc0, 0x00000209a4dbec78]
Event: 46.074 Thread 0x00000209b381f000 8299       4       java.math.BigInteger::getInt (63 bytes)
Event: 46.077 Thread 0x00000209b3827800 8300       3       org.gradle.internal.execution.history.impl.FileSystemSnapshotSerializer::read (330 bytes)
Event: 46.078 Thread 0x00000209b381f000 nmethod 8299 0x00000209a4dbed10 code [0x00000209a4dbeec0, 0x00000209a4dbf068]
Event: 46.079 Thread 0x00000209b381f000 8301       4       java.util.stream.ReduceOps$5ReducingSink::begin (9 bytes)
Event: 46.079 Thread 0x00000209b381f000 nmethod 8301 0x00000209a4dbf210 code [0x00000209a4dbf3a0, 0x00000209a4dbf418]
Event: 46.082 Thread 0x00000209b3827800 nmethod 8300 0x000002099e4fa390 code [0x000002099e4fa9c0, 0x000002099e4fe108]
Event: 46.082 Thread 0x00000209b3827800 8302       3       java.util.HashMap::getOrDefault (23 bytes)
Event: 46.083 Thread 0x00000209b3827800 nmethod 8302 0x000002099e4ff390 code [0x000002099e4ff560, 0x000002099e4ff898]
Event: 46.116 Thread 0x00000209b381f000 8303       4       java.util.ArrayDeque::pollLast (36 bytes)
Event: 46.119 Thread 0x00000209b381f000 nmethod 8303 0x00000209a4dbf490 code [0x00000209a4dbf620, 0x00000209a4dbf718]
Event: 46.124 Thread 0x00000209b381f000 8304       4       java.util.concurrent.TimeUnit::toNanos (45 bytes)
Event: 46.125 Thread 0x00000209b381f000 nmethod 8304 0x00000209a4dbf810 code [0x00000209a4dbf9a0, 0x00000209a4dbfa78]
Event: 46.168 Thread 0x00000209b381f000 8305       4       sun.security.provider.ByteArrayAccess::i2bLittle (204 bytes)
Event: 46.180 Thread 0x00000209b381f000 nmethod 8305 0x00000209a4dbfb10 code [0x00000209a4dbfcc0, 0x00000209a4dbff78]
Event: 46.196 Thread 0x00000209b381f000 8306       4       java.util.stream.ReduceOps$ReduceOp::evaluateSequential (18 bytes)
Event: 46.199 Thread 0x00000209b381f000 nmethod 8306 0x00000209a4dc0190 code [0x00000209a4dc0340, 0x00000209a4dc0458]
Event: 46.344 Thread 0x00000209b381f000 8307   !   4       java.nio.file.FileTreeWalker::next (144 bytes)

GC Heap History (20 events):
Event: 13.036 GC heap before
{Heap before GC invocations=5 (full 0):
 garbage-first heap   total 131072K, used 82733K [0x0000000080000000, 0x0000000100000000)
  region size 1024K, 73 young (74752K), 9 survivors (9216K)
 Metaspace       used 26738K, capacity 27382K, committed 27568K, reserved 1073152K
  class space    used 3527K, capacity 3792K, committed 3840K, reserved 1048576K
}
Event: 13.050 GC heap after
{Heap after GC invocations=6 (full 0):
 garbage-first heap   total 131072K, used 19211K [0x0000000080000000, 0x0000000100000000)
  region size 1024K, 3 young (3072K), 3 survivors (3072K)
 Metaspace       used 26738K, capacity 27382K, committed 27568K, reserved 1073152K
  class space    used 3527K, capacity 3792K, committed 3840K, reserved 1048576K
}
Event: 15.452 GC heap before
{Heap before GC invocations=6 (full 0):
 garbage-first heap   total 131072K, used 63243K [0x0000000080000000, 0x0000000100000000)
  region size 1024K, 48 young (49152K), 3 survivors (3072K)
 Metaspace       used 34847K, capacity 35611K, committed 35708K, reserved 1081344K
  class space    used 4529K, capacity 4832K, committed 4864K, reserved 1048576K
}
Event: 15.468 GC heap after
{Heap after GC invocations=7 (full 0):
 garbage-first heap   total 131072K, used 22474K [0x0000000080000000, 0x0000000100000000)
  region size 1024K, 6 young (6144K), 6 survivors (6144K)
 Metaspace       used 34847K, capacity 35611K, committed 35708K, reserved 1081344K
  class space    used 4529K, capacity 4832K, committed 4864K, reserved 1048576K
}
Event: 18.392 GC heap before
{Heap before GC invocations=8 (full 0):
 garbage-first heap   total 131072K, used 91082K [0x0000000080000000, 0x0000000100000000)
  region size 1024K, 71 young (72704K), 6 survivors (6144K)
 Metaspace       used 39895K, capacity 40825K, committed 40956K, reserved 1085440K
  class space    used 5113K, capacity 5456K, committed 5504K, reserved 1048576K
}
Event: 18.411 GC heap after
{Heap after GC invocations=9 (full 0):
 garbage-first heap   total 131072K, used 27451K [0x0000000080000000, 0x0000000100000000)
  region size 1024K, 9 young (9216K), 9 survivors (9216K)
 Metaspace       used 39895K, capacity 40825K, committed 40956K, reserved 1085440K
  class space    used 5113K, capacity 5456K, committed 5504K, reserved 1048576K
}
Event: 22.495 GC heap before
{Heap before GC invocations=9 (full 0):
 garbage-first heap   total 131072K, used 94011K [0x0000000080000000, 0x0000000100000000)
  region size 1024K, 74 young (75776K), 9 survivors (9216K)
 Metaspace       used 45808K, capacity 47018K, committed 47228K, reserved 1089536K
  class space    used 5882K, capacity 6300K, committed 6400K, reserved 1048576K
}
Event: 22.519 GC heap after
{Heap after GC invocations=10 (full 0):
 garbage-first heap   total 131072K, used 29846K [0x0000000080000000, 0x0000000100000000)
  region size 1024K, 8 young (8192K), 8 survivors (8192K)
 Metaspace       used 45808K, capacity 47018K, committed 47228K, reserved 1089536K
  class space    used 5882K, capacity 6300K, committed 6400K, reserved 1048576K
}
Event: 30.144 GC heap before
{Heap before GC invocations=10 (full 0):
 garbage-first heap   total 131072K, used 99478K [0x0000000080000000, 0x0000000100000000)
  region size 1024K, 73 young (74752K), 8 survivors (8192K)
 Metaspace       used 50469K, capacity 51820K, committed 51964K, reserved 1093632K
  class space    used 6426K, capacity 6923K, committed 7040K, reserved 1048576K
}
Event: 30.167 GC heap after
{Heap after GC invocations=11 (full 0):
 garbage-first heap   total 131072K, used 42660K [0x0000000080000000, 0x0000000100000000)
  region size 1024K, 10 young (10240K), 10 survivors (10240K)
 Metaspace       used 50469K, capacity 51820K, committed 51964K, reserved 1093632K
  class space    used 6426K, capacity 6923K, committed 7040K, reserved 1048576K
}
Event: 32.443 GC heap before
{Heap before GC invocations=11 (full 0):
 garbage-first heap   total 131072K, used 92836K [0x0000000080000000, 0x0000000100000000)
  region size 1024K, 60 young (61440K), 10 survivors (10240K)
 Metaspace       used 58243K, capacity 59751K, committed 59900K, reserved 1101824K
  class space    used 7395K, capacity 7963K, committed 8064K, reserved 1048576K
}
Event: 32.475 GC heap after
{Heap after GC invocations=12 (full 0):
 garbage-first heap   total 131072K, used 46573K [0x0000000080000000, 0x0000000100000000)
  region size 1024K, 4 young (4096K), 4 survivors (4096K)
 Metaspace       used 58243K, capacity 59751K, committed 59900K, reserved 1101824K
  class space    used 7395K, capacity 7963K, committed 8064K, reserved 1048576K
}
Event: 34.635 GC heap before
{Heap before GC invocations=13 (full 0):
 garbage-first heap   total 131072K, used 99821K [0x0000000080000000, 0x0000000100000000)
  region size 1024K, 56 young (57344K), 4 survivors (4096K)
 Metaspace       used 63133K, capacity 64705K, committed 64828K, reserved 1105920K
  class space    used 8018K, capacity 8598K, committed 8704K, reserved 1048576K
}
Event: 34.651 GC heap after
{Heap after GC invocations=14 (full 0):
 garbage-first heap   total 131072K, used 49717K [0x0000000080000000, 0x0000000100000000)
  region size 1024K, 7 young (7168K), 7 survivors (7168K)
 Metaspace       used 63133K, capacity 64705K, committed 64828K, reserved 1105920K
  class space    used 8018K, capacity 8598K, committed 8704K, reserved 1048576K
}
Event: 37.234 GC heap before
{Heap before GC invocations=15 (full 0):
 garbage-first heap   total 131072K, used 101941K [0x0000000080000000, 0x0000000100000000)
  region size 1024K, 58 young (59392K), 7 survivors (7168K)
 Metaspace       used 67620K, capacity 69279K, committed 69436K, reserved 1110016K
  class space    used 8751K, capacity 9351K, committed 9472K, reserved 1048576K
}
Event: 37.254 GC heap after
{Heap after GC invocations=16 (full 0):
 garbage-first heap   total 131072K, used 54458K [0x0000000080000000, 0x0000000100000000)
  region size 1024K, 5 young (5120K), 5 survivors (5120K)
 Metaspace       used 67620K, capacity 69279K, committed 69436K, reserved 1110016K
  class space    used 8751K, capacity 9351K, committed 9472K, reserved 1048576K
}
Event: 39.666 GC heap before
{Heap before GC invocations=16 (full 0):
 garbage-first heap   total 131072K, used 103610K [0x0000000080000000, 0x0000000100000000)
  region size 1024K, 53 young (54272K), 5 survivors (5120K)
 Metaspace       used 72194K, capacity 73845K, committed 74172K, reserved 1114112K
  class space    used 9448K, capacity 10028K, committed 10112K, reserved 1048576K
}
Event: 39.680 GC heap after
{Heap after GC invocations=17 (full 0):
 garbage-first heap   total 131072K, used 57085K [0x0000000080000000, 0x0000000100000000)
  region size 1024K, 3 young (3072K), 3 survivors (3072K)
 Metaspace       used 72194K, capacity 73845K, committed 74172K, reserved 1114112K
  class space    used 9448K, capacity 10028K, committed 10112K, reserved 1048576K
}
Event: 42.060 GC heap before
{Heap before GC invocations=17 (full 0):
 garbage-first heap   total 131072K, used 106237K [0x0000000080000000, 0x0000000100000000)
  region size 1024K, 51 young (52224K), 3 survivors (3072K)
 Metaspace       used 77505K, capacity 79415K, committed 79548K, reserved 1118208K
  class space    used 10178K, capacity 10875K, committed 10880K, reserved 1048576K
}
Event: 42.077 GC heap after
{Heap after GC invocations=18 (full 0):
 garbage-first heap   total 131072K, used 60313K [0x0000000080000000, 0x0000000100000000)
  region size 1024K, 7 young (7168K), 7 survivors (7168K)
 Metaspace       used 77505K, capacity 79415K, committed 79548K, reserved 1118208K
  class space    used 10178K, capacity 10875K, committed 10880K, reserved 1048576K
}

Deoptimization events (20 events):
Event: 44.497 Thread 0x00000209b4f1a000 Uncommon trap: trap_request=0xffffff4d fr.pc=0x00000209a4b8e9e8 relative=0x00000000000001a8
Event: 44.497 Thread 0x00000209b4f1a000 Uncommon trap: reason=unstable_if action=reinterpret pc=0x00000209a4b8e9e8 method=org.gradle.internal.snapshot.PathUtil.equalChars(CCLorg/gradle/internal/snapshot/CaseSensitivity;)Z @ 11 c2
Event: 44.497 Thread 0x00000209b4f1a000 DEOPT PACKING pc=0x00000209a4b8e9e8 sp=0x0000004391bfc8c0
Event: 44.497 Thread 0x00000209b4f1a000 DEOPT UNPACKING pc=0x000002099ce778af sp=0x0000004391bfc858 mode 2
Event: 45.167 Thread 0x00000209b4f15000 Uncommon trap: trap_request=0xffffff4d fr.pc=0x00000209a4b6aad8 relative=0x00000000000001f8
Event: 45.167 Thread 0x00000209b4f15000 Uncommon trap: reason=unstable_if action=reinterpret pc=0x00000209a4b6aad8 method=com.esotericsoftware.kryo.io.Input.readVarInt(Z)I @ 42 c2
Event: 45.167 Thread 0x00000209b4f15000 DEOPT PACKING pc=0x00000209a4b6aad8 sp=0x00000043913fdca0
Event: 45.167 Thread 0x00000209b4f15000 DEOPT UNPACKING pc=0x000002099ce778af sp=0x00000043913fdb90 mode 2
Event: 45.391 Thread 0x00000209b4f1b800 DEOPT PACKING pc=0x000002099e24dac4 sp=0x00000043919fd520
Event: 45.391 Thread 0x00000209b4f1b800 DEOPT UNPACKING pc=0x000002099ce776ce sp=0x00000043919fcac0 mode 0
Event: 45.587 Thread 0x00000209b9952000 Uncommon trap: trap_request=0xffffff4d fr.pc=0x00000209a4a32d0c relative=0x000000000000024c
Event: 45.587 Thread 0x00000209b9952000 Uncommon trap: reason=unstable_if action=reinterpret pc=0x00000209a4a32d0c method=java.util.concurrent.ConcurrentHashMap.get(Ljava/lang/Object;)Ljava/lang/Object; @ 86 c2
Event: 45.587 Thread 0x00000209b9952000 DEOPT PACKING pc=0x00000209a4a32d0c sp=0x00000043925fb310
Event: 45.587 Thread 0x00000209b9952000 DEOPT UNPACKING pc=0x000002099ce778af sp=0x00000043925fb288 mode 2
Event: 45.606 Thread 0x00000209b9952000 Uncommon trap: trap_request=0xffffff4d fr.pc=0x00000209a4c5647c relative=0x0000000000001cbc
Event: 45.606 Thread 0x00000209b9952000 Uncommon trap: reason=unstable_if action=reinterpret pc=0x00000209a4c5647c method=java.util.concurrent.ConcurrentHashMap.computeIfAbsent(Ljava/lang/Object;Ljava/util/function/Function;)Ljava/lang/Object; @ 279 c2
Event: 45.606 Thread 0x00000209b9952000 DEOPT PACKING pc=0x00000209a4c5647c sp=0x00000043925fb090
Event: 45.606 Thread 0x00000209b9952000 DEOPT UNPACKING pc=0x000002099ce778af sp=0x00000043925fb048 mode 2
Event: 45.811 Thread 0x00000209b4f1a000 DEOPT PACKING pc=0x000002099e24dac4 sp=0x0000004391bfcf40
Event: 45.811 Thread 0x00000209b4f1a000 DEOPT UNPACKING pc=0x000002099ce776ce sp=0x0000004391bfc4e0 mode 0

Classes redefined (0 events):
No events

Internal exceptions (20 events):
Event: 40.223 Thread 0x00000209b4089000 Exception <a 'sun/nio/fs/WindowsException'{0x0000000087760540}> (0x0000000087760540) thrown at [./src/hotspot/share/prims/jni.cpp, line 615]
Event: 40.224 Thread 0x00000209b4089000 Exception <a 'sun/nio/fs/WindowsException'{0x0000000087761638}> (0x0000000087761638) thrown at [./src/hotspot/share/prims/jni.cpp, line 615]
Event: 40.224 Thread 0x00000209b4089000 Exception <a 'sun/nio/fs/WindowsException'{0x0000000087762768}> (0x0000000087762768) thrown at [./src/hotspot/share/prims/jni.cpp, line 615]
Event: 40.225 Thread 0x00000209b4089000 Exception <a 'sun/nio/fs/WindowsException'{0x0000000087763898}> (0x0000000087763898) thrown at [./src/hotspot/share/prims/jni.cpp, line 615]
Event: 40.518 Thread 0x00000209b4089000 Implicit null exception at 0x00000209a4cfc26d to 0x00000209a4cfed8c
Event: 41.045 Thread 0x00000209b4089000 Exception <a 'java/lang/NoSuchMethodError'{0x000000008656bf20}: 'java.lang.Object java.lang.invoke.Invokers$Holder.linkToTargetMethod(java.lang.Object, int, int, java.lang.Object)'> (0x000000008656bf20) thrown at [./src/hotspot/share/interpreter/linkResolver.cpp, line 773]
Event: 41.578 Thread 0x00000209b58cf000 Exception <a 'java/lang/NoSuchMethodError'{0x00000000859880b8}: <clinit>> (0x00000000859880b8) thrown at [./src/hotspot/share/prims/jni.cpp, line 1362]
Event: 41.580 Thread 0x00000209b58cf000 Exception <a 'java/lang/NoSuchMethodError'{0x00000000859927d0}: <clinit>> (0x00000000859927d0) thrown at [./src/hotspot/share/prims/jni.cpp, line 1362]
Event: 41.617 Thread 0x00000209b58cf000 Exception <a 'java/lang/NoSuchMethodError'{0x000000008599e788}: <clinit>> (0x000000008599e788) thrown at [./src/hotspot/share/prims/jni.cpp, line 1362]
Event: 41.621 Thread 0x00000209b58cf000 Exception <a 'java/lang/NoSuchMethodError'{0x00000000859b0e68}: <clinit>> (0x00000000859b0e68) thrown at [./src/hotspot/share/prims/jni.cpp, line 1362]
Event: 41.622 Thread 0x00000209b58cf000 Exception <a 'java/lang/NoSuchMethodError'{0x00000000859b25d8}: <clinit>> (0x00000000859b25d8) thrown at [./src/hotspot/share/prims/jni.cpp, line 1362]
Event: 41.699 Thread 0x00000209b9950000 Exception <a 'java/lang/NoSuchMethodError'{0x00000000857d4060}: <clinit>> (0x00000000857d4060) thrown at [./src/hotspot/share/prims/jni.cpp, line 1362]
Event: 41.719 Thread 0x00000209b9950000 Exception <a 'java/lang/NoSuchMethodError'{0x0000000085610a80}: <clinit>> (0x0000000085610a80) thrown at [./src/hotspot/share/prims/jni.cpp, line 1362]
Event: 41.723 Thread 0x00000209b9950000 Exception <a 'java/lang/NoSuchMethodError'{0x00000000856b0448}: <clinit>> (0x00000000856b0448) thrown at [./src/hotspot/share/prims/jni.cpp, line 1362]
Event: 41.793 Thread 0x00000209b58cf000 Exception <a 'java/lang/NoSuchMethodError'{0x00000000854a87d8}: <clinit>> (0x00000000854a87d8) thrown at [./src/hotspot/share/prims/jni.cpp, line 1362]
Event: 41.904 Thread 0x00000209b4089000 Exception <a 'java/lang/NoSuchMethodError'{0x0000000085378e68}: 'java.lang.Object java.lang.invoke.Invokers$Holder.linkToTargetMethod(java.lang.Object, java.lang.Object, java.lang.Object, int, java.lang.Object, java.lang.Object)'> (0x0000000085378e68) thrown at [./src/hotspot/share/interpreter/linkResolver.cpp, line 773]
Event: 41.960 Thread 0x00000209b4089000 Exception <a 'java/lang/IncompatibleClassChangeError'{0x00000000853e1408}: Found class java.lang.Object, but interface was expected> (0x00000000853e1408) thrown at [./src/hotspot/share/interpreter/linkResolver.cpp, line 839]
Event: 42.026 Thread 0x00000209b4089000 Exception <a 'java/lang/NoSuchMethodError'{0x00000000851cba08}: 'int java.lang.invoke.DirectMethodHandle$Holder.invokeStaticInit(java.lang.Object, java.lang.Object, java.lang.Object, java.lang.Object, java.lang.Object)'> (0x00000000851cba08) thrown at [./src/hotspot/share/interpreter/linkResolver.cpp, line 773]
Event: 43.793 Thread 0x00000209b9952000 Exception <a 'java/lang/NoSuchMethodError'{0x00000000874f6d70}: 'java.lang.Object java.lang.invoke.DirectMethodHandle$Holder.invokeSpecialIFC(java.lang.Object, java.lang.Object, java.lang.Object)'> (0x00000000874f6d70) thrown at [./src/hotspot/share/interpreter/linkResolver.cpp, line 773]
Event: 45.874 Thread 0x00000209b4f1a000 Exception <a 'java/lang/NoSuchMethodError'{0x0000000085eadb60}: 'void java.lang.invoke.DirectMethodHandle$Holder.invokeVirtual(java.lang.Object, java.lang.Object)'> (0x0000000085eadb60) thrown at [./src/hotspot/share/interpreter/linkResolver.cpp, line 773]

Events (20 events):
Event: 45.822 Executing VM operation: RevokeBias
Event: 45.823 Executing VM operation: RevokeBias done
Event: 45.864 Executing VM operation: RevokeBias
Event: 45.864 Executing VM operation: RevokeBias done
Event: 45.873 Executing VM operation: RevokeBias
Event: 45.873 Executing coalesced safepoint VM operation: RevokeBias
Event: 45.873 Executing coalesced safepoint VM operation: RevokeBias done
Event: 45.873 Executing VM operation: RevokeBias done
Event: 45.925 Executing VM operation: RevokeBias
Event: 45.925 Executing VM operation: RevokeBias done
Event: 45.931 Executing VM operation: RevokeBias
Event: 45.931 Executing VM operation: RevokeBias done
Event: 46.001 Executing VM operation: RevokeBias
Event: 46.002 Executing VM operation: RevokeBias done
Event: 46.031 Executing VM operation: BulkRevokeBias
Event: 46.032 Executing VM operation: BulkRevokeBias done
Event: 46.033 Executing VM operation: RevokeBias
Event: 46.033 Executing VM operation: RevokeBias done
Event: 46.045 Executing VM operation: RevokeBias
Event: 46.045 Executing VM operation: RevokeBias done


Dynamic libraries:
0x00007ff773460000 - 0x00007ff77346a000 	C:\Program Files\Android\Android Studio\jre\bin\java.exe
0x00007ffcbb810000 - 0x00007ffcbba05000 	C:\WINDOWS\SYSTEM32\ntdll.dll
0x00007ffcb9ab0000 - 0x00007ffcb9b6e000 	C:\WINDOWS\System32\KERNEL32.DLL
0x00007ffcb9520000 - 0x00007ffcb97e8000 	C:\WINDOWS\System32\KERNELBASE.dll
0x00007ffcb90f0000 - 0x00007ffcb91f0000 	C:\WINDOWS\System32\ucrtbase.dll
0x00007ffcae1d0000 - 0x00007ffcae1e9000 	C:\Program Files\Android\Android Studio\jre\bin\jli.dll
0x00007ffcbb4b0000 - 0x00007ffcbb650000 	C:\WINDOWS\System32\USER32.dll
0x00007ffcb8f20000 - 0x00007ffcb8f42000 	C:\WINDOWS\System32\win32u.dll
0x00007ffcba280000 - 0x00007ffcba2ab000 	C:\WINDOWS\System32\GDI32.dll
0x00007ffcb91f0000 - 0x00007ffcb92fd000 	C:\WINDOWS\System32\gdi32full.dll
0x00007ffcb8fa0000 - 0x00007ffcb903d000 	C:\WINDOWS\System32\msvcp_win.dll
0x00007ffcab9a0000 - 0x00007ffcab9b7000 	C:\Program Files\Android\Android Studio\jre\bin\VCRUNTIME140.dll
0x00007ffcaa930000 - 0x00007ffcaabca000 	C:\WINDOWS\WinSxS\amd64_microsoft.windows.common-controls_6595b64144ccf1df_6.0.19041.1110_none_60b5254171f9507e\COMCTL32.dll
0x00007ffcbadf0000 - 0x00007ffcbae8e000 	C:\WINDOWS\System32\msvcrt.dll
0x00007ffcbae90000 - 0x00007ffcbaec0000 	C:\WINDOWS\System32\IMM32.DLL
0x00007ffcadf70000 - 0x00007ffcae172000 	C:\WINDOWS\system32\tmumh\20019\AddOn\8.53.0.1135\TmUmEvt64.dll
0x00007ffcbb3d0000 - 0x00007ffcbb3d8000 	C:\WINDOWS\System32\PSAPI.DLL
0x00007ffcb9880000 - 0x00007ffcb992e000 	C:\WINDOWS\System32\ADVAPI32.dll
0x00007ffcb9ff0000 - 0x00007ffcba08c000 	C:\WINDOWS\System32\sechost.dll
0x00007ffcba150000 - 0x00007ffcba275000 	C:\WINDOWS\System32\RPCRT4.dll
0x000000006b400000 - 0x000000006b570000 	C:\WINDOWS\system32\tmumh\20019\TmMon\2.8.0.1054\tmmon64.dll
0x00007ffc93040000 - 0x00007ffc930dd000 	C:\Program Files\Android\Android Studio\jre\bin\msvcp140.dll
0x00007ffc77620000 - 0x00007ffc780ef000 	C:\Program Files\Android\Android Studio\jre\bin\server\jvm.dll
0x00007ffca4880000 - 0x00007ffca4889000 	C:\WINDOWS\SYSTEM32\WSOCK32.dll
0x00007ffcbac60000 - 0x00007ffcbaccb000 	C:\WINDOWS\System32\WS2_32.dll
0x00007ffcad960000 - 0x00007ffcad987000 	C:\WINDOWS\SYSTEM32\WINMM.dll
0x00007ffcad9b0000 - 0x00007ffcad9ba000 	C:\WINDOWS\SYSTEM32\VERSION.dll
0x00007ffcb6d30000 - 0x00007ffcb6d42000 	C:\WINDOWS\SYSTEM32\kernel.appcore.dll
0x00007ffcb2000000 - 0x00007ffcb2011000 	C:\Program Files\Android\Android Studio\jre\bin\verify.dll
0x00007ffca4d90000 - 0x00007ffca4f74000 	C:\WINDOWS\SYSTEM32\DBGHELP.DLL
0x00007ffca4850000 - 0x00007ffca487c000 	C:\WINDOWS\SYSTEM32\dbgcore.DLL
0x00007ffcb9330000 - 0x00007ffcb93b2000 	C:\WINDOWS\System32\bcryptPrimitives.dll
0x00007ffca5260000 - 0x00007ffca5289000 	C:\Program Files\Android\Android Studio\jre\bin\java.dll
0x00007ffcb2470000 - 0x00007ffcb247b000 	C:\Program Files\Android\Android Studio\jre\bin\jimage.dll
0x00007ffcb1f90000 - 0x00007ffcb1fa8000 	C:\Program Files\Android\Android Studio\jre\bin\zip.dll
0x00007ffcba460000 - 0x00007ffcbaba4000 	C:\WINDOWS\System32\SHELL32.dll
0x00007ffcb7010000 - 0x00007ffcb77a4000 	C:\WINDOWS\SYSTEM32\windows.storage.dll
0x00007ffcbb070000 - 0x00007ffcbb3c5000 	C:\WINDOWS\System32\combase.dll
0x00007ffcb8970000 - 0x00007ffcb899e000 	C:\WINDOWS\SYSTEM32\Wldp.dll
0x00007ffcb9a00000 - 0x00007ffcb9aad000 	C:\WINDOWS\System32\SHCORE.dll
0x00007ffcba090000 - 0x00007ffcba0e5000 	C:\WINDOWS\System32\shlwapi.dll
0x00007ffcb8e60000 - 0x00007ffcb8e7f000 	C:\WINDOWS\SYSTEM32\profapi.dll
0x00007ffca80e0000 - 0x00007ffca80fa000 	C:\Program Files\Android\Android Studio\jre\bin\net.dll
0x00007ffcb4120000 - 0x00007ffcb422c000 	C:\WINDOWS\SYSTEM32\WINHTTP.dll
0x00007ffcb86d0000 - 0x00007ffcb873a000 	C:\WINDOWS\system32\mswsock.dll
0x00007ffca6390000 - 0x00007ffca63a4000 	C:\Program Files\Android\Android Studio\jre\bin\nio.dll
0x00007ffcb1fb0000 - 0x00007ffcb1fd7000 	C:\Users\PARVATHY\.gradle\native\8bec1ad78214c89d9ad589b4d07fe93259594b29d510b10fafb7a158f7737e5d\windows-amd64\native-platform.dll
0x00007ffc8ac80000 - 0x00007ffc8adbd000 	C:\Users\PARVATHY\.gradle\native\53dbd7edfb1c66fb8903c78663c9afc45aea4f116125fa6feffd364cf09443e8\windows-amd64\native-platform-file-events.dll
0x00007ffcb2080000 - 0x00007ffcb208a000 	C:\Program Files\Android\Android Studio\jre\bin\management.dll
0x00007ffcad4b0000 - 0x00007ffcad4bc000 	C:\Program Files\Android\Android Studio\jre\bin\management_ext.dll
0x00007ffcb88d0000 - 0x00007ffcb88e8000 	C:\WINDOWS\SYSTEM32\CRYPTSP.dll
0x00007ffcb7fe0000 - 0x00007ffcb8014000 	C:\WINDOWS\system32\rsaenh.dll
0x00007ffcb9300000 - 0x00007ffcb9327000 	C:\WINDOWS\System32\bcrypt.dll
0x00007ffcb8e20000 - 0x00007ffcb8e4e000 	C:\WINDOWS\SYSTEM32\USERENV.dll
0x00007ffcb88c0000 - 0x00007ffcb88cc000 	C:\WINDOWS\SYSTEM32\CRYPTBASE.dll
0x00007ffcb8370000 - 0x00007ffcb83ab000 	C:\WINDOWS\SYSTEM32\IPHLPAPI.DLL
0x00007ffcbb7c0000 - 0x00007ffcbb7c8000 	C:\WINDOWS\System32\NSI.dll
0x00007ffcaf050000 - 0x00007ffcaf067000 	C:\WINDOWS\SYSTEM32\dhcpcsvc6.DLL
0x00007ffcb00e0000 - 0x00007ffcb00fd000 	C:\WINDOWS\SYSTEM32\dhcpcsvc.DLL
0x00007ffcb83c0000 - 0x00007ffcb848b000 	C:\WINDOWS\SYSTEM32\DNSAPI.dll

dbghelp: loaded successfully - version: 4.0.5 - missing functions: none
symbol engine: initialized successfully - sym options: 0x614 - pdb path: .;C:\Program Files\Android\Android Studio\jre\bin;C:\WINDOWS\SYSTEM32;C:\WINDOWS\WinSxS\amd64_microsoft.windows.common-controls_6595b64144ccf1df_6.0.19041.1110_none_60b5254171f9507e;C:\WINDOWS\system32\tmumh\20019\AddOn\8.53.0.1135;C:\WINDOWS\system32\tmumh\20019\TmMon\2.8.0.1054;C:\Program Files\Android\Android Studio\jre\bin\server;C:\Users\PARVATHY\.gradle\native\8bec1ad78214c89d9ad589b4d07fe93259594b29d510b10fafb7a158f7737e5d\windows-amd64;C:\Users\PARVATHY\.gradle\native\53dbd7edfb1c66fb8903c78663c9afc45aea4f116125fa6feffd364cf09443e8\windows-amd64

VM Arguments:
jvm_args: --add-opens=java.base/java.util=ALL-UNNAMED --add-opens=java.base/java.lang=ALL-UNNAMED --add-opens=java.base/java.lang.invoke=ALL-UNNAMED --add-opens=java.base/java.util=ALL-UNNAMED --add-opens=java.prefs/java.util.prefs=ALL-UNNAMED --add-opens=java.prefs/java.util.prefs=ALL-UNNAMED --add-opens=java.base/java.nio.charset=ALL-UNNAMED --add-opens=java.base/java.net=ALL-UNNAMED --add-opens=java.base/java.util.concurrent.atomic=ALL-UNNAMED -Xmx2048m -Dfile.encoding=UTF-8 -Duser.country=US -Duser.language=en -Duser.variant 
java_command: org.gradle.launcher.daemon.bootstrap.GradleDaemon 7.0.2
java_class_path (initial): C:\Users\PARVATHY\.gradle\wrapper\dists\gradle-7.0.2-bin\857tjihv64xamwrf0h14cai3r\gradle-7.0.2\lib\gradle-launcher-7.0.2.jar
Launcher Type: SUN_STANDARD

[Global flags]
     intx CICompilerCount                          = 3                                         {product} {ergonomic}
     uint ConcGCThreads                            = 1                                         {product} {ergonomic}
     uint G1ConcRefinementThreads                  = 4                                         {product} {ergonomic}
   size_t G1HeapRegionSize                         = 1048576                                   {product} {ergonomic}
    uintx GCDrainStackTargetSize                   = 64                                        {product} {ergonomic}
   size_t InitialHeapSize                          = 134217728                                 {product} {ergonomic}
   size_t MarkStackSize                            = 4194304                                   {product} {ergonomic}
   size_t MaxHeapSize                              = 2147483648                                {product} {command line}
   size_t MaxNewSize                               = 1287651328                                {product} {ergonomic}
   size_t MinHeapDeltaBytes                        = 1048576                                   {product} {ergonomic}
    uintx NonNMethodCodeHeapSize                   = 5830732                                {pd product} {ergonomic}
    uintx NonProfiledCodeHeapSize                  = 122913754                              {pd product} {ergonomic}
    uintx ProfiledCodeHeapSize                     = 122913754                              {pd product} {ergonomic}
    uintx ReservedCodeCacheSize                    = 251658240                              {pd product} {ergonomic}
     bool SegmentedCodeCache                       = true                                      {product} {ergonomic}
     bool UseCompressedClassPointers               = true                                 {lp64_product} {ergonomic}
     bool UseCompressedOops                        = true                                 {lp64_product} {ergonomic}
     bool UseG1GC                                  = true                                      {product} {ergonomic}
     bool UseLargePagesIndividualAllocation        = false                                  {pd product} {ergonomic}

Logging:
Log output configuration:
 #0: stdout all=warning uptime,level,tags
 #1: stderr all=off uptime,level,tags

Environment Variables:
PATH=C:\Program Files\Java\jdk1.8.0_131\bin;C:\ProgramData\Oracle\Java\javapath;C:\WINDOWS\system32;C:\WINDOWS;C:\WINDOWS\System32\Wbem;C:\WINDOWS\System32\WindowsPowerShell\v1.0\;C:\WINDOWS\System32\OpenSSH\;C:\Program Files (x86)\AOMEI\AOMEI Backupper 6.4.0;C:\Program Files\Git\cmd;C:\Program Files\nodejs\;C:\Users\PARVATHY\AppData\Local\Microsoft\WindowsApps;C:\Program Files\heroku\bin;C:\Program Files\sfdx\bin;F:\Microsoft VS Code\bin;C:\Users\PARVATHY\AppData\Roaming\npm
USERNAME=PARVATHY
OS=Windows_NT
PROCESSOR_IDENTIFIER=Intel64 Family 6 Model 61 Stepping 4, GenuineIntel



---------------  S Y S T E M  ---------------

OS: Windows 10 , 64 bit Build 19041 (10.0.19041.1503)
OS uptime: 3 days 23:17 hours

CPU:total 4 (initial active 4) (2 cores per cpu, 2 threads per core) family 6 model 61 stepping 4 microcode 0x2d, cmov, cx8, fxsr, mmx, sse, sse2, sse3, ssse3, sse4.1, sse4.2, popcnt, avx, avx2, aes, clmul, erms, 3dnowpref, lzcnt, ht, tsc, tscinvbit, bmi1, bmi2, adx, fma

Memory: 4k page, system-wide physical 8103M (459M free)
TotalPageFile size 10603M (AvailPageFile size 5M)
current process WorkingSet (physical memory assigned to process): 344M, peak: 354M
current process commit charge ("private bytes"): 374M, peak: 384M

vm_info: OpenJDK 64-Bit Server VM (11.0.10+0-b96-7249189) for windows-amd64 JRE (11.0.10+0-b96-7249189), built on Mar 31 2021 21:44:00 by "builder" with MS VC++ 14.0 (VS2015)

END.
