#
# There is insufficient memory for the Java Runtime Environment to continue.
# Native memory allocation (malloc) failed to allocate 32744 bytes for ChunkPool::allocate
# Possible reasons:
#   The system is out of physical RAM or swap space
#   The process is running with CompressedOops enabled, and the Java Heap may be blocking the growth of the native heap
# Possible solutions:
#   Reduce memory load on the system
#   Increase physical memory or swap space
#   Check if swap backing store is full
#   Decrease Java heap size (-Xmx/-Xms)
#   Decrease number of Java threads
#   Decrease Java thread stack sizes (-Xss)
#   Set larger code cache with -XX:ReservedCodeCacheSize=
#   JVM is running with Unscaled Compressed Oops mode in which the Java heap is
#     placed in the first 4GB address space. The Java Heap base address is the
#     maximum limit for the native heap growth. Please use -XX:HeapBaseMinAddress
#     to set the Java Heap base and to place the Java Heap above 4GB virtual address.
# This output file may be truncated or incomplete.
#
#  Out of Memory Error (./src/hotspot/share/memory/arena.cpp:81), pid=19336, tid=2492
#
# JRE version: OpenJDK Runtime Environment (11.0.10) (build 11.0.10+0-b96-7249189)
# Java VM: OpenJDK 64-Bit Server VM (11.0.10+0-b96-7249189, mixed mode, tiered, compressed oops, g1 gc, windows-amd64)
# No core dump will be written. Minidumps are not enabled by default on client versions of Windows
#

---------------  S U M M A R Y ------------

Command Line: --add-opens=java.base/java.util=ALL-UNNAMED --add-opens=java.base/java.lang=ALL-UNNAMED --add-opens=java.base/java.lang.invoke=ALL-UNNAMED --add-opens=java.base/java.util=ALL-UNNAMED --add-opens=java.prefs/java.util.prefs=ALL-UNNAMED --add-opens=java.prefs/java.util.prefs=ALL-UNNAMED --add-opens=java.base/java.nio.charset=ALL-UNNAMED --add-opens=java.base/java.net=ALL-UNNAMED --add-opens=java.base/java.util.concurrent.atomic=ALL-UNNAMED -Xmx2048m -Dfile.encoding=UTF-8 -Duser.country=US -Duser.language=en -Duser.variant org.gradle.launcher.daemon.bootstrap.GradleDaemon 7.0.2

Host: Intel(R) Core(TM) i5-5200U CPU @ 2.20GHz, 4 cores, 7G,  Windows 10 , 64 bit Build 19041 (10.0.19041.1503)
Time: Tue Mar 15 11:10:13 2022 India Standard Time elapsed time: 92.890486 seconds (0d 0h 1m 32s)

---------------  T H R E A D  ---------------

Current thread (0x0000017ffe19d000):  JavaThread "C2 CompilerThread0" daemon [_thread_in_native, id=2492, stack(0x00000078c7400000,0x00000078c7500000)]


Current CompileTask:
C2:  92890 11066       4       org.gradle.api.internal.artifacts.transform.ConsumerProvidedVariantFinder::matchAttributes (68 bytes)

Stack: [0x00000078c7400000,0x00000078c7500000]
Native frames: (J=compiled Java code, j=interpreted, Vv=VM code, C=native code)
V  [jvm.dll+0x5ecfaa]
V  [jvm.dll+0x722bd5]
V  [jvm.dll+0x72412d]
V  [jvm.dll+0x7247e3]
V  [jvm.dll+0x242928]
V  [jvm.dll+0xbc75b]
V  [jvm.dll+0xbca0c]
V  [jvm.dll+0xbc608]
V  [jvm.dll+0x5cc470]
V  [jvm.dll+0x61cfee]
V  [jvm.dll+0x1980d8]
V  [jvm.dll+0x1fb70e]
V  [jvm.dll+0x1fa7f4]
V  [jvm.dll+0x18354c]
V  [jvm.dll+0x208ee7]
V  [jvm.dll+0x207731]
V  [jvm.dll+0x6eb1cf]
V  [jvm.dll+0x6e3d45]
V  [jvm.dll+0x5ebe96]
C  [ucrtbase.dll+0x21bb2]
C  [KERNEL32.DLL+0x17034]
C  [ntdll.dll+0x52651]


---------------  P R O C E S S  ---------------

Threads class SMR info:
_java_thread_list=0x0000017f933f1380, length=48, elements={
0x0000017ff2d64000, 0x0000017ffe13a800, 0x0000017ffe13b800, 0x0000017ffe196800,
0x0000017ffe198000, 0x0000017ffe19c000, 0x0000017ffe19d000, 0x0000017ffe1f1800,
0x0000017ffe20d000, 0x0000017ffe2fe000, 0x0000017fff81f800, 0x0000017fffada800,
0x0000017fff83b000, 0x0000017fff3d3800, 0x0000017fff3d4000, 0x0000017fff6f4800,
0x0000017f8f09b000, 0x0000017fff08b000, 0x0000017f8f24a800, 0x0000017f8f248800,
0x0000017f8f249800, 0x0000017f8f248000, 0x0000017f8f24c000, 0x0000017f8f24b000,
0x0000017f8f246800, 0x0000017f8f247000, 0x0000017f8f24d000, 0x0000017f8f2d8800,
0x0000017f8f2d9000, 0x0000017f8f2db800, 0x0000017f8f2da000, 0x0000017f8f2db000,
0x0000017f8f2d7000, 0x0000017f8f2e0800, 0x0000017f8f2e2000, 0x0000017f8f2df000,
0x0000017f8f2dd800, 0x0000017f8f2e1800, 0x0000017f8f2dc800, 0x0000017f8f2e3000,
0x0000017f8f2e4000, 0x0000017f8f2de000, 0x0000017f8f2e4800, 0x0000017fff6bc000,
0x0000017fff6b6800, 0x0000017fff6bd000, 0x0000017fff6b7000, 0x0000017fff6b8000
}

Java Threads: ( => current thread )
  0x0000017ff2d64000 JavaThread "main" [_thread_blocked, id=15420, stack(0x00000078c6800000,0x00000078c6900000)]
  0x0000017ffe13a800 JavaThread "Reference Handler" daemon [_thread_blocked, id=17604, stack(0x00000078c6f00000,0x00000078c7000000)]
  0x0000017ffe13b800 JavaThread "Finalizer" daemon [_thread_blocked, id=2688, stack(0x00000078c7000000,0x00000078c7100000)]
  0x0000017ffe196800 JavaThread "Signal Dispatcher" daemon [_thread_blocked, id=9048, stack(0x00000078c7100000,0x00000078c7200000)]
  0x0000017ffe198000 JavaThread "Attach Listener" daemon [_thread_blocked, id=8372, stack(0x00000078c7200000,0x00000078c7300000)]
  0x0000017ffe19c000 JavaThread "Service Thread" daemon [_thread_blocked, id=20372, stack(0x00000078c7300000,0x00000078c7400000)]
=>0x0000017ffe19d000 JavaThread "C2 CompilerThread0" daemon [_thread_in_native, id=2492, stack(0x00000078c7400000,0x00000078c7500000)]
  0x0000017ffe1f1800 JavaThread "C1 CompilerThread0" daemon [_thread_blocked, id=2824, stack(0x00000078c7500000,0x00000078c7600000)]
  0x0000017ffe20d000 JavaThread "Sweeper thread" daemon [_thread_blocked, id=5764, stack(0x00000078c7600000,0x00000078c7700000)]
  0x0000017ffe2fe000 JavaThread "Common-Cleaner" daemon [_thread_blocked, id=8416, stack(0x00000078c7700000,0x00000078c7800000)]
  0x0000017fff81f800 JavaThread "Daemon health stats" [_thread_blocked, id=2284, stack(0x00000078c7b00000,0x00000078c7c00000)]
  0x0000017fffada800 JavaThread "Incoming local TCP Connector on port 53980" [_thread_in_native, id=17392, stack(0x00000078c7c00000,0x00000078c7d00000)]
  0x0000017fff83b000 JavaThread "Daemon periodic checks" [_thread_blocked, id=12772, stack(0x00000078c7d00000,0x00000078c7e00000)]
  0x0000017fff3d3800 JavaThread "Daemon" [_thread_blocked, id=17456, stack(0x00000078c7e00000,0x00000078c7f00000)]
  0x0000017fff3d4000 JavaThread "Handler for socket connection from /127.0.0.1:53980 to /127.0.0.1:53981" [_thread_in_native, id=6568, stack(0x00000078c7f00000,0x00000078c8000000)]
  0x0000017fff6f4800 JavaThread "Cancel handler" [_thread_blocked, id=14572, stack(0x00000078c8000000,0x00000078c8100000)]
  0x0000017f8f09b000 JavaThread "Daemon worker" [_thread_blocked, id=8468, stack(0x00000078c8100000,0x00000078c8200000)]
  0x0000017fff08b000 JavaThread "Asynchronous log dispatcher for DefaultDaemonConnection: socket connection from /127.0.0.1:53980 to /127.0.0.1:53981" [_thread_blocked, id=4704, stack(0x00000078c8200000,0x00000078c8300000)]
  0x0000017f8f24a800 JavaThread "Daemon client event forwarder" [_thread_blocked, id=19812, stack(0x00000078c8400000,0x00000078c8500000)]
  0x0000017f8f248800 JavaThread "Cache worker for file hash cache (C:\Users\PARVATHY\.gradle\caches\7.0.2\fileHashes)" [_thread_blocked, id=7684, stack(0x00000078c8500000,0x00000078c8600000)]
  0x0000017f8f249800 JavaThread "File lock request listener" [_thread_in_native, id=2200, stack(0x00000078c8600000,0x00000078c8700000)]
  0x0000017f8f248000 JavaThread "Cache worker for journal cache (C:\Users\PARVATHY\.gradle\caches\journal-1)" [_thread_blocked, id=17632, stack(0x00000078c8800000,0x00000078c8900000)]
  0x0000017f8f24c000 JavaThread "Cache worker for file hash cache (E:\Rajagiri\Sem 6\Lead Manager App\.gradle\7.0.2\fileHashes)" [_thread_blocked, id=9500, stack(0x00000078c8900000,0x00000078c8a00000)]
  0x0000017f8f24b000 JavaThread "File watcher server" daemon [_thread_in_native, id=17488, stack(0x00000078c8b00000,0x00000078c8c00000)]
  0x0000017f8f246800 JavaThread "File watcher consumer" daemon [_thread_blocked, id=4372, stack(0x00000078c8c00000,0x00000078c8d00000)]
  0x0000017f8f247000 JavaThread "Cache worker for checksums cache (E:\Rajagiri\Sem 6\Lead Manager App\.gradle\checksums)" [_thread_blocked, id=18728, stack(0x00000078c8a00000,0x00000078c8b00000)]
  0x0000017f8f24d000 JavaThread "Cache worker for cache directory md-supplier (C:\Users\PARVATHY\.gradle\caches\7.0.2\md-supplier)" [_thread_blocked, id=16620, stack(0x00000078c8d00000,0x00000078c8e00000)]
  0x0000017f8f2d8800 JavaThread "Cache worker for cache directory md-rule (C:\Users\PARVATHY\.gradle\caches\7.0.2\md-rule)" [_thread_blocked, id=9236, stack(0x00000078c8e00000,0x00000078c8f00000)]
  0x0000017f8f2d9000 JavaThread "Cache worker for execution history cache (C:\Users\PARVATHY\.gradle\caches\7.0.2\executionHistory)" [_thread_blocked, id=14484, stack(0x00000078c8f00000,0x00000078c9000000)]
  0x0000017f8f2db800 JavaThread "jar transforms" [_thread_blocked, id=14968, stack(0x00000078c9100000,0x00000078c9200000)]
  0x0000017f8f2da000 JavaThread "jar transforms Thread 2" [_thread_blocked, id=8376, stack(0x00000078c9200000,0x00000078c9300000)]
  0x0000017f8f2db000 JavaThread "Cache worker for file content cache (C:\Users\PARVATHY\.gradle\caches\7.0.2\fileContent)" [_thread_blocked, id=16972, stack(0x00000078c9300000,0x00000078c9400000)]
  0x0000017f8f2d7000 JavaThread "Cache worker for dependencies-accessors (E:\Rajagiri\Sem 6\Lead Manager App\.gradle\7.0.2\dependencies-accessors)" [_thread_blocked, id=9356, stack(0x00000078c9400000,0x00000078c9500000)]
  0x0000017f8f2e0800 JavaThread "jar transforms Thread 3" [_thread_blocked, id=11476, stack(0x00000078c9000000,0x00000078c9100000)]
  0x0000017f8f2e2000 JavaThread "Cache worker for Build Output Cleanup Cache (E:\Rajagiri\Sem 6\Lead Manager App\.gradle\buildOutputCleanup)" [_thread_blocked, id=6376, stack(0x00000078c9500000,0x00000078c9600000)]
  0x0000017f8f2df000 JavaThread "Build operations" [_thread_blocked, id=20456, stack(0x00000078c9600000,0x00000078c9700000)]
  0x0000017f8f2dd800 JavaThread "Build operations Thread 2" [_thread_blocked, id=13912, stack(0x00000078c9700000,0x00000078c9800000)]
  0x0000017f8f2e1800 JavaThread "Build operations Thread 3" [_thread_blocked, id=18176, stack(0x00000078c9800000,0x00000078c9900000)]
  0x0000017f8f2dc800 JavaThread "Build operations Thread 4" [_thread_in_Java, id=16504, stack(0x00000078c9900000,0x00000078c9a00000)]
  0x0000017f8f2e3000 JavaThread "jar transforms Thread 4" [_thread_blocked, id=13636, stack(0x00000078c9a00000,0x00000078c9b00000)]
  0x0000017f8f2e4000 JavaThread "Memory manager" [_thread_blocked, id=19840, stack(0x00000078c9e00000,0x00000078c9f00000)]
  0x0000017f8f2de000 JavaThread "build event listener" [_thread_blocked, id=17928, stack(0x00000078c6400000,0x00000078c6500000)]
  0x0000017f8f2e4800 JavaThread "Execution worker for ':'" [_thread_blocked, id=19204, stack(0x00000078c6500000,0x00000078c6600000)]
  0x0000017fff6bc000 JavaThread "Execution worker for ':' Thread 2" [_thread_in_native, id=15492, stack(0x00000078c6600000,0x00000078c6700000)]
  0x0000017fff6b6800 JavaThread "Execution worker for ':' Thread 3" [_thread_blocked, id=17076, stack(0x00000078c9d00000,0x00000078c9e00000)]
  0x0000017fff6bd000 JavaThread "Cache worker for execution history cache (E:\Rajagiri\Sem 6\Lead Manager App\.gradle\7.0.2\executionHistory)" [_thread_blocked, id=16060, stack(0x00000078c9f00000,0x00000078ca000000)]
  0x0000017fff6b7000 JavaThread "Cache worker for Java compile cache (C:\Users\PARVATHY\.gradle\caches\7.0.2\javaCompile)" [_thread_blocked, id=16500, stack(0x00000078c8300000,0x00000078c8400000)]
  0x0000017fff6b8000 JavaThread "Cache worker for Java compile cache (E:\Rajagiri\Sem 6\Lead Manager App\.gradle\7.0.2\javaCompile)" [_thread_blocked, id=14812, stack(0x00000078ca000000,0x00000078ca100000)]

Other Threads:
  0x0000017ffe135800 VMThread "VM Thread" [stack: 0x00000078c6e00000,0x00000078c6f00000] [id=2496]
  0x0000017ffe373000 WatcherThread [stack: 0x00000078c7800000,0x00000078c7900000] [id=20020]
  0x0000017ff2d7c800 GCTaskThread "GC Thread#0" [stack: 0x00000078c6900000,0x00000078c6a00000] [id=3512]
  0x0000017ffe485000 GCTaskThread "GC Thread#1" [stack: 0x00000078c7900000,0x00000078c7a00000] [id=13272]
  0x0000017ffef0c800 GCTaskThread "GC Thread#2" [stack: 0x00000078c7a00000,0x00000078c7b00000] [id=15632]
  0x0000017ffe69e800 GCTaskThread "GC Thread#3" [stack: 0x00000078c8700000,0x00000078c8800000] [id=19548]
  0x0000017ff2dad000 ConcurrentGCThread "G1 Main Marker" [stack: 0x00000078c6a00000,0x00000078c6b00000] [id=7808]
  0x0000017ff2daf800 ConcurrentGCThread "G1 Conc#0" [stack: 0x00000078c6b00000,0x00000078c6c00000] [id=6408]
  0x0000017ffd672000 ConcurrentGCThread "G1 Refine#0" [stack: 0x00000078c6c00000,0x00000078c6d00000] [id=15620]
  0x0000017ffd673000 ConcurrentGCThread "G1 Young RemSet Sampling" [stack: 0x00000078c6d00000,0x00000078c6e00000] [id=2392]

Threads with active compile tasks:
C2 CompilerThread0  93678 11066       4       org.gradle.api.internal.artifacts.transform.ConsumerProvidedVariantFinder::matchAttributes (68 bytes)

VM state:not at safepoint (normal execution)

VM Mutex/Monitor currently owned by a thread: None

Heap address: 0x0000000080000000, size: 2048 MB, Compressed Oops mode: 32-bit
Narrow klass base: 0x0000000000000000, Narrow klass shift: 3
Compressed class space size: 1073741824 Address: 0x0000000100000000

Heap:
 garbage-first heap   total 131072K, used 87329K [0x0000000080000000, 0x0000000100000000)
  region size 1024K, 5 young (5120K), 2 survivors (2048K)
 Metaspace       used 89848K, capacity 92078K, committed 92272K, reserved 1130496K
  class space    used 11519K, capacity 12337K, committed 12364K, reserved 1048576K
Heap Regions: E=young(eden), S=young(survivor), O=old, HS=humongous(starts), HC=humongous(continues), CS=collection set, F=free, A=archive, TAMS=top-at-mark-start (previous, next)
|   0|0x0000000080000000, 0x0000000080100000, 0x0000000080100000|100%| O|  |TAMS 0x0000000080100000, 0x0000000080000000| Untracked 
|   1|0x0000000080100000, 0x0000000080200000, 0x0000000080200000|100%| O|  |TAMS 0x0000000080200000, 0x0000000080100000| Untracked 
|   2|0x0000000080200000, 0x0000000080300000, 0x0000000080300000|100%| O|  |TAMS 0x0000000080300000, 0x0000000080200000| Untracked 
|   3|0x0000000080300000, 0x0000000080400000, 0x0000000080400000|100%|HS|  |TAMS 0x0000000080400000, 0x0000000080300000| Complete 
|   4|0x0000000080400000, 0x0000000080500000, 0x0000000080500000|100%|HC|  |TAMS 0x0000000080500000, 0x0000000080400000| Complete 
|   5|0x0000000080500000, 0x0000000080600000, 0x0000000080600000|100%|HC|  |TAMS 0x0000000080600000, 0x0000000080500000| Complete 
|   6|0x0000000080600000, 0x0000000080700000, 0x0000000080700000|100%| O|  |TAMS 0x0000000080700000, 0x0000000080600000| Untracked 
|   7|0x0000000080700000, 0x0000000080800000, 0x0000000080800000|100%| O|  |TAMS 0x0000000080800000, 0x0000000080700000| Untracked 
|   8|0x0000000080800000, 0x0000000080900000, 0x0000000080900000|100%| O|  |TAMS 0x0000000080900000, 0x0000000080800000| Untracked 
|   9|0x0000000080900000, 0x0000000080a00000, 0x0000000080a00000|100%| O|  |TAMS 0x0000000080a00000, 0x0000000080900000| Untracked 
|  10|0x0000000080a00000, 0x0000000080b00000, 0x0000000080b00000|100%| O|  |TAMS 0x0000000080b00000, 0x0000000080a00000| Untracked 
|  11|0x0000000080b00000, 0x0000000080c00000, 0x0000000080c00000|100%| O|  |TAMS 0x0000000080c00000, 0x0000000080b00000| Untracked 
|  12|0x0000000080c00000, 0x0000000080d00000, 0x0000000080d00000|100%| O|  |TAMS 0x0000000080d00000, 0x0000000080c00000| Untracked 
|  13|0x0000000080d00000, 0x0000000080e00000, 0x0000000080e00000|100%| O|  |TAMS 0x0000000080e00000, 0x0000000080d00000| Untracked 
|  14|0x0000000080e00000, 0x0000000080f00000, 0x0000000080f00000|100%| O|  |TAMS 0x0000000080f00000, 0x0000000080e00000| Untracked 
|  15|0x0000000080f00000, 0x0000000081000000, 0x0000000081000000|100%| O|  |TAMS 0x0000000081000000, 0x0000000080f00000| Untracked 
|  16|0x0000000081000000, 0x0000000081100000, 0x0000000081100000|100%| O|  |TAMS 0x0000000081100000, 0x0000000081000000| Untracked 
|  17|0x0000000081100000, 0x0000000081200000, 0x0000000081200000|100%|HS|  |TAMS 0x0000000081200000, 0x0000000081100000| Complete 
|  18|0x0000000081200000, 0x0000000081300000, 0x0000000081300000|100%| O|  |TAMS 0x0000000081300000, 0x0000000081200000| Untracked 
|  19|0x0000000081300000, 0x0000000081400000, 0x0000000081400000|100%| O|  |TAMS 0x0000000081400000, 0x0000000081300000| Untracked 
|  20|0x0000000081400000, 0x0000000081500000, 0x0000000081500000|100%| O|  |TAMS 0x0000000081500000, 0x0000000081400000| Untracked 
|  21|0x0000000081500000, 0x0000000081600000, 0x0000000081600000|100%| O|  |TAMS 0x0000000081600000, 0x0000000081500000| Untracked 
|  22|0x0000000081600000, 0x0000000081700000, 0x0000000081700000|100%| O|  |TAMS 0x0000000081700000, 0x0000000081600000| Untracked 
|  23|0x0000000081700000, 0x0000000081800000, 0x0000000081800000|100%|HS|  |TAMS 0x0000000081800000, 0x0000000081700000| Complete 
|  24|0x0000000081800000, 0x0000000081900000, 0x0000000081900000|100%|HS|  |TAMS 0x0000000081900000, 0x0000000081800000| Complete 
|  25|0x0000000081900000, 0x0000000081a00000, 0x0000000081a00000|100%|HC|  |TAMS 0x0000000081a00000, 0x0000000081900000| Complete 
|  26|0x0000000081a00000, 0x0000000081b00000, 0x0000000081b00000|100%| O|  |TAMS 0x0000000081b00000, 0x0000000081a00000| Untracked 
|  27|0x0000000081b00000, 0x0000000081c00000, 0x0000000081c00000|100%| O|  |TAMS 0x0000000081c00000, 0x0000000081b00000| Untracked 
|  28|0x0000000081c00000, 0x0000000081d00000, 0x0000000081d00000|100%| O|  |TAMS 0x0000000081d00000, 0x0000000081c00000| Untracked 
|  29|0x0000000081d00000, 0x0000000081e00000, 0x0000000081e00000|100%| O|  |TAMS 0x0000000081e00000, 0x0000000081d00000| Untracked 
|  30|0x0000000081e00000, 0x0000000081f00000, 0x0000000081f00000|100%| O|  |TAMS 0x0000000081f00000, 0x0000000081e00000| Untracked 
|  31|0x0000000081f00000, 0x0000000082000000, 0x0000000082000000|100%| O|  |TAMS 0x0000000082000000, 0x0000000081f00000| Untracked 
|  32|0x0000000082000000, 0x0000000082100000, 0x0000000082100000|100%| O|  |TAMS 0x0000000082100000, 0x0000000082000000| Untracked 
|  33|0x0000000082100000, 0x0000000082200000, 0x0000000082200000|100%| O|  |TAMS 0x0000000082200000, 0x0000000082100000| Untracked 
|  34|0x0000000082200000, 0x0000000082300000, 0x0000000082300000|100%| O|  |TAMS 0x0000000082300000, 0x0000000082200000| Untracked 
|  35|0x0000000082300000, 0x0000000082400000, 0x0000000082400000|100%| O|  |TAMS 0x0000000082400000, 0x0000000082300000| Untracked 
|  36|0x0000000082400000, 0x0000000082500000, 0x0000000082500000|100%| O|  |TAMS 0x0000000082500000, 0x0000000082400000| Untracked 
|  37|0x0000000082500000, 0x0000000082600000, 0x0000000082600000|100%| O|  |TAMS 0x0000000082600000, 0x0000000082500000| Untracked 
|  38|0x0000000082600000, 0x0000000082700000, 0x0000000082700000|100%| O|  |TAMS 0x0000000082700000, 0x0000000082600000| Untracked 
|  39|0x0000000082700000, 0x0000000082800000, 0x0000000082800000|100%| O|  |TAMS 0x0000000082800000, 0x0000000082700000| Untracked 
|  40|0x0000000082800000, 0x0000000082900000, 0x0000000082900000|100%| O|  |TAMS 0x0000000082900000, 0x0000000082800000| Untracked 
|  41|0x0000000082900000, 0x0000000082a00000, 0x0000000082a00000|100%| O|  |TAMS 0x0000000082a00000, 0x0000000082900000| Untracked 
|  42|0x0000000082a00000, 0x0000000082b00000, 0x0000000082b00000|100%| O|  |TAMS 0x0000000082b00000, 0x0000000082a00000| Untracked 
|  43|0x0000000082b00000, 0x0000000082c00000, 0x0000000082c00000|100%| O|  |TAMS 0x0000000082c00000, 0x0000000082b00000| Untracked 
|  44|0x0000000082c00000, 0x0000000082d00000, 0x0000000082d00000|100%| O|  |TAMS 0x0000000082d00000, 0x0000000082c00000| Untracked 
|  45|0x0000000082d00000, 0x0000000082e00000, 0x0000000082e00000|100%| O|  |TAMS 0x0000000082e00000, 0x0000000082d00000| Untracked 
|  46|0x0000000082e00000, 0x0000000082f00000, 0x0000000082f00000|100%| O|  |TAMS 0x0000000082f00000, 0x0000000082e00000| Untracked 
|  47|0x0000000082f00000, 0x0000000083000000, 0x0000000083000000|100%| O|  |TAMS 0x0000000083000000, 0x0000000082f00000| Untracked 
|  48|0x0000000083000000, 0x0000000083100000, 0x0000000083100000|100%| O|  |TAMS 0x0000000083100000, 0x0000000083000000| Untracked 
|  49|0x0000000083100000, 0x0000000083200000, 0x0000000083200000|100%| O|  |TAMS 0x0000000083200000, 0x0000000083100000| Untracked 
|  50|0x0000000083200000, 0x0000000083300000, 0x0000000083300000|100%| O|  |TAMS 0x0000000083300000, 0x0000000083200000| Untracked 
|  51|0x0000000083300000, 0x0000000083400000, 0x0000000083400000|100%| O|  |TAMS 0x0000000083400000, 0x0000000083300000| Untracked 
|  52|0x0000000083400000, 0x0000000083500000, 0x0000000083500000|100%| O|  |TAMS 0x0000000083500000, 0x0000000083400000| Untracked 
|  53|0x0000000083500000, 0x0000000083600000, 0x0000000083600000|100%| O|  |TAMS 0x0000000083600000, 0x0000000083500000| Untracked 
|  54|0x0000000083600000, 0x0000000083700000, 0x0000000083700000|100%| O|  |TAMS 0x0000000083700000, 0x0000000083600000| Untracked 
|  55|0x0000000083700000, 0x0000000083800000, 0x0000000083800000|100%| O|  |TAMS 0x0000000083800000, 0x0000000083700000| Untracked 
|  56|0x0000000083800000, 0x0000000083900000, 0x0000000083900000|100%| O|  |TAMS 0x0000000083900000, 0x0000000083800000| Untracked 
|  57|0x0000000083900000, 0x0000000083a00000, 0x0000000083a00000|100%| O|  |TAMS 0x0000000083a00000, 0x0000000083900000| Untracked 
|  58|0x0000000083a00000, 0x0000000083b00000, 0x0000000083b00000|100%| O|  |TAMS 0x0000000083b00000, 0x0000000083a00000| Untracked 
|  59|0x0000000083b00000, 0x0000000083c00000, 0x0000000083c00000|100%| O|  |TAMS 0x0000000083c00000, 0x0000000083b00000| Untracked 
|  60|0x0000000083c00000, 0x0000000083d00000, 0x0000000083d00000|100%| O|  |TAMS 0x0000000083d00000, 0x0000000083c00000| Untracked 
|  61|0x0000000083d00000, 0x0000000083e00000, 0x0000000083e00000|100%| O|  |TAMS 0x0000000083e00000, 0x0000000083d00000| Untracked 
|  62|0x0000000083e00000, 0x0000000083f00000, 0x0000000083f00000|100%| O|  |TAMS 0x0000000083f00000, 0x0000000083e00000| Untracked 
|  63|0x0000000083f00000, 0x0000000084000000, 0x0000000084000000|100%| O|  |TAMS 0x0000000084000000, 0x0000000083f00000| Untracked 
|  64|0x0000000084000000, 0x0000000084100000, 0x0000000084100000|100%| O|  |TAMS 0x0000000084100000, 0x0000000084000000| Untracked 
|  65|0x0000000084100000, 0x0000000084200000, 0x0000000084200000|100%| O|  |TAMS 0x0000000084200000, 0x0000000084100000| Untracked 
|  66|0x0000000084200000, 0x0000000084300000, 0x0000000084300000|100%| O|  |TAMS 0x0000000084300000, 0x0000000084200000| Untracked 
|  67|0x0000000084300000, 0x0000000084400000, 0x0000000084400000|100%| O|  |TAMS 0x0000000084400000, 0x0000000084300000| Untracked 
|  68|0x0000000084400000, 0x0000000084500000, 0x0000000084500000|100%| O|  |TAMS 0x0000000084500000, 0x0000000084400000| Untracked 
|  69|0x0000000084500000, 0x0000000084600000, 0x0000000084600000|100%| O|  |TAMS 0x0000000084600000, 0x0000000084500000| Untracked 
|  70|0x0000000084600000, 0x0000000084700000, 0x0000000084700000|100%|HS|  |TAMS 0x0000000084700000, 0x0000000084600000| Complete 
|  71|0x0000000084700000, 0x0000000084800000, 0x0000000084800000|100%|HC|  |TAMS 0x0000000084800000, 0x0000000084700000| Complete 
|  72|0x0000000084800000, 0x0000000084900000, 0x0000000084900000|100%| O|  |TAMS 0x0000000084900000, 0x0000000084800000| Untracked 
|  73|0x0000000084900000, 0x0000000084a00000, 0x0000000084a00000|100%| O|  |TAMS 0x0000000084a00000, 0x0000000084900000| Untracked 
|  74|0x0000000084a00000, 0x0000000084b00000, 0x0000000084b00000|100%| O|  |TAMS 0x0000000084b00000, 0x0000000084a00000| Untracked 
|  75|0x0000000084b00000, 0x0000000084c00000, 0x0000000084c00000|100%| O|  |TAMS 0x0000000084c00000, 0x0000000084b00000| Untracked 
|  76|0x0000000084c00000, 0x0000000084d00000, 0x0000000084d00000|100%| O|  |TAMS 0x0000000084d00000, 0x0000000084c00000| Untracked 
|  77|0x0000000084d00000, 0x0000000084e00000, 0x0000000084e00000|100%| O|  |TAMS 0x0000000084e00000, 0x0000000084d00000| Untracked 
|  78|0x0000000084e00000, 0x0000000084f00000, 0x0000000084f00000|100%| O|  |TAMS 0x0000000084f00000, 0x0000000084e00000| Untracked 
|  79|0x0000000084f00000, 0x0000000085000000, 0x0000000085000000|100%| O|  |TAMS 0x0000000085000000, 0x0000000084f00000| Untracked 
|  80|0x0000000085000000, 0x0000000085100000, 0x0000000085100000|100%| O|  |TAMS 0x0000000085098200, 0x0000000085000000| Untracked 
|  81|0x0000000085100000, 0x0000000085200000, 0x0000000085200000|100%| O|  |TAMS 0x0000000085100000, 0x0000000085100000| Untracked 
|  82|0x0000000085200000, 0x00000000852e0200, 0x0000000085300000| 87%| O|  |TAMS 0x0000000085200000, 0x0000000085200000| Untracked 
|  83|0x0000000085300000, 0x0000000085300000, 0x0000000085400000|  0%| F|  |TAMS 0x0000000085300000, 0x0000000085300000| Untracked 
|  84|0x0000000085400000, 0x0000000085400000, 0x0000000085500000|  0%| F|  |TAMS 0x0000000085400000, 0x0000000085400000| Untracked 
|  85|0x0000000085500000, 0x0000000085500000, 0x0000000085600000|  0%| F|  |TAMS 0x0000000085500000, 0x0000000085500000| Untracked 
|  86|0x0000000085600000, 0x0000000085600000, 0x0000000085700000|  0%| F|  |TAMS 0x0000000085600000, 0x0000000085600000| Untracked 
|  87|0x0000000085700000, 0x0000000085700000, 0x0000000085800000|  0%| F|  |TAMS 0x0000000085700000, 0x0000000085700000| Untracked 
|  88|0x0000000085800000, 0x0000000085800000, 0x0000000085900000|  0%| F|  |TAMS 0x0000000085800000, 0x0000000085800000| Untracked 
|  89|0x0000000085900000, 0x0000000085900000, 0x0000000085a00000|  0%| F|  |TAMS 0x0000000085900000, 0x0000000085900000| Untracked 
|  90|0x0000000085a00000, 0x0000000085a00000, 0x0000000085b00000|  0%| F|  |TAMS 0x0000000085a00000, 0x0000000085a00000| Untracked 
|  91|0x0000000085b00000, 0x0000000085b00000, 0x0000000085c00000|  0%| F|  |TAMS 0x0000000085b00000, 0x0000000085b00000| Untracked 
|  92|0x0000000085c00000, 0x0000000085c00000, 0x0000000085d00000|  0%| F|  |TAMS 0x0000000085c00000, 0x0000000085c00000| Untracked 
|  93|0x0000000085d00000, 0x0000000085d00000, 0x0000000085e00000|  0%| F|  |TAMS 0x0000000085d00000, 0x0000000085d00000| Untracked 
|  94|0x0000000085e00000, 0x0000000085e00000, 0x0000000085f00000|  0%| F|  |TAMS 0x0000000085e00000, 0x0000000085e00000| Untracked 
|  95|0x0000000085f00000, 0x0000000085f00000, 0x0000000086000000|  0%| F|  |TAMS 0x0000000085f00000, 0x0000000085f00000| Untracked 
|  96|0x0000000086000000, 0x0000000086000000, 0x0000000086100000|  0%| F|  |TAMS 0x0000000086000000, 0x0000000086000000| Untracked 
|  97|0x0000000086100000, 0x0000000086100000, 0x0000000086200000|  0%| F|  |TAMS 0x0000000086100000, 0x0000000086100000| Untracked 
|  98|0x0000000086200000, 0x0000000086200000, 0x0000000086300000|  0%| F|  |TAMS 0x0000000086200000, 0x0000000086200000| Untracked 
|  99|0x0000000086300000, 0x0000000086300000, 0x0000000086400000|  0%| F|  |TAMS 0x0000000086300000, 0x0000000086300000| Untracked 
| 100|0x0000000086400000, 0x0000000086400000, 0x0000000086500000|  0%| F|  |TAMS 0x0000000086400000, 0x0000000086400000| Untracked 
| 101|0x0000000086500000, 0x0000000086568418, 0x0000000086600000| 40%| S|CS|TAMS 0x0000000086500000, 0x0000000086500000| Complete 
| 102|0x0000000086600000, 0x0000000086600000, 0x0000000086700000|  0%| F|  |TAMS 0x0000000086600000, 0x0000000086600000| Untracked 
| 103|0x0000000086700000, 0x0000000086700000, 0x0000000086800000|  0%| F|  |TAMS 0x0000000086700000, 0x0000000086700000| Untracked 
| 104|0x0000000086800000, 0x0000000086800000, 0x0000000086900000|  0%| F|  |TAMS 0x0000000086800000, 0x0000000086800000| Untracked 
| 105|0x0000000086900000, 0x0000000086a00000, 0x0000000086a00000|100%| S|CS|TAMS 0x0000000086900000, 0x0000000086900000| Complete 
| 106|0x0000000086a00000, 0x0000000086a00000, 0x0000000086b00000|  0%| F|  |TAMS 0x0000000086a00000, 0x0000000086a00000| Untracked 
| 107|0x0000000086b00000, 0x0000000086b00000, 0x0000000086c00000|  0%| F|  |TAMS 0x0000000086b00000, 0x0000000086b00000| Untracked 
| 108|0x0000000086c00000, 0x0000000086c00000, 0x0000000086d00000|  0%| F|  |TAMS 0x0000000086c00000, 0x0000000086c00000| Untracked 
| 109|0x0000000086d00000, 0x0000000086d00000, 0x0000000086e00000|  0%| F|  |TAMS 0x0000000086d00000, 0x0000000086d00000| Untracked 
| 110|0x0000000086e00000, 0x0000000086e00000, 0x0000000086f00000|  0%| F|  |TAMS 0x0000000086e00000, 0x0000000086e00000| Untracked 
| 111|0x0000000086f00000, 0x0000000086f00000, 0x0000000087000000|  0%| F|  |TAMS 0x0000000086f00000, 0x0000000086f00000| Untracked 
| 112|0x0000000087000000, 0x0000000087000000, 0x0000000087100000|  0%| F|  |TAMS 0x0000000087000000, 0x0000000087000000| Untracked 
| 113|0x0000000087100000, 0x0000000087100000, 0x0000000087200000|  0%| F|  |TAMS 0x0000000087100000, 0x0000000087100000| Untracked 
| 114|0x0000000087200000, 0x0000000087200000, 0x0000000087300000|  0%| F|  |TAMS 0x0000000087200000, 0x0000000087200000| Untracked 
| 115|0x0000000087300000, 0x0000000087300000, 0x0000000087400000|  0%| F|  |TAMS 0x0000000087300000, 0x0000000087300000| Untracked 
| 116|0x0000000087400000, 0x0000000087400000, 0x0000000087500000|  0%| F|  |TAMS 0x0000000087400000, 0x0000000087400000| Untracked 
| 117|0x0000000087500000, 0x0000000087500000, 0x0000000087600000|  0%| F|  |TAMS 0x0000000087500000, 0x0000000087500000| Untracked 
| 118|0x0000000087600000, 0x0000000087600000, 0x0000000087700000|  0%| F|  |TAMS 0x0000000087600000, 0x0000000087600000| Untracked 
| 119|0x0000000087700000, 0x0000000087700000, 0x0000000087800000|  0%| F|  |TAMS 0x0000000087700000, 0x0000000087700000| Untracked 
| 120|0x0000000087800000, 0x0000000087800000, 0x0000000087900000|  0%| F|  |TAMS 0x0000000087800000, 0x0000000087800000| Untracked 
| 121|0x0000000087900000, 0x0000000087900000, 0x0000000087a00000|  0%| F|  |TAMS 0x0000000087900000, 0x0000000087900000| Untracked 
| 122|0x0000000087a00000, 0x0000000087a00000, 0x0000000087b00000|  0%| F|  |TAMS 0x0000000087a00000, 0x0000000087a00000| Untracked 
| 123|0x0000000087b00000, 0x0000000087b00000, 0x0000000087c00000|  0%| F|  |TAMS 0x0000000087b00000, 0x0000000087b00000| Untracked 
| 124|0x0000000087c00000, 0x0000000087c00000, 0x0000000087d00000|  0%| F|  |TAMS 0x0000000087c00000, 0x0000000087c00000| Untracked 
| 125|0x0000000087d00000, 0x0000000087dd59e8, 0x0000000087e00000| 83%| E|  |TAMS 0x0000000087d00000, 0x0000000087d00000| Complete 
| 126|0x0000000087e00000, 0x0000000087f00000, 0x0000000087f00000|100%| E|  |TAMS 0x0000000087e00000, 0x0000000087e00000| Complete 
| 127|0x0000000087f00000, 0x0000000088000000, 0x0000000088000000|100%| E|CS|TAMS 0x0000000087f00000, 0x0000000087f00000| Complete 

Card table byte_map: [0x0000017ff6bd0000,0x0000017ff6fd0000] _byte_map_base: 0x0000017ff67d0000

Marking Bits (Prev, Next): (CMBitMap*) 0x0000017ff2da46f0, (CMBitMap*) 0x0000017ff2da46b8
 Prev Bits: [0x0000017ff93d0000, 0x0000017ffb3d0000)
 Next Bits: [0x0000017ff73d0000, 0x0000017ff93d0000)

Polling page: 0x0000017ff0660000

Metaspace:

Usage:
  Non-class:     77.87 MB capacity,    76.49 MB ( 98%) used,     1.12 MB (  1%) free+waste,   260.31 KB ( <1%) overhead. 
      Class:     12.05 MB capacity,    11.25 MB ( 93%) used,   701.38 KB (  6%) free+waste,   116.38 KB ( <1%) overhead. 
       Both:     89.92 MB capacity,    87.74 MB ( 98%) used,     1.81 MB (  2%) free+waste,   376.69 KB ( <1%) overhead. 

Virtual space:
  Non-class space:       80.00 MB reserved,      78.04 MB ( 98%) committed 
      Class space:        1.00 GB reserved,      12.07 MB (  1%) committed 
             Both:        1.08 GB reserved,      90.11 MB (  8%) committed 

Chunk freelists:
   Non-Class:  39.00 KB
       Class:  1.00 KB
        Both:  40.00 KB

MaxMetaspaceSize: 17179869184.00 GB
CompressedClassSpaceSize: 1.00 GB

CodeHeap 'non-profiled nmethods': size=120064Kb used=6645Kb max_used=6645Kb free=113418Kb
 bounds [0x0000017f87ac0000, 0x0000017f88140000, 0x0000017f8f000000]
CodeHeap 'profiled nmethods': size=120000Kb used=24085Kb max_used=24085Kb free=95914Kb
 bounds [0x0000017f80590000, 0x0000017f81d20000, 0x0000017f87ac0000]
CodeHeap 'non-nmethods': size=5696Kb used=2285Kb max_used=2328Kb free=3410Kb
 bounds [0x0000017f80000000, 0x0000017f80270000, 0x0000017f80590000]
 total_blobs=11912 nmethods=11021 adapters=801
 compilation: enabled
              stopped_count=0, restarted_count=0
 full_count=0

Compilation events (20 events):
Event: 91.437 Thread 0x0000017ffe19d000 nmethod 11052 0x0000017f8813af10 code [0x0000017f8813b0c0, 0x0000017f8813b208]
Event: 91.451 Thread 0x0000017ffe19d000 11062       4       java.util.concurrent.ArrayBlockingQueue::enqueue (53 bytes)
Event: 91.467 Thread 0x0000017ffe1f1800 11064       3       org.gradle.api.internal.file.AbstractFileCollection::iterator (10 bytes)
Event: 91.467 Thread 0x0000017ffe1f1800 nmethod 11064 0x0000017f81cfb590 code [0x0000017f81cfb760, 0x0000017f81cfb9d8]
Event: 91.468 Thread 0x0000017ffe1f1800 11065       3       org.gradle.api.internal.tasks.properties.bean.AbstractNestedRuntimeBeanNode$BeanPropertyValue::maybeFinalizeValue (27 bytes)
Event: 91.468 Thread 0x0000017ffe1f1800 nmethod 11065 0x0000017f81cfba90 code [0x0000017f81cfbc80, 0x0000017f81cfc108]
Event: 91.483 Thread 0x0000017ffe19d000 nmethod 11062 0x0000017f8813b410 code [0x0000017f8813b5e0, 0x0000017f8813be88]
Event: 91.483 Thread 0x0000017ffe19d000 11063       4       org.gradle.internal.snapshot.AbstractIncompleteFileSystemNode::getSnapshot (15 bytes)
Event: 91.487 Thread 0x0000017ffe19d000 nmethod 11063 0x0000017f8813c190 code [0x0000017f8813c340, 0x0000017f8813c478]
Event: 91.487 Thread 0x0000017ffe19d000 11067       4       org.gradle.api.internal.artifacts.transform.ConsumerProvidedVariantFinder::getCache (41 bytes)
Event: 91.514 Thread 0x0000017ffe19d000 nmethod 11067 0x0000017f8813c610 code [0x0000017f8813c800, 0x0000017f8813cc88]
Event: 91.514 Thread 0x0000017ffe19d000 11066       4       org.gradle.api.internal.artifacts.transform.ConsumerProvidedVariantFinder::matchAttributes (68 bytes)
Event: 91.530 Thread 0x0000017ffe1f1800 11070       1       org.gradle.internal.logging.events.ProgressStartEvent::getBuildOperationId (5 bytes)
Event: 91.530 Thread 0x0000017ffe1f1800 nmethod 11070 0x0000017f8813d190 code [0x0000017f8813d340, 0x0000017f8813d3f8]
Event: 91.789 Thread 0x0000017ffe1f1800 11072       3       org.gradle.internal.io.StreamByteBuffer$StreamByteBufferChunk::writeTo (41 bytes)
Event: 91.789 Thread 0x0000017ffe1f1800 nmethod 11072 0x0000017f81cfc290 code [0x0000017f81cfc440, 0x0000017f81cfc668]
Event: 91.828 Thread 0x0000017ffe1f1800 11073       3       org.gradle.cache.internal.btree.BTreePersistentIndexedCache$DataBlock::write (33 bytes)
Event: 91.829 Thread 0x0000017ffe1f1800 nmethod 11073 0x0000017f81cfc790 code [0x0000017f81cfc9a0, 0x0000017f81cfcd28]
Event: 91.829 Thread 0x0000017ffe1f1800 11074       3       org.gradle.internal.io.StreamByteBuffer::writeTo (20 bytes)
Event: 91.830 Thread 0x0000017ffe1f1800 nmethod 11074 0x0000017f81cfcf10 code [0x0000017f81cfd0e0, 0x0000017f81cfd318]

GC Heap History (20 events):
Event: 50.418 GC heap before
{Heap before GC invocations=13 (full 0):
 garbage-first heap   total 131072K, used 99205K [0x0000000080000000, 0x0000000100000000)
  region size 1024K, 55 young (56320K), 4 survivors (4096K)
 Metaspace       used 63356K, capacity 64878K, committed 65008K, reserved 1105920K
  class space    used 8018K, capacity 8565K, committed 8652K, reserved 1048576K
}
Event: 50.437 GC heap after
{Heap after GC invocations=14 (full 0):
 garbage-first heap   total 131072K, used 50231K [0x0000000080000000, 0x0000000100000000)
  region size 1024K, 7 young (7168K), 7 survivors (7168K)
 Metaspace       used 63356K, capacity 64878K, committed 65008K, reserved 1105920K
  class space    used 8018K, capacity 8565K, committed 8652K, reserved 1048576K
}
Event: 54.115 GC heap before
{Heap before GC invocations=15 (full 0):
 garbage-first heap   total 131072K, used 101431K [0x0000000080000000, 0x0000000100000000)
  region size 1024K, 57 young (58368K), 7 survivors (7168K)
 Metaspace       used 67649K, capacity 69283K, committed 69360K, reserved 1110016K
  class space    used 8734K, capacity 9350K, committed 9420K, reserved 1048576K
}
Event: 54.136 GC heap after
{Heap after GC invocations=16 (full 0):
 garbage-first heap   total 131072K, used 54376K [0x0000000080000000, 0x0000000100000000)
  region size 1024K, 5 young (5120K), 5 survivors (5120K)
 Metaspace       used 67649K, capacity 69283K, committed 69360K, reserved 1110016K
  class space    used 8734K, capacity 9350K, committed 9420K, reserved 1048576K
}
Event: 58.270 GC heap before
{Heap before GC invocations=16 (full 0):
 garbage-first heap   total 131072K, used 103528K [0x0000000080000000, 0x0000000100000000)
  region size 1024K, 53 young (54272K), 5 survivors (5120K)
 Metaspace       used 72543K, capacity 74346K, committed 74480K, reserved 1114112K
  class space    used 9458K, capacity 10101K, committed 10188K, reserved 1048576K
}
Event: 58.289 GC heap after
{Heap after GC invocations=17 (full 0):
 garbage-first heap   total 131072K, used 57714K [0x0000000080000000, 0x0000000100000000)
  region size 1024K, 3 young (3072K), 3 survivors (3072K)
 Metaspace       used 72543K, capacity 74346K, committed 74480K, reserved 1114112K
  class space    used 9458K, capacity 10101K, committed 10188K, reserved 1048576K
}
Event: 61.563 GC heap before
{Heap before GC invocations=17 (full 0):
 garbage-first heap   total 131072K, used 104818K [0x0000000080000000, 0x0000000100000000)
  region size 1024K, 50 young (51200K), 3 survivors (3072K)
 Metaspace       used 77459K, capacity 79429K, committed 79600K, reserved 1118208K
  class space    used 10132K, capacity 10853K, committed 10956K, reserved 1048576K
}
Event: 61.583 GC heap after
{Heap after GC invocations=18 (full 0):
 garbage-first heap   total 131072K, used 61082K [0x0000000080000000, 0x0000000100000000)
  region size 1024K, 7 young (7168K), 7 survivors (7168K)
 Metaspace       used 77459K, capacity 79429K, committed 79600K, reserved 1118208K
  class space    used 10132K, capacity 10853K, committed 10956K, reserved 1048576K
}
Event: 68.938 GC heap before
{Heap before GC invocations=18 (full 0):
 garbage-first heap   total 131072K, used 105114K [0x0000000080000000, 0x0000000100000000)
  region size 1024K, 51 young (52224K), 7 survivors (7168K)
 Metaspace       used 78716K, capacity 80657K, committed 80752K, reserved 1120256K
  class space    used 10277K, capacity 11036K, committed 11084K, reserved 1048576K
}
Event: 68.956 GC heap after
{Heap after GC invocations=19 (full 0):
 garbage-first heap   total 131072K, used 64673K [0x0000000080000000, 0x0000000100000000)
  region size 1024K, 7 young (7168K), 7 survivors (7168K)
 Metaspace       used 78716K, capacity 80657K, committed 80752K, reserved 1120256K
  class space    used 10277K, capacity 11036K, committed 11084K, reserved 1048576K
}
Event: 73.339 GC heap before
{Heap before GC invocations=19 (full 0):
 garbage-first heap   total 131072K, used 106657K [0x0000000080000000, 0x0000000100000000)
  region size 1024K, 49 young (50176K), 7 survivors (7168K)
 Metaspace       used 79241K, capacity 81313K, committed 81648K, reserved 1120256K
  class space    used 10318K, capacity 11092K, committed 11212K, reserved 1048576K
}
Event: 73.357 GC heap after
{Heap after GC invocations=20 (full 0):
 garbage-first heap   total 131072K, used 67846K [0x0000000080000000, 0x0000000100000000)
  region size 1024K, 7 young (7168K), 7 survivors (7168K)
 Metaspace       used 79241K, capacity 81313K, committed 81648K, reserved 1120256K
  class space    used 10318K, capacity 11092K, committed 11212K, reserved 1048576K
}
Event: 76.924 GC heap before
{Heap before GC invocations=20 (full 0):
 garbage-first heap   total 131072K, used 106758K [0x0000000080000000, 0x0000000100000000)
  region size 1024K, 46 young (47104K), 7 survivors (7168K)
 Metaspace       used 80964K, capacity 83041K, committed 83312K, reserved 1122304K
  class space    used 10488K, capacity 11242K, committed 11340K, reserved 1048576K
}
Event: 76.961 GC heap after
{Heap after GC invocations=21 (full 0):
 garbage-first heap   total 131072K, used 71112K [0x0000000080000000, 0x0000000100000000)
  region size 1024K, 6 young (6144K), 6 survivors (6144K)
 Metaspace       used 80964K, capacity 83041K, committed 83312K, reserved 1122304K
  class space    used 10488K, capacity 11242K, committed 11340K, reserved 1048576K
}
Event: 80.798 GC heap before
{Heap before GC invocations=22 (full 0):
 garbage-first heap   total 131072K, used 105928K [0x0000000080000000, 0x0000000100000000)
  region size 1024K, 42 young (43008K), 6 survivors (6144K)
 Metaspace       used 87332K, capacity 89500K, committed 89712K, reserved 1126400K
  class space    used 11289K, capacity 12096K, committed 12108K, reserved 1048576K
}
Event: 80.866 GC heap after
{Heap after GC invocations=23 (full 0):
 garbage-first heap   total 131072K, used 74894K [0x0000000080000000, 0x0000000100000000)
  region size 1024K, 4 young (4096K), 4 survivors (4096K)
 Metaspace       used 87332K, capacity 89500K, committed 89712K, reserved 1126400K
  class space    used 11289K, capacity 12096K, committed 12108K, reserved 1048576K
}
Event: 85.071 GC heap before
{Heap before GC invocations=24 (full 0):
 garbage-first heap   total 131072K, used 110734K [0x0000000080000000, 0x0000000100000000)
  region size 1024K, 37 young (37888K), 4 survivors (4096K)
 Metaspace       used 88112K, capacity 90287K, committed 90608K, reserved 1128448K
  class space    used 11341K, capacity 12142K, committed 12236K, reserved 1048576K
}
Event: 85.113 GC heap after
{Heap after GC invocations=25 (full 0):
 garbage-first heap   total 131072K, used 84992K [0x0000000080000000, 0x0000000100000000)
  region size 1024K, 5 young (5120K), 5 survivors (5120K)
 Metaspace       used 88112K, capacity 90287K, committed 90608K, reserved 1128448K
  class space    used 11341K, capacity 12142K, committed 12236K, reserved 1048576K
}
Event: 89.117 GC heap before
{Heap before GC invocations=25 (full 0):
 garbage-first heap   total 131072K, used 107520K [0x0000000080000000, 0x0000000100000000)
  region size 1024K, 28 young (28672K), 5 survivors (5120K)
 Metaspace       used 89771K, capacity 91999K, committed 92272K, reserved 1130496K
  class space    used 11519K, capacity 12338K, committed 12364K, reserved 1048576K
}
Event: 89.131 GC heap after
{Heap after GC invocations=26 (full 0):
 garbage-first heap   total 131072K, used 85036K [0x0000000080000000, 0x0000000100000000)
  region size 1024K, 3 young (3072K), 3 survivors (3072K)
 Metaspace       used 89771K, capacity 91999K, committed 92272K, reserved 1130496K
  class space    used 11519K, capacity 12338K, committed 12364K, reserved 1048576K
}

Deoptimization events (20 events):
Event: 88.747 Thread 0x0000017f8f2df000 DEOPT PACKING pc=0x0000017f81a45bc4 sp=0x00000078c96fd460
Event: 88.747 Thread 0x0000017f8f2df000 DEOPT UNPACKING pc=0x0000017f800276ce sp=0x00000078c96fca00 mode 0
Event: 88.910 Thread 0x0000017f8f2df000 Uncommon trap: trap_request=0xfffffff4 fr.pc=0x0000017f88113680 relative=0x00000000000004c0
Event: 88.910 Thread 0x0000017f8f2df000 Uncommon trap: reason=null_check action=make_not_entrant pc=0x0000017f88113680 method=org.gradle.tooling.internal.provider.runner.SubtreeFilteringBuildOperationListener.finished(Lorg/gradle/internal/operations/BuildOperationDescriptor;Lorg/gradle/internal
Event: 88.910 Thread 0x0000017f8f2df000 DEOPT PACKING pc=0x0000017f88113680 sp=0x00000078c96fe170
Event: 88.910 Thread 0x0000017f8f2df000 DEOPT UNPACKING pc=0x0000017f800278af sp=0x00000078c96fe108 mode 2
Event: 89.648 Thread 0x0000017f8f2d9000 Uncommon trap: trap_request=0xffffff4d fr.pc=0x0000017f87f9efc8 relative=0x0000000000000808
Event: 89.648 Thread 0x0000017f8f2d9000 Uncommon trap: reason=unstable_if action=reinterpret pc=0x0000017f87f9efc8 method=com.google.common.collect.MapMakerInternalMap$Segment.drainKeyReferenceQueue(Ljava/lang/ref/ReferenceQueue;)V @ 8 c2
Event: 89.648 Thread 0x0000017f8f2d9000 DEOPT PACKING pc=0x0000017f87f9efc8 sp=0x00000078c8ffdfa0
Event: 89.648 Thread 0x0000017f8f2d9000 DEOPT UNPACKING pc=0x0000017f800278af sp=0x00000078c8ffdcb8 mode 2
Event: 89.748 Thread 0x0000017f8f2e1800 DEOPT PACKING pc=0x0000017f81a45bc4 sp=0x00000078c98fda90
Event: 89.748 Thread 0x0000017f8f2e1800 DEOPT UNPACKING pc=0x0000017f800276ce sp=0x00000078c98fd030 mode 0
Event: 90.975 Thread 0x0000017f8f2dd800 DEOPT PACKING pc=0x0000017f81a45bc4 sp=0x00000078c97fbe40
Event: 90.975 Thread 0x0000017f8f2dd800 DEOPT UNPACKING pc=0x0000017f800276ce sp=0x00000078c97fb3e0 mode 0
Event: 91.390 Thread 0x0000017f8f24c000 DEOPT PACKING pc=0x0000017f81c78f46 sp=0x00000078c89fe600
Event: 91.390 Thread 0x0000017f8f24c000 DEOPT UNPACKING pc=0x0000017f800276ce sp=0x00000078c89fdaa0 mode 0
Event: 91.770 Thread 0x0000017f8f2dc800 DEOPT PACKING pc=0x0000017f81a45bc4 sp=0x00000078c99fc1b0
Event: 91.771 Thread 0x0000017f8f2dc800 DEOPT UNPACKING pc=0x0000017f800276ce sp=0x00000078c99fb750 mode 0
Event: 92.513 Thread 0x0000017f8f2e1800 DEOPT PACKING pc=0x0000017f81a45bc4 sp=0x00000078c98fd770
Event: 92.513 Thread 0x0000017f8f2e1800 DEOPT UNPACKING pc=0x0000017f800276ce sp=0x00000078c98fcd10 mode 0

Classes redefined (0 events):
No events

Internal exceptions (20 events):
Event: 86.549 Thread 0x0000017fff6bc000 Exception <a 'sun/nio/fs/WindowsException'{0x0000000087786650}> (0x0000000087786650) thrown at [./src/hotspot/share/prims/jni.cpp, line 615]
Event: 86.607 Thread 0x0000017fff6bc000 Exception <a 'sun/nio/fs/WindowsException'{0x00000000877960f8}> (0x00000000877960f8) thrown at [./src/hotspot/share/prims/jni.cpp, line 615]
Event: 86.652 Thread 0x0000017fff6bc000 Exception <a 'sun/nio/fs/WindowsException'{0x00000000877a3780}> (0x00000000877a3780) thrown at [./src/hotspot/share/prims/jni.cpp, line 615]
Event: 86.889 Thread 0x0000017fff6bc000 Exception <a 'sun/nio/fs/WindowsException'{0x00000000875a7190}> (0x00000000875a7190) thrown at [./src/hotspot/share/prims/jni.cpp, line 615]
Event: 86.933 Thread 0x0000017fff6bc000 Exception <a 'sun/nio/fs/WindowsException'{0x00000000875aee08}> (0x00000000875aee08) thrown at [./src/hotspot/share/prims/jni.cpp, line 615]
Event: 87.000 Thread 0x0000017fff6bc000 Exception <a 'sun/nio/fs/WindowsException'{0x00000000875b7768}> (0x00000000875b7768) thrown at [./src/hotspot/share/prims/jni.cpp, line 615]
Event: 87.037 Thread 0x0000017fff6bc000 Exception <a 'sun/nio/fs/WindowsException'{0x00000000875c0cf0}> (0x00000000875c0cf0) thrown at [./src/hotspot/share/prims/jni.cpp, line 615]
Event: 87.090 Thread 0x0000017fff6bc000 Exception <a 'sun/nio/fs/WindowsException'{0x00000000875cc768}> (0x00000000875cc768) thrown at [./src/hotspot/share/prims/jni.cpp, line 615]
Event: 87.181 Thread 0x0000017fff6bc000 Exception <a 'sun/nio/fs/WindowsException'{0x00000000875e4218}> (0x00000000875e4218) thrown at [./src/hotspot/share/prims/jni.cpp, line 615]
Event: 87.288 Thread 0x0000017fff6bc000 Exception <a 'sun/nio/fs/WindowsException'{0x00000000874287e8}> (0x00000000874287e8) thrown at [./src/hotspot/share/prims/jni.cpp, line 615]
Event: 87.302 Thread 0x0000017fff6bc000 Exception <a 'sun/nio/fs/WindowsException'{0x0000000087428940}> (0x0000000087428940) thrown at [./src/hotspot/share/prims/jni.cpp, line 615]
Event: 87.317 Thread 0x0000017fff6bc000 Exception <a 'sun/nio/fs/WindowsException'{0x00000000874b0178}> (0x00000000874b0178) thrown at [./src/hotspot/share/prims/jni.cpp, line 615]
Event: 87.318 Thread 0x0000017fff6bc000 Exception <a 'sun/nio/fs/WindowsException'{0x00000000874b02c0}> (0x00000000874b02c0) thrown at [./src/hotspot/share/prims/jni.cpp, line 615]
Event: 87.675 Thread 0x0000017fff6bc000 Exception <a 'sun/nio/fs/WindowsException'{0x00000000871fac38}> (0x00000000871fac38) thrown at [./src/hotspot/share/prims/jni.cpp, line 615]
Event: 87.741 Thread 0x0000017fff6bc000 Exception <a 'sun/nio/fs/WindowsException'{0x0000000087009ed8}> (0x0000000087009ed8) thrown at [./src/hotspot/share/prims/jni.cpp, line 615]
Event: 88.446 Thread 0x0000017fff6bc000 Exception <a 'java/lang/NoSuchMethodError'{0x0000000086e362c8}: 'void java.lang.invoke.DirectMethodHandle$Holder.invokeStatic(java.lang.Object, java.lang.Object, java.lang.Object, java.lang.Object, java.lang.Object, java.lang.Object, java.lang.Object)'> (0x0000000086e362c8) thrown at [./src/hotspot/share/interpreter/linkResolver.cpp, line 773]
Event: 88.476 Thread 0x0000017f8f24a800 Exception <a 'java/lang/NoSuchMethodError'{0x0000000086d11318}: <clinit>> (0x0000000086d11318) thrown at [./src/hotspot/share/prims/jni.cpp, line 1362]
Event: 88.485 Thread 0x0000017f8f24a800 Exception <a 'java/lang/NoSuchMethodError'{0x0000000086d32710}: <clinit>> (0x0000000086d32710) thrown at [./src/hotspot/share/prims/jni.cpp, line 1362]
Event: 88.689 Thread 0x0000017f8f2e1800 Implicit null exception at 0x0000017f8810b544 to 0x0000017f8810bdf8
Event: 88.910 Thread 0x0000017f8f2df000 Implicit null exception at 0x0000017f88113252 to 0x0000017f88113658

Events (20 events):
Event: 88.464 loading class org/gradle/internal/execution/history/impl/FileSystemSnapshotSerializer$1
Event: 88.464 loading class org/gradle/internal/execution/history/impl/FileSystemSnapshotSerializer$1 done
Event: 88.466 loading class org/gradle/internal/execution/history/impl/FileSystemSnapshotSerializer$1$1
Event: 88.466 loading class org/gradle/internal/execution/history/impl/FileSystemSnapshotSerializer$1$1 done
Event: 88.466 loading class org/gradle/internal/execution/steps/SkipUpToDateStep$2
Event: 88.466 loading class org/gradle/internal/execution/steps/SkipUpToDateStep$2 done
Event: 88.470 loading class org/gradle/tooling/events/task/internal/java/DefaultJavaCompileTaskSuccessResult
Event: 88.470 loading class org/gradle/tooling/events/task/internal/java/DefaultJavaCompileTaskSuccessResult done
Event: 88.471 loading class org/gradle/tooling/events/task/java/JavaCompileTaskOperationResult
Event: 88.471 loading class org/gradle/tooling/events/task/java/JavaCompileTaskOperationResult done
Event: 88.481 loading class com/google/common/collect/ImmutableList$SerializedForm
Event: 88.481 loading class com/google/common/collect/ImmutableList$SerializedForm done
Event: 89.117 Executing VM operation: G1CollectForAllocation
Event: 89.131 Executing VM operation: G1CollectForAllocation done
Event: 89.579 Executing VM operation: CGC_Operation
Event: 89.608 Executing VM operation: CGC_Operation done
Event: 89.865 Executing VM operation: CGC_Operation
Event: 89.866 Executing VM operation: CGC_Operation done
Event: 89.986 Executing VM operation: BulkRevokeBias
Event: 89.988 Executing VM operation: BulkRevokeBias done


Dynamic libraries:
0x00007ff7964b0000 - 0x00007ff7964ba000 	C:\Program Files\Android\Android Studio\jre\bin\java.exe
0x00007ffcbb810000 - 0x00007ffcbba05000 	C:\WINDOWS\SYSTEM32\ntdll.dll
0x00007ffcb9ab0000 - 0x00007ffcb9b6e000 	C:\WINDOWS\System32\KERNEL32.DLL
0x00007ffcb9520000 - 0x00007ffcb97e8000 	C:\WINDOWS\System32\KERNELBASE.dll
0x00007ffcb90f0000 - 0x00007ffcb91f0000 	C:\WINDOWS\System32\ucrtbase.dll
0x00007ffcb2070000 - 0x00007ffcb2089000 	C:\Program Files\Android\Android Studio\jre\bin\jli.dll
0x00007ffcbb4b0000 - 0x00007ffcbb650000 	C:\WINDOWS\System32\USER32.dll
0x00007ffcb8f20000 - 0x00007ffcb8f42000 	C:\WINDOWS\System32\win32u.dll
0x00007ffcba280000 - 0x00007ffcba2ab000 	C:\WINDOWS\System32\GDI32.dll
0x00007ffcb91f0000 - 0x00007ffcb92fd000 	C:\WINDOWS\System32\gdi32full.dll
0x00007ffcb8fa0000 - 0x00007ffcb903d000 	C:\WINDOWS\System32\msvcp_win.dll
0x00007ffcb2050000 - 0x00007ffcb2067000 	C:\Program Files\Android\Android Studio\jre\bin\VCRUNTIME140.dll
0x00007ffcaa930000 - 0x00007ffcaabca000 	C:\WINDOWS\WinSxS\amd64_microsoft.windows.common-controls_6595b64144ccf1df_6.0.19041.1110_none_60b5254171f9507e\COMCTL32.dll
0x00007ffcbadf0000 - 0x00007ffcbae8e000 	C:\WINDOWS\System32\msvcrt.dll
0x00007ffcbae90000 - 0x00007ffcbaec0000 	C:\WINDOWS\System32\IMM32.DLL
0x00007ffcadf70000 - 0x00007ffcae172000 	C:\WINDOWS\system32\tmumh\20019\AddOn\8.53.0.1135\TmUmEvt64.dll
0x00007ffcbb3d0000 - 0x00007ffcbb3d8000 	C:\WINDOWS\System32\PSAPI.DLL
0x00007ffcb9880000 - 0x00007ffcb992e000 	C:\WINDOWS\System32\ADVAPI32.dll
0x00007ffcb9ff0000 - 0x00007ffcba08c000 	C:\WINDOWS\System32\sechost.dll
0x00007ffcba150000 - 0x00007ffcba275000 	C:\WINDOWS\System32\RPCRT4.dll
0x000000006b400000 - 0x000000006b570000 	C:\WINDOWS\system32\tmumh\20019\TmMon\2.8.0.1054\tmmon64.dll
0x00007ffc8dad0000 - 0x00007ffc8db6d000 	C:\Program Files\Android\Android Studio\jre\bin\msvcp140.dll
0x00007ffc72960000 - 0x00007ffc7342f000 	C:\Program Files\Android\Android Studio\jre\bin\server\jvm.dll
0x00007ffca4880000 - 0x00007ffca4889000 	C:\WINDOWS\SYSTEM32\WSOCK32.dll
0x00007ffcbac60000 - 0x00007ffcbaccb000 	C:\WINDOWS\System32\WS2_32.dll
0x00007ffcad960000 - 0x00007ffcad987000 	C:\WINDOWS\SYSTEM32\WINMM.dll
0x00007ffcad9b0000 - 0x00007ffcad9ba000 	C:\WINDOWS\SYSTEM32\VERSION.dll
0x00007ffcb6d30000 - 0x00007ffcb6d42000 	C:\WINDOWS\SYSTEM32\kernel.appcore.dll
0x00007ffcb23e0000 - 0x00007ffcb23f1000 	C:\Program Files\Android\Android Studio\jre\bin\verify.dll
0x00007ffca4d90000 - 0x00007ffca4f74000 	C:\WINDOWS\SYSTEM32\DBGHELP.DLL
0x00007ffca4850000 - 0x00007ffca487c000 	C:\WINDOWS\SYSTEM32\dbgcore.DLL
0x00007ffcb9330000 - 0x00007ffcb93b2000 	C:\WINDOWS\System32\bcryptPrimitives.dll
0x00007ffcb1ec0000 - 0x00007ffcb1ee9000 	C:\Program Files\Android\Android Studio\jre\bin\java.dll
0x00007ffcb4a50000 - 0x00007ffcb4a5b000 	C:\Program Files\Android\Android Studio\jre\bin\jimage.dll
0x00007ffcb1fa0000 - 0x00007ffcb1fb8000 	C:\Program Files\Android\Android Studio\jre\bin\zip.dll
0x00007ffcba460000 - 0x00007ffcbaba4000 	C:\WINDOWS\System32\SHELL32.dll
0x00007ffcb7010000 - 0x00007ffcb77a4000 	C:\WINDOWS\SYSTEM32\windows.storage.dll
0x00007ffcbb070000 - 0x00007ffcbb3c5000 	C:\WINDOWS\System32\combase.dll
0x00007ffcb8970000 - 0x00007ffcb899e000 	C:\WINDOWS\SYSTEM32\Wldp.dll
0x00007ffcb9a00000 - 0x00007ffcb9aad000 	C:\WINDOWS\System32\SHCORE.dll
0x00007ffcba090000 - 0x00007ffcba0e5000 	C:\WINDOWS\System32\shlwapi.dll
0x00007ffcb8e60000 - 0x00007ffcb8e7f000 	C:\WINDOWS\SYSTEM32\profapi.dll
0x00007ffcb1ea0000 - 0x00007ffcb1eba000 	C:\Program Files\Android\Android Studio\jre\bin\net.dll
0x00007ffcb4120000 - 0x00007ffcb422c000 	C:\WINDOWS\SYSTEM32\WINHTTP.dll
0x00007ffcb86d0000 - 0x00007ffcb873a000 	C:\WINDOWS\system32\mswsock.dll
0x00007ffcab650000 - 0x00007ffcab664000 	C:\Program Files\Android\Android Studio\jre\bin\nio.dll
0x00007ffcad4d0000 - 0x00007ffcad4f7000 	C:\Users\PARVATHY\.gradle\native\8bec1ad78214c89d9ad589b4d07fe93259594b29d510b10fafb7a158f7737e5d\windows-amd64\native-platform.dll
0x00007ffc89b90000 - 0x00007ffc89ccd000 	C:\Users\PARVATHY\.gradle\native\53dbd7edfb1c66fb8903c78663c9afc45aea4f116125fa6feffd364cf09443e8\windows-amd64\native-platform-file-events.dll
0x00007ffcb1f50000 - 0x00007ffcb1f5a000 	C:\Program Files\Android\Android Studio\jre\bin\management.dll
0x00007ffcb1e90000 - 0x00007ffcb1e9c000 	C:\Program Files\Android\Android Studio\jre\bin\management_ext.dll
0x00007ffcb88d0000 - 0x00007ffcb88e8000 	C:\WINDOWS\SYSTEM32\CRYPTSP.dll
0x00007ffcb7fe0000 - 0x00007ffcb8014000 	C:\WINDOWS\system32\rsaenh.dll
0x00007ffcb9300000 - 0x00007ffcb9327000 	C:\WINDOWS\System32\bcrypt.dll
0x00007ffcb8e20000 - 0x00007ffcb8e4e000 	C:\WINDOWS\SYSTEM32\USERENV.dll
0x00007ffcb88c0000 - 0x00007ffcb88cc000 	C:\WINDOWS\SYSTEM32\CRYPTBASE.dll
0x00007ffcb8370000 - 0x00007ffcb83ab000 	C:\WINDOWS\SYSTEM32\IPHLPAPI.DLL
0x00007ffcbb7c0000 - 0x00007ffcbb7c8000 	C:\WINDOWS\System32\NSI.dll
0x00007ffcaf050000 - 0x00007ffcaf067000 	C:\WINDOWS\SYSTEM32\dhcpcsvc6.DLL
0x00007ffcb00e0000 - 0x00007ffcb00fd000 	C:\WINDOWS\SYSTEM32\dhcpcsvc.DLL
0x00007ffcb83c0000 - 0x00007ffcb848b000 	C:\WINDOWS\SYSTEM32\DNSAPI.dll

dbghelp: loaded successfully - version: 4.0.5 - missing functions: none
symbol engine: initialized successfully - sym options: 0x614 - pdb path: .;C:\Program Files\Android\Android Studio\jre\bin;C:\WINDOWS\SYSTEM32;C:\WINDOWS\WinSxS\amd64_microsoft.windows.common-controls_6595b64144ccf1df_6.0.19041.1110_none_60b5254171f9507e;C:\WINDOWS\system32\tmumh\20019\AddOn\8.53.0.1135;C:\WINDOWS\system32\tmumh\20019\TmMon\2.8.0.1054;C:\Program Files\Android\Android Studio\jre\bin\server;C:\Users\PARVATHY\.gradle\native\8bec1ad78214c89d9ad589b4d07fe93259594b29d510b10fafb7a158f7737e5d\windows-amd64;C:\Users\PARVATHY\.gradle\native\53dbd7edfb1c66fb8903c78663c9afc45aea4f116125fa6feffd364cf09443e8\windows-amd64

VM Arguments:
jvm_args: --add-opens=java.base/java.util=ALL-UNNAMED --add-opens=java.base/java.lang=ALL-UNNAMED --add-opens=java.base/java.lang.invoke=ALL-UNNAMED --add-opens=java.base/java.util=ALL-UNNAMED --add-opens=java.prefs/java.util.prefs=ALL-UNNAMED --add-opens=java.prefs/java.util.prefs=ALL-UNNAMED --add-opens=java.base/java.nio.charset=ALL-UNNAMED --add-opens=java.base/java.net=ALL-UNNAMED --add-opens=java.base/java.util.concurrent.atomic=ALL-UNNAMED -Xmx2048m -Dfile.encoding=UTF-8 -Duser.country=US -Duser.language=en -Duser.variant 
java_command: org.gradle.launcher.daemon.bootstrap.GradleDaemon 7.0.2
java_class_path (initial): C:\Users\PARVATHY\.gradle\wrapper\dists\gradle-7.0.2-bin\857tjihv64xamwrf0h14cai3r\gradle-7.0.2\lib\gradle-launcher-7.0.2.jar
Launcher Type: SUN_STANDARD

[Global flags]
     intx CICompilerCount                          = 3                                         {product} {ergonomic}
     uint ConcGCThreads                            = 1                                         {product} {ergonomic}
     uint G1ConcRefinementThreads                  = 4                                         {product} {ergonomic}
   size_t G1HeapRegionSize                         = 1048576                                   {product} {ergonomic}
    uintx GCDrainStackTargetSize                   = 64                                        {product} {ergonomic}
   size_t InitialHeapSize                          = 134217728                                 {product} {ergonomic}
   size_t MarkStackSize                            = 4194304                                   {product} {ergonomic}
   size_t MaxHeapSize                              = 2147483648                                {product} {command line}
   size_t MaxNewSize                               = 1287651328                                {product} {ergonomic}
   size_t MinHeapDeltaBytes                        = 1048576                                   {product} {ergonomic}
    uintx NonNMethodCodeHeapSize                   = 5830732                                {pd product} {ergonomic}
    uintx NonProfiledCodeHeapSize                  = 122913754                              {pd product} {ergonomic}
    uintx ProfiledCodeHeapSize                     = 122913754                              {pd product} {ergonomic}
    uintx ReservedCodeCacheSize                    = 251658240                              {pd product} {ergonomic}
     bool SegmentedCodeCache                       = true                                      {product} {ergonomic}
     bool UseCompressedClassPointers               = true                                 {lp64_product} {ergonomic}
     bool UseCompressedOops                        = true                                 {lp64_product} {ergonomic}
     bool UseG1GC                                  = true                                      {product} {ergonomic}
     bool UseLargePagesIndividualAllocation        = false                                  {pd product} {ergonomic}

Logging:
Log output configuration:
 #0: stdout all=warning uptime,level,tags
 #1: stderr all=off uptime,level,tags

Environment Variables:
PATH=C:\Program Files\Java\jdk1.8.0_131\bin;C:\ProgramData\Oracle\Java\javapath;C:\WINDOWS\system32;C:\WINDOWS;C:\WINDOWS\System32\Wbem;C:\WINDOWS\System32\WindowsPowerShell\v1.0\;C:\WINDOWS\System32\OpenSSH\;C:\Program Files (x86)\AOMEI\AOMEI Backupper 6.4.0;C:\Program Files\Git\cmd;C:\Program Files\nodejs\;C:\Users\PARVATHY\AppData\Local\Microsoft\WindowsApps;C:\Program Files\heroku\bin;C:\Program Files\sfdx\bin;F:\Microsoft VS Code\bin;C:\Users\PARVATHY\AppData\Roaming\npm
USERNAME=PARVATHY
OS=Windows_NT
PROCESSOR_IDENTIFIER=Intel64 Family 6 Model 61 Stepping 4, GenuineIntel



---------------  S Y S T E M  ---------------

OS: Windows 10 , 64 bit Build 19041 (10.0.19041.1503)
OS uptime: 6 days 19:09 hours

CPU:total 4 (initial active 4) (2 cores per cpu, 2 threads per core) family 6 model 61 stepping 4 microcode 0x2d, cmov, cx8, fxsr, mmx, sse, sse2, sse3, ssse3, sse4.1, sse4.2, popcnt, avx, avx2, aes, clmul, erms, 3dnowpref, lzcnt, ht, tsc, tscinvbit, bmi1, bmi2, adx, fma

Memory: 4k page, system-wide physical 8103M (333M free)
TotalPageFile size 10603M (AvailPageFile size 0M)
current process WorkingSet (physical memory assigned to process): 383M, peak: 383M
current process commit charge ("private bytes"): 410M, peak: 410M

vm_info: OpenJDK 64-Bit Server VM (11.0.10+0-b96-7249189) for windows-amd64 JRE (11.0.10+0-b96-7249189), built on Mar 31 2021 21:44:00 by "builder" with MS VC++ 14.0 (VS2015)

END.
