#
# There is insufficient memory for the Java Runtime Environment to continue.
# Native memory allocation (malloc) failed to allocate 1895536 bytes for Chunk::new
# Possible reasons:
#   The system is out of physical RAM or swap space
#   The process is running with CompressedOops enabled, and the Java Heap may be blocking the growth of the native heap
# Possible solutions:
#   Reduce memory load on the system
#   Increase physical memory or swap space
#   Check if swap backing store is full
#   Decrease Java heap size (-Xmx/-Xms)
#   Decrease number of Java threads
#   Decrease Java thread stack sizes (-Xss)
#   Set larger code cache with -XX:ReservedCodeCacheSize=
#   JVM is running with Unscaled Compressed Oops mode in which the Java heap is
#     placed in the first 4GB address space. The Java Heap base address is the
#     maximum limit for the native heap growth. Please use -XX:HeapBaseMinAddress
#     to set the Java Heap base and to place the Java Heap above 4GB virtual address.
# This output file may be truncated or incomplete.
#
#  Out of Memory Error (./src/hotspot/share/memory/arena.cpp:197), pid=4208, tid=9496
#
# JRE version: OpenJDK Runtime Environment (11.0.10) (build 11.0.10+0-b96-7249189)
# Java VM: OpenJDK 64-Bit Server VM (11.0.10+0-b96-7249189, mixed mode, tiered, compressed oops, g1 gc, windows-amd64)
# No core dump will be written. Minidumps are not enabled by default on client versions of Windows
#

---------------  S U M M A R Y ------------

Command Line: --add-opens=java.base/java.util=ALL-UNNAMED --add-opens=java.base/java.lang=ALL-UNNAMED --add-opens=java.base/java.lang.invoke=ALL-UNNAMED --add-opens=java.base/java.util=ALL-UNNAMED --add-opens=java.prefs/java.util.prefs=ALL-UNNAMED --add-opens=java.prefs/java.util.prefs=ALL-UNNAMED --add-opens=java.base/java.nio.charset=ALL-UNNAMED --add-opens=java.base/java.net=ALL-UNNAMED --add-opens=java.base/java.util.concurrent.atomic=ALL-UNNAMED -Xmx2048m -Dfile.encoding=UTF-8 -Duser.country=US -Duser.language=en -Duser.variant org.gradle.launcher.daemon.bootstrap.GradleDaemon 7.0.2

Host: Intel(R) Core(TM) i5-5200U CPU @ 2.20GHz, 4 cores, 7G,  Windows 10 , 64 bit Build 19041 (10.0.19041.1503)
Time: Tue Mar 15 16:08:47 2022 India Standard Time elapsed time: 447.686389 seconds (0d 0h 7m 27s)

---------------  T H R E A D  ---------------

Current thread (0x000001c71adfb000):  JavaThread "C2 CompilerThread1" daemon [_thread_in_native, id=9496, stack(0x0000006ffa200000,0x0000006ffa300000)]


Current CompileTask:
C2: 447686 18036       4       org.gradle.api.internal.artifacts.result.DefaultResolutionResult::eachElement (92 bytes)

Stack: [0x0000006ffa200000,0x0000006ffa300000]
Native frames: (J=compiled Java code, j=interpreted, Vv=VM code, C=native code)
V  [jvm.dll+0x5ecfaa]
V  [jvm.dll+0x722bd5]
V  [jvm.dll+0x72412d]
V  [jvm.dll+0x7247e3]
V  [jvm.dll+0x242928]
V  [jvm.dll+0xbc4fc]
V  [jvm.dll+0xbca0c]
V  [jvm.dll+0x352d7d]
V  [jvm.dll+0x197e0c]
V  [jvm.dll+0x1fb70e]
V  [jvm.dll+0x1fa7f4]
V  [jvm.dll+0x18354c]
V  [jvm.dll+0x208ee7]
V  [jvm.dll+0x207731]
V  [jvm.dll+0x6eb1cf]
V  [jvm.dll+0x6e3d45]
V  [jvm.dll+0x5ebe96]
C  [ucrtbase.dll+0x21bb2]
C  [KERNEL32.DLL+0x17034]
C  [ntdll.dll+0x52651]


---------------  P R O C E S S  ---------------

Threads class SMR info:
_java_thread_list=0x000001c722f14e30, length=51, elements={
0x000001c77fcb1000, 0x000001c71ab24000, 0x000001c71ab28000, 0x000001c71ab85800,
0x000001c71ab88000, 0x000001c71ab89000, 0x000001c71ab8c000, 0x000001c71abed800,
0x000001c71abf6000, 0x000001c71acf8800, 0x000001c71c14d000, 0x000001c71cb64000,
0x000001c71b0c5000, 0x000001c71ccae800, 0x000001c71ccb2800, 0x000001c71ccb1800,
0x000001c71ccb5000, 0x000001c71ccaf000, 0x000001c71eb45800, 0x000001c71eb48000,
0x000001c71eb48800, 0x000001c71eb47000, 0x000001c71eb4d000, 0x000001c71eb50000,
0x000001c71eb4a800, 0x000001c71f79b000, 0x000001c71f79f000, 0x000001c71eb4c000,
0x000001c71eb44000, 0x000001c71eb44800, 0x000001c71eb4d800, 0x000001c71eb4b000,
0x000001c71eb4e800, 0x000001c71eb51800, 0x000001c71eb52800, 0x000001c71eb4f000,
0x000001c71f79d800, 0x000001c71f79e000, 0x000001c71f798800, 0x000001c71f79b800,
0x000001c71f79a000, 0x000001c71f79c800, 0x000001c71f799000, 0x000001c71f7a3000,
0x000001c71f7a5800, 0x000001c71adfb000, 0x000001c71f7a0800, 0x000001c71f7a4800,
0x000001c71f79f800, 0x000001c71f7a2000, 0x000001c71f7a1800
}

Java Threads: ( => current thread )
  0x000001c77fcb1000 JavaThread "main" [_thread_blocked, id=3824, stack(0x0000006ff7200000,0x0000006ff7300000)]
  0x000001c71ab24000 JavaThread "Reference Handler" daemon [_thread_blocked, id=9848, stack(0x0000006ff7900000,0x0000006ff7a00000)]
  0x000001c71ab28000 JavaThread "Finalizer" daemon [_thread_blocked, id=20268, stack(0x0000006ff7a00000,0x0000006ff7b00000)]
  0x000001c71ab85800 JavaThread "Signal Dispatcher" daemon [_thread_blocked, id=6556, stack(0x0000006ff7b00000,0x0000006ff7c00000)]
  0x000001c71ab88000 JavaThread "Attach Listener" daemon [_thread_blocked, id=17576, stack(0x0000006ff7c00000,0x0000006ff7d00000)]
  0x000001c71ab89000 JavaThread "Service Thread" daemon [_thread_blocked, id=16616, stack(0x0000006ff7d00000,0x0000006ff7e00000)]
  0x000001c71ab8c000 JavaThread "C2 CompilerThread0" daemon [_thread_in_native, id=19004, stack(0x0000006ff7e00000,0x0000006ff7f00000)]
  0x000001c71abed800 JavaThread "C1 CompilerThread0" daemon [_thread_blocked, id=8584, stack(0x0000006ff7f00000,0x0000006ff8000000)]
  0x000001c71abf6000 JavaThread "Sweeper thread" daemon [_thread_blocked, id=10436, stack(0x0000006ff8000000,0x0000006ff8100000)]
  0x000001c71acf8800 JavaThread "Common-Cleaner" daemon [_thread_blocked, id=5248, stack(0x0000006ff8100000,0x0000006ff8200000)]
  0x000001c71c14d000 JavaThread "Daemon health stats" [_thread_blocked, id=8208, stack(0x0000006ff8500000,0x0000006ff8600000)]
  0x000001c71cb64000 JavaThread "Incoming local TCP Connector on port 51272" [_thread_in_native, id=16464, stack(0x0000006ff8600000,0x0000006ff8700000)]
  0x000001c71b0c5000 JavaThread "Daemon periodic checks" [_thread_blocked, id=19632, stack(0x0000006ff8700000,0x0000006ff8800000)]
  0x000001c71ccae800 JavaThread "Cache worker for file hash cache (C:\Users\PARVATHY\.gradle\caches\7.0.2\fileHashes)" [_thread_blocked, id=13324, stack(0x0000006ff8f00000,0x0000006ff9000000)]
  0x000001c71ccb2800 JavaThread "File lock request listener" [_thread_in_native, id=14564, stack(0x0000006ff9000000,0x0000006ff9100000)]
  0x000001c71ccb1800 JavaThread "Cache worker for journal cache (C:\Users\PARVATHY\.gradle\caches\journal-1)" [_thread_blocked, id=13020, stack(0x0000006ff9200000,0x0000006ff9300000)]
  0x000001c71ccb5000 JavaThread "File watcher server" daemon [_thread_in_native, id=11148, stack(0x0000006ff9500000,0x0000006ff9600000)]
  0x000001c71ccaf000 JavaThread "File watcher consumer" daemon [_thread_blocked, id=13204, stack(0x0000006ff9600000,0x0000006ff9700000)]
  0x000001c71eb45800 JavaThread "Cache worker for execution history cache (C:\Users\PARVATHY\.gradle\caches\7.0.2\executionHistory)" [_thread_blocked, id=16436, stack(0x0000006ff9a00000,0x0000006ff9b00000)]
  0x000001c71eb48000 JavaThread "jar transforms" [_thread_blocked, id=2644, stack(0x0000006ff9b00000,0x0000006ff9c00000)]
  0x000001c71eb48800 JavaThread "jar transforms Thread 2" [_thread_blocked, id=952, stack(0x0000006ff9c00000,0x0000006ff9d00000)]
  0x000001c71eb47000 JavaThread "Cache worker for file content cache (C:\Users\PARVATHY\.gradle\caches\7.0.2\fileContent)" [_thread_blocked, id=15620, stack(0x0000006ff9d00000,0x0000006ff9e00000)]
  0x000001c71eb4d000 JavaThread "jar transforms Thread 3" [_thread_blocked, id=16984, stack(0x0000006ff9f00000,0x0000006ffa000000)]
  0x000001c71eb50000 JavaThread "jar transforms Thread 4" [_thread_blocked, id=17648, stack(0x0000006ffa400000,0x0000006ffa500000)]
  0x000001c71eb4a800 JavaThread "Memory manager" [_thread_blocked, id=7000, stack(0x0000006ffa600000,0x0000006ffa700000)]
  0x000001c71f79b000 JavaThread "Cache worker for Java compile cache (C:\Users\PARVATHY\.gradle\caches\7.0.2\javaCompile)" [_thread_blocked, id=5060, stack(0x0000006ffa500000,0x0000006ffa600000)]
  0x000001c71f79f000 JavaThread "ForkJoinPool.commonPool-worker-3" daemon [_thread_blocked, id=11216, stack(0x0000006ff8d00000,0x0000006ff8e00000)]
  0x000001c71eb4c000 JavaThread "ForkJoinPool.commonPool-worker-5" daemon [_thread_blocked, id=19776, stack(0x0000006ffb200000,0x0000006ffb300000)]
  0x000001c71eb44000 JavaThread "Daemon Thread 3" [_thread_blocked, id=16256, stack(0x0000006ff6e00000,0x0000006ff6f00000)]
  0x000001c71eb44800 JavaThread "Handler for socket connection from /127.0.0.1:51272 to /127.0.0.1:51455" [_thread_in_native, id=18044, stack(0x0000006ff6f00000,0x0000006ff7000000)]
  0x000001c71eb4d800 JavaThread "Cancel handler" [_thread_blocked, id=20240, stack(0x0000006ff7000000,0x0000006ff7100000)]
  0x000001c71eb4b000 JavaThread "Daemon worker Thread 3" [_thread_blocked, id=15696, stack(0x0000006ff8800000,0x0000006ff8900000)]
  0x000001c71eb4e800 JavaThread "Asynchronous log dispatcher for DefaultDaemonConnection: socket connection from /127.0.0.1:51272 to /127.0.0.1:51455" [_thread_blocked, id=12548, stack(0x0000006ff8900000,0x0000006ff8a00000)]
  0x000001c71eb51800 JavaThread "Stdin handler" [_thread_blocked, id=15168, stack(0x0000006ff8a00000,0x0000006ff8b00000)]
  0x000001c71eb52800 JavaThread "Daemon client event forwarder" [_thread_blocked, id=6212, stack(0x0000006ff8b00000,0x0000006ff8c00000)]
  0x000001c71eb4f000 JavaThread "Cache worker for file hash cache (E:\Rajagiri\Sem 6\Lead Manager App\.gradle\7.0.2\fileHashes)" [_thread_blocked, id=1832, stack(0x0000006ff8c00000,0x0000006ff8d00000)]
  0x000001c71f79d800 JavaThread "Cache worker for checksums cache (E:\Rajagiri\Sem 6\Lead Manager App\.gradle\checksums)" [_thread_blocked, id=8888, stack(0x0000006ff8e00000,0x0000006ff8f00000)]
  0x000001c71f79e000 JavaThread "Cache worker for cache directory md-supplier (C:\Users\PARVATHY\.gradle\caches\7.0.2\md-supplier)" [_thread_blocked, id=2800, stack(0x0000006ff9300000,0x0000006ff9400000)]
  0x000001c71f798800 JavaThread "Cache worker for cache directory md-rule (C:\Users\PARVATHY\.gradle\caches\7.0.2\md-rule)" [_thread_blocked, id=14424, stack(0x0000006ff9400000,0x0000006ff9500000)]
  0x000001c71f79b800 JavaThread "Cache worker for dependencies-accessors (E:\Rajagiri\Sem 6\Lead Manager App\.gradle\7.0.2\dependencies-accessors)" [_thread_blocked, id=13828, stack(0x0000006ff9700000,0x0000006ff9800000)]
  0x000001c71f79a000 JavaThread "Cache worker for Build Output Cleanup Cache (E:\Rajagiri\Sem 6\Lead Manager App\.gradle\buildOutputCleanup)" [_thread_blocked, id=19388, stack(0x0000006ff9800000,0x0000006ff9900000)]
  0x000001c71f79c800 JavaThread "Build operations" [_thread_blocked, id=17916, stack(0x0000006ff9900000,0x0000006ff9a00000)]
  0x000001c71f799000 JavaThread "Build operations Thread 2" [_thread_blocked, id=3512, stack(0x0000006ff9e00000,0x0000006ff9f00000)]
  0x000001c71f7a3000 JavaThread "Build operations Thread 3" [_thread_blocked, id=4384, stack(0x0000006ffa000000,0x0000006ffa100000)]
  0x000001c71f7a5800 JavaThread "Build operations Thread 4" [_thread_blocked, id=15616, stack(0x0000006ffa100000,0x0000006ffa200000)]
=>0x000001c71adfb000 JavaThread "C2 CompilerThread1" daemon [_thread_in_native, id=9496, stack(0x0000006ffa200000,0x0000006ffa300000)]
  0x000001c71f7a0800 JavaThread "build event listener" [_thread_blocked, id=6304, stack(0x0000006ffa300000,0x0000006ffa400000)]
  0x000001c71f7a4800 JavaThread "Execution worker for ':'" [_thread_blocked, id=5252, stack(0x0000006ffa900000,0x0000006ffaa00000)]
  0x000001c71f79f800 JavaThread "Execution worker for ':' Thread 2" [_thread_in_Java, id=3888, stack(0x0000006ffaa00000,0x0000006ffab00000)]
  0x000001c71f7a2000 JavaThread "Execution worker for ':' Thread 3" [_thread_blocked, id=2412, stack(0x0000006ffab00000,0x0000006ffac00000)]
  0x000001c71f7a1800 JavaThread "Cache worker for execution history cache (E:\Rajagiri\Sem 6\Lead Manager App\.gradle\7.0.2\executionHistory)" [_thread_blocked, id=11984, stack(0x0000006ffac00000,0x0000006ffad00000)]

Other Threads:
  0x000001c71a2ee000 VMThread "VM Thread" [stack: 0x0000006ff7800000,0x0000006ff7900000] [id=2288]
  0x000001c71ad2d000 WatcherThread [stack: 0x0000006ff8200000,0x0000006ff8300000] [id=19816]
  0x000001c77fcc9800 GCTaskThread "GC Thread#0" [stack: 0x0000006ff7300000,0x0000006ff7400000] [id=16340]
  0x000001c71b35e800 GCTaskThread "GC Thread#1" [stack: 0x0000006ff8300000,0x0000006ff8400000] [id=232]
  0x000001c71b3c0800 GCTaskThread "GC Thread#2" [stack: 0x0000006ff8400000,0x0000006ff8500000] [id=18932]
  0x000001c71ccbb000 GCTaskThread "GC Thread#3" [stack: 0x0000006ff9100000,0x0000006ff9200000] [id=2484]
  0x000001c77fcfa800 ConcurrentGCThread "G1 Main Marker" [stack: 0x0000006ff7400000,0x0000006ff7500000] [id=6124]
  0x000001c77fcfb800 ConcurrentGCThread "G1 Conc#0" [stack: 0x0000006ff7500000,0x0000006ff7600000] [id=17180]
  0x000001c71a16e800 ConcurrentGCThread "G1 Refine#0" [stack: 0x0000006ff7600000,0x0000006ff7700000] [id=6116]
  0x000001c71a16f800 ConcurrentGCThread "G1 Young RemSet Sampling" [stack: 0x0000006ff7700000,0x0000006ff7800000] [id=2508]

Threads with active compile tasks:
C2 CompilerThread0 448144 18092       4       org.gradle.internal.component.model.ComponentAttributeMatcher::match (259 bytes)
C2 CompilerThread1 448144 18036       4       org.gradle.api.internal.artifacts.result.DefaultResolutionResult::eachElement (92 bytes)

VM state:not at safepoint (normal execution)

VM Mutex/Monitor currently owned by a thread: None

Heap address: 0x0000000080000000, size: 2048 MB, Compressed Oops mode: 32-bit
Narrow klass base: 0x0000000000000000, Narrow klass shift: 3
Compressed class space size: 1073741824 Address: 0x0000000100000000

Heap:
 garbage-first heap   total 157696K, used 97340K [0x0000000080000000, 0x0000000100000000)
  region size 1024K, 8 young (8192K), 4 survivors (4096K)
 Metaspace       used 110561K, capacity 113566K, committed 113788K, reserved 1148928K
  class space    used 14127K, capacity 15266K, committed 15360K, reserved 1048576K
Heap Regions: E=young(eden), S=young(survivor), O=old, HS=humongous(starts), HC=humongous(continues), CS=collection set, F=free, A=archive, TAMS=top-at-mark-start (previous, next)
|   0|0x0000000080000000, 0x0000000080100000, 0x0000000080100000|100%| O|  |TAMS 0x0000000080100000, 0x0000000080100000| Untracked 
|   1|0x0000000080100000, 0x0000000080200000, 0x0000000080200000|100%| O|  |TAMS 0x0000000080200000, 0x0000000080200000| Untracked 
|   2|0x0000000080200000, 0x0000000080300000, 0x0000000080300000|100%| O|  |TAMS 0x0000000080300000, 0x0000000080300000| Untracked 
|   3|0x0000000080300000, 0x0000000080400000, 0x0000000080400000|100%|HS|  |TAMS 0x0000000080400000, 0x0000000080400000| Complete 
|   4|0x0000000080400000, 0x0000000080500000, 0x0000000080500000|100%|HC|  |TAMS 0x0000000080500000, 0x0000000080500000| Complete 
|   5|0x0000000080500000, 0x0000000080600000, 0x0000000080600000|100%|HC|  |TAMS 0x0000000080600000, 0x0000000080600000| Complete 
|   6|0x0000000080600000, 0x0000000080700000, 0x0000000080700000|100%| O|  |TAMS 0x0000000080700000, 0x0000000080700000| Untracked 
|   7|0x0000000080700000, 0x0000000080800000, 0x0000000080800000|100%| O|  |TAMS 0x0000000080800000, 0x0000000080800000| Untracked 
|   8|0x0000000080800000, 0x0000000080900000, 0x0000000080900000|100%| O|  |TAMS 0x0000000080900000, 0x0000000080900000| Untracked 
|   9|0x0000000080900000, 0x0000000080a00000, 0x0000000080a00000|100%| O|  |TAMS 0x0000000080a00000, 0x0000000080a00000| Untracked 
|  10|0x0000000080a00000, 0x0000000080b00000, 0x0000000080b00000|100%| O|  |TAMS 0x0000000080b00000, 0x0000000080b00000| Untracked 
|  11|0x0000000080b00000, 0x0000000080c00000, 0x0000000080c00000|100%| O|  |TAMS 0x0000000080c00000, 0x0000000080c00000| Untracked 
|  12|0x0000000080c00000, 0x0000000080d00000, 0x0000000080d00000|100%| O|  |TAMS 0x0000000080d00000, 0x0000000080d00000| Untracked 
|  13|0x0000000080d00000, 0x0000000080e00000, 0x0000000080e00000|100%| O|  |TAMS 0x0000000080e00000, 0x0000000080e00000| Untracked 
|  14|0x0000000080e00000, 0x0000000080f00000, 0x0000000080f00000|100%| O|  |TAMS 0x0000000080f00000, 0x0000000080f00000| Untracked 
|  15|0x0000000080f00000, 0x0000000081000000, 0x0000000081000000|100%| O|  |TAMS 0x0000000081000000, 0x0000000081000000| Untracked 
|  16|0x0000000081000000, 0x0000000081100000, 0x0000000081100000|100%| O|  |TAMS 0x0000000081100000, 0x0000000081100000| Untracked 
|  17|0x0000000081100000, 0x0000000081200000, 0x0000000081200000|100%|HS|  |TAMS 0x0000000081200000, 0x0000000081200000| Complete 
|  18|0x0000000081200000, 0x0000000081300000, 0x0000000081300000|100%| O|  |TAMS 0x0000000081300000, 0x0000000081300000| Untracked 
|  19|0x0000000081300000, 0x0000000081400000, 0x0000000081400000|100%| O|  |TAMS 0x0000000081400000, 0x0000000081400000| Untracked 
|  20|0x0000000081400000, 0x0000000081500000, 0x0000000081500000|100%| O|  |TAMS 0x0000000081500000, 0x0000000081500000| Untracked 
|  21|0x0000000081500000, 0x0000000081600000, 0x0000000081600000|100%| O|  |TAMS 0x0000000081600000, 0x0000000081600000| Untracked 
|  22|0x0000000081600000, 0x0000000081700000, 0x0000000081700000|100%| O|  |TAMS 0x0000000081700000, 0x0000000081700000| Untracked 
|  23|0x0000000081700000, 0x0000000081800000, 0x0000000081800000|100%|HS|  |TAMS 0x0000000081800000, 0x0000000081800000| Complete 
|  24|0x0000000081800000, 0x0000000081900000, 0x0000000081900000|100%|HS|  |TAMS 0x0000000081900000, 0x0000000081900000| Complete 
|  25|0x0000000081900000, 0x0000000081a00000, 0x0000000081a00000|100%|HC|  |TAMS 0x0000000081a00000, 0x0000000081a00000| Complete 
|  26|0x0000000081a00000, 0x0000000081b00000, 0x0000000081b00000|100%| O|  |TAMS 0x0000000081b00000, 0x0000000081b00000| Untracked 
|  27|0x0000000081b00000, 0x0000000081c00000, 0x0000000081c00000|100%| O|  |TAMS 0x0000000081c00000, 0x0000000081c00000| Untracked 
|  28|0x0000000081c00000, 0x0000000081d00000, 0x0000000081d00000|100%| O|  |TAMS 0x0000000081d00000, 0x0000000081d00000| Untracked 
|  29|0x0000000081d00000, 0x0000000081e00000, 0x0000000081e00000|100%| O|  |TAMS 0x0000000081e00000, 0x0000000081e00000| Untracked 
|  30|0x0000000081e00000, 0x0000000081f00000, 0x0000000081f00000|100%| O|  |TAMS 0x0000000081f00000, 0x0000000081f00000| Untracked 
|  31|0x0000000081f00000, 0x0000000082000000, 0x0000000082000000|100%| O|  |TAMS 0x0000000082000000, 0x0000000082000000| Untracked 
|  32|0x0000000082000000, 0x0000000082100000, 0x0000000082100000|100%| O|  |TAMS 0x0000000082100000, 0x0000000082100000| Untracked 
|  33|0x0000000082100000, 0x0000000082200000, 0x0000000082200000|100%| O|  |TAMS 0x0000000082200000, 0x0000000082200000| Untracked 
|  34|0x0000000082200000, 0x0000000082300000, 0x0000000082300000|100%| O|  |TAMS 0x0000000082300000, 0x0000000082300000| Untracked 
|  35|0x0000000082300000, 0x0000000082400000, 0x0000000082400000|100%| O|  |TAMS 0x0000000082400000, 0x0000000082400000| Untracked 
|  36|0x0000000082400000, 0x0000000082500000, 0x0000000082500000|100%| O|  |TAMS 0x0000000082500000, 0x0000000082500000| Untracked 
|  37|0x0000000082500000, 0x0000000082600000, 0x0000000082600000|100%| O|  |TAMS 0x0000000082600000, 0x0000000082600000| Untracked 
|  38|0x0000000082600000, 0x0000000082700000, 0x0000000082700000|100%| O|  |TAMS 0x0000000082700000, 0x0000000082700000| Untracked 
|  39|0x0000000082700000, 0x0000000082800000, 0x0000000082800000|100%| O|  |TAMS 0x0000000082800000, 0x0000000082800000| Untracked 
|  40|0x0000000082800000, 0x0000000082900000, 0x0000000082900000|100%| O|  |TAMS 0x0000000082900000, 0x0000000082900000| Untracked 
|  41|0x0000000082900000, 0x0000000082a00000, 0x0000000082a00000|100%| O|  |TAMS 0x0000000082a00000, 0x0000000082a00000| Untracked 
|  42|0x0000000082a00000, 0x0000000082b00000, 0x0000000082b00000|100%| O|  |TAMS 0x0000000082b00000, 0x0000000082b00000| Untracked 
|  43|0x0000000082b00000, 0x0000000082c00000, 0x0000000082c00000|100%| O|  |TAMS 0x0000000082c00000, 0x0000000082c00000| Untracked 
|  44|0x0000000082c00000, 0x0000000082d00000, 0x0000000082d00000|100%| O|  |TAMS 0x0000000082d00000, 0x0000000082d00000| Untracked 
|  45|0x0000000082d00000, 0x0000000082e00000, 0x0000000082e00000|100%| O|  |TAMS 0x0000000082e00000, 0x0000000082e00000| Untracked 
|  46|0x0000000082e00000, 0x0000000082f00000, 0x0000000082f00000|100%| O|  |TAMS 0x0000000082f00000, 0x0000000082f00000| Untracked 
|  47|0x0000000082f00000, 0x0000000083000000, 0x0000000083000000|100%| O|  |TAMS 0x0000000083000000, 0x0000000083000000| Untracked 
|  48|0x0000000083000000, 0x0000000083100000, 0x0000000083100000|100%| O|  |TAMS 0x0000000083100000, 0x0000000083100000| Untracked 
|  49|0x0000000083100000, 0x0000000083200000, 0x0000000083200000|100%| O|  |TAMS 0x0000000083200000, 0x0000000083200000| Untracked 
|  50|0x0000000083200000, 0x0000000083300000, 0x0000000083300000|100%| O|  |TAMS 0x0000000083300000, 0x0000000083300000| Untracked 
|  51|0x0000000083300000, 0x0000000083400000, 0x0000000083400000|100%| O|  |TAMS 0x0000000083400000, 0x0000000083400000| Untracked 
|  52|0x0000000083400000, 0x0000000083500000, 0x0000000083500000|100%| O|  |TAMS 0x0000000083500000, 0x0000000083500000| Untracked 
|  53|0x0000000083500000, 0x0000000083600000, 0x0000000083600000|100%| O|  |TAMS 0x0000000083600000, 0x0000000083600000| Untracked 
|  54|0x0000000083600000, 0x0000000083700000, 0x0000000083700000|100%| O|  |TAMS 0x0000000083700000, 0x0000000083700000| Untracked 
|  55|0x0000000083700000, 0x0000000083800000, 0x0000000083800000|100%| O|  |TAMS 0x0000000083700000, 0x0000000083800000| Untracked 
|  56|0x0000000083800000, 0x0000000083900000, 0x0000000083900000|100%| O|  |TAMS 0x0000000083900000, 0x0000000083900000| Untracked 
|  57|0x0000000083900000, 0x0000000083a00000, 0x0000000083a00000|100%| O|  |TAMS 0x0000000083a00000, 0x0000000083a00000| Untracked 
|  58|0x0000000083a00000, 0x0000000083a0f000, 0x0000000083b00000|  5%| O|  |TAMS 0x0000000083a00000, 0x0000000083a0f000| Untracked 
|  59|0x0000000083b00000, 0x0000000083c00000, 0x0000000083c00000|100%| O|  |TAMS 0x0000000083c00000, 0x0000000083c00000| Untracked 
|  60|0x0000000083c00000, 0x0000000083d00000, 0x0000000083d00000|100%| O|  |TAMS 0x0000000083d00000, 0x0000000083d00000| Untracked 
|  61|0x0000000083d00000, 0x0000000083d00000, 0x0000000083e00000|  0%| F|  |TAMS 0x0000000083d00000, 0x0000000083d00000| Untracked 
|  62|0x0000000083e00000, 0x0000000083e00000, 0x0000000083f00000|  0%| F|  |TAMS 0x0000000083e00000, 0x0000000083e00000| Untracked 
|  63|0x0000000083f00000, 0x0000000083f00000, 0x0000000084000000|  0%| F|  |TAMS 0x0000000083f00000, 0x0000000083f00000| Untracked 
|  64|0x0000000084000000, 0x0000000084100000, 0x0000000084100000|100%| O|  |TAMS 0x0000000084100000, 0x0000000084100000| Untracked 
|  65|0x0000000084100000, 0x0000000084200000, 0x0000000084200000|100%| O|  |TAMS 0x0000000084200000, 0x0000000084200000| Untracked 
|  66|0x0000000084200000, 0x0000000084300000, 0x0000000084300000|100%| O|  |TAMS 0x0000000084300000, 0x0000000084300000| Untracked 
|  67|0x0000000084300000, 0x0000000084400000, 0x0000000084400000|100%| O|  |TAMS 0x0000000084400000, 0x0000000084400000| Untracked 
|  68|0x0000000084400000, 0x0000000084500000, 0x0000000084500000|100%| O|  |TAMS 0x0000000084500000, 0x0000000084500000| Untracked 
|  69|0x0000000084500000, 0x0000000084600000, 0x0000000084600000|100%|HS|  |TAMS 0x0000000084600000, 0x0000000084600000| Complete 
|  70|0x0000000084600000, 0x0000000084700000, 0x0000000084700000|100%|HC|  |TAMS 0x0000000084700000, 0x0000000084700000| Complete 
|  71|0x0000000084700000, 0x0000000084800000, 0x0000000084800000|100%| O|  |TAMS 0x0000000084800000, 0x0000000084800000| Untracked 
|  72|0x0000000084800000, 0x0000000084900000, 0x0000000084900000|100%| O|  |TAMS 0x0000000084900000, 0x0000000084900000| Untracked 
|  73|0x0000000084900000, 0x0000000084a00000, 0x0000000084a00000|100%| O|  |TAMS 0x0000000084a00000, 0x0000000084a00000| Untracked 
|  74|0x0000000084a00000, 0x0000000084b00000, 0x0000000084b00000|100%| O|  |TAMS 0x0000000084b00000, 0x0000000084b00000| Untracked 
|  75|0x0000000084b00000, 0x0000000084b00000, 0x0000000084c00000|  0%| F|  |TAMS 0x0000000084b00000, 0x0000000084b00000| Untracked 
|  76|0x0000000084c00000, 0x0000000084c00000, 0x0000000084d00000|  0%| F|  |TAMS 0x0000000084c00000, 0x0000000084c00000| Untracked 
|  77|0x0000000084d00000, 0x0000000084e00000, 0x0000000084e00000|100%| O|  |TAMS 0x0000000084e00000, 0x0000000084e00000| Untracked 
|  78|0x0000000084e00000, 0x0000000084f00000, 0x0000000084f00000|100%| O|  |TAMS 0x0000000084f00000, 0x0000000084f00000| Untracked 
|  79|0x0000000084f00000, 0x0000000084f00000, 0x0000000085000000|  0%| F|  |TAMS 0x0000000084f00000, 0x0000000084f00000| Untracked 
|  80|0x0000000085000000, 0x0000000085000000, 0x0000000085100000|  0%| F|  |TAMS 0x0000000085000000, 0x0000000085000000| Untracked 
|  81|0x0000000085100000, 0x0000000085100000, 0x0000000085200000|  0%| F|  |TAMS 0x0000000085100000, 0x0000000085100000| Untracked 
|  82|0x0000000085200000, 0x0000000085300000, 0x0000000085300000|100%| O|  |TAMS 0x0000000085300000, 0x0000000085300000| Untracked 
|  83|0x0000000085300000, 0x0000000085400000, 0x0000000085400000|100%| O|  |TAMS 0x0000000085400000, 0x0000000085400000| Untracked 
|  84|0x0000000085400000, 0x0000000085400000, 0x0000000085500000|  0%| F|  |TAMS 0x0000000085400000, 0x0000000085400000| Untracked 
|  85|0x0000000085500000, 0x0000000085500000, 0x0000000085600000|  0%| F|  |TAMS 0x0000000085500000, 0x0000000085500000| Untracked 
|  86|0x0000000085600000, 0x0000000085700000, 0x0000000085700000|100%| O|  |TAMS 0x0000000085700000, 0x0000000085700000| Untracked 
|  87|0x0000000085700000, 0x0000000085800000, 0x0000000085800000|100%| O|  |TAMS 0x0000000085800000, 0x0000000085800000| Untracked 
|  88|0x0000000085800000, 0x0000000085800000, 0x0000000085900000|  0%| F|  |TAMS 0x0000000085800000, 0x0000000085800000| Untracked 
|  89|0x0000000085900000, 0x0000000085a00000, 0x0000000085a00000|100%| O|  |TAMS 0x0000000085a00000, 0x0000000085a00000| Untracked 
|  90|0x0000000085a00000, 0x0000000085a00000, 0x0000000085b00000|  0%| F|  |TAMS 0x0000000085a00000, 0x0000000085a00000| Untracked 
|  91|0x0000000085b00000, 0x0000000085b00000, 0x0000000085c00000|  0%| F|  |TAMS 0x0000000085b00000, 0x0000000085b00000| Untracked 
|  92|0x0000000085c00000, 0x0000000085d00000, 0x0000000085d00000|100%| O|  |TAMS 0x0000000085d00000, 0x0000000085d00000| Untracked 
|  93|0x0000000085d00000, 0x0000000085e00000, 0x0000000085e00000|100%| O|  |TAMS 0x0000000085e00000, 0x0000000085e00000| Untracked 
|  94|0x0000000085e00000, 0x0000000085f00000, 0x0000000085f00000|100%| O|  |TAMS 0x0000000085f00000, 0x0000000085f00000| Untracked 
|  95|0x0000000085f00000, 0x0000000086000000, 0x0000000086000000|100%| O|  |TAMS 0x0000000086000000, 0x0000000086000000| Untracked 
|  96|0x0000000086000000, 0x0000000086100000, 0x0000000086100000|100%| O|  |TAMS 0x00000000860b0400, 0x0000000086100000| Untracked 
|  97|0x0000000086100000, 0x0000000086100000, 0x0000000086200000|  0%| F|  |TAMS 0x0000000086100000, 0x0000000086100000| Untracked 
|  98|0x0000000086200000, 0x0000000086200000, 0x0000000086300000|  0%| F|  |TAMS 0x0000000086200000, 0x0000000086200000| Untracked 
|  99|0x0000000086300000, 0x0000000086400000, 0x0000000086400000|100%| O|  |TAMS 0x0000000086400000, 0x0000000086400000| Untracked 
| 100|0x0000000086400000, 0x0000000086400000, 0x0000000086500000|  0%| F|  |TAMS 0x0000000086400000, 0x0000000086400000| Untracked 
| 101|0x0000000086500000, 0x0000000086500000, 0x0000000086600000|  0%| F|  |TAMS 0x0000000086500000, 0x0000000086500000| Untracked 
| 102|0x0000000086600000, 0x0000000086700000, 0x0000000086700000|100%| O|  |TAMS 0x0000000086700000, 0x0000000086700000| Untracked 
| 103|0x0000000086700000, 0x0000000086800000, 0x0000000086800000|100%| O|  |TAMS 0x0000000086800000, 0x0000000086800000| Untracked 
| 104|0x0000000086800000, 0x0000000086900000, 0x0000000086900000|100%| O|  |TAMS 0x0000000086900000, 0x0000000086900000| Untracked 
| 105|0x0000000086900000, 0x0000000086a00000, 0x0000000086a00000|100%| O|  |TAMS 0x0000000086a00000, 0x0000000086a00000| Untracked 
| 106|0x0000000086a00000, 0x0000000086a00000, 0x0000000086b00000|  0%| F|  |TAMS 0x0000000086a00000, 0x0000000086a00000| Untracked 
| 107|0x0000000086b00000, 0x0000000086b00000, 0x0000000086c00000|  0%| F|  |TAMS 0x0000000086b00000, 0x0000000086b00000| Untracked 
| 108|0x0000000086c00000, 0x0000000086c00000, 0x0000000086d00000|  0%| F|  |TAMS 0x0000000086c00000, 0x0000000086c00000| Untracked 
| 109|0x0000000086d00000, 0x0000000086d00000, 0x0000000086e00000|  0%| F|  |TAMS 0x0000000086d00000, 0x0000000086d00000| Untracked 
| 110|0x0000000086e00000, 0x0000000086e00000, 0x0000000086f00000|  0%| F|  |TAMS 0x0000000086e00000, 0x0000000086e00000| Untracked 
| 111|0x0000000086f00000, 0x0000000086f00000, 0x0000000087000000|  0%| F|  |TAMS 0x0000000086f00000, 0x0000000086f00000| Untracked 
| 112|0x0000000087000000, 0x0000000087000000, 0x0000000087100000|  0%| F|  |TAMS 0x0000000087000000, 0x0000000087000000| Untracked 
| 113|0x0000000087100000, 0x0000000087100000, 0x0000000087200000|  0%| F|  |TAMS 0x0000000087100000, 0x0000000087100000| Untracked 
| 114|0x0000000087200000, 0x0000000087200000, 0x0000000087300000|  0%| F|  |TAMS 0x0000000087200000, 0x0000000087200000| Untracked 
| 115|0x0000000087300000, 0x0000000087300000, 0x0000000087400000|  0%| F|  |TAMS 0x0000000087300000, 0x0000000087300000| Untracked 
| 116|0x0000000087400000, 0x0000000087400000, 0x0000000087500000|  0%| F|  |TAMS 0x0000000087400000, 0x0000000087400000| Untracked 
| 117|0x0000000087500000, 0x0000000087500000, 0x0000000087600000|  0%| F|  |TAMS 0x0000000087500000, 0x0000000087500000| Untracked 
| 118|0x0000000087600000, 0x0000000087600000, 0x0000000087700000|  0%| F|  |TAMS 0x0000000087600000, 0x0000000087600000| Untracked 
| 119|0x0000000087700000, 0x0000000087700000, 0x0000000087800000|  0%| F|  |TAMS 0x0000000087700000, 0x0000000087700000| Untracked 
| 120|0x0000000087800000, 0x0000000087800000, 0x0000000087900000|  0%| F|  |TAMS 0x0000000087800000, 0x0000000087800000| Untracked 
| 121|0x0000000087900000, 0x0000000087a00000, 0x0000000087a00000|100%| S|CS|TAMS 0x0000000087900000, 0x0000000087900000| Complete 
| 122|0x0000000087a00000, 0x0000000087b00000, 0x0000000087b00000|100%| S|CS|TAMS 0x0000000087a00000, 0x0000000087a00000| Complete 
| 123|0x0000000087b00000, 0x0000000087c00000, 0x0000000087c00000|100%| S|CS|TAMS 0x0000000087b00000, 0x0000000087b00000| Complete 
| 124|0x0000000087c00000, 0x0000000087d00000, 0x0000000087d00000|100%| S|CS|TAMS 0x0000000087c00000, 0x0000000087c00000| Complete 
| 125|0x0000000087d00000, 0x0000000087d00000, 0x0000000087e00000|  0%| F|  |TAMS 0x0000000087d00000, 0x0000000087d00000| Untracked 
| 126|0x0000000087e00000, 0x0000000087e00000, 0x0000000087f00000|  0%| F|  |TAMS 0x0000000087e00000, 0x0000000087e00000| Untracked 
| 127|0x0000000087f00000, 0x0000000087f00000, 0x0000000088000000|  0%| F|  |TAMS 0x0000000087f00000, 0x0000000087f00000| Untracked 
| 128|0x0000000088000000, 0x0000000088000000, 0x0000000088100000|  0%| F|  |TAMS 0x0000000088000000, 0x0000000088000000| Untracked 
| 129|0x0000000088100000, 0x0000000088100000, 0x0000000088200000|  0%| F|  |TAMS 0x0000000088100000, 0x0000000088100000| Untracked 
| 130|0x0000000088200000, 0x0000000088200000, 0x0000000088300000|  0%| F|  |TAMS 0x0000000088200000, 0x0000000088200000| Untracked 
| 131|0x0000000088300000, 0x0000000088300000, 0x0000000088400000|  0%| F|  |TAMS 0x0000000088300000, 0x0000000088300000| Untracked 
| 132|0x0000000088400000, 0x0000000088400000, 0x0000000088500000|  0%| F|  |TAMS 0x0000000088400000, 0x0000000088400000| Untracked 
| 133|0x0000000088500000, 0x0000000088500000, 0x0000000088600000|  0%| F|  |TAMS 0x0000000088500000, 0x0000000088500000| Untracked 
| 134|0x0000000088600000, 0x0000000088600000, 0x0000000088700000|  0%| F|  |TAMS 0x0000000088600000, 0x0000000088600000| Untracked 
| 135|0x0000000088700000, 0x0000000088700000, 0x0000000088800000|  0%| F|  |TAMS 0x0000000088700000, 0x0000000088700000| Untracked 
| 136|0x0000000088800000, 0x0000000088800000, 0x0000000088900000|  0%| F|  |TAMS 0x0000000088800000, 0x0000000088800000| Untracked 
| 137|0x0000000088900000, 0x0000000088900000, 0x0000000088a00000|  0%| F|  |TAMS 0x0000000088900000, 0x0000000088900000| Untracked 
| 138|0x0000000088a00000, 0x0000000088a00000, 0x0000000088b00000|  0%| F|  |TAMS 0x0000000088a00000, 0x0000000088a00000| Untracked 
| 139|0x0000000088b00000, 0x0000000088b00000, 0x0000000088c00000|  0%| F|  |TAMS 0x0000000088b00000, 0x0000000088b00000| Untracked 
| 140|0x0000000088c00000, 0x0000000088c00000, 0x0000000088d00000|  0%| F|  |TAMS 0x0000000088c00000, 0x0000000088c00000| Untracked 
| 141|0x0000000088d00000, 0x0000000088d00000, 0x0000000088e00000|  0%| F|  |TAMS 0x0000000088d00000, 0x0000000088d00000| Untracked 
| 142|0x0000000088e00000, 0x0000000088e00000, 0x0000000088f00000|  0%| F|  |TAMS 0x0000000088e00000, 0x0000000088e00000| Untracked 
| 143|0x0000000088f00000, 0x0000000088f00000, 0x0000000089000000|  0%| F|  |TAMS 0x0000000088f00000, 0x0000000088f00000| Untracked 
| 144|0x0000000089000000, 0x0000000089000000, 0x0000000089100000|  0%| F|  |TAMS 0x0000000089000000, 0x0000000089000000| Untracked 
| 145|0x0000000089100000, 0x0000000089100000, 0x0000000089200000|  0%| F|  |TAMS 0x0000000089100000, 0x0000000089100000| Untracked 
| 146|0x0000000089200000, 0x0000000089200000, 0x0000000089300000|  0%| F|  |TAMS 0x0000000089200000, 0x0000000089200000| Untracked 
| 147|0x0000000089300000, 0x0000000089300000, 0x0000000089400000|  0%| F|  |TAMS 0x0000000089300000, 0x0000000089300000| Untracked 
| 148|0x0000000089400000, 0x0000000089400000, 0x0000000089500000|  0%| F|  |TAMS 0x0000000089400000, 0x0000000089400000| Untracked 
| 149|0x0000000089500000, 0x0000000089500000, 0x0000000089600000|  0%| F|  |TAMS 0x0000000089500000, 0x0000000089500000| Untracked 
| 150|0x0000000089600000, 0x00000000896d5408, 0x0000000089700000| 83%| E|  |TAMS 0x0000000089600000, 0x0000000089600000| Complete 
| 151|0x0000000089700000, 0x0000000089800000, 0x0000000089800000|100%| E|CS|TAMS 0x0000000089700000, 0x0000000089700000| Complete 
| 152|0x0000000089800000, 0x0000000089900000, 0x0000000089900000|100%| E|CS|TAMS 0x0000000089800000, 0x0000000089800000| Complete 
| 153|0x0000000089900000, 0x0000000089a00000, 0x0000000089a00000|100%| E|CS|TAMS 0x0000000089900000, 0x0000000089900000| Complete 

Card table byte_map: [0x000001c713460000,0x000001c713860000] _byte_map_base: 0x000001c713060000

Marking Bits (Prev, Next): (CMBitMap*) 0x000001c77fcf1800, (CMBitMap*) 0x000001c77fcf17c8
 Prev Bits: [0x000001c715c60000, 0x000001c717c60000)
 Next Bits: [0x000001c713c60000, 0x000001c715c60000)

Polling page: 0x000001c700000000

Metaspace:

Usage:
  Non-class:     96.00 MB capacity,    94.18 MB ( 98%) used,     1.46 MB (  2%) free+waste,   368.75 KB ( <1%) overhead. 
      Class:     14.91 MB capacity,    13.80 MB ( 93%) used,   976.19 KB (  6%) free+waste,   161.88 KB (  1%) overhead. 
       Both:    110.90 MB capacity,   107.97 MB ( 97%) used,     2.41 MB (  2%) free+waste,   530.63 KB ( <1%) overhead. 

Virtual space:
  Non-class space:       98.00 MB reserved,      96.12 MB ( 98%) committed 
      Class space:        1.00 GB reserved,      15.00 MB (  1%) committed 
             Both:        1.10 GB reserved,     111.12 MB ( 10%) committed 

Chunk freelists:
   Non-Class:  0 bytes
       Class:  0 bytes
        Both:  0 bytes

MaxMetaspaceSize: 17179869184.00 GB
CompressedClassSpaceSize: 1.00 GB

CodeHeap 'non-profiled nmethods': size=120064Kb used=11432Kb max_used=11777Kb free=108631Kb
 bounds [0x000001c70b4f0000, 0x000001c70c080000, 0x000001c712a30000]
CodeHeap 'profiled nmethods': size=120000Kb used=39077Kb max_used=40291Kb free=80922Kb
 bounds [0x000001c703fc0000, 0x000001c706720000, 0x000001c70b4f0000]
CodeHeap 'non-nmethods': size=5696Kb used=2334Kb max_used=2386Kb free=3361Kb
 bounds [0x000001c703a30000, 0x000001c703ca0000, 0x000001c703fc0000]
 total_blobs=18192 nmethods=17245 adapters=857
 compilation: enabled
              stopped_count=0, restarted_count=0
 full_count=0

Compilation events (20 events):
Event: 447.396 Thread 0x000001c71ab8c000 nmethod 18048 0x000001c70b58ef10 code [0x000001c70b58f160, 0x000001c70b590088]
Event: 447.396 Thread 0x000001c71ab8c000 18053       4       org.gradle.api.internal.provider.ValueSupplier$Value::of (22 bytes)
Event: 447.398 Thread 0x000001c71ab8c000 nmethod 18053 0x000001c70b582410 code [0x000001c70b5825c0, 0x000001c70b5826c8]
Event: 447.421 Thread 0x000001c71ab8c000 18068       4       org.gradle.api.internal.artifacts.dependencies.DefaultImmutableVersionConstraint::<init> (152 bytes)
Event: 447.439 Thread 0x000001c71abed800 18070       1       org.gradle.api.internal.attributes.DefaultAttributesSchema::access$000 (5 bytes)
Event: 447.439 Thread 0x000001c71abed800 nmethod 18070 0x000001c70b588310 code [0x000001c70b5884c0, 0x000001c70b588558]
Event: 447.455 Thread 0x000001c71ab8c000 nmethod 18068 0x000001c70b59b690 code [0x000001c70b59b860, 0x000001c70b59c2b8]
Event: 447.456 Thread 0x000001c71ab8c000 18069       4       org.gradle.api.internal.artifacts.ModuleComponentSelectorSerializer::read (50 bytes)
Event: 447.591 Thread 0x000001c71abed800 18071       3       org.gradle.internal.component.external.model.maven.DefaultMavenModuleResolveMetadata::asMutable (5 bytes)
Event: 447.591 Thread 0x000001c71abed800 nmethod 18071 0x000001c70412cc10 code [0x000001c70412cde0, 0x000001c70412d008]
Event: 447.591 Thread 0x000001c71abed800 18073       3       org.gradle.internal.component.model.ImmutableModuleSources::withSources (28 bytes)
Event: 447.592 Thread 0x000001c71abed800 nmethod 18073 0x000001c704130890 code [0x000001c704130a60, 0x000001c704130ce8]
Event: 447.592 Thread 0x000001c71abed800 18072       3       org.gradle.internal.component.external.model.maven.DefaultMavenModuleResolveMetadata::asMutable (13 bytes)
Event: 447.592 Thread 0x000001c71abed800 nmethod 18072 0x000001c704130490 code [0x000001c704130640, 0x000001c7041307e8]
Event: 447.618 Thread 0x000001c71ab8c000 nmethod 18069 0x000001c70b60bb10 code [0x000001c70b60c060, 0x000001c70b60f1e0]
Event: 447.622 Thread 0x000001c71abed800 18074       3       org.gradle.api.internal.artifacts.ivyservice.ivyresolve.strategy.VersionParser$DefaultVersion::<init> (89 bytes)
Event: 447.623 Thread 0x000001c71abed800 nmethod 18074 0x000001c704137f10 code [0x000001c704138140, 0x000001c704138b48]
Event: 447.663 Thread 0x000001c71abed800 18075       3       org.gradle.internal.component.model.DependencyMetadataRules::execute (35 bytes)
Event: 447.665 Thread 0x000001c71abed800 nmethod 18075 0x000001c704136e10 code [0x000001c7041370a0, 0x000001c704137b08]
Event: 447.681 Thread 0x000001c71abed800 18076   !   3       jdk.internal.reflect.GeneratedConstructorAccessor60::newInstance (93 bytes)

GC Heap History (20 events):
Event: 379.410 GC heap before
{Heap before GC invocations=62 (full 0):
 garbage-first heap   total 131072K, used 105981K [0x0000000080000000, 0x0000000100000000)
  region size 1024K, 16 young (16384K), 1 survivors (1024K)
 Metaspace       used 109619K, capacity 112515K, committed 112636K, reserved 1146880K
  class space    used 14094K, capacity 15207K, committed 15232K, reserved 1048576K
}
Event: 379.419 GC heap after
{Heap after GC invocations=63 (full 0):
 garbage-first heap   total 131072K, used 95604K [0x0000000080000000, 0x0000000100000000)
  region size 1024K, 2 young (2048K), 2 survivors (2048K)
 Metaspace       used 109619K, capacity 112515K, committed 112636K, reserved 1146880K
  class space    used 14094K, capacity 15207K, committed 15232K, reserved 1048576K
}
Event: 379.808 GC heap before
{Heap before GC invocations=63 (full 0):
 garbage-first heap   total 131072K, used 107892K [0x0000000080000000, 0x0000000100000000)
  region size 1024K, 14 young (14336K), 2 survivors (2048K)
 Metaspace       used 109654K, capacity 112579K, committed 112636K, reserved 1146880K
  class space    used 14094K, capacity 15207K, committed 15232K, reserved 1048576K
}
Event: 379.820 GC heap after
{Heap after GC invocations=64 (full 0):
 garbage-first heap   total 131072K, used 98660K [0x0000000080000000, 0x0000000100000000)
  region size 1024K, 2 young (2048K), 2 survivors (2048K)
 Metaspace       used 109654K, capacity 112579K, committed 112636K, reserved 1146880K
  class space    used 14094K, capacity 15207K, committed 15232K, reserved 1048576K
}
Event: 380.285 GC heap before
{Heap before GC invocations=65 (full 0):
 garbage-first heap   total 131072K, used 108900K [0x0000000080000000, 0x0000000100000000)
  region size 1024K, 12 young (12288K), 2 survivors (2048K)
 Metaspace       used 109714K, capacity 112646K, committed 112892K, reserved 1146880K
  class space    used 14094K, capacity 15207K, committed 15232K, reserved 1048576K
}
Event: 380.295 GC heap after
{Heap after GC invocations=66 (full 0):
 garbage-first heap   total 131072K, used 100062K [0x0000000080000000, 0x0000000100000000)
  region size 1024K, 2 young (2048K), 2 survivors (2048K)
 Metaspace       used 109714K, capacity 112646K, committed 112892K, reserved 1146880K
  class space    used 14094K, capacity 15207K, committed 15232K, reserved 1048576K
}
Event: 380.538 GC heap before
{Heap before GC invocations=66 (full 0):
 garbage-first heap   total 131072K, used 103134K [0x0000000080000000, 0x0000000100000000)
  region size 1024K, 6 young (6144K), 2 survivors (2048K)
 Metaspace       used 109746K, capacity 112677K, committed 112892K, reserved 1146880K
  class space    used 14099K, capacity 15216K, committed 15232K, reserved 1048576K
}
Event: 380.559 GC heap after
{Heap after GC invocations=67 (full 0):
 garbage-first heap   total 131072K, used 98465K [0x0000000080000000, 0x0000000100000000)
  region size 1024K, 1 young (1024K), 1 survivors (1024K)
 Metaspace       used 109746K, capacity 112677K, committed 112892K, reserved 1146880K
  class space    used 14099K, capacity 15216K, committed 15232K, reserved 1048576K
}
Event: 380.767 GC heap before
{Heap before GC invocations=67 (full 0):
 garbage-first heap   total 131072K, used 108705K [0x0000000080000000, 0x0000000100000000)
  region size 1024K, 11 young (11264K), 1 survivors (1024K)
 Metaspace       used 109827K, capacity 112798K, committed 112892K, reserved 1146880K
  class space    used 14107K, capacity 15232K, committed 15232K, reserved 1048576K
}
Event: 380.777 GC heap after
{Heap after GC invocations=68 (full 0):
 garbage-first heap   total 131072K, used 99225K [0x0000000080000000, 0x0000000100000000)
  region size 1024K, 2 young (2048K), 2 survivors (2048K)
 Metaspace       used 109827K, capacity 112798K, committed 112892K, reserved 1146880K
  class space    used 14107K, capacity 15232K, committed 15232K, reserved 1048576K
}
Event: 381.421 GC heap before
{Heap before GC invocations=69 (full 0):
 garbage-first heap   total 131072K, used 108441K [0x0000000080000000, 0x0000000100000000)
  region size 1024K, 12 young (12288K), 2 survivors (2048K)
 Metaspace       used 110059K, capacity 113072K, committed 113276K, reserved 1146880K
  class space    used 14109K, capacity 15233K, committed 15360K, reserved 1048576K
}
Event: 381.428 GC heap after
{Heap after GC invocations=70 (full 0):
 garbage-first heap   total 131072K, used 99092K [0x0000000080000000, 0x0000000100000000)
  region size 1024K, 1 young (1024K), 1 survivors (1024K)
 Metaspace       used 110059K, capacity 113072K, committed 113276K, reserved 1146880K
  class space    used 14109K, capacity 15233K, committed 15360K, reserved 1048576K
}
Event: 381.797 GC heap before
{Heap before GC invocations=70 (full 0):
 garbage-first heap   total 131072K, used 103188K [0x0000000080000000, 0x0000000100000000)
  region size 1024K, 6 young (6144K), 1 survivors (1024K)
 Metaspace       used 110076K, capacity 113074K, committed 113276K, reserved 1146880K
  class space    used 14109K, capacity 15233K, committed 15360K, reserved 1048576K
}
Event: 381.822 GC heap after
{Heap after GC invocations=71 (full 0):
 garbage-first heap   total 131072K, used 95937K [0x0000000080000000, 0x0000000100000000)
  region size 1024K, 1 young (1024K), 1 survivors (1024K)
 Metaspace       used 110076K, capacity 113074K, committed 113276K, reserved 1146880K
  class space    used 14109K, capacity 15233K, committed 15360K, reserved 1048576K
}
Event: 382.167 GC heap before
{Heap before GC invocations=71 (full 0):
 garbage-first heap   total 131072K, used 108225K [0x0000000080000000, 0x0000000100000000)
  region size 1024K, 14 young (14336K), 1 survivors (1024K)
 Metaspace       used 110164K, capacity 113164K, committed 113532K, reserved 1146880K
  class space    used 14111K, capacity 15236K, committed 15360K, reserved 1048576K
}
Event: 382.174 GC heap after
{Heap after GC invocations=72 (full 0):
 garbage-first heap   total 131072K, used 96349K [0x0000000080000000, 0x0000000100000000)
  region size 1024K, 2 young (2048K), 2 survivors (2048K)
 Metaspace       used 110164K, capacity 113164K, committed 113532K, reserved 1146880K
  class space    used 14111K, capacity 15236K, committed 15360K, reserved 1048576K
}
Event: 386.601 GC heap before
{Heap before GC invocations=73 (full 0):
 garbage-first heap   total 131072K, used 123997K [0x0000000080000000, 0x0000000100000000)
  region size 1024K, 15 young (15360K), 2 survivors (2048K)
 Metaspace       used 110199K, capacity 113164K, committed 113532K, reserved 1146880K
  class space    used 14111K, capacity 15236K, committed 15360K, reserved 1048576K
}
Event: 386.606 GC heap after
{Heap after GC invocations=74 (full 0):
 garbage-first heap   total 157696K, used 95441K [0x0000000080000000, 0x0000000100000000)
  region size 1024K, 1 young (1024K), 1 survivors (1024K)
 Metaspace       used 110199K, capacity 113164K, committed 113532K, reserved 1146880K
  class space    used 14111K, capacity 15236K, committed 15360K, reserved 1048576K
}
Event: 446.274 GC heap before
{Heap before GC invocations=74 (full 0):
 garbage-first heap   total 157696K, used 100561K [0x0000000080000000, 0x0000000100000000)
  region size 1024K, 7 young (7168K), 1 survivors (1024K)
 Metaspace       used 110300K, capacity 113305K, committed 113532K, reserved 1146880K
  class space    used 14121K, capacity 15255K, committed 15360K, reserved 1048576K
}
Event: 446.280 GC heap after
{Heap after GC invocations=75 (full 0):
 garbage-first heap   total 157696K, used 90486K [0x0000000080000000, 0x0000000100000000)
  region size 1024K, 1 young (1024K), 1 survivors (1024K)
 Metaspace       used 110300K, capacity 113305K, committed 113532K, reserved 1146880K
  class space    used 14121K, capacity 15255K, committed 15360K, reserved 1048576K
}

Deoptimization events (20 events):
Event: 382.822 Thread 0x000001c71ccb4000 DEOPT PACKING pc=0x000001c70b98a730 sp=0x0000006ff6ffed30
Event: 382.822 Thread 0x000001c71ccb4000 DEOPT UNPACKING pc=0x000001c703a578af sp=0x0000006ff6ffece8 mode 2
Event: 445.955 Thread 0x000001c71eb4b000 Uncommon trap: trap_request=0xffffffc6 fr.pc=0x000001c70bc8f1f0 relative=0x0000000000000130
Event: 445.955 Thread 0x000001c71eb4b000 Uncommon trap: reason=bimorphic_or_optimized_type_check action=maybe_recompile pc=0x000001c70bc8f1f0 method=java.util.Collections$UnmodifiableList.get(I)Ljava/lang/Object; @ 5 c2
Event: 445.955 Thread 0x000001c71eb4b000 DEOPT PACKING pc=0x000001c70bc8f1f0 sp=0x0000006ff88feb20
Event: 445.955 Thread 0x000001c71eb4b000 DEOPT UNPACKING pc=0x000001c703a578af sp=0x0000006ff88feab8 mode 2
Event: 446.094 Thread 0x000001c71eb4b000 Uncommon trap: trap_request=0xffffffde fr.pc=0x000001c70bc06bd4 relative=0x00000000000008d4
Event: 446.094 Thread 0x000001c71eb4b000 Uncommon trap: reason=class_check action=maybe_recompile pc=0x000001c70bc06bd4 method=com.google.common.cache.LocalCache$Segment.getLiveValue(Lcom/google/common/cache/ReferenceEntry;J)Ljava/lang/Object; @ 21 c2
Event: 446.094 Thread 0x000001c71eb4b000 DEOPT PACKING pc=0x000001c70bc06bd4 sp=0x0000006ff88fbf90
Event: 446.094 Thread 0x000001c71eb4b000 DEOPT UNPACKING pc=0x000001c703a578af sp=0x0000006ff88fbec8 mode 2
Event: 446.108 Thread 0x000001c71eb4b000 DEOPT PACKING pc=0x000001c70445cbf9 sp=0x0000006ff88fbce0
Event: 446.108 Thread 0x000001c71eb4b000 DEOPT UNPACKING pc=0x000001c703a576ce sp=0x0000006ff88fb1a8 mode 0
Event: 446.148 Thread 0x000001c71eb4b000 Uncommon trap: trap_request=0xffffffde fr.pc=0x000001c70ba73948 relative=0x0000000000000a08
Event: 446.148 Thread 0x000001c71eb4b000 Uncommon trap: reason=class_check action=maybe_recompile pc=0x000001c70ba73948 method=org.gradle.cache.internal.LockOnDemandCrossProcessCacheAccess.incrementLockCount()V @ 97 c2
Event: 446.148 Thread 0x000001c71eb4b000 DEOPT PACKING pc=0x000001c70ba73948 sp=0x0000006ff88f8090
Event: 446.148 Thread 0x000001c71eb4b000 DEOPT UNPACKING pc=0x000001c703a578af sp=0x0000006ff88f8070 mode 2
Event: 447.312 Thread 0x000001c71f79f800 Uncommon trap: trap_request=0xffffff5c fr.pc=0x000001c70b584620 relative=0x00000000000009e0
Event: 447.312 Thread 0x000001c71f79f800 Uncommon trap: reason=speculate_null_assert action=make_not_entrant pc=0x000001c70b584620 method=org.gradle.api.internal.file.collections.UnpackingVisitor.add(Ljava/lang/Object;)V @ 346 c2
Event: 447.312 Thread 0x000001c71f79f800 DEOPT PACKING pc=0x000001c70b584620 sp=0x0000006ffaafe230
Event: 447.312 Thread 0x000001c71f79f800 DEOPT UNPACKING pc=0x000001c703a578af sp=0x0000006ffaafe1c8 mode 2

Classes redefined (0 events):
No events

Internal exceptions (20 events):
Event: 380.315 Thread 0x000001c71f7a1800 Exception <a 'sun/nio/fs/WindowsException'{0x0000000087e30308}> (0x0000000087e30308) thrown at [./src/hotspot/share/prims/jni.cpp, line 615]
Event: 380.724 Thread 0x000001c71eb4f000 Exception <a 'sun/nio/fs/WindowsException'{0x00000000877b4d18}> (0x00000000877b4d18) thrown at [./src/hotspot/share/prims/jni.cpp, line 615]
Event: 380.824 Thread 0x000001c71eb4e800 Exception <a 'sun/nio/fs/WindowsException'{0x0000000087e65638}> (0x0000000087e65638) thrown at [./src/hotspot/share/prims/jni.cpp, line 615]
Event: 381.002 Thread 0x000001c71eb4f000 Exception <a 'sun/nio/fs/WindowsException'{0x0000000087c98420}> (0x0000000087c98420) thrown at [./src/hotspot/share/prims/jni.cpp, line 615]
Event: 381.094 Thread 0x000001c71eb4f000 Exception <a 'sun/nio/fs/WindowsException'{0x0000000087a27c00}> (0x0000000087a27c00) thrown at [./src/hotspot/share/prims/jni.cpp, line 615]
Event: 381.180 Thread 0x000001c71eb4f000 Exception <a 'sun/nio/fs/WindowsException'{0x00000000879c2d58}> (0x00000000879c2d58) thrown at [./src/hotspot/share/prims/jni.cpp, line 615]
Event: 381.181 Thread 0x000001c71eb4e800 Exception <a 'sun/nio/fs/WindowsException'{0x00000000879d63e8}> (0x00000000879d63e8) thrown at [./src/hotspot/share/prims/jni.cpp, line 615]
Event: 381.205 Thread 0x000001c71eb4e800 Exception <a 'sun/nio/fs/WindowsException'{0x00000000879e1100}> (0x00000000879e1100) thrown at [./src/hotspot/share/prims/jni.cpp, line 615]
Event: 381.217 Thread 0x000001c71eb4e800 Exception <a 'sun/nio/fs/WindowsException'{0x00000000879ea358}> (0x00000000879ea358) thrown at [./src/hotspot/share/prims/jni.cpp, line 615]
Event: 381.230 Thread 0x000001c71eb4e800 Exception <a 'sun/nio/fs/WindowsException'{0x00000000878c5d60}> (0x00000000878c5d60) thrown at [./src/hotspot/share/prims/jni.cpp, line 615]
Event: 381.242 Thread 0x000001c71eb4e800 Exception <a 'sun/nio/fs/WindowsException'{0x00000000878dd0e0}> (0x00000000878dd0e0) thrown at [./src/hotspot/share/prims/jni.cpp, line 615]
Event: 381.778 Thread 0x000001c71eb4b000 Exception <a 'sun/nio/fs/WindowsException'{0x0000000087ec41a8}> (0x0000000087ec41a8) thrown at [./src/hotspot/share/prims/jni.cpp, line 615]
Event: 381.974 Thread 0x000001c71eb4b000 Exception <a 'sun/nio/fs/WindowsException'{0x00000000879f3910}> (0x00000000879f3910) thrown at [./src/hotspot/share/prims/jni.cpp, line 615]
Event: 446.817 Thread 0x000001c71eb4b000 Exception <a 'sun/nio/fs/WindowsException'{0x0000000088c38ff8}> (0x0000000088c38ff8) thrown at [./src/hotspot/share/prims/jni.cpp, line 615]
Event: 446.988 Thread 0x000001c71eb4b000 Exception <a 'java/lang/NoClassDefFoundError'{0x0000000088aed6f0}: org/jetbrains/kotlin/gradle/plugin/KotlinBasePluginWrapper> (0x0000000088aed6f0) thrown at [./src/hotspot/share/oops/constantPool.cpp, line 775]
Event: 447.041 Thread 0x000001c71eb4b000 Exception <a 'sun/nio/fs/WindowsException'{0x00000000889bd8f0}> (0x00000000889bd8f0) thrown at [./src/hotspot/share/prims/jni.cpp, line 615]
Event: 447.064 Thread 0x000001c71eb4b000 Exception <a 'sun/nio/fs/WindowsException'{0x0000000088860378}> (0x0000000088860378) thrown at [./src/hotspot/share/prims/jni.cpp, line 615]
Event: 447.064 Thread 0x000001c71eb4b000 Exception <a 'sun/nio/fs/WindowsException'{0x0000000088861458}> (0x0000000088861458) thrown at [./src/hotspot/share/prims/jni.cpp, line 615]
Event: 447.065 Thread 0x000001c71eb4b000 Exception <a 'sun/nio/fs/WindowsException'{0x0000000088862588}> (0x0000000088862588) thrown at [./src/hotspot/share/prims/jni.cpp, line 615]
Event: 447.065 Thread 0x000001c71eb4b000 Exception <a 'sun/nio/fs/WindowsException'{0x00000000888636b8}> (0x00000000888636b8) thrown at [./src/hotspot/share/prims/jni.cpp, line 615]

Events (20 events):
Event: 447.305 Executing VM operation: RevokeBias
Event: 447.305 Executing VM operation: RevokeBias done
Event: 447.311 Executing VM operation: RevokeBias
Event: 447.311 Executing VM operation: RevokeBias done
Event: 447.311 Executing VM operation: RevokeBias
Event: 447.311 Executing VM operation: RevokeBias done
Event: 447.312 Executing VM operation: RevokeBias
Event: 447.313 Executing VM operation: RevokeBias done
Event: 447.356 Executing VM operation: RevokeBias
Event: 447.357 Executing VM operation: RevokeBias done
Event: 447.358 Executing VM operation: RevokeBias
Event: 447.358 Executing VM operation: RevokeBias done
Event: 447.359 Executing VM operation: RevokeBias
Event: 447.359 Executing VM operation: RevokeBias done
Event: 447.364 Executing VM operation: RevokeBias
Event: 447.364 Executing VM operation: RevokeBias done
Event: 447.369 Executing VM operation: RevokeBias
Event: 447.369 Executing VM operation: RevokeBias done
Event: 447.377 Executing VM operation: RevokeBias
Event: 447.377 Executing VM operation: RevokeBias done


Dynamic libraries:
0x00007ff7d5030000 - 0x00007ff7d503a000 	C:\Program Files\Android\Android Studio\jre\bin\java.exe
0x00007ffcbb810000 - 0x00007ffcbba05000 	C:\WINDOWS\SYSTEM32\ntdll.dll
0x00007ffcb9ab0000 - 0x00007ffcb9b6e000 	C:\WINDOWS\System32\KERNEL32.DLL
0x00007ffcb9520000 - 0x00007ffcb97e8000 	C:\WINDOWS\System32\KERNELBASE.dll
0x00007ffcb90f0000 - 0x00007ffcb91f0000 	C:\WINDOWS\System32\ucrtbase.dll
0x00007ffca7fb0000 - 0x00007ffca7fc7000 	C:\Program Files\Android\Android Studio\jre\bin\VCRUNTIME140.dll
0x00007ffca6ac0000 - 0x00007ffca6ad9000 	C:\Program Files\Android\Android Studio\jre\bin\jli.dll
0x00007ffcbb4b0000 - 0x00007ffcbb650000 	C:\WINDOWS\System32\USER32.dll
0x00007ffcb8f20000 - 0x00007ffcb8f42000 	C:\WINDOWS\System32\win32u.dll
0x00007ffcba280000 - 0x00007ffcba2ab000 	C:\WINDOWS\System32\GDI32.dll
0x00007ffcb91f0000 - 0x00007ffcb92fd000 	C:\WINDOWS\System32\gdi32full.dll
0x00007ffcb8fa0000 - 0x00007ffcb903d000 	C:\WINDOWS\System32\msvcp_win.dll
0x00007ffcaa930000 - 0x00007ffcaabca000 	C:\WINDOWS\WinSxS\amd64_microsoft.windows.common-controls_6595b64144ccf1df_6.0.19041.1110_none_60b5254171f9507e\COMCTL32.dll
0x00007ffcbadf0000 - 0x00007ffcbae8e000 	C:\WINDOWS\System32\msvcrt.dll
0x00007ffcbae90000 - 0x00007ffcbaec0000 	C:\WINDOWS\System32\IMM32.DLL
0x00007ffcadf70000 - 0x00007ffcae172000 	C:\WINDOWS\system32\tmumh\20019\AddOn\8.53.0.1135\TmUmEvt64.dll
0x00007ffcbb3d0000 - 0x00007ffcbb3d8000 	C:\WINDOWS\System32\PSAPI.DLL
0x00007ffcb9880000 - 0x00007ffcb992e000 	C:\WINDOWS\System32\ADVAPI32.dll
0x00007ffcb9ff0000 - 0x00007ffcba08c000 	C:\WINDOWS\System32\sechost.dll
0x00007ffcba150000 - 0x00007ffcba275000 	C:\WINDOWS\System32\RPCRT4.dll
0x000000006b400000 - 0x000000006b570000 	C:\WINDOWS\system32\tmumh\20019\TmMon\2.8.0.1054\tmmon64.dll
0x00007ffc8e150000 - 0x00007ffc8e1ed000 	C:\Program Files\Android\Android Studio\jre\bin\msvcp140.dll
0x00007ffc81120000 - 0x00007ffc81bef000 	C:\Program Files\Android\Android Studio\jre\bin\server\jvm.dll
0x00007ffca4880000 - 0x00007ffca4889000 	C:\WINDOWS\SYSTEM32\WSOCK32.dll
0x00007ffcbac60000 - 0x00007ffcbaccb000 	C:\WINDOWS\System32\WS2_32.dll
0x00007ffcad960000 - 0x00007ffcad987000 	C:\WINDOWS\SYSTEM32\WINMM.dll
0x00007ffcad9b0000 - 0x00007ffcad9ba000 	C:\WINDOWS\SYSTEM32\VERSION.dll
0x00007ffcb6d30000 - 0x00007ffcb6d42000 	C:\WINDOWS\SYSTEM32\kernel.appcore.dll
0x00007ffcb2010000 - 0x00007ffcb2021000 	C:\Program Files\Android\Android Studio\jre\bin\verify.dll
0x00007ffca4d90000 - 0x00007ffca4f74000 	C:\WINDOWS\SYSTEM32\DBGHELP.DLL
0x00007ffca4850000 - 0x00007ffca487c000 	C:\WINDOWS\SYSTEM32\dbgcore.DLL
0x00007ffcb9330000 - 0x00007ffcb93b2000 	C:\WINDOWS\System32\bcryptPrimitives.dll
0x00007ffcb1fb0000 - 0x00007ffcb1fd9000 	C:\Program Files\Android\Android Studio\jre\bin\java.dll
0x00007ffcb6750000 - 0x00007ffcb675b000 	C:\Program Files\Android\Android Studio\jre\bin\jimage.dll
0x00007ffcb1ea0000 - 0x00007ffcb1eb8000 	C:\Program Files\Android\Android Studio\jre\bin\zip.dll
0x00007ffcba460000 - 0x00007ffcbaba4000 	C:\WINDOWS\System32\SHELL32.dll
0x00007ffcb7010000 - 0x00007ffcb77a4000 	C:\WINDOWS\SYSTEM32\windows.storage.dll
0x00007ffcbb070000 - 0x00007ffcbb3c5000 	C:\WINDOWS\System32\combase.dll
0x00007ffcb8970000 - 0x00007ffcb899e000 	C:\WINDOWS\SYSTEM32\Wldp.dll
0x00007ffcb9a00000 - 0x00007ffcb9aad000 	C:\WINDOWS\System32\SHCORE.dll
0x00007ffcba090000 - 0x00007ffcba0e5000 	C:\WINDOWS\System32\shlwapi.dll
0x00007ffcb8e60000 - 0x00007ffcb8e7f000 	C:\WINDOWS\SYSTEM32\profapi.dll
0x00007ffcad4e0000 - 0x00007ffcad4fa000 	C:\Program Files\Android\Android Studio\jre\bin\net.dll
0x00007ffcb4120000 - 0x00007ffcb422c000 	C:\WINDOWS\SYSTEM32\WINHTTP.dll
0x00007ffcb86d0000 - 0x00007ffcb873a000 	C:\WINDOWS\system32\mswsock.dll
0x00007ffcad4c0000 - 0x00007ffcad4d4000 	C:\Program Files\Android\Android Studio\jre\bin\nio.dll
0x00007ffca9710000 - 0x00007ffca9737000 	C:\Users\PARVATHY\.gradle\native\8bec1ad78214c89d9ad589b4d07fe93259594b29d510b10fafb7a158f7737e5d\windows-amd64\native-platform.dll
0x00007ffc88000000 - 0x00007ffc8813d000 	C:\Users\PARVATHY\.gradle\native\53dbd7edfb1c66fb8903c78663c9afc45aea4f116125fa6feffd364cf09443e8\windows-amd64\native-platform-file-events.dll
0x00007ffcb6710000 - 0x00007ffcb671a000 	C:\Program Files\Android\Android Studio\jre\bin\management.dll
0x00007ffcb6680000 - 0x00007ffcb668c000 	C:\Program Files\Android\Android Studio\jre\bin\management_ext.dll
0x00007ffcb88d0000 - 0x00007ffcb88e8000 	C:\WINDOWS\SYSTEM32\CRYPTSP.dll
0x00007ffcb7fe0000 - 0x00007ffcb8014000 	C:\WINDOWS\system32\rsaenh.dll
0x00007ffcb9300000 - 0x00007ffcb9327000 	C:\WINDOWS\System32\bcrypt.dll
0x00007ffcb8e20000 - 0x00007ffcb8e4e000 	C:\WINDOWS\SYSTEM32\USERENV.dll
0x00007ffcb88c0000 - 0x00007ffcb88cc000 	C:\WINDOWS\SYSTEM32\CRYPTBASE.dll
0x00007ffcb8370000 - 0x00007ffcb83ab000 	C:\WINDOWS\SYSTEM32\IPHLPAPI.DLL
0x00007ffcbb7c0000 - 0x00007ffcbb7c8000 	C:\WINDOWS\System32\NSI.dll
0x00007ffcaf050000 - 0x00007ffcaf067000 	C:\WINDOWS\SYSTEM32\dhcpcsvc6.DLL
0x00007ffcb00e0000 - 0x00007ffcb00fd000 	C:\WINDOWS\SYSTEM32\dhcpcsvc.DLL
0x00007ffcb83c0000 - 0x00007ffcb848b000 	C:\WINDOWS\SYSTEM32\DNSAPI.dll
0x00007ffca96d0000 - 0x00007ffca96f7000 	C:\Program Files\Android\Android Studio\jre\bin\sunec.dll

dbghelp: loaded successfully - version: 4.0.5 - missing functions: none
symbol engine: initialized successfully - sym options: 0x614 - pdb path: .;C:\Program Files\Android\Android Studio\jre\bin;C:\WINDOWS\SYSTEM32;C:\WINDOWS\WinSxS\amd64_microsoft.windows.common-controls_6595b64144ccf1df_6.0.19041.1110_none_60b5254171f9507e;C:\WINDOWS\system32\tmumh\20019\AddOn\8.53.0.1135;C:\WINDOWS\system32\tmumh\20019\TmMon\2.8.0.1054;C:\Program Files\Android\Android Studio\jre\bin\server;C:\Users\PARVATHY\.gradle\native\8bec1ad78214c89d9ad589b4d07fe93259594b29d510b10fafb7a158f7737e5d\windows-amd64;C:\Users\PARVATHY\.gradle\native\53dbd7edfb1c66fb8903c78663c9afc45aea4f116125fa6feffd364cf09443e8\windows-amd64

VM Arguments:
jvm_args: --add-opens=java.base/java.util=ALL-UNNAMED --add-opens=java.base/java.lang=ALL-UNNAMED --add-opens=java.base/java.lang.invoke=ALL-UNNAMED --add-opens=java.base/java.util=ALL-UNNAMED --add-opens=java.prefs/java.util.prefs=ALL-UNNAMED --add-opens=java.prefs/java.util.prefs=ALL-UNNAMED --add-opens=java.base/java.nio.charset=ALL-UNNAMED --add-opens=java.base/java.net=ALL-UNNAMED --add-opens=java.base/java.util.concurrent.atomic=ALL-UNNAMED -Xmx2048m -Dfile.encoding=UTF-8 -Duser.country=US -Duser.language=en -Duser.variant 
java_command: org.gradle.launcher.daemon.bootstrap.GradleDaemon 7.0.2
java_class_path (initial): C:\Users\PARVATHY\.gradle\wrapper\dists\gradle-7.0.2-bin\857tjihv64xamwrf0h14cai3r\gradle-7.0.2\lib\gradle-launcher-7.0.2.jar
Launcher Type: SUN_STANDARD

[Global flags]
     intx CICompilerCount                          = 3                                         {product} {ergonomic}
     uint ConcGCThreads                            = 1                                         {product} {ergonomic}
     uint G1ConcRefinementThreads                  = 4                                         {product} {ergonomic}
   size_t G1HeapRegionSize                         = 1048576                                   {product} {ergonomic}
    uintx GCDrainStackTargetSize                   = 64                                        {product} {ergonomic}
   size_t InitialHeapSize                          = 134217728                                 {product} {ergonomic}
   size_t MarkStackSize                            = 4194304                                   {product} {ergonomic}
   size_t MaxHeapSize                              = 2147483648                                {product} {command line}
   size_t MaxNewSize                               = 1287651328                                {product} {ergonomic}
   size_t MinHeapDeltaBytes                        = 1048576                                   {product} {ergonomic}
    uintx NonNMethodCodeHeapSize                   = 5830732                                {pd product} {ergonomic}
    uintx NonProfiledCodeHeapSize                  = 122913754                              {pd product} {ergonomic}
    uintx ProfiledCodeHeapSize                     = 122913754                              {pd product} {ergonomic}
    uintx ReservedCodeCacheSize                    = 251658240                              {pd product} {ergonomic}
     bool SegmentedCodeCache                       = true                                      {product} {ergonomic}
     bool UseCompressedClassPointers               = true                                 {lp64_product} {ergonomic}
     bool UseCompressedOops                        = true                                 {lp64_product} {ergonomic}
     bool UseG1GC                                  = true                                      {product} {ergonomic}
     bool UseLargePagesIndividualAllocation        = false                                  {pd product} {ergonomic}

Logging:
Log output configuration:
 #0: stdout all=warning uptime,level,tags
 #1: stderr all=off uptime,level,tags

Environment Variables:
PATH=C:\Program Files\Java\jdk1.8.0_131\bin;C:\ProgramData\Oracle\Java\javapath;C:\WINDOWS\system32;C:\WINDOWS;C:\WINDOWS\System32\Wbem;C:\WINDOWS\System32\WindowsPowerShell\v1.0\;C:\WINDOWS\System32\OpenSSH\;C:\Program Files (x86)\AOMEI\AOMEI Backupper 6.4.0;C:\Program Files\Git\cmd;C:\Program Files\nodejs\;C:\Users\PARVATHY\AppData\Local\Microsoft\WindowsApps;C:\Program Files\heroku\bin;C:\Program Files\sfdx\bin;F:\Microsoft VS Code\bin;C:\Users\PARVATHY\AppData\Roaming\npm
USERNAME=PARVATHY
OS=Windows_NT
PROCESSOR_IDENTIFIER=Intel64 Family 6 Model 61 Stepping 4, GenuineIntel



---------------  S Y S T E M  ---------------

OS: Windows 10 , 64 bit Build 19041 (10.0.19041.1503)
OS uptime: 7 days 0:07 hours

CPU:total 4 (initial active 4) (2 cores per cpu, 2 threads per core) family 6 model 61 stepping 4 microcode 0x2d, cmov, cx8, fxsr, mmx, sse, sse2, sse3, ssse3, sse4.1, sse4.2, popcnt, avx, avx2, aes, clmul, erms, 3dnowpref, lzcnt, ht, tsc, tscinvbit, bmi1, bmi2, adx, fma

Memory: 4k page, system-wide physical 8103M (460M free)
TotalPageFile size 10603M (AvailPageFile size 10M)
current process WorkingSet (physical memory assigned to process): 462M, peak: 463M
current process commit charge ("private bytes"): 490M, peak: 491M

vm_info: OpenJDK 64-Bit Server VM (11.0.10+0-b96-7249189) for windows-amd64 JRE (11.0.10+0-b96-7249189), built on Mar 31 2021 21:44:00 by "builder" with MS VC++ 14.0 (VS2015)

END.
