#
# There is insufficient memory for the Java Runtime Environment to continue.
# Native memory allocation (malloc) failed to allocate 1149936 bytes for Chunk::new
# Possible reasons:
#   The system is out of physical RAM or swap space
#   The process is running with CompressedOops enabled, and the Java Heap may be blocking the growth of the native heap
# Possible solutions:
#   Reduce memory load on the system
#   Increase physical memory or swap space
#   Check if swap backing store is full
#   Decrease Java heap size (-Xmx/-Xms)
#   Decrease number of Java threads
#   Decrease Java thread stack sizes (-Xss)
#   Set larger code cache with -XX:ReservedCodeCacheSize=
#   JVM is running with Unscaled Compressed Oops mode in which the Java heap is
#     placed in the first 4GB address space. The Java Heap base address is the
#     maximum limit for the native heap growth. Please use -XX:HeapBaseMinAddress
#     to set the Java Heap base and to place the Java Heap above 4GB virtual address.
# This output file may be truncated or incomplete.
#
#  Out of Memory Error (./src/hotspot/share/memory/arena.cpp:197), pid=11580, tid=1920
#
# JRE version: OpenJDK Runtime Environment (11.0.10) (build 11.0.10+0-b96-7249189)
# Java VM: OpenJDK 64-Bit Server VM (11.0.10+0-b96-7249189, mixed mode, tiered, compressed oops, g1 gc, windows-amd64)
# No core dump will be written. Minidumps are not enabled by default on client versions of Windows
#

---------------  S U M M A R Y ------------

Command Line: --add-opens=java.base/java.util=ALL-UNNAMED --add-opens=java.base/java.lang=ALL-UNNAMED --add-opens=java.base/java.lang.invoke=ALL-UNNAMED --add-opens=java.base/java.util=ALL-UNNAMED --add-opens=java.prefs/java.util.prefs=ALL-UNNAMED --add-opens=java.prefs/java.util.prefs=ALL-UNNAMED --add-opens=java.base/java.nio.charset=ALL-UNNAMED --add-opens=java.base/java.net=ALL-UNNAMED --add-opens=java.base/java.util.concurrent.atomic=ALL-UNNAMED -Xmx2048m -Dfile.encoding=UTF-8 -Duser.country=US -Duser.language=en -Duser.variant org.gradle.launcher.daemon.bootstrap.GradleDaemon 7.0.2

Host: Intel(R) Core(TM) i5-5200U CPU @ 2.20GHz, 4 cores, 7G,  Windows 10 , 64 bit Build 19041 (10.0.19041.1503)
Time: Tue Mar  8 15:06:38 2022 India Standard Time elapsed time: 13.916383 seconds (0d 0h 0m 13s)

---------------  T H R E A D  ---------------

Current thread (0x00000285ff8e9000):  JavaThread "C2 CompilerThread0" daemon [_thread_in_native, id=1920, stack(0x000000a6f9900000,0x000000a6f9a00000)]


Current CompileTask:
C2:  13916 2033       4       java.net.URLClassLoader$1::run (5 bytes)

Stack: [0x000000a6f9900000,0x000000a6f9a00000]
Native frames: (J=compiled Java code, j=interpreted, Vv=VM code, C=native code)
V  [jvm.dll+0x5ecfaa]
V  [jvm.dll+0x722bd5]
V  [jvm.dll+0x72412d]
V  [jvm.dll+0x7247e3]
V  [jvm.dll+0x242928]
V  [jvm.dll+0xbc4fc]
V  [jvm.dll+0xbca0c]
V  [jvm.dll+0x2b4fd4]
V  [jvm.dll+0x506028]
V  [jvm.dll+0x203253]
V  [jvm.dll+0x1fd07c]
V  [jvm.dll+0x1fa77f]
V  [jvm.dll+0x18354c]
V  [jvm.dll+0x208ee7]
V  [jvm.dll+0x207731]
V  [jvm.dll+0x6eb1cf]
V  [jvm.dll+0x6e3d45]
V  [jvm.dll+0x5ebe96]
C  [ucrtbase.dll+0x21bb2]
C  [KERNEL32.DLL+0x17034]
C  [ntdll.dll+0x52651]


---------------  P R O C E S S  ---------------

Threads class SMR info:
_java_thread_list=0x00000285ffc37f20, length=23, elements={
0x00000285facb2800, 0x00000285ff884000, 0x00000285ff889000, 0x00000285ff8e3800,
0x00000285ff8e5000, 0x00000285ff8e6800, 0x00000285ff8e9000, 0x00000285ff8ef000,
0x00000285ff93c000, 0x00000285ffa5f000, 0x0000028596e92800, 0x00000285974c7800,
0x0000028597a19000, 0x00000285976a5800, 0x00000285976ae800, 0x00000285979aa800,
0x00000285979b8800, 0x00000285976fb000, 0x00000285976fc000, 0x0000028596f69000,
0x0000028596f6a000, 0x0000028596f6a800, 0x0000028596f6b800
}

Java Threads: ( => current thread )
  0x00000285facb2800 JavaThread "main" [_thread_blocked, id=20576, stack(0x000000a6f8d00000,0x000000a6f8e00000)]
  0x00000285ff884000 JavaThread "Reference Handler" daemon [_thread_blocked, id=18348, stack(0x000000a6f9400000,0x000000a6f9500000)]
  0x00000285ff889000 JavaThread "Finalizer" daemon [_thread_blocked, id=18444, stack(0x000000a6f9500000,0x000000a6f9600000)]
  0x00000285ff8e3800 JavaThread "Signal Dispatcher" daemon [_thread_blocked, id=14200, stack(0x000000a6f9600000,0x000000a6f9700000)]
  0x00000285ff8e5000 JavaThread "Attach Listener" daemon [_thread_blocked, id=14952, stack(0x000000a6f9700000,0x000000a6f9800000)]
  0x00000285ff8e6800 JavaThread "Service Thread" daemon [_thread_blocked, id=11584, stack(0x000000a6f9800000,0x000000a6f9900000)]
=>0x00000285ff8e9000 JavaThread "C2 CompilerThread0" daemon [_thread_in_native, id=1920, stack(0x000000a6f9900000,0x000000a6f9a00000)]
  0x00000285ff8ef000 JavaThread "C1 CompilerThread0" daemon [_thread_blocked, id=11172, stack(0x000000a6f9a00000,0x000000a6f9b00000)]
  0x00000285ff93c000 JavaThread "Sweeper thread" daemon [_thread_blocked, id=21480, stack(0x000000a6f9b00000,0x000000a6f9c00000)]
  0x00000285ffa5f000 JavaThread "Common-Cleaner" daemon [_thread_blocked, id=18728, stack(0x000000a6f9c00000,0x000000a6f9d00000)]
  0x0000028596e92800 JavaThread "Daemon health stats" [_thread_blocked, id=2316, stack(0x000000a6fa000000,0x000000a6fa100000)]
  0x00000285974c7800 JavaThread "Incoming local TCP Connector on port 63013" [_thread_in_native, id=21816, stack(0x000000a6fa100000,0x000000a6fa200000)]
  0x0000028597a19000 JavaThread "Daemon periodic checks" [_thread_blocked, id=20984, stack(0x000000a6fa200000,0x000000a6fa300000)]
  0x00000285976a5800 JavaThread "Daemon" [_thread_blocked, id=16400, stack(0x000000a6fa300000,0x000000a6fa400000)]
  0x00000285976ae800 JavaThread "Handler for socket connection from /127.0.0.1:63013 to /127.0.0.1:63014" [_thread_in_native, id=22752, stack(0x000000a6fa400000,0x000000a6fa500000)]
  0x00000285979aa800 JavaThread "Cancel handler" [_thread_blocked, id=21672, stack(0x000000a6fa500000,0x000000a6fa600000)]
  0x00000285979b8800 JavaThread "Daemon worker" [_thread_in_vm, id=14108, stack(0x000000a6fa600000,0x000000a6fa700000)]
  0x00000285976fb000 JavaThread "Asynchronous log dispatcher for DefaultDaemonConnection: socket connection from /127.0.0.1:63013 to /127.0.0.1:63014" [_thread_blocked, id=7764, stack(0x000000a6fa700000,0x000000a6fa800000)]
  0x00000285976fc000 JavaThread "Stdin handler" [_thread_blocked, id=19924, stack(0x000000a6fa800000,0x000000a6fa900000)]
  0x0000028596f69000 JavaThread "Daemon client event forwarder" [_thread_blocked, id=21200, stack(0x000000a6fa900000,0x000000a6faa00000)]
  0x0000028596f6a000 JavaThread "Cache worker for file hash cache (C:\Users\PARVATHY\.gradle\caches\7.0.2\fileHashes)" [_thread_blocked, id=22248, stack(0x000000a6faa00000,0x000000a6fab00000)]
  0x0000028596f6a800 JavaThread "File lock request listener" [_thread_in_native, id=5656, stack(0x000000a6fab00000,0x000000a6fac00000)]
  0x0000028596f6b800 JavaThread "Cache worker for journal cache (C:\Users\PARVATHY\.gradle\caches\journal-1)" [_thread_blocked, id=5984, stack(0x000000a6fad00000,0x000000a6fae00000)]

Other Threads:
  0x00000285ff880000 VMThread "VM Thread" [stack: 0x000000a6f9300000,0x000000a6f9400000] [id=20248]
  0x00000285ffa86800 WatcherThread [stack: 0x000000a6f9d00000,0x000000a6f9e00000] [id=20140]
  0x00000285facca800 GCTaskThread "GC Thread#0" [stack: 0x000000a6f8e00000,0x000000a6f8f00000] [id=13968]
  0x0000028595faa800 GCTaskThread "GC Thread#1" [stack: 0x000000a6f9e00000,0x000000a6f9f00000] [id=12104]
  0x000002859664e000 GCTaskThread "GC Thread#2" [stack: 0x000000a6f9f00000,0x000000a6fa000000] [id=12412]
  0x00000285979b7800 GCTaskThread "GC Thread#3" [stack: 0x000000a6fac00000,0x000000a6fad00000] [id=13280]
  0x00000285facfb800 ConcurrentGCThread "G1 Main Marker" [stack: 0x000000a6f8f00000,0x000000a6f9000000] [id=19376]
  0x00000285facfd800 ConcurrentGCThread "G1 Conc#0" [stack: 0x000000a6f9000000,0x000000a6f9100000] [id=20496]
  0x00000285ff6cf000 ConcurrentGCThread "G1 Refine#0" [stack: 0x000000a6f9100000,0x000000a6f9200000] [id=21704]
  0x00000285ff6d0000 ConcurrentGCThread "G1 Young RemSet Sampling" [stack: 0x000000a6f9200000,0x000000a6f9300000] [id=10840]

Threads with active compile tasks:
C2 CompilerThread0  14543 2033       4       java.net.URLClassLoader$1::run (5 bytes)

VM state:not at safepoint (normal execution)

VM Mutex/Monitor currently owned by a thread: None

Heap address: 0x0000000080000000, size: 2048 MB, Compressed Oops mode: 32-bit
Narrow klass base: 0x0000000000000000, Narrow klass shift: 3
Compressed class space size: 1073741824 Address: 0x0000000100000000

Heap:
 garbage-first heap   total 131072K, used 51842K [0x0000000080000000, 0x0000000100000000)
  region size 1024K, 44 young (45056K), 9 survivors (9216K)
 Metaspace       used 24184K, capacity 24824K, committed 25008K, reserved 1071104K
  class space    used 3105K, capacity 3319K, committed 3328K, reserved 1048576K
Heap Regions: E=young(eden), S=young(survivor), O=old, HS=humongous(starts), HC=humongous(continues), CS=collection set, F=free, A=archive, TAMS=top-at-mark-start (previous, next)
|   0|0x0000000080000000, 0x0000000080100000, 0x0000000080100000|100%| O|  |TAMS 0x0000000080100000, 0x0000000080000000| Untracked 
|   1|0x0000000080100000, 0x00000000801a9800, 0x0000000080200000| 66%| O|  |TAMS 0x00000000801a9800, 0x0000000080100000| Untracked 
|   2|0x0000000080200000, 0x0000000080200000, 0x0000000080300000|  0%| F|  |TAMS 0x0000000080200000, 0x0000000080200000| Untracked 
|   3|0x0000000080300000, 0x0000000080400000, 0x0000000080400000|100%|HS|  |TAMS 0x0000000080400000, 0x0000000080300000| Complete 
|   4|0x0000000080400000, 0x0000000080500000, 0x0000000080500000|100%|HC|  |TAMS 0x0000000080500000, 0x0000000080400000| Complete 
|   5|0x0000000080500000, 0x0000000080600000, 0x0000000080600000|100%|HC|  |TAMS 0x0000000080600000, 0x0000000080500000| Complete 
|   6|0x0000000080600000, 0x0000000080700000, 0x0000000080700000|100%| O|  |TAMS 0x0000000080700000, 0x0000000080600000| Untracked 
|   7|0x0000000080700000, 0x0000000080800000, 0x0000000080800000|100%| O|  |TAMS 0x0000000080800000, 0x0000000080700000| Untracked 
|   8|0x0000000080800000, 0x0000000080900000, 0x0000000080900000|100%| O|  |TAMS 0x0000000080900000, 0x0000000080800000| Untracked 
|   9|0x0000000080900000, 0x0000000080900000, 0x0000000080a00000|  0%| F|  |TAMS 0x0000000080900000, 0x0000000080900000| Untracked 
|  10|0x0000000080a00000, 0x0000000080a00000, 0x0000000080b00000|  0%| F|  |TAMS 0x0000000080a00000, 0x0000000080a00000| Untracked 
|  11|0x0000000080b00000, 0x0000000080b00000, 0x0000000080c00000|  0%| F|  |TAMS 0x0000000080b00000, 0x0000000080b00000| Untracked 
|  12|0x0000000080c00000, 0x0000000080c00000, 0x0000000080d00000|  0%| F|  |TAMS 0x0000000080c00000, 0x0000000080c00000| Untracked 
|  13|0x0000000080d00000, 0x0000000080d00000, 0x0000000080e00000|  0%| F|  |TAMS 0x0000000080d00000, 0x0000000080d00000| Untracked 
|  14|0x0000000080e00000, 0x0000000080e00000, 0x0000000080f00000|  0%| F|  |TAMS 0x0000000080e00000, 0x0000000080e00000| Untracked 
|  15|0x0000000080f00000, 0x0000000080f00000, 0x0000000081000000|  0%| F|  |TAMS 0x0000000080f00000, 0x0000000080f00000| Untracked 
|  16|0x0000000081000000, 0x0000000081000000, 0x0000000081100000|  0%| F|  |TAMS 0x0000000081000000, 0x0000000081000000| Untracked 
|  17|0x0000000081100000, 0x0000000081100000, 0x0000000081200000|  0%| F|  |TAMS 0x0000000081100000, 0x0000000081100000| Untracked 
|  18|0x0000000081200000, 0x0000000081200000, 0x0000000081300000|  0%| F|  |TAMS 0x0000000081200000, 0x0000000081200000| Untracked 
|  19|0x0000000081300000, 0x0000000081300000, 0x0000000081400000|  0%| F|  |TAMS 0x0000000081300000, 0x0000000081300000| Untracked 
|  20|0x0000000081400000, 0x0000000081400000, 0x0000000081500000|  0%| F|  |TAMS 0x0000000081400000, 0x0000000081400000| Untracked 
|  21|0x0000000081500000, 0x0000000081500000, 0x0000000081600000|  0%| F|  |TAMS 0x0000000081500000, 0x0000000081500000| Untracked 
|  22|0x0000000081600000, 0x0000000081600000, 0x0000000081700000|  0%| F|  |TAMS 0x0000000081600000, 0x0000000081600000| Untracked 
|  23|0x0000000081700000, 0x0000000081700000, 0x0000000081800000|  0%| F|  |TAMS 0x0000000081700000, 0x0000000081700000| Untracked 
|  24|0x0000000081800000, 0x0000000081800000, 0x0000000081900000|  0%| F|  |TAMS 0x0000000081800000, 0x0000000081800000| Untracked 
|  25|0x0000000081900000, 0x0000000081900000, 0x0000000081a00000|  0%| F|  |TAMS 0x0000000081900000, 0x0000000081900000| Untracked 
|  26|0x0000000081a00000, 0x0000000081a00000, 0x0000000081b00000|  0%| F|  |TAMS 0x0000000081a00000, 0x0000000081a00000| Untracked 
|  27|0x0000000081b00000, 0x0000000081b00000, 0x0000000081c00000|  0%| F|  |TAMS 0x0000000081b00000, 0x0000000081b00000| Untracked 
|  28|0x0000000081c00000, 0x0000000081c00000, 0x0000000081d00000|  0%| F|  |TAMS 0x0000000081c00000, 0x0000000081c00000| Untracked 
|  29|0x0000000081d00000, 0x0000000081d00000, 0x0000000081e00000|  0%| F|  |TAMS 0x0000000081d00000, 0x0000000081d00000| Untracked 
|  30|0x0000000081e00000, 0x0000000081e00000, 0x0000000081f00000|  0%| F|  |TAMS 0x0000000081e00000, 0x0000000081e00000| Untracked 
|  31|0x0000000081f00000, 0x0000000081f00000, 0x0000000082000000|  0%| F|  |TAMS 0x0000000081f00000, 0x0000000081f00000| Untracked 
|  32|0x0000000082000000, 0x0000000082000000, 0x0000000082100000|  0%| F|  |TAMS 0x0000000082000000, 0x0000000082000000| Untracked 
|  33|0x0000000082100000, 0x0000000082100000, 0x0000000082200000|  0%| F|  |TAMS 0x0000000082100000, 0x0000000082100000| Untracked 
|  34|0x0000000082200000, 0x0000000082200000, 0x0000000082300000|  0%| F|  |TAMS 0x0000000082200000, 0x0000000082200000| Untracked 
|  35|0x0000000082300000, 0x0000000082300000, 0x0000000082400000|  0%| F|  |TAMS 0x0000000082300000, 0x0000000082300000| Untracked 
|  36|0x0000000082400000, 0x0000000082400000, 0x0000000082500000|  0%| F|  |TAMS 0x0000000082400000, 0x0000000082400000| Untracked 
|  37|0x0000000082500000, 0x0000000082500000, 0x0000000082600000|  0%| F|  |TAMS 0x0000000082500000, 0x0000000082500000| Untracked 
|  38|0x0000000082600000, 0x0000000082600000, 0x0000000082700000|  0%| F|  |TAMS 0x0000000082600000, 0x0000000082600000| Untracked 
|  39|0x0000000082700000, 0x0000000082700000, 0x0000000082800000|  0%| F|  |TAMS 0x0000000082700000, 0x0000000082700000| Untracked 
|  40|0x0000000082800000, 0x0000000082800000, 0x0000000082900000|  0%| F|  |TAMS 0x0000000082800000, 0x0000000082800000| Untracked 
|  41|0x0000000082900000, 0x0000000082900000, 0x0000000082a00000|  0%| F|  |TAMS 0x0000000082900000, 0x0000000082900000| Untracked 
|  42|0x0000000082a00000, 0x0000000082a00000, 0x0000000082b00000|  0%| F|  |TAMS 0x0000000082a00000, 0x0000000082a00000| Untracked 
|  43|0x0000000082b00000, 0x0000000082b00000, 0x0000000082c00000|  0%| F|  |TAMS 0x0000000082b00000, 0x0000000082b00000| Untracked 
|  44|0x0000000082c00000, 0x0000000082c00000, 0x0000000082d00000|  0%| F|  |TAMS 0x0000000082c00000, 0x0000000082c00000| Untracked 
|  45|0x0000000082d00000, 0x0000000082d00000, 0x0000000082e00000|  0%| F|  |TAMS 0x0000000082d00000, 0x0000000082d00000| Untracked 
|  46|0x0000000082e00000, 0x0000000082e00000, 0x0000000082f00000|  0%| F|  |TAMS 0x0000000082e00000, 0x0000000082e00000| Untracked 
|  47|0x0000000082f00000, 0x0000000082f00000, 0x0000000083000000|  0%| F|  |TAMS 0x0000000082f00000, 0x0000000082f00000| Untracked 
|  48|0x0000000083000000, 0x0000000083000000, 0x0000000083100000|  0%| F|  |TAMS 0x0000000083000000, 0x0000000083000000| Untracked 
|  49|0x0000000083100000, 0x0000000083100000, 0x0000000083200000|  0%| F|  |TAMS 0x0000000083100000, 0x0000000083100000| Untracked 
|  50|0x0000000083200000, 0x0000000083200000, 0x0000000083300000|  0%| F|  |TAMS 0x0000000083200000, 0x0000000083200000| Untracked 
|  51|0x0000000083300000, 0x0000000083300000, 0x0000000083400000|  0%| F|  |TAMS 0x0000000083300000, 0x0000000083300000| Untracked 
|  52|0x0000000083400000, 0x0000000083400000, 0x0000000083500000|  0%| F|  |TAMS 0x0000000083400000, 0x0000000083400000| Untracked 
|  53|0x0000000083500000, 0x00000000835f7330, 0x0000000083600000| 96%| S|CS|TAMS 0x0000000083500000, 0x0000000083500000| Complete 
|  54|0x0000000083600000, 0x0000000083700000, 0x0000000083700000|100%| S|CS|TAMS 0x0000000083600000, 0x0000000083600000| Complete 
|  55|0x0000000083700000, 0x0000000083800000, 0x0000000083800000|100%| S|CS|TAMS 0x0000000083700000, 0x0000000083700000| Complete 
|  56|0x0000000083800000, 0x0000000083900000, 0x0000000083900000|100%| S|CS|TAMS 0x0000000083800000, 0x0000000083800000| Complete 
|  57|0x0000000083900000, 0x0000000083a00000, 0x0000000083a00000|100%| S|CS|TAMS 0x0000000083900000, 0x0000000083900000| Complete 
|  58|0x0000000083a00000, 0x0000000083b00000, 0x0000000083b00000|100%| S|CS|TAMS 0x0000000083a00000, 0x0000000083a00000| Complete 
|  59|0x0000000083b00000, 0x0000000083c00000, 0x0000000083c00000|100%| S|CS|TAMS 0x0000000083b00000, 0x0000000083b00000| Complete 
|  60|0x0000000083c00000, 0x0000000083d00000, 0x0000000083d00000|100%| S|CS|TAMS 0x0000000083c00000, 0x0000000083c00000| Complete 
|  61|0x0000000083d00000, 0x0000000083e00000, 0x0000000083e00000|100%| S|CS|TAMS 0x0000000083d00000, 0x0000000083d00000| Complete 
|  62|0x0000000083e00000, 0x0000000083e00000, 0x0000000083f00000|  0%| F|  |TAMS 0x0000000083e00000, 0x0000000083e00000| Untracked 
|  63|0x0000000083f00000, 0x0000000083f00000, 0x0000000084000000|  0%| F|  |TAMS 0x0000000083f00000, 0x0000000083f00000| Untracked 
|  64|0x0000000084000000, 0x0000000084000000, 0x0000000084100000|  0%| F|  |TAMS 0x0000000084000000, 0x0000000084000000| Untracked 
|  65|0x0000000084100000, 0x0000000084100000, 0x0000000084200000|  0%| F|  |TAMS 0x0000000084100000, 0x0000000084100000| Untracked 
|  66|0x0000000084200000, 0x0000000084200000, 0x0000000084300000|  0%| F|  |TAMS 0x0000000084200000, 0x0000000084200000| Untracked 
|  67|0x0000000084300000, 0x0000000084300000, 0x0000000084400000|  0%| F|  |TAMS 0x0000000084300000, 0x0000000084300000| Untracked 
|  68|0x0000000084400000, 0x0000000084400000, 0x0000000084500000|  0%| F|  |TAMS 0x0000000084400000, 0x0000000084400000| Untracked 
|  69|0x0000000084500000, 0x0000000084500000, 0x0000000084600000|  0%| F|  |TAMS 0x0000000084500000, 0x0000000084500000| Untracked 
|  70|0x0000000084600000, 0x0000000084600000, 0x0000000084700000|  0%| F|  |TAMS 0x0000000084600000, 0x0000000084600000| Untracked 
|  71|0x0000000084700000, 0x0000000084700000, 0x0000000084800000|  0%| F|  |TAMS 0x0000000084700000, 0x0000000084700000| Untracked 
|  72|0x0000000084800000, 0x0000000084800000, 0x0000000084900000|  0%| F|  |TAMS 0x0000000084800000, 0x0000000084800000| Untracked 
|  73|0x0000000084900000, 0x0000000084900000, 0x0000000084a00000|  0%| F|  |TAMS 0x0000000084900000, 0x0000000084900000| Untracked 
|  74|0x0000000084a00000, 0x0000000084a00000, 0x0000000084b00000|  0%| F|  |TAMS 0x0000000084a00000, 0x0000000084a00000| Untracked 
|  75|0x0000000084b00000, 0x0000000084b00000, 0x0000000084c00000|  0%| F|  |TAMS 0x0000000084b00000, 0x0000000084b00000| Untracked 
|  76|0x0000000084c00000, 0x0000000084c00000, 0x0000000084d00000|  0%| F|  |TAMS 0x0000000084c00000, 0x0000000084c00000| Untracked 
|  77|0x0000000084d00000, 0x0000000084d00000, 0x0000000084e00000|  0%| F|  |TAMS 0x0000000084d00000, 0x0000000084d00000| Untracked 
|  78|0x0000000084e00000, 0x0000000084e00000, 0x0000000084f00000|  0%| F|  |TAMS 0x0000000084e00000, 0x0000000084e00000| Untracked 
|  79|0x0000000084f00000, 0x0000000084f00000, 0x0000000085000000|  0%| F|  |TAMS 0x0000000084f00000, 0x0000000084f00000| Untracked 
|  80|0x0000000085000000, 0x0000000085000000, 0x0000000085100000|  0%| F|  |TAMS 0x0000000085000000, 0x0000000085000000| Untracked 
|  81|0x0000000085100000, 0x0000000085100000, 0x0000000085200000|  0%| F|  |TAMS 0x0000000085100000, 0x0000000085100000| Untracked 
|  82|0x0000000085200000, 0x0000000085200000, 0x0000000085300000|  0%| F|  |TAMS 0x0000000085200000, 0x0000000085200000| Untracked 
|  83|0x0000000085300000, 0x0000000085300000, 0x0000000085400000|  0%| F|  |TAMS 0x0000000085300000, 0x0000000085300000| Untracked 
|  84|0x0000000085400000, 0x0000000085400000, 0x0000000085500000|  0%| F|  |TAMS 0x0000000085400000, 0x0000000085400000| Untracked 
|  85|0x0000000085500000, 0x0000000085500000, 0x0000000085600000|  0%| F|  |TAMS 0x0000000085500000, 0x0000000085500000| Untracked 
|  86|0x0000000085600000, 0x0000000085600000, 0x0000000085700000|  0%| F|  |TAMS 0x0000000085600000, 0x0000000085600000| Untracked 
|  87|0x0000000085700000, 0x0000000085700000, 0x0000000085800000|  0%| F|  |TAMS 0x0000000085700000, 0x0000000085700000| Untracked 
|  88|0x0000000085800000, 0x0000000085800000, 0x0000000085900000|  0%| F|  |TAMS 0x0000000085800000, 0x0000000085800000| Untracked 
|  89|0x0000000085900000, 0x0000000085900000, 0x0000000085a00000|  0%| F|  |TAMS 0x0000000085900000, 0x0000000085900000| Untracked 
|  90|0x0000000085a00000, 0x0000000085a00000, 0x0000000085b00000|  0%| F|  |TAMS 0x0000000085a00000, 0x0000000085a00000| Untracked 
|  91|0x0000000085b00000, 0x0000000085b00000, 0x0000000085c00000|  0%| F|  |TAMS 0x0000000085b00000, 0x0000000085b00000| Untracked 
|  92|0x0000000085c00000, 0x0000000085c00000, 0x0000000085d00000|  0%| F|  |TAMS 0x0000000085c00000, 0x0000000085c00000| Untracked 
|  93|0x0000000085d00000, 0x0000000085e00000, 0x0000000085e00000|100%| E|  |TAMS 0x0000000085d00000, 0x0000000085d00000| Complete 
|  94|0x0000000085e00000, 0x0000000085f00000, 0x0000000085f00000|100%| E|CS|TAMS 0x0000000085e00000, 0x0000000085e00000| Complete 
|  95|0x0000000085f00000, 0x0000000086000000, 0x0000000086000000|100%| E|CS|TAMS 0x0000000085f00000, 0x0000000085f00000| Complete 
|  96|0x0000000086000000, 0x0000000086100000, 0x0000000086100000|100%| E|CS|TAMS 0x0000000086000000, 0x0000000086000000| Complete 
|  97|0x0000000086100000, 0x0000000086200000, 0x0000000086200000|100%| E|CS|TAMS 0x0000000086100000, 0x0000000086100000| Complete 
|  98|0x0000000086200000, 0x0000000086300000, 0x0000000086300000|100%| E|CS|TAMS 0x0000000086200000, 0x0000000086200000| Complete 
|  99|0x0000000086300000, 0x0000000086400000, 0x0000000086400000|100%| E|CS|TAMS 0x0000000086300000, 0x0000000086300000| Complete 
| 100|0x0000000086400000, 0x0000000086500000, 0x0000000086500000|100%| E|CS|TAMS 0x0000000086400000, 0x0000000086400000| Complete 
| 101|0x0000000086500000, 0x0000000086600000, 0x0000000086600000|100%| E|CS|TAMS 0x0000000086500000, 0x0000000086500000| Complete 
| 102|0x0000000086600000, 0x0000000086700000, 0x0000000086700000|100%| E|CS|TAMS 0x0000000086600000, 0x0000000086600000| Complete 
| 103|0x0000000086700000, 0x0000000086800000, 0x0000000086800000|100%| E|CS|TAMS 0x0000000086700000, 0x0000000086700000| Complete 
| 104|0x0000000086800000, 0x0000000086900000, 0x0000000086900000|100%| E|CS|TAMS 0x0000000086800000, 0x0000000086800000| Complete 
| 105|0x0000000086900000, 0x0000000086a00000, 0x0000000086a00000|100%| E|CS|TAMS 0x0000000086900000, 0x0000000086900000| Complete 
| 106|0x0000000086a00000, 0x0000000086b00000, 0x0000000086b00000|100%| E|CS|TAMS 0x0000000086a00000, 0x0000000086a00000| Complete 
| 107|0x0000000086b00000, 0x0000000086c00000, 0x0000000086c00000|100%| E|CS|TAMS 0x0000000086b00000, 0x0000000086b00000| Complete 
| 108|0x0000000086c00000, 0x0000000086d00000, 0x0000000086d00000|100%| E|CS|TAMS 0x0000000086c00000, 0x0000000086c00000| Complete 
| 109|0x0000000086d00000, 0x0000000086e00000, 0x0000000086e00000|100%| E|CS|TAMS 0x0000000086d00000, 0x0000000086d00000| Complete 
| 110|0x0000000086e00000, 0x0000000086f00000, 0x0000000086f00000|100%| E|CS|TAMS 0x0000000086e00000, 0x0000000086e00000| Complete 
| 111|0x0000000086f00000, 0x0000000087000000, 0x0000000087000000|100%| E|CS|TAMS 0x0000000086f00000, 0x0000000086f00000| Complete 
| 112|0x0000000087000000, 0x0000000087100000, 0x0000000087100000|100%| E|CS|TAMS 0x0000000087000000, 0x0000000087000000| Complete 
| 113|0x0000000087100000, 0x0000000087200000, 0x0000000087200000|100%| E|CS|TAMS 0x0000000087100000, 0x0000000087100000| Complete 
| 114|0x0000000087200000, 0x0000000087300000, 0x0000000087300000|100%| E|CS|TAMS 0x0000000087200000, 0x0000000087200000| Complete 
| 115|0x0000000087300000, 0x0000000087400000, 0x0000000087400000|100%| E|CS|TAMS 0x0000000087300000, 0x0000000087300000| Complete 
| 116|0x0000000087400000, 0x0000000087500000, 0x0000000087500000|100%| E|CS|TAMS 0x0000000087400000, 0x0000000087400000| Complete 
| 117|0x0000000087500000, 0x0000000087600000, 0x0000000087600000|100%| E|CS|TAMS 0x0000000087500000, 0x0000000087500000| Complete 
| 118|0x0000000087600000, 0x0000000087700000, 0x0000000087700000|100%| E|CS|TAMS 0x0000000087600000, 0x0000000087600000| Complete 
| 119|0x0000000087700000, 0x0000000087800000, 0x0000000087800000|100%| E|CS|TAMS 0x0000000087700000, 0x0000000087700000| Complete 
| 120|0x0000000087800000, 0x0000000087900000, 0x0000000087900000|100%| E|CS|TAMS 0x0000000087800000, 0x0000000087800000| Complete 
| 121|0x0000000087900000, 0x0000000087a00000, 0x0000000087a00000|100%| E|CS|TAMS 0x0000000087900000, 0x0000000087900000| Complete 
| 122|0x0000000087a00000, 0x0000000087b00000, 0x0000000087b00000|100%| E|CS|TAMS 0x0000000087a00000, 0x0000000087a00000| Complete 
| 123|0x0000000087b00000, 0x0000000087c00000, 0x0000000087c00000|100%| E|CS|TAMS 0x0000000087b00000, 0x0000000087b00000| Complete 
| 124|0x0000000087c00000, 0x0000000087d00000, 0x0000000087d00000|100%| E|CS|TAMS 0x0000000087c00000, 0x0000000087c00000| Complete 
| 125|0x0000000087d00000, 0x0000000087e00000, 0x0000000087e00000|100%| E|CS|TAMS 0x0000000087d00000, 0x0000000087d00000| Complete 
| 126|0x0000000087e00000, 0x0000000087f00000, 0x0000000087f00000|100%| E|CS|TAMS 0x0000000087e00000, 0x0000000087e00000| Complete 
| 127|0x0000000087f00000, 0x0000000088000000, 0x0000000088000000|100%| E|CS|TAMS 0x0000000087f00000, 0x0000000087f00000| Complete 

Card table byte_map: [0x00000285feb20000,0x00000285fef20000] _byte_map_base: 0x00000285fe720000

Marking Bits (Prev, Next): (CMBitMap*) 0x00000285facf2a90, (CMBitMap*) 0x00000285facf2a58
 Prev Bits: [0x0000028591000000, 0x0000028593000000)
 Next Bits: [0x000002858f000000, 0x0000028591000000)

Polling page: 0x00000285f84c0000

Metaspace:

Usage:
  Non-class:     21.00 MB capacity,    20.61 MB ( 98%) used,   353.33 KB (  2%) free+waste,    46.19 KB ( <1%) overhead. 
      Class:      3.24 MB capacity,     3.04 MB ( 94%) used,   181.30 KB (  5%) free+waste,    23.31 KB ( <1%) overhead. 
       Both:     24.24 MB capacity,    23.65 MB ( 98%) used,   534.63 KB (  2%) free+waste,    69.50 KB ( <1%) overhead. 

Virtual space:
  Non-class space:       22.00 MB reserved,      21.17 MB ( 96%) committed 
      Class space:        1.00 GB reserved,       3.25 MB ( <1%) committed 
             Both:        1.02 GB reserved,      24.42 MB (  2%) committed 

Chunk freelists:
   Non-Class:  47.00 KB
       Class:  9.00 KB
        Both:  56.00 KB

MaxMetaspaceSize: 17179869184.00 GB
CompressedClassSpaceSize: 1.00 GB

CodeHeap 'non-profiled nmethods': size=120064Kb used=958Kb max_used=958Kb free=119105Kb
 bounds [0x0000028587ac0000, 0x0000028587d30000, 0x000002858f000000]
CodeHeap 'profiled nmethods': size=120000Kb used=4502Kb max_used=4502Kb free=115497Kb
 bounds [0x0000028580590000, 0x0000028580a00000, 0x0000028587ac0000]
CodeHeap 'non-nmethods': size=5696Kb used=1153Kb max_used=1175Kb free=4542Kb
 bounds [0x0000028580000000, 0x0000028580270000, 0x0000028580590000]
 total_blobs=2590 nmethods=2099 adapters=402
 compilation: enabled
              stopped_count=0, restarted_count=0
 full_count=0

Compilation events (20 events):
Event: 13.886 Thread 0x00000285ff8ef000 2084       3       java.lang.invoke.InnerClassLambdaMetafactory::getOpcodeOffset (38 bytes)
Event: 13.886 Thread 0x00000285ff8ef000 nmethod 2084 0x00000285809eab90 code [0x00000285809ead60, 0x00000285809eafd8]
Event: 13.888 Thread 0x00000285ff8ef000 2085       3       org.objectweb.asm.ByteVector::put12 (64 bytes)
Event: 13.889 Thread 0x00000285ff8ef000 nmethod 2085 0x00000285809eb090 code [0x00000285809eb260, 0x00000285809eb488]
Event: 13.889 Thread 0x00000285ff8ef000 2086       3       org.objectweb.asm.SymbolTable::addConstantUtf8 (98 bytes)
Event: 13.890 Thread 0x00000285ff8ef000 nmethod 2086 0x00000285809eb610 code [0x00000285809eb860, 0x00000285809ebef8]
Event: 13.891 Thread 0x00000285ff8ef000 2087       3       org.objectweb.asm.SymbolTable::addType (81 bytes)
Event: 13.891 Thread 0x00000285ff8ef000 nmethod 2087 0x00000285809ec290 code [0x00000285809ec4c0, 0x00000285809eca98]
Event: 13.891 Thread 0x00000285ff8ef000 2088       3       org.objectweb.asm.Type::getInternalName (16 bytes)
Event: 13.892 Thread 0x00000285ff8ef000 nmethod 2088 0x00000285809ecd90 code [0x00000285809ecf40, 0x00000285809ed088]
Event: 13.895 Thread 0x00000285ff8ef000 2090       3       org.objectweb.asm.ByteVector::putShort (52 bytes)
Event: 13.896 Thread 0x00000285ff8ef000 nmethod 2090 0x00000285809ed190 code [0x00000285809ed360, 0x00000285809ed568]
Event: 13.896 Thread 0x00000285ff8ef000 2091       1       org.objectweb.asm.SymbolTable::getMajorVersion (5 bytes)
Event: 13.896 Thread 0x00000285ff8ef000 nmethod 2091 0x0000028587baee90 code [0x0000028587baf040, 0x0000028587baf0f8]
Event: 13.898 Thread 0x00000285ff8ef000 2092       3       jdk.internal.org.objectweb.asm.ClassReader::readUnsignedShort (26 bytes)
Event: 13.898 Thread 0x00000285ff8ef000 nmethod 2092 0x00000285809ed690 code [0x00000285809ed840, 0x00000285809ed998]
Event: 13.899 Thread 0x00000285ff8ef000 2093       3       java.util.concurrent.ConcurrentHashMap::put (8 bytes)
Event: 13.899 Thread 0x00000285ff8ef000 nmethod 2093 0x00000285809eda90 code [0x00000285809edc40, 0x00000285809edd68]
Event: 13.899 Thread 0x00000285ff8ef000 2094       3       jdk.internal.org.objectweb.asm.MethodVisitor::visitVarInsn (17 bytes)
Event: 13.899 Thread 0x00000285ff8ef000 nmethod 2094 0x00000285809ede10 code [0x00000285809edfc0, 0x00000285809ee1a8]

GC Heap History (8 events):
Event: 3.842 GC heap before
{Heap before GC invocations=0 (full 0):
 garbage-first heap   total 131072K, used 19456K [0x0000000080000000, 0x0000000100000000)
  region size 1024K, 14 young (14336K), 0 survivors (0K)
 Metaspace       used 6748K, capacity 6925K, committed 7168K, reserved 1056768K
  class space    used 582K, capacity 650K, committed 768K, reserved 1048576K
}
Event: 3.853 GC heap after
{Heap after GC invocations=1 (full 0):
 garbage-first heap   total 131072K, used 7850K [0x0000000080000000, 0x0000000100000000)
  region size 1024K, 2 young (2048K), 2 survivors (2048K)
 Metaspace       used 6748K, capacity 6925K, committed 7168K, reserved 1056768K
  class space    used 582K, capacity 650K, committed 768K, reserved 1048576K
}
Event: 5.033 GC heap before
{Heap before GC invocations=1 (full 0):
 garbage-first heap   total 131072K, used 20138K [0x0000000080000000, 0x0000000100000000)
  region size 1024K, 14 young (14336K), 2 survivors (2048K)
 Metaspace       used 9877K, capacity 10054K, committed 10112K, reserved 1058816K
  class space    used 1021K, capacity 1102K, committed 1152K, reserved 1048576K
}
Event: 5.038 GC heap after
{Heap after GC invocations=2 (full 0):
 garbage-first heap   total 131072K, used 9035K [0x0000000080000000, 0x0000000100000000)
  region size 1024K, 2 young (2048K), 2 survivors (2048K)
 Metaspace       used 9877K, capacity 10054K, committed 10112K, reserved 1058816K
  class space    used 1021K, capacity 1102K, committed 1152K, reserved 1048576K
}
Event: 6.771 GC heap before
{Heap before GC invocations=2 (full 0):
 garbage-first heap   total 131072K, used 37707K [0x0000000080000000, 0x0000000100000000)
  region size 1024K, 30 young (30720K), 2 survivors (2048K)
 Metaspace       used 10779K, capacity 11007K, committed 11264K, reserved 1058816K
  class space    used 1124K, capacity 1206K, committed 1280K, reserved 1048576K
}
Event: 6.777 GC heap after
{Heap after GC invocations=3 (full 0):
 garbage-first heap   total 131072K, used 11741K [0x0000000080000000, 0x0000000100000000)
  region size 1024K, 3 young (3072K), 3 survivors (3072K)
 Metaspace       used 10779K, capacity 11007K, committed 11264K, reserved 1058816K
  class space    used 1124K, capacity 1206K, committed 1280K, reserved 1048576K
}
Event: 11.939 GC heap before
{Heap before GC invocations=3 (full 0):
 garbage-first heap   total 131072K, used 75229K [0x0000000080000000, 0x0000000100000000)
  region size 1024K, 66 young (67584K), 3 survivors (3072K)
 Metaspace       used 20624K, capacity 21154K, committed 21296K, reserved 1069056K
  class space    used 2512K, capacity 2688K, committed 2688K, reserved 1048576K
}
Event: 11.969 GC heap after
{Heap after GC invocations=4 (full 0):
 garbage-first heap   total 131072K, used 17026K [0x0000000080000000, 0x0000000100000000)
  region size 1024K, 9 young (9216K), 9 survivors (9216K)
 Metaspace       used 20624K, capacity 21154K, committed 21296K, reserved 1069056K
  class space    used 2512K, capacity 2688K, committed 2688K, reserved 1048576K
}

Deoptimization events (20 events):
Event: 12.558 Thread 0x00000285979b8800 Uncommon trap: trap_request=0xffffff4d fr.pc=0x0000028587b25e40 relative=0x0000000000000ba0
Event: 12.558 Thread 0x00000285979b8800 Uncommon trap: reason=unstable_if action=reinterpret pc=0x0000028587b25e40 method=java.util.Properties$LineReader.readLine()I @ 249 c2
Event: 12.558 Thread 0x00000285979b8800 DEOPT PACKING pc=0x0000028587b25e40 sp=0x000000a6fa6fbed0
Event: 12.558 Thread 0x00000285979b8800 DEOPT UNPACKING pc=0x00000285800278af sp=0x000000a6fa6fbe70 mode 2
Event: 13.671 Thread 0x00000285979b8800 Uncommon trap: trap_request=0xffffff4d fr.pc=0x0000028587b9ea54 relative=0x0000000000000194
Event: 13.671 Thread 0x00000285979b8800 Uncommon trap: reason=unstable_if action=reinterpret pc=0x0000028587b9ea54 method=java.util.HashMap.getNode(ILjava/lang/Object;)Ljava/util/HashMap$Node; @ 129 c2
Event: 13.672 Thread 0x00000285979b8800 DEOPT PACKING pc=0x0000028587b9ea54 sp=0x000000a6fa6fcd00
Event: 13.672 Thread 0x00000285979b8800 DEOPT UNPACKING pc=0x00000285800278af sp=0x000000a6fa6fcc10 mode 2
Event: 13.672 Thread 0x00000285979b8800 Uncommon trap: trap_request=0xffffffc6 fr.pc=0x0000028587b8763c relative=0x000000000000073c
Event: 13.672 Thread 0x00000285979b8800 Uncommon trap: reason=bimorphic_or_optimized_type_check action=maybe_recompile pc=0x0000028587b8763c method=java.util.HashMap.putVal(ILjava/lang/Object;Ljava/lang/Object;ZZ)Ljava/lang/Object; @ 203 c2
Event: 13.672 Thread 0x00000285979b8800 DEOPT PACKING pc=0x0000028587b8763c sp=0x000000a6fa6fcc60
Event: 13.672 Thread 0x00000285979b8800 DEOPT UNPACKING pc=0x00000285800278af sp=0x000000a6fa6fcbf0 mode 2
Event: 13.723 Thread 0x00000285979b8800 Uncommon trap: trap_request=0xffffff4d fr.pc=0x0000028587b248d4 relative=0x0000000000000094
Event: 13.723 Thread 0x00000285979b8800 Uncommon trap: reason=unstable_if action=reinterpret pc=0x0000028587b248d4 method=java.util.LinkedHashMap.afterNodeInsertion(Z)V @ 1 c2
Event: 13.723 Thread 0x00000285979b8800 DEOPT PACKING pc=0x0000028587b248d4 sp=0x000000a6fa6fc930
Event: 13.723 Thread 0x00000285979b8800 DEOPT UNPACKING pc=0x00000285800278af sp=0x000000a6fa6fc8b0 mode 2
Event: 13.728 Thread 0x00000285979b8800 Uncommon trap: trap_request=0xffffff4d fr.pc=0x0000028587b27478 relative=0x0000000000000238
Event: 13.728 Thread 0x00000285979b8800 Uncommon trap: reason=unstable_if action=reinterpret pc=0x0000028587b27478 method=java.util.concurrent.ConcurrentHashMap.get(Ljava/lang/Object;)Ljava/lang/Object; @ 76 c2
Event: 13.728 Thread 0x00000285979b8800 DEOPT PACKING pc=0x0000028587b27478 sp=0x000000a6fa6faa80
Event: 13.728 Thread 0x00000285979b8800 DEOPT UNPACKING pc=0x00000285800278af sp=0x000000a6fa6fa9e8 mode 2

Classes redefined (0 events):
No events

Internal exceptions (20 events):
Event: 10.917 Thread 0x00000285979b8800 Exception <a 'java/lang/NoSuchMethodError'{0x0000000085ad3dc0}: 'long java.lang.invoke.DirectMethodHandle$Holder.invokeInterface(java.lang.Object, java.lang.Object)'> (0x0000000085ad3dc0) thrown at [./src/hotspot/share/interpreter/linkResolver.cpp, line 773]
Event: 10.922 Thread 0x00000285979b8800 Exception <a 'java/lang/NoSuchMethodError'{0x0000000085af6bb0}: 'void java.lang.invoke.DelegatingMethodHandle$Holder.reinvoke_L(java.lang.Object, java.lang.Object, java.lang.Object, java.lang.Object, java.lang.Object, java.lang.Object, java.lang.Object)'> (0x0000000085af6bb0) thrown at [./src/hotspot/share/interpreter/linkResolver.cpp, line 773]
Event: 11.435 Thread 0x00000285979b8800 Exception <a 'java/lang/NoSuchMethodError'{0x0000000084a9e2f8}: 'java.lang.Object java.lang.invoke.DirectMethodHandle$Holder.invokeVirtual(java.lang.Object, java.lang.Object, java.lang.Object)'> (0x0000000084a9e2f8) thrown at [./src/hotspot/share/interpreter/linkResolver.cpp, line 773]
Event: 11.529 Thread 0x00000285979b8800 Exception <a 'java/lang/NoSuchMethodError'{0x0000000084613cb0}: 'void java.lang.invoke.DirectMethodHandle$Holder.invokeInterface(java.lang.Object, java.lang.Object)'> (0x0000000084613cb0) thrown at [./src/hotspot/share/interpreter/linkResolver.cpp, line 773]
Event: 11.529 Thread 0x00000285979b8800 Exception <a 'java/lang/IncompatibleClassChangeError'{0x0000000084616e60}: Found class java.lang.Object, but interface was expected> (0x0000000084616e60) thrown at [./src/hotspot/share/interpreter/linkResolver.cpp, line 839]
Event: 11.571 Thread 0x00000285979b8800 Exception <a 'java/lang/NoSuchMethodError'{0x000000008457b7e0}: 'void java.lang.invoke.DirectMethodHandle$Holder.invokeStaticInit(java.lang.Object)'> (0x000000008457b7e0) thrown at [./src/hotspot/share/interpreter/linkResolver.cpp, line 773]
Event: 11.687 Thread 0x00000285979b8800 Exception <a 'java/lang/NoSuchMethodError'{0x00000000843df4f8}: 'java.lang.Object java.lang.invoke.DirectMethodHandle$Holder.invokeStatic(java.lang.Object, java.lang.Object, java.lang.Object, int)'> (0x00000000843df4f8) thrown at [./src/hotspot/share/interpreter/linkResolver.cpp, line 773]
Event: 11.687 Thread 0x00000285979b8800 Exception <a 'java/lang/NoSuchMethodError'{0x00000000843e36c0}: 'java.lang.Object java.lang.invoke.DirectMethodHandle$Holder.invokeSpecial(java.lang.Object, java.lang.Object, java.lang.Object, java.lang.Object, int)'> (0x00000000843e36c0) thrown at [./src/hotspot/share/interpreter/linkResolver.cpp, line 773]
Event: 11.688 Thread 0x00000285979b8800 Exception <a 'java/lang/NoSuchMethodError'{0x00000000843e70a8}: 'java.lang.Object java.lang.invoke.Invokers$Holder.linkToTargetMethod(java.lang.Object, java.lang.Object, int, java.lang.Object)'> (0x00000000843e70a8) thrown at [./src/hotspot/share/interpreter/linkResolver.cpp, line 773]
Event: 12.063 Thread 0x00000285979b8800 Exception <a 'java/lang/NoSuchMethodError'{0x0000000087f56e98}: 'int java.lang.invoke.DirectMethodHandle$Holder.invokeSpecialIFC(java.lang.Object, java.lang.Object, java.lang.Object, java.lang.Object)'> (0x0000000087f56e98) thrown at [./src/hotspot/share/interpreter/linkResolver.cpp, line 773]
Event: 12.079 Thread 0x00000285979b8800 Exception <a 'java/lang/NoSuchMethodError'{0x0000000087f64c58}: 'java.lang.Object java.lang.invoke.DirectMethodHandle$Holder.invokeInterface(java.lang.Object, java.lang.Object, java.lang.Object)'> (0x0000000087f64c58) thrown at [./src/hotspot/share/interpreter/linkResolver.cpp, line 773]
Event: 12.079 Thread 0x00000285979b8800 Exception <a 'java/lang/IncompatibleClassChangeError'{0x0000000087f68130}: Found class java.lang.Object, but interface was expected> (0x0000000087f68130) thrown at [./src/hotspot/share/interpreter/linkResolver.cpp, line 839]
Event: 12.212 Thread 0x00000285979b8800 Exception <a 'java/lang/NoSuchMethodError'{0x0000000087e84020}: 'void java.lang.invoke.DirectMethodHandle$Holder.invokeStatic(java.lang.Object, java.lang.Object, java.lang.Object, java.lang.Object, java.lang.Object)'> (0x0000000087e84020) thrown at [./src/hotspot/share/interpreter/linkResolver.cpp, line 773]
Event: 12.840 Thread 0x00000285979b8800 Exception <a 'java/lang/NoSuchMethodError'{0x00000000879334e8}: 'void java.lang.invoke.DirectMethodHandle$Holder.invokeSpecial(java.lang.Object, java.lang.Object)'> (0x00000000879334e8) thrown at [./src/hotspot/share/interpreter/linkResolver.cpp, line 773]
Event: 13.246 Thread 0x00000285979b8800 Exception <a 'java/lang/NoSuchMethodError'{0x0000000087767188}: 'java.lang.Object java.lang.invoke.DirectMethodHandle$Holder.invokeSpecial(java.lang.Object, java.lang.Object, java.lang.Object, java.lang.Object, java.lang.Object, java.lang.Object, java.lang.Object, java.lang.Object, java.lang.Object)'> (0x0000000087767188) thrown at [./src/hotspot/share/interpreter/linkResolver.cpp, line 773]
Event: 13.543 Thread 0x00000285979b8800 Exception <a 'java/lang/NoSuchMethodError'{0x0000000086e7ede0}: 'java.lang.Object java.lang.invoke.DirectMethodHandle$Holder.invokeVirtual(java.lang.Object, java.lang.Object, java.lang.Object, java.lang.Object)'> (0x0000000086e7ede0) thrown at [./src/hotspot/share/interpreter/linkResolver.cpp, line 773]
Event: 13.597 Thread 0x00000285979b8800 Exception <a 'java/lang/NoSuchMethodError'{0x0000000086b1c940}: 'java.lang.Object java.lang.invoke.Invokers$Holder.invoker(java.lang.Object, java.lang.Object, java.lang.Object, java.lang.Object, java.lang.Object)'> (0x0000000086b1c940) thrown at [./src/hotspot/share/interpreter/linkResolver.cpp, line 773]
Event: 13.863 Thread 0x00000285979b8800 Exception <a 'java/lang/NoSuchMethodError'{0x0000000086766c98}: 'void java.lang.invoke.DirectMethodHandle$Holder.invokeSpecial(java.lang.Object, java.lang.Object, java.lang.Object, java.lang.Object, java.lang.Object, java.lang.Object)'> (0x0000000086766c98) thrown at [./src/hotspot/share/interpreter/linkResolver.cpp, line 773]
Event: 13.885 Thread 0x00000285979b8800 Exception <a 'java/lang/NoSuchMethodError'{0x00000000867cc580}: 'void java.lang.invoke.DirectMethodHandle$Holder.invokeSpecial(java.lang.Object, java.lang.Object, java.lang.Object, java.lang.Object, java.lang.Object, java.lang.Object, java.lang.Object)'> (0x00000000867cc580) thrown at [./src/hotspot/share/interpreter/linkResolver.cpp, line 773]
Event: 13.887 Thread 0x00000285979b8800 Exception <a 'java/lang/NoSuchMethodError'{0x00000000867d47c8}: 'java.lang.Object java.lang.invoke.Invokers$Holder.linkToTargetMethod(java.lang.Object, java.lang.Object, java.lang.Object, java.lang.Object, java.lang.Object, java.lang.Object)'> (0x00000000867d47c8) thrown at [./src/hotspot/share/interpreter/linkResolver.cpp, line 773]

Events (20 events):
Event: 13.883 loading class org/gradle/api/Transformer
Event: 13.883 loading class org/gradle/api/Transformer done
Event: 13.885 loading class org/gradle/internal/instantiation/generator/AsmBackedClassGenerator$ClassBuilderImpl
Event: 13.885 loading class org/gradle/internal/instantiation/generator/AsmBackedClassGenerator$ClassBuilderImpl done
Event: 13.890 loading class org/objectweb/asm/Attribute
Event: 13.890 loading class org/objectweb/asm/Attribute done
Event: 13.893 loading class org/objectweb/asm/Handler
Event: 13.893 loading class org/objectweb/asm/Handler done
Event: 13.896 loading class jdk/internal/org/objectweb/asm/ClassReader
Event: 13.897 loading class jdk/internal/org/objectweb/asm/ClassReader done
Event: 13.901 loading class org/gradle/internal/instantiation/generator/ClassGenerator$SerializationConstructor
Event: 13.901 loading class org/gradle/internal/instantiation/generator/ClassGenerator$SerializationConstructor done
Event: 13.904 loading class org/gradle/internal/instantiation/generator/AbstractClassGenerator$GeneratedClassImpl$GeneratedConstructorImpl
Event: 13.904 loading class org/gradle/internal/instantiation/generator/AbstractClassGenerator$GeneratedClassImpl$GeneratedConstructorImpl done
Event: 13.905 loading class org/gradle/internal/instantiation/generator/ClassGenerator$GeneratedConstructor
Event: 13.905 loading class org/gradle/internal/instantiation/generator/ClassGenerator$GeneratedConstructor done
Event: 13.906 loading class org/gradle/internal/instantiation/generator/AsmBackedClassGenerator$InvokeConstructorStrategy
Event: 13.906 loading class org/gradle/internal/instantiation/generator/AsmBackedClassGenerator$InvokeConstructorStrategy done
Event: 13.909 loading class org/gradle/internal/instantiation/generator/AsmBackedClassGenerator$ObjectCreationDetails
Event: 13.909 loading class org/gradle/internal/instantiation/generator/AsmBackedClassGenerator$ObjectCreationDetails done


Dynamic libraries:
0x00007ff6ed990000 - 0x00007ff6ed99a000 	C:\Program Files\Android\Android Studio\jre\bin\java.exe
0x00007ffbb87d0000 - 0x00007ffbb89c5000 	C:\WINDOWS\SYSTEM32\ntdll.dll
0x00007ffbb71f0000 - 0x00007ffbb72ae000 	C:\WINDOWS\System32\KERNEL32.DLL
0x00007ffbb62a0000 - 0x00007ffbb6568000 	C:\WINDOWS\System32\KERNELBASE.dll
0x00007ffbb5fd0000 - 0x00007ffbb60d0000 	C:\WINDOWS\System32\ucrtbase.dll
0x00007ffbb3d90000 - 0x00007ffbb3da7000 	C:\Program Files\Android\Android Studio\jre\bin\VCRUNTIME140.dll
0x00007ffbb0c90000 - 0x00007ffbb0ca9000 	C:\Program Files\Android\Android Studio\jre\bin\jli.dll
0x00007ffbb7a00000 - 0x00007ffbb7ba0000 	C:\WINDOWS\System32\USER32.dll
0x00007ffbb60d0000 - 0x00007ffbb60f2000 	C:\WINDOWS\System32\win32u.dll
0x00007ffbb71c0000 - 0x00007ffbb71eb000 	C:\WINDOWS\System32\GDI32.dll
0x00007ffbb6740000 - 0x00007ffbb684d000 	C:\WINDOWS\System32\gdi32full.dll
0x00007ffbb6200000 - 0x00007ffbb629d000 	C:\WINDOWS\System32\msvcp_win.dll
0x00007ffbb5310000 - 0x00007ffbb55aa000 	C:\WINDOWS\WinSxS\amd64_microsoft.windows.common-controls_6595b64144ccf1df_6.0.19041.1110_none_60b5254171f9507e\COMCTL32.dll
0x00007ffbb7e20000 - 0x00007ffbb7ebe000 	C:\WINDOWS\System32\msvcrt.dll
0x00007ffbb86c0000 - 0x00007ffbb86f0000 	C:\WINDOWS\System32\IMM32.DLL
0x00007ffbaa570000 - 0x00007ffbaa772000 	C:\WINDOWS\system32\tmumh\20019\AddOn\8.53.0.1135\TmUmEvt64.dll
0x00007ffbb6a60000 - 0x00007ffbb6a68000 	C:\WINDOWS\System32\PSAPI.DLL
0x00007ffbb69b0000 - 0x00007ffbb6a5e000 	C:\WINDOWS\System32\ADVAPI32.dll
0x00007ffbb86f0000 - 0x00007ffbb878c000 	C:\WINDOWS\System32\sechost.dll
0x00007ffbb6880000 - 0x00007ffbb69a5000 	C:\WINDOWS\System32\RPCRT4.dll
0x0000000051c50000 - 0x0000000051dc0000 	C:\WINDOWS\system32\tmumh\20019\TmMon\2.8.0.1054\tmmon64.dll
0x00007ffb8afe0000 - 0x00007ffb8b07d000 	C:\Program Files\Android\Android Studio\jre\bin\msvcp140.dll
0x00007ffb60000000 - 0x00007ffb60acf000 	C:\Program Files\Android\Android Studio\jre\bin\server\jvm.dll
0x00007ffba0d60000 - 0x00007ffba0d69000 	C:\WINDOWS\SYSTEM32\WSOCK32.dll
0x00007ffbb7880000 - 0x00007ffbb78eb000 	C:\WINDOWS\System32\WS2_32.dll
0x00007ffba9790000 - 0x00007ffba97b7000 	C:\WINDOWS\SYSTEM32\WINMM.dll
0x00007ffba97c0000 - 0x00007ffba97ca000 	C:\WINDOWS\SYSTEM32\VERSION.dll
0x00007ffbb3090000 - 0x00007ffbb30a2000 	C:\WINDOWS\SYSTEM32\kernel.appcore.dll
0x00007ffba4920000 - 0x00007ffba4931000 	C:\Program Files\Android\Android Studio\jre\bin\verify.dll
0x00007ffbb5960000 - 0x00007ffbb5b44000 	C:\WINDOWS\SYSTEM32\DBGHELP.DLL
0x00007ffbb58b0000 - 0x00007ffbb58dc000 	C:\WINDOWS\SYSTEM32\dbgcore.DLL
0x00007ffbb5f40000 - 0x00007ffbb5fc2000 	C:\WINDOWS\System32\bcryptPrimitives.dll
0x00007ffba4600000 - 0x00007ffba4629000 	C:\Program Files\Android\Android Studio\jre\bin\java.dll
0x00007ffbae440000 - 0x00007ffbae44b000 	C:\Program Files\Android\Android Studio\jre\bin\jimage.dll
0x00007ffba4770000 - 0x00007ffba4788000 	C:\Program Files\Android\Android Studio\jre\bin\zip.dll
0x0000028595800000 - 0x0000028595f44000 	C:\WINDOWS\System32\SHELL32.dll
0x00007ffbb3350000 - 0x00007ffbb3ae4000 	C:\WINDOWS\SYSTEM32\windows.storage.dll
0x00007ffbb7520000 - 0x00007ffbb7875000 	C:\WINDOWS\System32\combase.dll
0x00007ffbb52a0000 - 0x00007ffbb52ce000 	C:\WINDOWS\SYSTEM32\Wldp.dll
0x00007ffbb7d70000 - 0x00007ffbb7e1d000 	C:\WINDOWS\System32\SHCORE.dll
0x00007ffbb7ec0000 - 0x00007ffbb7f15000 	C:\WINDOWS\System32\shlwapi.dll
0x00007ffbb5e80000 - 0x00007ffbb5e9f000 	C:\WINDOWS\SYSTEM32\profapi.dll
0x00007ffba27a0000 - 0x00007ffba27ba000 	C:\Program Files\Android\Android Studio\jre\bin\net.dll
0x00007ffbb07e0000 - 0x00007ffbb08ec000 	C:\WINDOWS\SYSTEM32\WINHTTP.dll
0x00007ffbb4ff0000 - 0x00007ffbb505a000 	C:\WINDOWS\system32\mswsock.dll
0x00007ffba0dd0000 - 0x00007ffba0de4000 	C:\Program Files\Android\Android Studio\jre\bin\nio.dll
0x00007ffba4870000 - 0x00007ffba4897000 	C:\Users\PARVATHY\.gradle\native\8bec1ad78214c89d9ad589b4d07fe93259594b29d510b10fafb7a158f7737e5d\windows-amd64\native-platform.dll
0x00007ffb88f00000 - 0x00007ffb8903d000 	C:\Users\PARVATHY\.gradle\native\53dbd7edfb1c66fb8903c78663c9afc45aea4f116125fa6feffd364cf09443e8\windows-amd64\native-platform-file-events.dll
0x00007ffbae310000 - 0x00007ffbae31a000 	C:\Program Files\Android\Android Studio\jre\bin\management.dll
0x00007ffbae0a0000 - 0x00007ffbae0ac000 	C:\Program Files\Android\Android Studio\jre\bin\management_ext.dll
0x00007ffbb5cc0000 - 0x00007ffbb5cd8000 	C:\WINDOWS\SYSTEM32\CRYPTSP.dll
0x00007ffbb49a0000 - 0x00007ffbb49d4000 	C:\WINDOWS\system32\rsaenh.dll
0x00007ffbb6850000 - 0x00007ffbb6877000 	C:\WINDOWS\System32\bcrypt.dll
0x00007ffbb5e40000 - 0x00007ffbb5e6e000 	C:\WINDOWS\SYSTEM32\USERENV.dll
0x00007ffbb50e0000 - 0x00007ffbb50ec000 	C:\WINDOWS\SYSTEM32\CRYPTBASE.dll
0x00007ffbb4cf0000 - 0x00007ffbb4d2b000 	C:\WINDOWS\SYSTEM32\IPHLPAPI.DLL
0x00007ffbb73f0000 - 0x00007ffbb73f8000 	C:\WINDOWS\System32\NSI.dll
0x00007ffbab490000 - 0x00007ffbab4a7000 	C:\WINDOWS\SYSTEM32\dhcpcsvc6.DLL
0x00007ffbac4e0000 - 0x00007ffbac4fd000 	C:\WINDOWS\SYSTEM32\dhcpcsvc.DLL
0x00007ffbb4d30000 - 0x00007ffbb4dfb000 	C:\WINDOWS\SYSTEM32\DNSAPI.dll

dbghelp: loaded successfully - version: 4.0.5 - missing functions: none
symbol engine: initialized successfully - sym options: 0x614 - pdb path: .;C:\Program Files\Android\Android Studio\jre\bin;C:\WINDOWS\SYSTEM32;C:\WINDOWS\WinSxS\amd64_microsoft.windows.common-controls_6595b64144ccf1df_6.0.19041.1110_none_60b5254171f9507e;C:\WINDOWS\system32\tmumh\20019\AddOn\8.53.0.1135;C:\WINDOWS\system32\tmumh\20019\TmMon\2.8.0.1054;C:\Program Files\Android\Android Studio\jre\bin\server;C:\Users\PARVATHY\.gradle\native\8bec1ad78214c89d9ad589b4d07fe93259594b29d510b10fafb7a158f7737e5d\windows-amd64;C:\Users\PARVATHY\.gradle\native\53dbd7edfb1c66fb8903c78663c9afc45aea4f116125fa6feffd364cf09443e8\windows-amd64

VM Arguments:
jvm_args: --add-opens=java.base/java.util=ALL-UNNAMED --add-opens=java.base/java.lang=ALL-UNNAMED --add-opens=java.base/java.lang.invoke=ALL-UNNAMED --add-opens=java.base/java.util=ALL-UNNAMED --add-opens=java.prefs/java.util.prefs=ALL-UNNAMED --add-opens=java.prefs/java.util.prefs=ALL-UNNAMED --add-opens=java.base/java.nio.charset=ALL-UNNAMED --add-opens=java.base/java.net=ALL-UNNAMED --add-opens=java.base/java.util.concurrent.atomic=ALL-UNNAMED -Xmx2048m -Dfile.encoding=UTF-8 -Duser.country=US -Duser.language=en -Duser.variant 
java_command: org.gradle.launcher.daemon.bootstrap.GradleDaemon 7.0.2
java_class_path (initial): C:\Users\PARVATHY\.gradle\wrapper\dists\gradle-7.0.2-bin\857tjihv64xamwrf0h14cai3r\gradle-7.0.2\lib\gradle-launcher-7.0.2.jar
Launcher Type: SUN_STANDARD

[Global flags]
     intx CICompilerCount                          = 3                                         {product} {ergonomic}
     uint ConcGCThreads                            = 1                                         {product} {ergonomic}
     uint G1ConcRefinementThreads                  = 4                                         {product} {ergonomic}
   size_t G1HeapRegionSize                         = 1048576                                   {product} {ergonomic}
    uintx GCDrainStackTargetSize                   = 64                                        {product} {ergonomic}
   size_t InitialHeapSize                          = 134217728                                 {product} {ergonomic}
   size_t MarkStackSize                            = 4194304                                   {product} {ergonomic}
   size_t MaxHeapSize                              = 2147483648                                {product} {command line}
   size_t MaxNewSize                               = 1287651328                                {product} {ergonomic}
   size_t MinHeapDeltaBytes                        = 1048576                                   {product} {ergonomic}
    uintx NonNMethodCodeHeapSize                   = 5830732                                {pd product} {ergonomic}
    uintx NonProfiledCodeHeapSize                  = 122913754                              {pd product} {ergonomic}
    uintx ProfiledCodeHeapSize                     = 122913754                              {pd product} {ergonomic}
    uintx ReservedCodeCacheSize                    = 251658240                              {pd product} {ergonomic}
     bool SegmentedCodeCache                       = true                                      {product} {ergonomic}
     bool UseCompressedClassPointers               = true                                 {lp64_product} {ergonomic}
     bool UseCompressedOops                        = true                                 {lp64_product} {ergonomic}
     bool UseG1GC                                  = true                                      {product} {ergonomic}
     bool UseLargePagesIndividualAllocation        = false                                  {pd product} {ergonomic}

Logging:
Log output configuration:
 #0: stdout all=warning uptime,level,tags
 #1: stderr all=off uptime,level,tags

Environment Variables:
PATH=C:\Program Files\Java\jdk1.8.0_131\bin;C:\ProgramData\Oracle\Java\javapath;C:\WINDOWS\system32;C:\WINDOWS;C:\WINDOWS\System32\Wbem;C:\WINDOWS\System32\WindowsPowerShell\v1.0\;C:\WINDOWS\System32\OpenSSH\;C:\Program Files (x86)\AOMEI\AOMEI Backupper 6.4.0;C:\Program Files\Git\cmd;C:\Program Files\nodejs\;C:\Users\PARVATHY\AppData\Local\Microsoft\WindowsApps;C:\Program Files\heroku\bin;C:\Program Files\sfdx\bin;F:\Microsoft VS Code\bin;C:\Users\PARVATHY\AppData\Roaming\npm
USERNAME=PARVATHY
OS=Windows_NT
PROCESSOR_IDENTIFIER=Intel64 Family 6 Model 61 Stepping 4, GenuineIntel



---------------  S Y S T E M  ---------------

OS: Windows 10 , 64 bit Build 19041 (10.0.19041.1503)
OS uptime: 8 days 3:17 hours

CPU:total 4 (initial active 4) (2 cores per cpu, 2 threads per core) family 6 model 61 stepping 4 microcode 0x2d, cmov, cx8, fxsr, mmx, sse, sse2, sse3, ssse3, sse4.1, sse4.2, popcnt, avx, avx2, aes, clmul, erms, 3dnowpref, lzcnt, ht, tsc, tscinvbit, bmi1, bmi2, adx, fma

Memory: 4k page, system-wide physical 8103M (317M free)
TotalPageFile size 10603M (AvailPageFile size 4M)
current process WorkingSet (physical memory assigned to process): 189M, peak: 189M
current process commit charge ("private bytes"): 264M, peak: 264M

vm_info: OpenJDK 64-Bit Server VM (11.0.10+0-b96-7249189) for windows-amd64 JRE (11.0.10+0-b96-7249189), built on Mar 31 2021 21:44:00 by "builder" with MS VC++ 14.0 (VS2015)

END.
