#
# There is insufficient memory for the Java Runtime Environment to continue.
# Native memory allocation (mmap) failed to map 32505856 bytes for Failed to commit area from 0x0000000089a00000 to 0x000000008b900000 of length 32505856.
# Possible reasons:
#   The system is out of physical RAM or swap space
#   The process is running with CompressedOops enabled, and the Java Heap may be blocking the growth of the native heap
# Possible solutions:
#   Reduce memory load on the system
#   Increase physical memory or swap space
#   Check if swap backing store is full
#   Decrease Java heap size (-Xmx/-Xms)
#   Decrease number of Java threads
#   Decrease Java thread stack sizes (-Xss)
#   Set larger code cache with -XX:ReservedCodeCacheSize=
#   JVM is running with Unscaled Compressed Oops mode in which the Java heap is
#     placed in the first 4GB address space. The Java Heap base address is the
#     maximum limit for the native heap growth. Please use -XX:HeapBaseMinAddress
#     to set the Java Heap base and to place the Java Heap above 4GB virtual address.
# This output file may be truncated or incomplete.
#
#  Out of Memory Error (./src/hotspot/os/windows/os_windows.cpp:3301), pid=19304, tid=14276
#
# JRE version: OpenJDK Runtime Environment (11.0.10) (build 11.0.10+0-b96-7249189)
# Java VM: OpenJDK 64-Bit Server VM (11.0.10+0-b96-7249189, mixed mode, tiered, compressed oops, g1 gc, windows-amd64)
# No core dump will be written. Minidumps are not enabled by default on client versions of Windows
#

---------------  S U M M A R Y ------------

Command Line: --add-opens=java.base/java.util=ALL-UNNAMED --add-opens=java.base/java.lang=ALL-UNNAMED --add-opens=java.base/java.lang.invoke=ALL-UNNAMED --add-opens=java.base/java.util=ALL-UNNAMED --add-opens=java.prefs/java.util.prefs=ALL-UNNAMED --add-opens=java.prefs/java.util.prefs=ALL-UNNAMED --add-opens=java.base/java.nio.charset=ALL-UNNAMED --add-opens=java.base/java.net=ALL-UNNAMED --add-opens=java.base/java.util.concurrent.atomic=ALL-UNNAMED -Xmx2048m -Dfile.encoding=UTF-8 -Duser.country=US -Duser.language=en -Duser.variant org.gradle.launcher.daemon.bootstrap.GradleDaemon 7.0.2

Host: Intel(R) Core(TM) i5-5200U CPU @ 2.20GHz, 4 cores, 7G,  Windows 10 , 64 bit Build 19041 (10.0.19041.1503)
Time: Mon Mar 14 11:34:17 2022 India Standard Time elapsed time: 20.448906 seconds (0d 0h 0m 20s)

---------------  T H R E A D  ---------------

Current thread (0x00000263fbfa4800):  VMThread "VM Thread" [stack: 0x000000d533a00000,0x000000d533b00000] [id=14276]

Stack: [0x000000d533a00000,0x000000d533b00000]
[error occurred during error reporting (printing stack bounds), id 0xc0000005, EXCEPTION_ACCESS_VIOLATION (0xc0000005) at pc=0x0000026380000f2d]

Native frames: (J=compiled Java code, j=interpreted, Vv=VM code, C=native code)
V  [jvm.dll+0x5ecfaa]
V  [jvm.dll+0x722bd5]
V  [jvm.dll+0x72412d]
V  [jvm.dll+0x724745]
V  [jvm.dll+0x7246fb]
V  [jvm.dll+0x5ec348]
V  [jvm.dll+0x5ecad8]
C  [ntdll.dll+0xa20cf]
C  [ntdll.dll+0x51454]
C  [ntdll.dll+0xa0bfe]
C  0x0000026380000f2d

VM_Operation (0x000000d534dfa3a0): G1CollectForAllocation, mode: safepoint, requested by thread 0x00000263fe073000


---------------  P R O C E S S  ---------------

Threads class SMR info:
_java_thread_list=0x00000263901f8b50, length=42, elements={
0x00000263ee26e000, 0x00000263fbfa9800, 0x00000263fbfb5000, 0x00000263fc009800,
0x00000263fc00a800, 0x00000263fc00c800, 0x00000263fc013000, 0x00000263fc014800,
0x00000263fc028800, 0x00000263fc187000, 0x00000263fe3e7000, 0x00000263fc2a5800,
0x00000263fdc3e800, 0x00000263fd37f000, 0x00000263fd4f3000, 0x00000263fd4f4000,
0x00000263fe073000, 0x00000263fe073800, 0x00000263fd683000, 0x00000263fde98800,
0x00000263fde9e000, 0x00000263fde9b800, 0x00000263fde9d000, 0x00000263fde9b000,
0x00000263fde99000, 0x00000263fde9c800, 0x00000263fde9f000, 0x00000263fde9a000,
0x00000263fc730800, 0x00000263fc72b800, 0x00000263fc72e000, 0x00000263fc72a800,
0x00000263fc732000, 0x00000263fc731000, 0x00000263fc733000, 0x00000263fc733800,
0x00000263fc734800, 0x00000263fc735800, 0x00000263fc72f800, 0x00000263fc736000,
0x00000263fc738800, 0x00000263fc739800
}

Java Threads: ( => current thread )
  0x00000263ee26e000 JavaThread "main" [_thread_blocked, id=17504, stack(0x000000d533400000,0x000000d533500000)]
  0x00000263fbfa9800 JavaThread "Reference Handler" daemon [_thread_blocked, id=1100, stack(0x000000d533b00000,0x000000d533c00000)]
  0x00000263fbfb5000 JavaThread "Finalizer" daemon [_thread_blocked, id=7776, stack(0x000000d533c00000,0x000000d533d00000)]
  0x00000263fc009800 JavaThread "Signal Dispatcher" daemon [_thread_blocked, id=2312, stack(0x000000d533d00000,0x000000d533e00000)]
  0x00000263fc00a800 JavaThread "Attach Listener" daemon [_thread_blocked, id=16680, stack(0x000000d533e00000,0x000000d533f00000)]
  0x00000263fc00c800 JavaThread "Service Thread" daemon [_thread_blocked, id=17984, stack(0x000000d533f00000,0x000000d534000000)]
  0x00000263fc013000 JavaThread "C2 CompilerThread0" daemon [_thread_blocked, id=17240, stack(0x000000d534000000,0x000000d534100000)]
  0x00000263fc014800 JavaThread "C1 CompilerThread0" daemon [_thread_blocked, id=5472, stack(0x000000d534100000,0x000000d534200000)]
  0x00000263fc028800 JavaThread "Sweeper thread" daemon [_thread_blocked, id=17132, stack(0x000000d534200000,0x000000d534300000)]
  0x00000263fc187000 JavaThread "Common-Cleaner" daemon [_thread_blocked, id=10068, stack(0x000000d534300000,0x000000d534400000)]
  0x00000263fe3e7000 JavaThread "Daemon health stats" [_thread_blocked, id=16344, stack(0x000000d534800000,0x000000d534900000)]
  0x00000263fc2a5800 JavaThread "Incoming local TCP Connector on port 56864" [_thread_in_native, id=17768, stack(0x000000d534500000,0x000000d534600000)]
  0x00000263fdc3e800 JavaThread "Daemon periodic checks" [_thread_blocked, id=19228, stack(0x000000d534900000,0x000000d534a00000)]
  0x00000263fd37f000 JavaThread "Daemon" [_thread_blocked, id=11104, stack(0x000000d534a00000,0x000000d534b00000)]
  0x00000263fd4f3000 JavaThread "Handler for socket connection from /127.0.0.1:56864 to /127.0.0.1:56865" [_thread_in_native, id=16244, stack(0x000000d534b00000,0x000000d534c00000)]
  0x00000263fd4f4000 JavaThread "Cancel handler" [_thread_blocked, id=10720, stack(0x000000d534c00000,0x000000d534d00000)]
  0x00000263fe073000 JavaThread "Daemon worker" [_thread_blocked, id=18828, stack(0x000000d534d00000,0x000000d534e00000)]
  0x00000263fe073800 JavaThread "Asynchronous log dispatcher for DefaultDaemonConnection: socket connection from /127.0.0.1:56864 to /127.0.0.1:56865" [_thread_blocked, id=17536, stack(0x000000d534e00000,0x000000d534f00000)]
  0x00000263fd683000 JavaThread "Stdin handler" [_thread_blocked, id=17820, stack(0x000000d534f00000,0x000000d535000000)]
  0x00000263fde98800 JavaThread "Daemon client event forwarder" [_thread_blocked, id=16640, stack(0x000000d535000000,0x000000d535100000)]
  0x00000263fde9e000 JavaThread "Cache worker for file hash cache (C:\Users\PARVATHY\.gradle\caches\7.0.2\fileHashes)" [_thread_blocked, id=17928, stack(0x000000d535100000,0x000000d535200000)]
  0x00000263fde9b800 JavaThread "File lock request listener" [_thread_in_native, id=19272, stack(0x000000d535200000,0x000000d535300000)]
  0x00000263fde9d000 JavaThread "Cache worker for journal cache (C:\Users\PARVATHY\.gradle\caches\journal-1)" [_thread_blocked, id=19440, stack(0x000000d535400000,0x000000d535500000)]
  0x00000263fde9b000 JavaThread "Cache worker for file hash cache (E:\Rajagiri\Sem 6\Lead Manager App\.gradle\7.0.2\fileHashes)" [_thread_blocked, id=13120, stack(0x000000d535600000,0x000000d535700000)]
  0x00000263fde99000 JavaThread "File watcher server" daemon [_thread_in_native, id=19188, stack(0x000000d535700000,0x000000d535800000)]
  0x00000263fde9c800 JavaThread "File watcher consumer" daemon [_thread_blocked, id=16476, stack(0x000000d535800000,0x000000d535900000)]
  0x00000263fde9f000 JavaThread "Cache worker for checksums cache (E:\Rajagiri\Sem 6\Lead Manager App\.gradle\checksums)" [_thread_blocked, id=16504, stack(0x000000d535900000,0x000000d535a00000)]
  0x00000263fde9a000 JavaThread "Cache worker for cache directory md-supplier (C:\Users\PARVATHY\.gradle\caches\7.0.2\md-supplier)" [_thread_blocked, id=16808, stack(0x000000d535a00000,0x000000d535b00000)]
  0x00000263fc730800 JavaThread "Cache worker for cache directory md-rule (C:\Users\PARVATHY\.gradle\caches\7.0.2\md-rule)" [_thread_blocked, id=11484, stack(0x000000d535b00000,0x000000d535c00000)]
  0x00000263fc72b800 JavaThread "Cache worker for execution history cache (C:\Users\PARVATHY\.gradle\caches\7.0.2\executionHistory)" [_thread_blocked, id=18864, stack(0x000000d535c00000,0x000000d535d00000)]
  0x00000263fc72e000 JavaThread "jar transforms" [_thread_blocked, id=5392, stack(0x000000d535d00000,0x000000d535e00000)]
  0x00000263fc72a800 JavaThread "jar transforms Thread 2" [_thread_blocked, id=2936, stack(0x000000d535e00000,0x000000d535f00000)]
  0x00000263fc732000 JavaThread "Cache worker for file content cache (C:\Users\PARVATHY\.gradle\caches\7.0.2\fileContent)" [_thread_blocked, id=10964, stack(0x000000d535f00000,0x000000d536000000)]
  0x00000263fc731000 JavaThread "Cache worker for dependencies-accessors (E:\Rajagiri\Sem 6\Lead Manager App\.gradle\7.0.2\dependencies-accessors)" [_thread_blocked, id=9176, stack(0x000000d536000000,0x000000d536100000)]
  0x00000263fc733000 JavaThread "jar transforms Thread 3" [_thread_blocked, id=1540, stack(0x000000d536100000,0x000000d536200000)]
  0x00000263fc733800 JavaThread "Cache worker for Build Output Cleanup Cache (E:\Rajagiri\Sem 6\Lead Manager App\.gradle\buildOutputCleanup)" [_thread_blocked, id=14076, stack(0x000000d536200000,0x000000d536300000)]
  0x00000263fc734800 JavaThread "Build operations" [_thread_blocked, id=5436, stack(0x000000d536300000,0x000000d536400000)]
  0x00000263fc735800 JavaThread "Build operations Thread 2" [_thread_blocked, id=19224, stack(0x000000d536400000,0x000000d536500000)]
  0x00000263fc72f800 JavaThread "Build operations Thread 3" [_thread_blocked, id=16840, stack(0x000000d536500000,0x000000d536600000)]
  0x00000263fc736000 JavaThread "Build operations Thread 4" [_thread_blocked, id=16600, stack(0x000000d536600000,0x000000d536700000)]
  0x00000263fc738800 JavaThread "jar transforms Thread 4" [_thread_blocked, id=1472, stack(0x000000d536700000,0x000000d536800000)]
  0x00000263fc739800 JavaThread "Memory manager" [_thread_blocked, id=15204, stack(0x000000d535500000,0x000000d535600000)]

Other Threads:
=>0x00000263fbfa4800 VMThread "VM Thread" [stack: 0x000000d533a00000,0x000000d533b00000] [id=14276]
  0x00000263fc18d000 WatcherThread [stack: 0x000000d534400000,0x000000d534500000] [id=19196]
  0x00000263f0bee800 GCTaskThread "GC Thread#0" [stack: 0x000000d533500000,0x000000d533600000] [id=18684]
  0x00000263fc991000 GCTaskThread "GC Thread#1" [stack: 0x000000d534600000,0x000000d534700000] [id=17420]
  0x00000263fc687000 GCTaskThread "GC Thread#2" [stack: 0x000000d534700000,0x000000d534800000] [id=9912]
  0x00000263fdfb5800 GCTaskThread "GC Thread#3" [stack: 0x000000d535300000,0x000000d535400000] [id=240]
  0x00000263f0c21000 ConcurrentGCThread "G1 Main Marker" [stack: 0x000000d533600000,0x000000d533700000] [id=17604]
  0x00000263f0c22000 ConcurrentGCThread "G1 Conc#0" [stack: 0x000000d533700000,0x000000d533800000] [id=18244]
  0x00000263fb4e3000 ConcurrentGCThread "G1 Refine#0" [stack: 0x000000d533800000,0x000000d533900000] [id=19104]
  0x00000263fb4e4000 ConcurrentGCThread "G1 Young RemSet Sampling" [stack: 0x000000d533900000,0x000000d533a00000] [id=4136]

Threads with active compile tasks:
C2 CompilerThread0  20561 6671       4       sun.reflect.generics.parser.SignatureParser::parseClassTypeSignature (118 bytes)
C1 CompilerThread0  20561 7075       2       org.gradle.api.internal.collections.IterationOrderRetainingSetElementSource$1::isSatisfiedBy (9 bytes)

VM state:at safepoint (normal execution)

VM Mutex/Monitor currently owned by a thread:  ([mutex/lock_event])
[0x00000263f0bd7220] Threads_lock - owner thread: 0x00000263fbfa4800
[0x00000263f0bd6140] Heap_lock - owner thread: 0x00000263fe073000

Heap address: 0x0000000080000000, size: 2048 MB, Compressed Oops mode: 32-bit
Narrow klass base: 0x0000000000000000, Narrow klass shift: 3
Compressed class space size: 1073741824 Address: 0x0000000100000000

Heap:
 garbage-first heap   total 189440K, used 58969K [0x0000000080000000, 0x0000000100000000)
  region size 1024K, 8 young (8192K), 8 survivors (8192K)
 Metaspace       used 75294K, capacity 77098K, committed 77284K, reserved 1116160K
  class space    used 9809K, capacity 10439K, committed 10496K, reserved 1048576K
Heap Regions: E=young(eden), S=young(survivor), O=old, HS=humongous(starts), HC=humongous(continues), CS=collection set, F=free, A=archive, TAMS=top-at-mark-start (previous, next)
|   0|0x0000000080000000, 0x0000000080100000, 0x0000000080100000|100%| O|  |TAMS 0x0000000080100000, 0x0000000080000000| Untracked 
|   1|0x0000000080100000, 0x0000000080200000, 0x0000000080200000|100%| O|  |TAMS 0x0000000080200000, 0x0000000080100000| Untracked 
|   2|0x0000000080200000, 0x0000000080300000, 0x0000000080300000|100%| O|  |TAMS 0x0000000080300000, 0x0000000080200000| Untracked 
|   3|0x0000000080300000, 0x0000000080400000, 0x0000000080400000|100%|HS|  |TAMS 0x0000000080400000, 0x0000000080300000| Complete 
|   4|0x0000000080400000, 0x0000000080500000, 0x0000000080500000|100%|HC|  |TAMS 0x0000000080500000, 0x0000000080400000| Complete 
|   5|0x0000000080500000, 0x0000000080600000, 0x0000000080600000|100%|HC|  |TAMS 0x0000000080600000, 0x0000000080500000| Complete 
|   6|0x0000000080600000, 0x0000000080700000, 0x0000000080700000|100%| O|  |TAMS 0x0000000080700000, 0x0000000080600000| Untracked 
|   7|0x0000000080700000, 0x0000000080800000, 0x0000000080800000|100%| O|  |TAMS 0x0000000080800000, 0x0000000080700000| Untracked 
|   8|0x0000000080800000, 0x0000000080900000, 0x0000000080900000|100%| O|  |TAMS 0x0000000080900000, 0x0000000080800000| Untracked 
|   9|0x0000000080900000, 0x0000000080a00000, 0x0000000080a00000|100%| O|  |TAMS 0x0000000080a00000, 0x0000000080900000| Untracked 
|  10|0x0000000080a00000, 0x0000000080b00000, 0x0000000080b00000|100%| O|  |TAMS 0x0000000080b00000, 0x0000000080a00000| Untracked 
|  11|0x0000000080b00000, 0x0000000080c00000, 0x0000000080c00000|100%| O|  |TAMS 0x0000000080c00000, 0x0000000080b00000| Untracked 
|  12|0x0000000080c00000, 0x0000000080d00000, 0x0000000080d00000|100%| O|  |TAMS 0x0000000080d00000, 0x0000000080c00000| Untracked 
|  13|0x0000000080d00000, 0x0000000080e00000, 0x0000000080e00000|100%| O|  |TAMS 0x0000000080e00000, 0x0000000080d00000| Untracked 
|  14|0x0000000080e00000, 0x0000000080f00000, 0x0000000080f00000|100%| O|  |TAMS 0x0000000080f00000, 0x0000000080e00000| Untracked 
|  15|0x0000000080f00000, 0x0000000081000000, 0x0000000081000000|100%| O|  |TAMS 0x0000000081000000, 0x0000000080f00000| Untracked 
|  16|0x0000000081000000, 0x0000000081100000, 0x0000000081100000|100%| O|  |TAMS 0x0000000081100000, 0x0000000081000000| Untracked 
|  17|0x0000000081100000, 0x0000000081200000, 0x0000000081200000|100%|HS|  |TAMS 0x0000000081200000, 0x0000000081100000| Complete 
|  18|0x0000000081200000, 0x0000000081300000, 0x0000000081300000|100%| O|  |TAMS 0x0000000081300000, 0x0000000081200000| Untracked 
|  19|0x0000000081300000, 0x0000000081400000, 0x0000000081400000|100%| O|  |TAMS 0x0000000081400000, 0x0000000081300000| Untracked 
|  20|0x0000000081400000, 0x0000000081500000, 0x0000000081500000|100%| O|  |TAMS 0x0000000081500000, 0x0000000081400000| Untracked 
|  21|0x0000000081500000, 0x0000000081600000, 0x0000000081600000|100%| O|  |TAMS 0x0000000081600000, 0x0000000081500000| Untracked 
|  22|0x0000000081600000, 0x0000000081700000, 0x0000000081700000|100%| O|  |TAMS 0x0000000081700000, 0x0000000081600000| Untracked 
|  23|0x0000000081700000, 0x0000000081800000, 0x0000000081800000|100%|HS|  |TAMS 0x0000000081800000, 0x0000000081700000| Complete 
|  24|0x0000000081800000, 0x0000000081900000, 0x0000000081900000|100%|HS|  |TAMS 0x0000000081900000, 0x0000000081800000| Complete 
|  25|0x0000000081900000, 0x0000000081a00000, 0x0000000081a00000|100%|HC|  |TAMS 0x0000000081a00000, 0x0000000081900000| Complete 
|  26|0x0000000081a00000, 0x0000000081b00000, 0x0000000081b00000|100%| O|  |TAMS 0x0000000081b00000, 0x0000000081a00000| Untracked 
|  27|0x0000000081b00000, 0x0000000081c00000, 0x0000000081c00000|100%| O|  |TAMS 0x0000000081c00000, 0x0000000081b00000| Untracked 
|  28|0x0000000081c00000, 0x0000000081d00000, 0x0000000081d00000|100%| O|  |TAMS 0x0000000081d00000, 0x0000000081c00000| Untracked 
|  29|0x0000000081d00000, 0x0000000081e00000, 0x0000000081e00000|100%| O|  |TAMS 0x0000000081e00000, 0x0000000081d00000| Untracked 
|  30|0x0000000081e00000, 0x0000000081f00000, 0x0000000081f00000|100%| O|  |TAMS 0x0000000081f00000, 0x0000000081e00000| Untracked 
|  31|0x0000000081f00000, 0x0000000082000000, 0x0000000082000000|100%| O|  |TAMS 0x0000000082000000, 0x0000000081f00000| Untracked 
|  32|0x0000000082000000, 0x0000000082100000, 0x0000000082100000|100%| O|  |TAMS 0x0000000082100000, 0x0000000082000000| Untracked 
|  33|0x0000000082100000, 0x0000000082200000, 0x0000000082200000|100%| O|  |TAMS 0x0000000082200000, 0x0000000082100000| Untracked 
|  34|0x0000000082200000, 0x0000000082300000, 0x0000000082300000|100%| O|  |TAMS 0x0000000082300000, 0x0000000082200000| Untracked 
|  35|0x0000000082300000, 0x0000000082400000, 0x0000000082400000|100%| O|  |TAMS 0x0000000082400000, 0x0000000082300000| Untracked 
|  36|0x0000000082400000, 0x0000000082500000, 0x0000000082500000|100%| O|  |TAMS 0x0000000082500000, 0x0000000082400000| Untracked 
|  37|0x0000000082500000, 0x0000000082600000, 0x0000000082600000|100%| O|  |TAMS 0x0000000082600000, 0x0000000082500000| Untracked 
|  38|0x0000000082600000, 0x0000000082700000, 0x0000000082700000|100%| O|  |TAMS 0x0000000082700000, 0x0000000082600000| Untracked 
|  39|0x0000000082700000, 0x0000000082800000, 0x0000000082800000|100%| O|  |TAMS 0x0000000082800000, 0x0000000082700000| Untracked 
|  40|0x0000000082800000, 0x0000000082900000, 0x0000000082900000|100%| O|  |TAMS 0x0000000082900000, 0x0000000082800000| Untracked 
|  41|0x0000000082900000, 0x0000000082a00000, 0x0000000082a00000|100%| O|  |TAMS 0x0000000082a00000, 0x0000000082900000| Untracked 
|  42|0x0000000082a00000, 0x0000000082b00000, 0x0000000082b00000|100%| O|  |TAMS 0x0000000082b00000, 0x0000000082a00000| Untracked 
|  43|0x0000000082b00000, 0x0000000082c00000, 0x0000000082c00000|100%| O|  |TAMS 0x0000000082b00000, 0x0000000082b00000| Untracked 
|  44|0x0000000082c00000, 0x0000000082d00000, 0x0000000082d00000|100%| O|  |TAMS 0x0000000082c00000, 0x0000000082c00000| Untracked 
|  45|0x0000000082d00000, 0x0000000082e00000, 0x0000000082e00000|100%| O|  |TAMS 0x0000000082d00000, 0x0000000082d00000| Untracked 
|  46|0x0000000082e00000, 0x0000000082f00000, 0x0000000082f00000|100%| O|  |TAMS 0x0000000082e00000, 0x0000000082e00000| Untracked 
|  47|0x0000000082f00000, 0x0000000083000000, 0x0000000083000000|100%| O|  |TAMS 0x0000000082f00000, 0x0000000082f00000| Untracked 
|  48|0x0000000083000000, 0x0000000083100000, 0x0000000083100000|100%| O|  |TAMS 0x0000000083000000, 0x0000000083000000| Untracked 
|  49|0x0000000083100000, 0x00000000831eca00, 0x0000000083200000| 92%| O|  |TAMS 0x0000000083100000, 0x0000000083100000| Untracked 
|  50|0x0000000083200000, 0x0000000083200000, 0x0000000083300000|  0%| F|  |TAMS 0x0000000083200000, 0x0000000083200000| Untracked 
|  51|0x0000000083300000, 0x0000000083300000, 0x0000000083400000|  0%| F|  |TAMS 0x0000000083300000, 0x0000000083300000| Untracked 
|  52|0x0000000083400000, 0x0000000083400000, 0x0000000083500000|  0%| F|  |TAMS 0x0000000083400000, 0x0000000083400000| Untracked 
|  53|0x0000000083500000, 0x0000000083500000, 0x0000000083600000|  0%| F|  |TAMS 0x0000000083500000, 0x0000000083500000| Untracked 
|  54|0x0000000083600000, 0x0000000083600000, 0x0000000083700000|  0%| F|  |TAMS 0x0000000083600000, 0x0000000083600000| Untracked 
|  55|0x0000000083700000, 0x0000000083700000, 0x0000000083800000|  0%| F|  |TAMS 0x0000000083700000, 0x0000000083700000| Untracked 
|  56|0x0000000083800000, 0x0000000083800000, 0x0000000083900000|  0%| F|  |TAMS 0x0000000083800000, 0x0000000083800000| Untracked 
|  57|0x0000000083900000, 0x0000000083900000, 0x0000000083a00000|  0%| F|  |TAMS 0x0000000083900000, 0x0000000083900000| Untracked 
|  58|0x0000000083a00000, 0x0000000083a00000, 0x0000000083b00000|  0%| F|  |TAMS 0x0000000083a00000, 0x0000000083a00000| Untracked 
|  59|0x0000000083b00000, 0x0000000083b00000, 0x0000000083c00000|  0%| F|  |TAMS 0x0000000083b00000, 0x0000000083b00000| Untracked 
|  60|0x0000000083c00000, 0x0000000083c00000, 0x0000000083d00000|  0%| F|  |TAMS 0x0000000083c00000, 0x0000000083c00000| Untracked 
|  61|0x0000000083d00000, 0x0000000083d00000, 0x0000000083e00000|  0%| F|  |TAMS 0x0000000083d00000, 0x0000000083d00000| Untracked 
|  62|0x0000000083e00000, 0x0000000083e00000, 0x0000000083f00000|  0%| F|  |TAMS 0x0000000083e00000, 0x0000000083e00000| Untracked 
|  63|0x0000000083f00000, 0x0000000083f00000, 0x0000000084000000|  0%| F|  |TAMS 0x0000000083f00000, 0x0000000083f00000| Untracked 
|  64|0x0000000084000000, 0x0000000084000000, 0x0000000084100000|  0%| F|  |TAMS 0x0000000084000000, 0x0000000084000000| Untracked 
|  65|0x0000000084100000, 0x0000000084100000, 0x0000000084200000|  0%| F|  |TAMS 0x0000000084100000, 0x0000000084100000| Untracked 
|  66|0x0000000084200000, 0x0000000084200000, 0x0000000084300000|  0%| F|  |TAMS 0x0000000084200000, 0x0000000084200000| Untracked 
|  67|0x0000000084300000, 0x0000000084300000, 0x0000000084400000|  0%| F|  |TAMS 0x0000000084300000, 0x0000000084300000| Untracked 
|  68|0x0000000084400000, 0x0000000084400000, 0x0000000084500000|  0%| F|  |TAMS 0x0000000084400000, 0x0000000084400000| Untracked 
|  69|0x0000000084500000, 0x0000000084500000, 0x0000000084600000|  0%| F|  |TAMS 0x0000000084500000, 0x0000000084500000| Untracked 
|  70|0x0000000084600000, 0x0000000084600000, 0x0000000084700000|  0%| F|  |TAMS 0x0000000084600000, 0x0000000084600000| Untracked 
|  71|0x0000000084700000, 0x0000000084700000, 0x0000000084800000|  0%| F|  |TAMS 0x0000000084700000, 0x0000000084700000| Untracked 
|  72|0x0000000084800000, 0x0000000084800000, 0x0000000084900000|  0%| F|  |TAMS 0x0000000084800000, 0x0000000084800000| Untracked 
|  73|0x0000000084900000, 0x0000000084900000, 0x0000000084a00000|  0%| F|  |TAMS 0x0000000084900000, 0x0000000084900000| Untracked 
|  74|0x0000000084a00000, 0x0000000084a00000, 0x0000000084b00000|  0%| F|  |TAMS 0x0000000084a00000, 0x0000000084a00000| Untracked 
|  75|0x0000000084b00000, 0x0000000084b00000, 0x0000000084c00000|  0%| F|  |TAMS 0x0000000084b00000, 0x0000000084b00000| Untracked 
|  76|0x0000000084c00000, 0x0000000084c00000, 0x0000000084d00000|  0%| F|  |TAMS 0x0000000084c00000, 0x0000000084c00000| Untracked 
|  77|0x0000000084d00000, 0x0000000084d00000, 0x0000000084e00000|  0%| F|  |TAMS 0x0000000084d00000, 0x0000000084d00000| Untracked 
|  78|0x0000000084e00000, 0x0000000084e00000, 0x0000000084f00000|  0%| F|  |TAMS 0x0000000084e00000, 0x0000000084e00000| Untracked 
|  79|0x0000000084f00000, 0x0000000084f00000, 0x0000000085000000|  0%| F|  |TAMS 0x0000000084f00000, 0x0000000084f00000| Untracked 
|  80|0x0000000085000000, 0x0000000085000000, 0x0000000085100000|  0%| F|  |TAMS 0x0000000085000000, 0x0000000085000000| Untracked 
|  81|0x0000000085100000, 0x0000000085100000, 0x0000000085200000|  0%| F|  |TAMS 0x0000000085100000, 0x0000000085100000| Untracked 
|  82|0x0000000085200000, 0x0000000085200000, 0x0000000085300000|  0%| F|  |TAMS 0x0000000085200000, 0x0000000085200000| Untracked 
|  83|0x0000000085300000, 0x0000000085300000, 0x0000000085400000|  0%| F|  |TAMS 0x0000000085300000, 0x0000000085300000| Untracked 
|  84|0x0000000085400000, 0x0000000085400000, 0x0000000085500000|  0%| F|  |TAMS 0x0000000085400000, 0x0000000085400000| Untracked 
|  85|0x0000000085500000, 0x0000000085500000, 0x0000000085600000|  0%| F|  |TAMS 0x0000000085500000, 0x0000000085500000| Untracked 
|  86|0x0000000085600000, 0x00000000856a9ab8, 0x0000000085700000| 66%| S|CS|TAMS 0x0000000085600000, 0x0000000085600000| Complete 
|  87|0x0000000085700000, 0x0000000085800000, 0x0000000085800000|100%| S|CS|TAMS 0x0000000085700000, 0x0000000085700000| Complete 
|  88|0x0000000085800000, 0x0000000085900000, 0x0000000085900000|100%| S|CS|TAMS 0x0000000085800000, 0x0000000085800000| Complete 
|  89|0x0000000085900000, 0x0000000085a00000, 0x0000000085a00000|100%| S|CS|TAMS 0x0000000085900000, 0x0000000085900000| Complete 
|  90|0x0000000085a00000, 0x0000000085b00000, 0x0000000085b00000|100%| S|CS|TAMS 0x0000000085a00000, 0x0000000085a00000| Complete 
|  91|0x0000000085b00000, 0x0000000085c00000, 0x0000000085c00000|100%| S|CS|TAMS 0x0000000085b00000, 0x0000000085b00000| Complete 
|  92|0x0000000085c00000, 0x0000000085d00000, 0x0000000085d00000|100%| S|CS|TAMS 0x0000000085c00000, 0x0000000085c00000| Complete 
|  93|0x0000000085d00000, 0x0000000085d00000, 0x0000000085e00000|  0%| F|  |TAMS 0x0000000085d00000, 0x0000000085d00000| Untracked 
|  94|0x0000000085e00000, 0x0000000085e00000, 0x0000000085f00000|  0%| F|  |TAMS 0x0000000085e00000, 0x0000000085e00000| Untracked 
|  95|0x0000000085f00000, 0x0000000085f00000, 0x0000000086000000|  0%| F|  |TAMS 0x0000000085f00000, 0x0000000085f00000| Untracked 
|  96|0x0000000086000000, 0x0000000086100000, 0x0000000086100000|100%| S|CS|TAMS 0x0000000086000000, 0x0000000086000000| Complete 
|  97|0x0000000086100000, 0x0000000086100000, 0x0000000086200000|  0%| F|  |TAMS 0x0000000086100000, 0x0000000086100000| Untracked 
|  98|0x0000000086200000, 0x0000000086200000, 0x0000000086300000|  0%| F|  |TAMS 0x0000000086200000, 0x0000000086200000| Untracked 
|  99|0x0000000086300000, 0x0000000086300000, 0x0000000086400000|  0%| F|  |TAMS 0x0000000086300000, 0x0000000086300000| Untracked 
| 100|0x0000000086400000, 0x0000000086400000, 0x0000000086500000|  0%| F|  |TAMS 0x0000000086400000, 0x0000000086400000| Untracked 
| 101|0x0000000086500000, 0x0000000086500000, 0x0000000086600000|  0%| F|  |TAMS 0x0000000086500000, 0x0000000086500000| Untracked 
| 102|0x0000000086600000, 0x0000000086600000, 0x0000000086700000|  0%| F|  |TAMS 0x0000000086600000, 0x0000000086600000| Untracked 
| 103|0x0000000086700000, 0x0000000086700000, 0x0000000086800000|  0%| F|  |TAMS 0x0000000086700000, 0x0000000086700000| Untracked 
| 104|0x0000000086800000, 0x0000000086800000, 0x0000000086900000|  0%| F|  |TAMS 0x0000000086800000, 0x0000000086800000| Untracked 
| 105|0x0000000086900000, 0x0000000086900000, 0x0000000086a00000|  0%| F|  |TAMS 0x0000000086900000, 0x0000000086900000| Untracked 
| 106|0x0000000086a00000, 0x0000000086a00000, 0x0000000086b00000|  0%| F|  |TAMS 0x0000000086a00000, 0x0000000086a00000| Untracked 
| 107|0x0000000086b00000, 0x0000000086b00000, 0x0000000086c00000|  0%| F|  |TAMS 0x0000000086b00000, 0x0000000086b00000| Untracked 
| 108|0x0000000086c00000, 0x0000000086c00000, 0x0000000086d00000|  0%| F|  |TAMS 0x0000000086c00000, 0x0000000086c00000| Untracked 
| 109|0x0000000086d00000, 0x0000000086d00000, 0x0000000086e00000|  0%| F|  |TAMS 0x0000000086d00000, 0x0000000086d00000| Untracked 
| 110|0x0000000086e00000, 0x0000000086e00000, 0x0000000086f00000|  0%| F|  |TAMS 0x0000000086e00000, 0x0000000086e00000| Untracked 
| 111|0x0000000086f00000, 0x0000000086f00000, 0x0000000087000000|  0%| F|  |TAMS 0x0000000086f00000, 0x0000000086f00000| Untracked 
| 112|0x0000000087000000, 0x0000000087000000, 0x0000000087100000|  0%| F|  |TAMS 0x0000000087000000, 0x0000000087000000| Untracked 
| 113|0x0000000087100000, 0x0000000087100000, 0x0000000087200000|  0%| F|  |TAMS 0x0000000087100000, 0x0000000087100000| Untracked 
| 114|0x0000000087200000, 0x0000000087200000, 0x0000000087300000|  0%| F|  |TAMS 0x0000000087200000, 0x0000000087200000| Untracked 
| 115|0x0000000087300000, 0x0000000087300000, 0x0000000087400000|  0%| F|  |TAMS 0x0000000087300000, 0x0000000087300000| Untracked 
| 116|0x0000000087400000, 0x0000000087400000, 0x0000000087500000|  0%| F|  |TAMS 0x0000000087400000, 0x0000000087400000| Untracked 
| 117|0x0000000087500000, 0x0000000087500000, 0x0000000087600000|  0%| F|  |TAMS 0x0000000087500000, 0x0000000087500000| Untracked 
| 118|0x0000000087600000, 0x0000000087600000, 0x0000000087700000|  0%| F|  |TAMS 0x0000000087600000, 0x0000000087600000| Untracked 
| 119|0x0000000087700000, 0x0000000087700000, 0x0000000087800000|  0%| F|  |TAMS 0x0000000087700000, 0x0000000087700000| Untracked 
| 120|0x0000000087800000, 0x0000000087800000, 0x0000000087900000|  0%| F|  |TAMS 0x0000000087800000, 0x0000000087800000| Untracked 
| 121|0x0000000087900000, 0x0000000087900000, 0x0000000087a00000|  0%| F|  |TAMS 0x0000000087900000, 0x0000000087900000| Untracked 
| 122|0x0000000087a00000, 0x0000000087a00000, 0x0000000087b00000|  0%| F|  |TAMS 0x0000000087a00000, 0x0000000087a00000| Untracked 
| 123|0x0000000087b00000, 0x0000000087b00000, 0x0000000087c00000|  0%| F|  |TAMS 0x0000000087b00000, 0x0000000087b00000| Untracked 
| 124|0x0000000087c00000, 0x0000000087c00000, 0x0000000087d00000|  0%| F|  |TAMS 0x0000000087c00000, 0x0000000087c00000| Untracked 
| 125|0x0000000087d00000, 0x0000000087d00000, 0x0000000087e00000|  0%| F|  |TAMS 0x0000000087d00000, 0x0000000087d00000| Untracked 
| 126|0x0000000087e00000, 0x0000000087e00000, 0x0000000087f00000|  0%| F|  |TAMS 0x0000000087e00000, 0x0000000087e00000| Untracked 
| 127|0x0000000087f00000, 0x0000000087f00000, 0x0000000088000000|  0%| F|  |TAMS 0x0000000087f00000, 0x0000000087f00000| Untracked 
| 128|0x0000000088000000, 0x0000000088000000, 0x0000000088100000|  0%| F|  |TAMS 0x0000000088000000, 0x0000000088000000| Untracked 
| 129|0x0000000088100000, 0x0000000088100000, 0x0000000088200000|  0%| F|  |TAMS 0x0000000088100000, 0x0000000088100000| Untracked 
| 130|0x0000000088200000, 0x0000000088200000, 0x0000000088300000|  0%| F|  |TAMS 0x0000000088200000, 0x0000000088200000| Untracked 
| 131|0x0000000088300000, 0x0000000088300000, 0x0000000088400000|  0%| F|  |TAMS 0x0000000088300000, 0x0000000088300000| Untracked 
| 132|0x0000000088400000, 0x0000000088400000, 0x0000000088500000|  0%| F|  |TAMS 0x0000000088400000, 0x0000000088400000| Untracked 
| 133|0x0000000088500000, 0x0000000088500000, 0x0000000088600000|  0%| F|  |TAMS 0x0000000088500000, 0x0000000088500000| Untracked 
| 134|0x0000000088600000, 0x0000000088600000, 0x0000000088700000|  0%| F|  |TAMS 0x0000000088600000, 0x0000000088600000| Untracked 
| 135|0x0000000088700000, 0x0000000088700000, 0x0000000088800000|  0%| F|  |TAMS 0x0000000088700000, 0x0000000088700000| Untracked 
| 136|0x0000000088800000, 0x0000000088800000, 0x0000000088900000|  0%| F|  |TAMS 0x0000000088800000, 0x0000000088800000| Untracked 
| 137|0x0000000088900000, 0x0000000088900000, 0x0000000088a00000|  0%| F|  |TAMS 0x0000000088900000, 0x0000000088900000| Untracked 
| 138|0x0000000088a00000, 0x0000000088a00000, 0x0000000088b00000|  0%| F|  |TAMS 0x0000000088a00000, 0x0000000088a00000| Untracked 
| 139|0x0000000088b00000, 0x0000000088b00000, 0x0000000088c00000|  0%| F|  |TAMS 0x0000000088b00000, 0x0000000088b00000| Untracked 
| 140|0x0000000088c00000, 0x0000000088c00000, 0x0000000088d00000|  0%| F|  |TAMS 0x0000000088c00000, 0x0000000088c00000| Untracked 
| 141|0x0000000088d00000, 0x0000000088d00000, 0x0000000088e00000|  0%| F|  |TAMS 0x0000000088d00000, 0x0000000088d00000| Untracked 
| 142|0x0000000088e00000, 0x0000000088e00000, 0x0000000088f00000|  0%| F|  |TAMS 0x0000000088e00000, 0x0000000088e00000| Untracked 
| 143|0x0000000088f00000, 0x0000000088f00000, 0x0000000089000000|  0%| F|  |TAMS 0x0000000088f00000, 0x0000000088f00000| Untracked 
| 144|0x0000000089000000, 0x0000000089000000, 0x0000000089100000|  0%| F|  |TAMS 0x0000000089000000, 0x0000000089000000| Untracked 
| 145|0x0000000089100000, 0x0000000089100000, 0x0000000089200000|  0%| F|  |TAMS 0x0000000089100000, 0x0000000089100000| Untracked 
| 146|0x0000000089200000, 0x0000000089200000, 0x0000000089300000|  0%| F|  |TAMS 0x0000000089200000, 0x0000000089200000| Untracked 
| 147|0x0000000089300000, 0x0000000089300000, 0x0000000089400000|  0%| F|  |TAMS 0x0000000089300000, 0x0000000089300000| Untracked 
| 148|0x0000000089400000, 0x0000000089400000, 0x0000000089500000|  0%| F|  |TAMS 0x0000000089400000, 0x0000000089400000| Untracked 
| 149|0x0000000089500000, 0x0000000089500000, 0x0000000089600000|  0%| F|  |TAMS 0x0000000089500000, 0x0000000089500000| Untracked 
| 150|0x0000000089600000, 0x0000000089600000, 0x0000000089700000|  0%| F|  |TAMS 0x0000000089600000, 0x0000000089600000| Untracked 
| 151|0x0000000089700000, 0x0000000089700000, 0x0000000089800000|  0%| F|  |TAMS 0x0000000089700000, 0x0000000089700000| Untracked 
| 152|0x0000000089800000, 0x0000000089800000, 0x0000000089900000|  0%| F|  |TAMS 0x0000000089800000, 0x0000000089800000| Untracked 
| 153|0x0000000089900000, 0x0000000089900000, 0x0000000089a00000|  0%| F|  |TAMS 0x0000000089900000, 0x0000000089900000| Untracked 

Card table byte_map: [0x00000263f4a40000,0x00000263f4e40000] _byte_map_base: 0x00000263f4640000

Marking Bits (Prev, Next): (CMBitMap*) 0x00000263f0c18318, (CMBitMap*) 0x00000263f0c18350
 Prev Bits: [0x00000263f5240000, 0x00000263f7240000)
 Next Bits: [0x00000263f7240000, 0x00000263f9240000)

Polling page: 0x00000263f0330000

Metaspace:

Usage:
  Non-class:     65.10 MB capacity,    63.95 MB ( 98%) used,   987.03 KB (  1%) free+waste,   187.25 KB ( <1%) overhead. 
      Class:     10.19 MB capacity,     9.58 MB ( 94%) used,   542.20 KB (  5%) free+waste,    86.94 KB ( <1%) overhead. 
       Both:     75.29 MB capacity,    73.53 MB ( 98%) used,     1.49 MB (  2%) free+waste,   274.19 KB ( <1%) overhead. 

Virtual space:
  Non-class space:       66.00 MB reserved,      65.22 MB ( 99%) committed 
      Class space:        1.00 GB reserved,      10.25 MB (  1%) committed 
             Both:        1.06 GB reserved,      75.47 MB (  7%) committed 

Chunk freelists:
   Non-Class:  1.00 KB
       Class:  25.00 KB
        Both:  26.00 KB

MaxMetaspaceSize: 17179869184.00 GB
CompressedClassSpaceSize: 1.00 GB

CodeHeap 'non-profiled nmethods': size=120064Kb used=3535Kb max_used=3535Kb free=116528Kb
 bounds [0x0000026387ac0000, 0x0000026387e40000, 0x000002638f000000]
CodeHeap 'profiled nmethods': size=120000Kb used=14536Kb max_used=14536Kb free=105463Kb
 bounds [0x0000026380590000, 0x00000263813d0000, 0x0000026387ac0000]
CodeHeap 'non-nmethods': size=5696Kb used=2267Kb max_used=2301Kb free=3428Kb
 bounds [0x0000026380000000, 0x0000026380270000, 0x0000026380590000]
 total_blobs=7855 nmethods=6988 adapters=776
 compilation: enabled
              stopped_count=0, restarted_count=0
 full_count=0

Compilation events (20 events):
Event: 20.392 Thread 0x00000263fc014800 nmethod 7064 0x00000263813bf210 code [0x00000263813bf400, 0x00000263813bf8d8]
Event: 20.392 Thread 0x00000263fc014800 7066       2       org.gradle.cache.Cache$$Lambda$68/0x0000000100185840::apply (9 bytes)
Event: 20.392 Thread 0x00000263fc014800 nmethod 7066 0x00000263813bfa90 code [0x00000263813bfc40, 0x00000263813bfd68]
Event: 20.397 Thread 0x00000263fc014800 7067       2       java.lang.invoke.MethodHandles$Lookup::<init> (12 bytes)
Event: 20.397 Thread 0x00000263fc014800 nmethod 7067 0x00000263813bfe10 code [0x00000263813bffc0, 0x00000263813c0128]
Event: 20.399 Thread 0x00000263fc014800 7068       1       org.gradle.api.internal.file.DefaultFileSystemLocation::getAsFile (5 bytes)
Event: 20.399 Thread 0x00000263fc014800 nmethod 7068 0x0000026387e33b10 code [0x0000026387e33cc0, 0x0000026387e33d78]
Event: 20.417 Thread 0x00000263fc014800 7069       2       org.gradle.internal.model.CalculatedValueContainer::<init> (26 bytes)
Event: 20.418 Thread 0x00000263fc014800 nmethod 7069 0x00000263813c0210 code [0x00000263813c03e0, 0x00000263813c0628]
Event: 20.418 Thread 0x00000263fc014800 7070       2       org.gradle.internal.model.CalculatedValueContainer$CalculationState::<init> (37 bytes)
Event: 20.418 Thread 0x00000263fc014800 nmethod 7070 0x00000263813c0710 code [0x00000263813c08e0, 0x00000263813c0cb8]
Event: 20.420 Thread 0x00000263fc014800 7071       2       org.gradle.internal.instantiation.generator.AsmBackedClassGenerator::access$400 (6 bytes)
Event: 20.420 Thread 0x00000263fc014800 nmethod 7071 0x00000263813c0d90 code [0x00000263813c0f40, 0x00000263813c1028]
Event: 20.429 Thread 0x00000263fc014800 7072       2       org.gradle.api.internal.DefaultDomainObjectCollection::iterator (18 bytes)
Event: 20.429 Thread 0x00000263fc014800 nmethod 7072 0x00000263813c1110 code [0x00000263813c12e0, 0x00000263813c1528]
Event: 20.429 Thread 0x00000263fc014800 7073       2       org.gradle.api.internal.collections.AbstractIterationOrderRetainingElementSource$RealizedElementCollectionIterator::next (46 bytes)
Event: 20.429 Thread 0x00000263fc014800 nmethod 7073 0x00000263813c1610 code [0x00000263813c1800, 0x00000263813c1ac8]
Event: 20.429 Thread 0x00000263fc014800 7074       2       org.gradle.api.internal.collections.AbstractIterationOrderRetainingElementSource$RealizedElementCollectionIterator::checkForComodification (23 bytes)
Event: 20.430 Thread 0x00000263fc014800 nmethod 7074 0x00000263813c1c90 code [0x00000263813c1e60, 0x00000263813c2028]
Event: 20.430 Thread 0x00000263fc014800 7075       2       org.gradle.api.internal.collections.IterationOrderRetainingSetElementSource$1::isSatisfiedBy (9 bytes)

GC Heap History (20 events):
Event: 2.563 GC heap after
{Heap after GC invocations=3 (full 0):
 garbage-first heap   total 131072K, used 12087K [0x0000000080000000, 0x0000000100000000)
  region size 1024K, 3 young (3072K), 3 survivors (3072K)
 Metaspace       used 10754K, capacity 11003K, committed 11264K, reserved 1058816K
  class space    used 1124K, capacity 1206K, committed 1280K, reserved 1048576K
}
Event: 5.583 GC heap before
{Heap before GC invocations=3 (full 0):
 garbage-first heap   total 131072K, used 77623K [0x0000000080000000, 0x0000000100000000)
  region size 1024K, 68 young (69632K), 3 survivors (3072K)
 Metaspace       used 20635K, capacity 21118K, committed 21248K, reserved 1067008K
  class space    used 2518K, capacity 2720K, committed 2816K, reserved 1048576K
}
Event: 5.598 GC heap after
{Heap after GC invocations=4 (full 0):
 garbage-first heap   total 131072K, used 16625K [0x0000000080000000, 0x0000000100000000)
  region size 1024K, 9 young (9216K), 9 survivors (9216K)
 Metaspace       used 20635K, capacity 21118K, committed 21248K, reserved 1067008K
  class space    used 2518K, capacity 2720K, committed 2816K, reserved 1048576K
}
Event: 6.950 GC heap before
{Heap before GC invocations=5 (full 0):
 garbage-first heap   total 131072K, used 83185K [0x0000000080000000, 0x0000000100000000)
  region size 1024K, 74 young (75776K), 9 survivors (9216K)
 Metaspace       used 26766K, capacity 27445K, committed 27648K, reserved 1073152K
  class space    used 3536K, capacity 3793K, committed 3840K, reserved 1048576K
}
Event: 6.967 GC heap after
{Heap after GC invocations=6 (full 0):
 garbage-first heap   total 131072K, used 18986K [0x0000000080000000, 0x0000000100000000)
  region size 1024K, 3 young (3072K), 3 survivors (3072K)
 Metaspace       used 26766K, capacity 27445K, committed 27648K, reserved 1073152K
  class space    used 3536K, capacity 3793K, committed 3840K, reserved 1048576K
}
Event: 8.412 GC heap before
{Heap before GC invocations=6 (full 0):
 garbage-first heap   total 131072K, used 63018K [0x0000000080000000, 0x0000000100000000)
  region size 1024K, 47 young (48128K), 3 survivors (3072K)
 Metaspace       used 35073K, capacity 35830K, committed 35840K, reserved 1081344K
  class space    used 4544K, capacity 4864K, committed 4864K, reserved 1048576K
}
Event: 8.429 GC heap after
{Heap after GC invocations=7 (full 0):
 garbage-first heap   total 131072K, used 22039K [0x0000000080000000, 0x0000000100000000)
  region size 1024K, 6 young (6144K), 6 survivors (6144K)
 Metaspace       used 35073K, capacity 35830K, committed 35840K, reserved 1081344K
  class space    used 4544K, capacity 4864K, committed 4864K, reserved 1048576K
}
Event: 10.038 GC heap before
{Heap before GC invocations=8 (full 0):
 garbage-first heap   total 131072K, used 90647K [0x0000000080000000, 0x0000000100000000)
  region size 1024K, 71 young (72704K), 6 survivors (6144K)
 Metaspace       used 39890K, capacity 40885K, committed 41088K, reserved 1085440K
  class space    used 5116K, capacity 5456K, committed 5504K, reserved 1048576K
}
Event: 10.059 GC heap after
{Heap after GC invocations=9 (full 0):
 garbage-first heap   total 131072K, used 27406K [0x0000000080000000, 0x0000000100000000)
  region size 1024K, 9 young (9216K), 9 survivors (9216K)
 Metaspace       used 39890K, capacity 40885K, committed 41088K, reserved 1085440K
  class space    used 5116K, capacity 5456K, committed 5504K, reserved 1048576K
}
Event: 11.788 GC heap before
{Heap before GC invocations=9 (full 0):
 garbage-first heap   total 131072K, used 93966K [0x0000000080000000, 0x0000000100000000)
  region size 1024K, 74 young (75776K), 9 survivors (9216K)
 Metaspace       used 45791K, capacity 46956K, committed 47104K, reserved 1089536K
  class space    used 5881K, capacity 6301K, committed 6400K, reserved 1048576K
}
Event: 11.808 GC heap after
{Heap after GC invocations=10 (full 0):
 garbage-first heap   total 157696K, used 29528K [0x0000000080000000, 0x0000000100000000)
  region size 1024K, 8 young (8192K), 8 survivors (8192K)
 Metaspace       used 45791K, capacity 46956K, committed 47104K, reserved 1089536K
  class space    used 5881K, capacity 6301K, committed 6400K, reserved 1048576K
}
Event: 15.468 GC heap before
{Heap before GC invocations=10 (full 0):
 garbage-first heap   total 157696K, used 112472K [0x0000000080000000, 0x0000000100000000)
  region size 1024K, 85 young (87040K), 8 survivors (8192K)
 Metaspace       used 52204K, capacity 53601K, committed 53760K, reserved 1095680K
  class space    used 6651K, capacity 7157K, committed 7168K, reserved 1048576K
}
Event: 15.491 GC heap after
{Heap after GC invocations=11 (full 0):
 garbage-first heap   total 157696K, used 43416K [0x0000000080000000, 0x0000000100000000)
  region size 1024K, 11 young (11264K), 11 survivors (11264K)
 Metaspace       used 52204K, capacity 53601K, committed 53760K, reserved 1095680K
  class space    used 6651K, capacity 7157K, committed 7168K, reserved 1048576K
}
Event: 16.564 GC heap before
{Heap before GC invocations=11 (full 0):
 garbage-first heap   total 157696K, used 81304K [0x0000000080000000, 0x0000000100000000)
  region size 1024K, 49 young (50176K), 11 survivors (11264K)
 Metaspace       used 58505K, capacity 60039K, committed 60160K, reserved 1101824K
  class space    used 7417K, capacity 7997K, committed 8064K, reserved 1048576K
}
Event: 16.601 GC heap after
{Heap after GC invocations=12 (full 0):
 garbage-first heap   total 157696K, used 47104K [0x0000000080000000, 0x0000000100000000)
  region size 1024K, 3 young (3072K), 3 survivors (3072K)
 Metaspace       used 58505K, capacity 60039K, committed 60160K, reserved 1101824K
  class space    used 7417K, capacity 7997K, committed 8064K, reserved 1048576K
}
Event: 17.784 GC heap before
{Heap before GC invocations=13 (full 0):
 garbage-first heap   total 157696K, used 106496K [0x0000000080000000, 0x0000000100000000)
  region size 1024K, 61 young (62464K), 3 survivors (3072K)
 Metaspace       used 63270K, capacity 64809K, committed 64996K, reserved 1105920K
  class space    used 8047K, capacity 8634K, committed 8704K, reserved 1048576K
}
Event: 17.802 GC heap after
{Heap after GC invocations=14 (full 0):
 garbage-first heap   total 157696K, used 51200K [0x0000000080000000, 0x0000000100000000)
  region size 1024K, 7 young (7168K), 7 survivors (7168K)
 Metaspace       used 63270K, capacity 64809K, committed 64996K, reserved 1105920K
  class space    used 8047K, capacity 8634K, committed 8704K, reserved 1048576K
}
Event: 19.073 GC heap before
{Heap before GC invocations=15 (full 0):
 garbage-first heap   total 157696K, used 110592K [0x0000000080000000, 0x0000000100000000)
  region size 1024K, 65 young (66560K), 7 survivors (7168K)
 Metaspace       used 68688K, capacity 70357K, committed 70372K, reserved 1110016K
  class space    used 8893K, capacity 9470K, committed 9472K, reserved 1048576K
}
Event: 19.094 GC heap after
{Heap after GC invocations=16 (full 0):
 garbage-first heap   total 157696K, used 55823K [0x0000000080000000, 0x0000000100000000)
  region size 1024K, 5 young (5120K), 5 survivors (5120K)
 Metaspace       used 68688K, capacity 70357K, committed 70372K, reserved 1110016K
  class space    used 8893K, capacity 9470K, committed 9472K, reserved 1048576K
}
Event: 20.430 GC heap before
{Heap before GC invocations=16 (full 0):
 garbage-first heap   total 157696K, used 114191K [0x0000000080000000, 0x0000000100000000)
  region size 1024K, 62 young (63488K), 5 survivors (5120K)
 Metaspace       used 75294K, capacity 77098K, committed 77284K, reserved 1116160K
  class space    used 9809K, capacity 10439K, committed 10496K, reserved 1048576K
}

Deoptimization events (20 events):
Event: 20.130 Thread 0x00000263fe073000 DEOPT PACKING pc=0x00000263812d9738 sp=0x000000d534df8550
Event: 20.130 Thread 0x00000263fe073000 DEOPT UNPACKING pc=0x00000263800276ce sp=0x000000d534df7a58 mode 0
Event: 20.139 Thread 0x00000263fe073000 DEOPT PACKING pc=0x0000026380c9d7c4 sp=0x000000d534df80a0
Event: 20.139 Thread 0x00000263fe073000 DEOPT UNPACKING pc=0x00000263800276ce sp=0x000000d534df74d8 mode 0
Event: 20.139 Thread 0x00000263fe073000 DEOPT PACKING pc=0x0000026380c9d8cc sp=0x000000d534df8110
Event: 20.139 Thread 0x00000263fe073000 DEOPT UNPACKING pc=0x00000263800276ce sp=0x000000d534df75b0 mode 0
Event: 20.139 Thread 0x00000263fe073000 DEOPT PACKING pc=0x0000026380d7e4fc sp=0x000000d534df8180
Event: 20.139 Thread 0x00000263fe073000 DEOPT UNPACKING pc=0x00000263800276ce sp=0x000000d534df7580 mode 0
Event: 20.156 Thread 0x00000263fe073000 Uncommon trap: trap_request=0xffffff4d fr.pc=0x0000026387d08188 relative=0x0000000000000708
Event: 20.156 Thread 0x00000263fe073000 Uncommon trap: reason=unstable_if action=reinterpret pc=0x0000026387d08188 method=java.util.HashMap.putVal(ILjava/lang/Object;Ljava/lang/Object;ZZ)Ljava/lang/Object; @ 109 c2
Event: 20.156 Thread 0x00000263fe073000 DEOPT PACKING pc=0x0000026387d08188 sp=0x000000d534df8180
Event: 20.156 Thread 0x00000263fe073000 DEOPT UNPACKING pc=0x00000263800278af sp=0x000000d534df8098 mode 2
Event: 20.157 Thread 0x00000263fe073000 Uncommon trap: trap_request=0xffffff4d fr.pc=0x0000026387d09008 relative=0x0000000000000688
Event: 20.157 Thread 0x00000263fe073000 Uncommon trap: reason=unstable_if action=reinterpret pc=0x0000026387d09008 method=java.util.HashMap.putVal(ILjava/lang/Object;Ljava/lang/Object;ZZ)Ljava/lang/Object; @ 109 c2
Event: 20.157 Thread 0x00000263fe073000 DEOPT PACKING pc=0x0000026387d09008 sp=0x000000d534df80d0
Event: 20.157 Thread 0x00000263fe073000 DEOPT UNPACKING pc=0x00000263800278af sp=0x000000d534df8088 mode 2
Event: 20.273 Thread 0x00000263fe073000 DEOPT PACKING pc=0x0000026380d86c61 sp=0x000000d534df7ba0
Event: 20.273 Thread 0x00000263fe073000 DEOPT UNPACKING pc=0x00000263800276ce sp=0x000000d534df7058 mode 0
Event: 20.349 Thread 0x00000263fe073000 DEOPT PACKING pc=0x00000263812d9738 sp=0x000000d534df8660
Event: 20.349 Thread 0x00000263fe073000 DEOPT UNPACKING pc=0x00000263800276ce sp=0x000000d534df7b68 mode 0

Classes redefined (0 events):
No events

Internal exceptions (20 events):
Event: 17.969 Thread 0x00000263fe073000 Exception <a 'java/lang/ClassNotFoundException'{0x0000000088d3c808}: com/android/build/gradle/internal/CompileOptionsCustomizer> (0x0000000088d3c808) thrown at [./src/hotspot/share/classfile/systemDictionary.cpp, line 231]
Event: 17.971 Thread 0x00000263fe073000 Exception <a 'java/lang/ClassNotFoundException'{0x0000000088d60dd8}: com/android/build/gradle/internal/CompileOptions_DecoratedCustomizer> (0x0000000088d60dd8) thrown at [./src/hotspot/share/classfile/systemDictionary.cpp, line 231]
Event: 18.240 Thread 0x00000263fe073000 Implicit null exception at 0x0000026387cf5261 to 0x0000026387cf53f0
Event: 18.962 Thread 0x00000263fe073000 Exception <a 'java/lang/ClassNotFoundException'{0x00000000864694d0}: com/android/build/gradle/internal/api/ApkVariantOutputImpl_DecoratedBeanInfo> (0x00000000864694d0) thrown at [./src/hotspot/share/classfile/systemDictionary.cpp, line 231]
Event: 18.962 Thread 0x00000263fe073000 Exception <a 'java/lang/ClassNotFoundException'{0x0000000086483160}: com/android/build/gradle/internal/api/ApkVariantOutputImplBeanInfo> (0x0000000086483160) thrown at [./src/hotspot/share/classfile/systemDictionary.cpp, line 231]
Event: 18.963 Thread 0x00000263fe073000 Exception <a 'java/lang/ClassNotFoundException'{0x000000008649d330}: com/android/build/gradle/internal/api/BaseVariantOutputImplBeanInfo> (0x000000008649d330) thrown at [./src/hotspot/share/classfile/systemDictionary.cpp, line 231]
Event: 18.964 Thread 0x00000263fe073000 Exception <a 'java/lang/ClassNotFoundException'{0x00000000864b7568}: com/android/build/gradle/internal/api/BaseVariantOutputImplCustomizer> (0x00000000864b7568) thrown at [./src/hotspot/share/classfile/systemDictionary.cpp, line 231]
Event: 18.965 Thread 0x00000263fe073000 Exception <a 'java/lang/ClassNotFoundException'{0x00000000864e3e38}: com/android/build/gradle/internal/api/ApkVariantOutputImplCustomizer> (0x00000000864e3e38) thrown at [./src/hotspot/share/classfile/systemDictionary.cpp, line 231]
Event: 18.966 Thread 0x00000263fe073000 Exception <a 'java/lang/ClassNotFoundException'{0x000000008630d078}: com/android/build/gradle/internal/api/ApkVariantOutputImpl_DecoratedCustomizer> (0x000000008630d078) thrown at [./src/hotspot/share/classfile/systemDictionary.cpp, line 231]
Event: 18.984 Thread 0x00000263fe073000 Exception <a 'java/lang/NoClassDefFoundError'{0x00000000862730a8}: org/jetbrains/kotlin/gradle/plugin/KotlinBasePluginWrapper> (0x00000000862730a8) thrown at [./src/hotspot/share/classfile/systemDictionary.cpp, line 220]
Event: 19.361 Thread 0x00000263fe073000 Exception <a 'sun/nio/fs/WindowsException'{0x0000000088f34598}> (0x0000000088f34598) thrown at [./src/hotspot/share/prims/jni.cpp, line 615]
Event: 19.364 Thread 0x00000263fe073000 Exception <a 'sun/nio/fs/WindowsException'{0x0000000088f34b68}> (0x0000000088f34b68) thrown at [./src/hotspot/share/prims/jni.cpp, line 615]
Event: 19.536 Thread 0x00000263fe073000 Exception <a 'java/lang/NullPointerException'{0x00000000887c2cd0}> (0x00000000887c2cd0) thrown at [./src/hotspot/share/interpreter/linkResolver.cpp, line 1440]
Event: 19.865 Thread 0x00000263fe073000 Exception <a 'java/lang/NoSuchMethodError'{0x0000000087855018}: 'int java.lang.invoke.DirectMethodHandle$Holder.invokeStatic(java.lang.Object, java.lang.Object, int, java.lang.Object)'> (0x0000000087855018) thrown at [./src/hotspot/share/interpreter/linkResolver.cpp, line 773]
Event: 19.866 Thread 0x00000263fe073000 Exception <a 'java/lang/NoSuchMethodError'{0x000000008785bec0}: 'java.lang.Object java.lang.invoke.Invokers$Holder.linkToTargetMethod(java.lang.Object, int, java.lang.Object)'> (0x000000008785bec0) thrown at [./src/hotspot/share/interpreter/linkResolver.cpp, line 773]
Event: 19.957 Thread 0x00000263fe073000 Exception <a 'sun/nio/fs/WindowsException'{0x00000000877869d0}> (0x00000000877869d0) thrown at [./src/hotspot/share/prims/jni.cpp, line 615]
Event: 19.957 Thread 0x00000263fe073000 Exception <a 'sun/nio/fs/WindowsException'{0x0000000087787ac8}> (0x0000000087787ac8) thrown at [./src/hotspot/share/prims/jni.cpp, line 615]
Event: 19.958 Thread 0x00000263fe073000 Exception <a 'sun/nio/fs/WindowsException'{0x0000000087788bf8}> (0x0000000087788bf8) thrown at [./src/hotspot/share/prims/jni.cpp, line 615]
Event: 19.958 Thread 0x00000263fe073000 Exception <a 'sun/nio/fs/WindowsException'{0x0000000087789d28}> (0x0000000087789d28) thrown at [./src/hotspot/share/prims/jni.cpp, line 615]
Event: 20.426 Thread 0x00000263fe073000 Exception <a 'java/lang/NoSuchMethodError'{0x00000000861ef708}: 'java.lang.Object java.lang.invoke.Invokers$Holder.linkToTargetMethod(java.lang.Object, int, int, java.lang.Object)'> (0x00000000861ef708) thrown at [./src/hotspot/share/interpreter/linkResolver.cpp, line 773]

Events (20 events):
Event: 20.406 loading class com/android/ide/common/resources/FileValidity done
Event: 20.406 loading class com/android/build/gradle/internal/DependencyResourcesComputer
Event: 20.406 loading class com/android/build/gradle/internal/DependencyResourcesComputer done
Event: 20.415 loading class com/android/ide/common/resources/FileValidity$FileStatus
Event: 20.415 loading class com/android/ide/common/resources/FileValidity$FileStatus done
Event: 20.416 loading class com/android/build/gradle/tasks/MergeResources$CreationAction
Event: 20.416 loading class com/android/build/gradle/tasks/MergeResources$CreationAction done
Event: 20.422 loading class com/android/build/gradle/internal/api/DefaultAndroidSourceDirectorySet$getBuildableArtifact$1
Event: 20.422 loading class com/android/build/gradle/internal/api/DefaultAndroidSourceDirectorySet$getBuildableArtifact$1 done
Event: 20.423 loading class com/android/build/gradle/tasks/SourceSetInputs$initialise$1
Event: 20.423 loading class com/android/build/gradle/tasks/SourceSetInputs$initialise$1 done
Event: 20.423 loading class com/android/build/gradle/tasks/SourceSetInputs$initialise$2
Event: 20.423 loading class com/android/build/gradle/tasks/SourceSetInputs$initialise$2 done
Event: 20.425 loading class com/android/build/gradle/tasks/MergeResources
Event: 20.425 loading class com/android/build/gradle/tasks/MergeResources done
Event: 20.425 loading class com/android/build/gradle/tasks/MergeResources
Event: 20.425 loading class com/android/build/gradle/tasks/MergeResources done
Event: 20.427 Executing VM operation: RevokeBias
Event: 20.427 Executing VM operation: RevokeBias done
Event: 20.430 Executing VM operation: G1CollectForAllocation


Dynamic libraries:
0x00007ff6c0920000 - 0x00007ff6c092a000 	C:\Program Files\Android\Android Studio\jre\bin\java.exe
0x00007ffcbb810000 - 0x00007ffcbba05000 	C:\WINDOWS\SYSTEM32\ntdll.dll
0x00007ffcb9ab0000 - 0x00007ffcb9b6e000 	C:\WINDOWS\System32\KERNEL32.DLL
0x00007ffcb9520000 - 0x00007ffcb97e8000 	C:\WINDOWS\System32\KERNELBASE.dll
0x00007ffcb90f0000 - 0x00007ffcb91f0000 	C:\WINDOWS\System32\ucrtbase.dll
0x00007ffcb2030000 - 0x00007ffcb2049000 	C:\Program Files\Android\Android Studio\jre\bin\jli.dll
0x00007ffcbb4b0000 - 0x00007ffcbb650000 	C:\WINDOWS\System32\USER32.dll
0x00007ffcb8f20000 - 0x00007ffcb8f42000 	C:\WINDOWS\System32\win32u.dll
0x00007ffcba280000 - 0x00007ffcba2ab000 	C:\WINDOWS\System32\GDI32.dll
0x00007ffcb91f0000 - 0x00007ffcb92fd000 	C:\WINDOWS\System32\gdi32full.dll
0x00007ffcb8fa0000 - 0x00007ffcb903d000 	C:\WINDOWS\System32\msvcp_win.dll
0x00007ffcb1fc0000 - 0x00007ffcb1fd7000 	C:\Program Files\Android\Android Studio\jre\bin\VCRUNTIME140.dll
0x00007ffcaa930000 - 0x00007ffcaabca000 	C:\WINDOWS\WinSxS\amd64_microsoft.windows.common-controls_6595b64144ccf1df_6.0.19041.1110_none_60b5254171f9507e\COMCTL32.dll
0x00007ffcbadf0000 - 0x00007ffcbae8e000 	C:\WINDOWS\System32\msvcrt.dll
0x00007ffcbae90000 - 0x00007ffcbaec0000 	C:\WINDOWS\System32\IMM32.DLL
0x00007ffcadf70000 - 0x00007ffcae172000 	C:\WINDOWS\system32\tmumh\20019\AddOn\8.53.0.1135\TmUmEvt64.dll
0x00007ffcbb3d0000 - 0x00007ffcbb3d8000 	C:\WINDOWS\System32\PSAPI.DLL
0x00007ffcb9880000 - 0x00007ffcb992e000 	C:\WINDOWS\System32\ADVAPI32.dll
0x00007ffcb9ff0000 - 0x00007ffcba08c000 	C:\WINDOWS\System32\sechost.dll
0x00007ffcba150000 - 0x00007ffcba275000 	C:\WINDOWS\System32\RPCRT4.dll
0x000000006b400000 - 0x000000006b570000 	C:\WINDOWS\system32\tmumh\20019\TmMon\2.8.0.1054\tmmon64.dll
0x00007ffc8f050000 - 0x00007ffc8f0ed000 	C:\Program Files\Android\Android Studio\jre\bin\msvcp140.dll
0x00007ffc802b0000 - 0x00007ffc80d7f000 	C:\Program Files\Android\Android Studio\jre\bin\server\jvm.dll
0x00007ffca4880000 - 0x00007ffca4889000 	C:\WINDOWS\SYSTEM32\WSOCK32.dll
0x00007ffcbac60000 - 0x00007ffcbaccb000 	C:\WINDOWS\System32\WS2_32.dll
0x00007ffcad960000 - 0x00007ffcad987000 	C:\WINDOWS\SYSTEM32\WINMM.dll
0x00007ffcad9b0000 - 0x00007ffcad9ba000 	C:\WINDOWS\SYSTEM32\VERSION.dll
0x00007ffcb6d30000 - 0x00007ffcb6d42000 	C:\WINDOWS\SYSTEM32\kernel.appcore.dll
0x00007ffcab480000 - 0x00007ffcab491000 	C:\Program Files\Android\Android Studio\jre\bin\verify.dll
0x00007ffca4d90000 - 0x00007ffca4f74000 	C:\WINDOWS\SYSTEM32\DBGHELP.DLL
0x00007ffca4850000 - 0x00007ffca487c000 	C:\WINDOWS\SYSTEM32\dbgcore.DLL
0x00007ffcb9330000 - 0x00007ffcb93b2000 	C:\WINDOWS\System32\bcryptPrimitives.dll
0x00007ffca8270000 - 0x00007ffca8299000 	C:\Program Files\Android\Android Studio\jre\bin\java.dll
0x00007ffcb1e90000 - 0x00007ffcb1e9b000 	C:\Program Files\Android\Android Studio\jre\bin\jimage.dll
0x00007ffca8d50000 - 0x00007ffca8d68000 	C:\Program Files\Android\Android Studio\jre\bin\zip.dll
0x00007ffcba460000 - 0x00007ffcbaba4000 	C:\WINDOWS\System32\SHELL32.dll
0x00007ffcb7010000 - 0x00007ffcb77a4000 	C:\WINDOWS\SYSTEM32\windows.storage.dll
0x00007ffcbb070000 - 0x00007ffcbb3c5000 	C:\WINDOWS\System32\combase.dll
0x00007ffcb8970000 - 0x00007ffcb899e000 	C:\WINDOWS\SYSTEM32\Wldp.dll
0x00007ffcb9a00000 - 0x00007ffcb9aad000 	C:\WINDOWS\System32\SHCORE.dll
0x00007ffcba090000 - 0x00007ffcba0e5000 	C:\WINDOWS\System32\shlwapi.dll
0x00007ffcb8e60000 - 0x00007ffcb8e7f000 	C:\WINDOWS\SYSTEM32\profapi.dll
0x00007ffca81f0000 - 0x00007ffca820a000 	C:\Program Files\Android\Android Studio\jre\bin\net.dll
0x00007ffcb4120000 - 0x00007ffcb422c000 	C:\WINDOWS\SYSTEM32\WINHTTP.dll
0x00007ffcb86d0000 - 0x00007ffcb873a000 	C:\WINDOWS\system32\mswsock.dll
0x00007ffca80e0000 - 0x00007ffca80f4000 	C:\Program Files\Android\Android Studio\jre\bin\nio.dll
0x00007ffcad4f0000 - 0x00007ffcad517000 	C:\Users\PARVATHY\.gradle\native\8bec1ad78214c89d9ad589b4d07fe93259594b29d510b10fafb7a158f7737e5d\windows-amd64\native-platform.dll
0x00007ffc8dc20000 - 0x00007ffc8dd5d000 	C:\Users\PARVATHY\.gradle\native\53dbd7edfb1c66fb8903c78663c9afc45aea4f116125fa6feffd364cf09443e8\windows-amd64\native-platform-file-events.dll
0x00007ffcad4b0000 - 0x00007ffcad4ba000 	C:\Program Files\Android\Android Studio\jre\bin\management.dll
0x00007ffcac8c0000 - 0x00007ffcac8cc000 	C:\Program Files\Android\Android Studio\jre\bin\management_ext.dll
0x00007ffcb88d0000 - 0x00007ffcb88e8000 	C:\WINDOWS\SYSTEM32\CRYPTSP.dll
0x00007ffcb7fe0000 - 0x00007ffcb8014000 	C:\WINDOWS\system32\rsaenh.dll
0x00007ffcb9300000 - 0x00007ffcb9327000 	C:\WINDOWS\System32\bcrypt.dll
0x00007ffcb8e20000 - 0x00007ffcb8e4e000 	C:\WINDOWS\SYSTEM32\USERENV.dll
0x00007ffcb88c0000 - 0x00007ffcb88cc000 	C:\WINDOWS\SYSTEM32\CRYPTBASE.dll
0x00007ffcb8370000 - 0x00007ffcb83ab000 	C:\WINDOWS\SYSTEM32\IPHLPAPI.DLL
0x00007ffcbb7c0000 - 0x00007ffcbb7c8000 	C:\WINDOWS\System32\NSI.dll
0x00007ffcaf050000 - 0x00007ffcaf067000 	C:\WINDOWS\SYSTEM32\dhcpcsvc6.DLL
0x00007ffcb00e0000 - 0x00007ffcb00fd000 	C:\WINDOWS\SYSTEM32\dhcpcsvc.DLL
0x00007ffcb83c0000 - 0x00007ffcb848b000 	C:\WINDOWS\SYSTEM32\DNSAPI.dll

dbghelp: loaded successfully - version: 4.0.5 - missing functions: none
symbol engine: initialized successfully - sym options: 0x614 - pdb path: .;C:\Program Files\Android\Android Studio\jre\bin;C:\WINDOWS\SYSTEM32;C:\WINDOWS\WinSxS\amd64_microsoft.windows.common-controls_6595b64144ccf1df_6.0.19041.1110_none_60b5254171f9507e;C:\WINDOWS\system32\tmumh\20019\AddOn\8.53.0.1135;C:\WINDOWS\system32\tmumh\20019\TmMon\2.8.0.1054;C:\Program Files\Android\Android Studio\jre\bin\server;C:\Users\PARVATHY\.gradle\native\8bec1ad78214c89d9ad589b4d07fe93259594b29d510b10fafb7a158f7737e5d\windows-amd64;C:\Users\PARVATHY\.gradle\native\53dbd7edfb1c66fb8903c78663c9afc45aea4f116125fa6feffd364cf09443e8\windows-amd64

VM Arguments:
jvm_args: --add-opens=java.base/java.util=ALL-UNNAMED --add-opens=java.base/java.lang=ALL-UNNAMED --add-opens=java.base/java.lang.invoke=ALL-UNNAMED --add-opens=java.base/java.util=ALL-UNNAMED --add-opens=java.prefs/java.util.prefs=ALL-UNNAMED --add-opens=java.prefs/java.util.prefs=ALL-UNNAMED --add-opens=java.base/java.nio.charset=ALL-UNNAMED --add-opens=java.base/java.net=ALL-UNNAMED --add-opens=java.base/java.util.concurrent.atomic=ALL-UNNAMED -Xmx2048m -Dfile.encoding=UTF-8 -Duser.country=US -Duser.language=en -Duser.variant 
java_command: org.gradle.launcher.daemon.bootstrap.GradleDaemon 7.0.2
java_class_path (initial): C:\Users\PARVATHY\.gradle\wrapper\dists\gradle-7.0.2-bin\857tjihv64xamwrf0h14cai3r\gradle-7.0.2\lib\gradle-launcher-7.0.2.jar
Launcher Type: SUN_STANDARD

[Global flags]
     intx CICompilerCount                          = 3                                         {product} {ergonomic}
     uint ConcGCThreads                            = 1                                         {product} {ergonomic}
     uint G1ConcRefinementThreads                  = 4                                         {product} {ergonomic}
   size_t G1HeapRegionSize                         = 1048576                                   {product} {ergonomic}
    uintx GCDrainStackTargetSize                   = 64                                        {product} {ergonomic}
   size_t InitialHeapSize                          = 134217728                                 {product} {ergonomic}
   size_t MarkStackSize                            = 4194304                                   {product} {ergonomic}
   size_t MaxHeapSize                              = 2147483648                                {product} {command line}
   size_t MaxNewSize                               = 1287651328                                {product} {ergonomic}
   size_t MinHeapDeltaBytes                        = 1048576                                   {product} {ergonomic}
    uintx NonNMethodCodeHeapSize                   = 5830732                                {pd product} {ergonomic}
    uintx NonProfiledCodeHeapSize                  = 122913754                              {pd product} {ergonomic}
    uintx ProfiledCodeHeapSize                     = 122913754                              {pd product} {ergonomic}
    uintx ReservedCodeCacheSize                    = 251658240                              {pd product} {ergonomic}
     bool SegmentedCodeCache                       = true                                      {product} {ergonomic}
     bool UseCompressedClassPointers               = true                                 {lp64_product} {ergonomic}
     bool UseCompressedOops                        = true                                 {lp64_product} {ergonomic}
     bool UseG1GC                                  = true                                      {product} {ergonomic}
     bool UseLargePagesIndividualAllocation        = false                                  {pd product} {ergonomic}

Logging:
Log output configuration:
 #0: stdout all=warning uptime,level,tags
 #1: stderr all=off uptime,level,tags

Environment Variables:
PATH=C:\Program Files\Java\jdk1.8.0_131\bin;C:\ProgramData\Oracle\Java\javapath;C:\WINDOWS\system32;C:\WINDOWS;C:\WINDOWS\System32\Wbem;C:\WINDOWS\System32\WindowsPowerShell\v1.0\;C:\WINDOWS\System32\OpenSSH\;C:\Program Files (x86)\AOMEI\AOMEI Backupper 6.4.0;C:\Program Files\Git\cmd;C:\Program Files\nodejs\;C:\Users\PARVATHY\AppData\Local\Microsoft\WindowsApps;C:\Program Files\heroku\bin;C:\Program Files\sfdx\bin;F:\Microsoft VS Code\bin;C:\Users\PARVATHY\AppData\Roaming\npm
USERNAME=PARVATHY
OS=Windows_NT
PROCESSOR_IDENTIFIER=Intel64 Family 6 Model 61 Stepping 4, GenuineIntel



---------------  S Y S T E M  ---------------

OS: Windows 10 , 64 bit Build 19041 (10.0.19041.1503)
OS uptime: 5 days 19:33 hours

CPU:total 4 (initial active 4) (2 cores per cpu, 2 threads per core) family 6 model 61 stepping 4 microcode 0x2d, cmov, cx8, fxsr, mmx, sse, sse2, sse3, ssse3, sse4.1, sse4.2, popcnt, avx, avx2, aes, clmul, erms, 3dnowpref, lzcnt, ht, tsc, tscinvbit, bmi1, bmi2, adx, fma

Memory: 4k page, system-wide physical 8103M (309M free)
TotalPageFile size 10603M (AvailPageFile size 37M)
current process WorkingSet (physical memory assigned to process): 363M, peak: 365M
current process commit charge ("private bytes"): 390M, peak: 424M

vm_info: OpenJDK 64-Bit Server VM (11.0.10+0-b96-7249189) for windows-amd64 JRE (11.0.10+0-b96-7249189), built on Mar 31 2021 21:44:00 by "builder" with MS VC++ 14.0 (VS2015)

END.
