#
# There is insufficient memory for the Java Runtime Environment to continue.
# Native memory allocation (malloc) failed to allocate 343888 bytes for Chunk::new
# Possible reasons:
#   The system is out of physical RAM or swap space
#   The process is running with CompressedOops enabled, and the Java Heap may be blocking the growth of the native heap
# Possible solutions:
#   Reduce memory load on the system
#   Increase physical memory or swap space
#   Check if swap backing store is full
#   Decrease Java heap size (-Xmx/-Xms)
#   Decrease number of Java threads
#   Decrease Java thread stack sizes (-Xss)
#   Set larger code cache with -XX:ReservedCodeCacheSize=
#   JVM is running with Unscaled Compressed Oops mode in which the Java heap is
#     placed in the first 4GB address space. The Java Heap base address is the
#     maximum limit for the native heap growth. Please use -XX:HeapBaseMinAddress
#     to set the Java Heap base and to place the Java Heap above 4GB virtual address.
# This output file may be truncated or incomplete.
#
#  Out of Memory Error (./src/hotspot/share/memory/arena.cpp:197), pid=2112, tid=1724
#
# JRE version: OpenJDK Runtime Environment (11.0.10) (build 11.0.10+0-b96-7249189)
# Java VM: OpenJDK 64-Bit Server VM (11.0.10+0-b96-7249189, mixed mode, tiered, compressed oops, g1 gc, windows-amd64)
# No core dump will be written. Minidumps are not enabled by default on client versions of Windows
#

---------------  S U M M A R Y ------------

Command Line: --add-opens=java.base/java.util=ALL-UNNAMED --add-opens=java.base/java.lang=ALL-UNNAMED --add-opens=java.base/java.lang.invoke=ALL-UNNAMED --add-opens=java.base/java.util=ALL-UNNAMED --add-opens=java.prefs/java.util.prefs=ALL-UNNAMED --add-opens=java.prefs/java.util.prefs=ALL-UNNAMED --add-opens=java.base/java.nio.charset=ALL-UNNAMED --add-opens=java.base/java.net=ALL-UNNAMED --add-opens=java.base/java.util.concurrent.atomic=ALL-UNNAMED -Xmx2048m -Dfile.encoding=UTF-8 -Duser.country=US -Duser.language=en -Duser.variant org.gradle.launcher.daemon.bootstrap.GradleDaemon 7.0.2

Host: Intel(R) Core(TM) i5-5200U CPU @ 2.20GHz, 4 cores, 7G,  Windows 10 , 64 bit Build 19041 (10.0.19041.1503)
Time: Tue Mar 15 11:11:39 2022 India Standard Time elapsed time: 58.319879 seconds (0d 0h 0m 58s)

---------------  T H R E A D  ---------------

Current thread (0x0000024596265800):  JavaThread "C2 CompilerThread1" daemon [_thread_in_native, id=1724, stack(0x0000006c6ba00000,0x0000006c6bb00000)]


Current CompileTask:
C2:  58320 10108       4       java.net.URLClassLoader$1::run (5 bytes)

Stack: [0x0000006c6ba00000,0x0000006c6bb00000]
Native frames: (J=compiled Java code, j=interpreted, Vv=VM code, C=native code)
V  [jvm.dll+0x5ecfaa]
V  [jvm.dll+0x722bd5]
V  [jvm.dll+0x72412d]
V  [jvm.dll+0x7247e3]
V  [jvm.dll+0x242928]
V  [jvm.dll+0xbc4fc]
V  [jvm.dll+0xbca0c]
V  [jvm.dll+0x1fae51]
V  [jvm.dll+0x584a45]
V  [jvm.dll+0x58380e]
V  [jvm.dll+0x1fb4a2]
V  [jvm.dll+0x1fa7f4]
V  [jvm.dll+0x18354c]
V  [jvm.dll+0x208ee7]
V  [jvm.dll+0x207731]
V  [jvm.dll+0x6eb1cf]
V  [jvm.dll+0x6e3d45]
V  [jvm.dll+0x5ebe96]
C  [ucrtbase.dll+0x21bb2]
C  [KERNEL32.DLL+0x17034]
C  [ntdll.dll+0x52651]


---------------  P R O C E S S  ---------------

Threads class SMR info:
_java_thread_list=0x00000245978e43b0, length=52, elements={
0x00000245f6383000, 0x00000245ff759800, 0x00000245ff75f800, 0x00000245ff7b8800,
0x00000245ff7ba000, 0x00000245ff7bb000, 0x00000245ff7bd800, 0x00000245ff7be800,
0x00000245ff7ca800, 0x00000245ff91d800, 0x0000024592f04800, 0x00000245ff9f3800,
0x0000024593eef800, 0x000002459205f800, 0x00000245934c0800, 0x0000024592ec0000,
0x0000024592ed3000, 0x0000024592e6c000, 0x0000024591f2b000, 0x00000245925f1800,
0x00000245925f2000, 0x00000245925f4800, 0x00000245925f3000, 0x00000245925f4000,
0x00000245925f0800, 0x00000245925f5800, 0x00000245925f6000, 0x00000245925f7000,
0x0000024591417800, 0x0000024591414800, 0x0000024591415000, 0x0000024591416000,
0x0000024591418800, 0x0000024591419800, 0x0000024591413800, 0x000002459141c800,
0x000002459141a000, 0x000002459141b800, 0x000002459141d800, 0x0000024591420800,
0x000002459141b000, 0x000002459141e000, 0x000002459141f000, 0x0000024591420000,
0x0000024591421800, 0x00000245947fc800, 0x00000245947f7000, 0x00000245947f9800,
0x00000245947f8000, 0x00000245947fa800, 0x00000245947fc000, 0x0000024596265800
}

Java Threads: ( => current thread )
  0x00000245f6383000 JavaThread "main" [_thread_blocked, id=16256, stack(0x0000006c67d00000,0x0000006c67e00000)]
  0x00000245ff759800 JavaThread "Reference Handler" daemon [_thread_blocked, id=6212, stack(0x0000006c68400000,0x0000006c68500000)]
  0x00000245ff75f800 JavaThread "Finalizer" daemon [_thread_blocked, id=2640, stack(0x0000006c68500000,0x0000006c68600000)]
  0x00000245ff7b8800 JavaThread "Signal Dispatcher" daemon [_thread_blocked, id=12512, stack(0x0000006c68600000,0x0000006c68700000)]
  0x00000245ff7ba000 JavaThread "Attach Listener" daemon [_thread_blocked, id=19380, stack(0x0000006c68700000,0x0000006c68800000)]
  0x00000245ff7bb000 JavaThread "Service Thread" daemon [_thread_blocked, id=5352, stack(0x0000006c68800000,0x0000006c68900000)]
  0x00000245ff7bd800 JavaThread "C2 CompilerThread0" daemon [_thread_in_native, id=16408, stack(0x0000006c68900000,0x0000006c68a00000)]
  0x00000245ff7be800 JavaThread "C1 CompilerThread0" daemon [_thread_in_vm, id=7104, stack(0x0000006c68a00000,0x0000006c68b00000)]
  0x00000245ff7ca800 JavaThread "Sweeper thread" daemon [_thread_blocked, id=5108, stack(0x0000006c68b00000,0x0000006c68c00000)]
  0x00000245ff91d800 JavaThread "Common-Cleaner" daemon [_thread_blocked, id=20308, stack(0x0000006c68c00000,0x0000006c68d00000)]
  0x0000024592f04800 JavaThread "Daemon health stats" [_thread_blocked, id=7556, stack(0x0000006c69100000,0x0000006c69200000)]
  0x00000245ff9f3800 JavaThread "Incoming local TCP Connector on port 54041" [_thread_in_native, id=16420, stack(0x0000006c69000000,0x0000006c69100000)]
  0x0000024593eef800 JavaThread "Daemon periodic checks" [_thread_blocked, id=20056, stack(0x0000006c69200000,0x0000006c69300000)]
  0x000002459205f800 JavaThread "Daemon" [_thread_blocked, id=1472, stack(0x0000006c69300000,0x0000006c69400000)]
  0x00000245934c0800 JavaThread "Handler for socket connection from /127.0.0.1:54041 to /127.0.0.1:54042" [_thread_in_native, id=19436, stack(0x0000006c69400000,0x0000006c69500000)]
  0x0000024592ec0000 JavaThread "Cancel handler" [_thread_blocked, id=6696, stack(0x0000006c69500000,0x0000006c69600000)]
  0x0000024592ed3000 JavaThread "Daemon worker" [_thread_blocked, id=18504, stack(0x0000006c69600000,0x0000006c69700000)]
  0x0000024592e6c000 JavaThread "Asynchronous log dispatcher for DefaultDaemonConnection: socket connection from /127.0.0.1:54041 to /127.0.0.1:54042" [_thread_blocked, id=6948, stack(0x0000006c69700000,0x0000006c69800000)]
  0x0000024591f2b000 JavaThread "Stdin handler" [_thread_blocked, id=19660, stack(0x0000006c69800000,0x0000006c69900000)]
  0x00000245925f1800 JavaThread "Daemon client event forwarder" [_thread_blocked, id=17216, stack(0x0000006c69900000,0x0000006c69a00000)]
  0x00000245925f2000 JavaThread "Cache worker for file hash cache (C:\Users\PARVATHY\.gradle\caches\7.0.2\fileHashes)" [_thread_blocked, id=4296, stack(0x0000006c69a00000,0x0000006c69b00000)]
  0x00000245925f4800 JavaThread "File lock request listener" [_thread_in_native, id=18324, stack(0x0000006c69b00000,0x0000006c69c00000)]
  0x00000245925f3000 JavaThread "Cache worker for journal cache (C:\Users\PARVATHY\.gradle\caches\journal-1)" [_thread_blocked, id=2964, stack(0x0000006c69d00000,0x0000006c69e00000)]
  0x00000245925f4000 JavaThread "Cache worker for file hash cache (E:\Rajagiri\Sem 6\Lead Manager App\.gradle\7.0.2\fileHashes)" [_thread_blocked, id=19468, stack(0x0000006c69e00000,0x0000006c69f00000)]
  0x00000245925f0800 JavaThread "File watcher server" daemon [_thread_in_native, id=11624, stack(0x0000006c69f00000,0x0000006c6a000000)]
  0x00000245925f5800 JavaThread "File watcher consumer" daemon [_thread_blocked, id=11948, stack(0x0000006c6a000000,0x0000006c6a100000)]
  0x00000245925f6000 JavaThread "Cache worker for checksums cache (E:\Rajagiri\Sem 6\Lead Manager App\.gradle\checksums)" [_thread_blocked, id=10948, stack(0x0000006c6a100000,0x0000006c6a200000)]
  0x00000245925f7000 JavaThread "Cache worker for cache directory md-supplier (C:\Users\PARVATHY\.gradle\caches\7.0.2\md-supplier)" [_thread_blocked, id=7520, stack(0x0000006c6a200000,0x0000006c6a300000)]
  0x0000024591417800 JavaThread "Cache worker for cache directory md-rule (C:\Users\PARVATHY\.gradle\caches\7.0.2\md-rule)" [_thread_blocked, id=1488, stack(0x0000006c6a400000,0x0000006c6a500000)]
  0x0000024591414800 JavaThread "Cache worker for execution history cache (C:\Users\PARVATHY\.gradle\caches\7.0.2\executionHistory)" [_thread_blocked, id=2868, stack(0x0000006c6a300000,0x0000006c6a400000)]
  0x0000024591415000 JavaThread "jar transforms" [_thread_blocked, id=14784, stack(0x0000006c6a500000,0x0000006c6a600000)]
  0x0000024591416000 JavaThread "jar transforms Thread 2" [_thread_blocked, id=5128, stack(0x0000006c6a700000,0x0000006c6a800000)]
  0x0000024591418800 JavaThread "Cache worker for file content cache (C:\Users\PARVATHY\.gradle\caches\7.0.2\fileContent)" [_thread_blocked, id=7004, stack(0x0000006c6a800000,0x0000006c6a900000)]
  0x0000024591419800 JavaThread "Cache worker for dependencies-accessors (E:\Rajagiri\Sem 6\Lead Manager App\.gradle\7.0.2\dependencies-accessors)" [_thread_blocked, id=10488, stack(0x0000006c6a900000,0x0000006c6aa00000)]
  0x0000024591413800 JavaThread "jar transforms Thread 3" [_thread_blocked, id=16924, stack(0x0000006c6aa00000,0x0000006c6ab00000)]
  0x000002459141c800 JavaThread "Cache worker for Build Output Cleanup Cache (E:\Rajagiri\Sem 6\Lead Manager App\.gradle\buildOutputCleanup)" [_thread_blocked, id=10916, stack(0x0000006c6a600000,0x0000006c6a700000)]
  0x000002459141a000 JavaThread "Build operations" [_thread_blocked, id=872, stack(0x0000006c6ab00000,0x0000006c6ac00000)]
  0x000002459141b800 JavaThread "Build operations Thread 2" [_thread_blocked, id=12020, stack(0x0000006c6ac00000,0x0000006c6ad00000)]
  0x000002459141d800 JavaThread "Build operations Thread 3" [_thread_blocked, id=13144, stack(0x0000006c6ad00000,0x0000006c6ae00000)]
  0x0000024591420800 JavaThread "Build operations Thread 4" [_thread_blocked, id=11824, stack(0x0000006c6ae00000,0x0000006c6af00000)]
  0x000002459141b000 JavaThread "jar transforms Thread 4" [_thread_blocked, id=20284, stack(0x0000006c6af00000,0x0000006c6b000000)]
  0x000002459141e000 JavaThread "Memory manager" [_thread_blocked, id=17396, stack(0x0000006c6b000000,0x0000006c6b100000)]
  0x000002459141f000 JavaThread "build event listener" [_thread_blocked, id=14996, stack(0x0000006c6b300000,0x0000006c6b400000)]
  0x0000024591420000 JavaThread "Execution worker for ':'" [_thread_blocked, id=20016, stack(0x0000006c6b400000,0x0000006c6b500000)]
  0x0000024591421800 JavaThread "Execution worker for ':' Thread 2" [_thread_blocked, id=18000, stack(0x0000006c6b500000,0x0000006c6b600000)]
  0x00000245947fc800 JavaThread "Execution worker for ':' Thread 3" [_thread_blocked, id=16944, stack(0x0000006c6b600000,0x0000006c6b700000)]
  0x00000245947f7000 JavaThread "Cache worker for execution history cache (E:\Rajagiri\Sem 6\Lead Manager App\.gradle\7.0.2\executionHistory)" [_thread_blocked, id=15640, stack(0x0000006c6b700000,0x0000006c6b800000)]
  0x00000245947f9800 JavaThread "WorkerExecutor Queue" [_thread_in_Java, id=3352, stack(0x0000006c6b800000,0x0000006c6b900000)]
  0x00000245947f8000 JavaThread "WorkerExecutor Queue Thread 2" [_thread_in_Java, id=20204, stack(0x0000006c6b900000,0x0000006c6ba00000)]
  0x00000245947fa800 JavaThread "WorkerExecutor Queue Thread 4" [_thread_blocked, id=8032, stack(0x0000006c6bb00000,0x0000006c6bc00000)]
  0x00000245947fc000 JavaThread "WorkerExecutor Queue Thread 5" [_thread_blocked, id=6816, stack(0x0000006c6bc00000,0x0000006c6bd00000)]
=>0x0000024596265800 JavaThread "C2 CompilerThread1" daemon [_thread_in_native, id=1724, stack(0x0000006c6ba00000,0x0000006c6bb00000)]

Other Threads:
  0x00000245ff750800 VMThread "VM Thread" [stack: 0x0000006c68300000,0x0000006c68400000] [id=16208]
  0x00000245ff927800 WatcherThread [stack: 0x0000006c68d00000,0x0000006c68e00000] [id=19544]
  0x00000245f639a800 GCTaskThread "GC Thread#0" [stack: 0x0000006c67e00000,0x0000006c67f00000] [id=11848]
  0x00000245910bd000 GCTaskThread "GC Thread#1" [stack: 0x0000006c68e00000,0x0000006c68f00000] [id=14984]
  0x00000245913e1800 GCTaskThread "GC Thread#2" [stack: 0x0000006c68f00000,0x0000006c69000000] [id=17536]
  0x000002459115f800 GCTaskThread "GC Thread#3" [stack: 0x0000006c69c00000,0x0000006c69d00000] [id=8348]
  0x00000245f63cd000 ConcurrentGCThread "G1 Main Marker" [stack: 0x0000006c67f00000,0x0000006c68000000] [id=1684]
  0x00000245f63ce000 ConcurrentGCThread "G1 Conc#0" [stack: 0x0000006c68000000,0x0000006c68100000] [id=10316]
  0x00000245fed9f800 ConcurrentGCThread "G1 Refine#0" [stack: 0x0000006c68100000,0x0000006c68200000] [id=6712]
  0x00000245feda0800 ConcurrentGCThread "G1 Young RemSet Sampling" [stack: 0x0000006c68200000,0x0000006c68300000] [id=11408]

Threads with active compile tasks:
C2 CompilerThread0  58868 10109   !   4       java.net.URLClassLoader$1::run (63 bytes)
C2 CompilerThread1  58868 10108       4       java.net.URLClassLoader$1::run (5 bytes)

VM state:not at safepoint (normal execution)

VM Mutex/Monitor currently owned by a thread: None

Heap address: 0x0000000080000000, size: 2048 MB, Compressed Oops mode: 32-bit
Narrow klass base: 0x0000000000000000, Narrow klass shift: 3
Compressed class space size: 1073741824 Address: 0x0000000100000000

Heap:
 garbage-first heap   total 131072K, used 100051K [0x0000000080000000, 0x0000000100000000)
  region size 1024K, 32 young (32768K), 5 survivors (5120K)
 Metaspace       used 89653K, capacity 92068K, committed 92288K, reserved 1130496K
  class space    used 11738K, capacity 12633K, committed 12672K, reserved 1048576K
Heap Regions: E=young(eden), S=young(survivor), O=old, HS=humongous(starts), HC=humongous(continues), CS=collection set, F=free, A=archive, TAMS=top-at-mark-start (previous, next)
|   0|0x0000000080000000, 0x0000000080100000, 0x0000000080100000|100%| O|  |TAMS 0x0000000080100000, 0x0000000080000000| Untracked 
|   1|0x0000000080100000, 0x0000000080200000, 0x0000000080200000|100%| O|  |TAMS 0x0000000080200000, 0x0000000080100000| Untracked 
|   2|0x0000000080200000, 0x0000000080300000, 0x0000000080300000|100%| O|  |TAMS 0x0000000080300000, 0x0000000080200000| Untracked 
|   3|0x0000000080300000, 0x0000000080400000, 0x0000000080400000|100%|HS|  |TAMS 0x0000000080400000, 0x0000000080300000| Complete 
|   4|0x0000000080400000, 0x0000000080500000, 0x0000000080500000|100%|HC|  |TAMS 0x0000000080500000, 0x0000000080400000| Complete 
|   5|0x0000000080500000, 0x0000000080600000, 0x0000000080600000|100%|HC|  |TAMS 0x0000000080600000, 0x0000000080500000| Complete 
|   6|0x0000000080600000, 0x0000000080700000, 0x0000000080700000|100%| O|  |TAMS 0x0000000080700000, 0x0000000080600000| Untracked 
|   7|0x0000000080700000, 0x0000000080800000, 0x0000000080800000|100%| O|  |TAMS 0x0000000080800000, 0x0000000080700000| Untracked 
|   8|0x0000000080800000, 0x0000000080900000, 0x0000000080900000|100%| O|  |TAMS 0x0000000080900000, 0x0000000080800000| Untracked 
|   9|0x0000000080900000, 0x0000000080a00000, 0x0000000080a00000|100%| O|  |TAMS 0x0000000080a00000, 0x0000000080900000| Untracked 
|  10|0x0000000080a00000, 0x0000000080b00000, 0x0000000080b00000|100%| O|  |TAMS 0x0000000080b00000, 0x0000000080a00000| Untracked 
|  11|0x0000000080b00000, 0x0000000080c00000, 0x0000000080c00000|100%| O|  |TAMS 0x0000000080c00000, 0x0000000080b00000| Untracked 
|  12|0x0000000080c00000, 0x0000000080d00000, 0x0000000080d00000|100%| O|  |TAMS 0x0000000080d00000, 0x0000000080c00000| Untracked 
|  13|0x0000000080d00000, 0x0000000080e00000, 0x0000000080e00000|100%| O|  |TAMS 0x0000000080e00000, 0x0000000080d00000| Untracked 
|  14|0x0000000080e00000, 0x0000000080f00000, 0x0000000080f00000|100%|HS|  |TAMS 0x0000000080f00000, 0x0000000080e00000| Complete 
|  15|0x0000000080f00000, 0x0000000081000000, 0x0000000081000000|100%| O|  |TAMS 0x0000000081000000, 0x0000000080f00000| Untracked 
|  16|0x0000000081000000, 0x0000000081100000, 0x0000000081100000|100%| O|  |TAMS 0x0000000081100000, 0x0000000081000000| Untracked 
|  17|0x0000000081100000, 0x0000000081200000, 0x0000000081200000|100%| O|  |TAMS 0x0000000081200000, 0x0000000081100000| Untracked 
|  18|0x0000000081200000, 0x0000000081300000, 0x0000000081300000|100%| O|  |TAMS 0x0000000081300000, 0x0000000081200000| Untracked 
|  19|0x0000000081300000, 0x0000000081400000, 0x0000000081400000|100%| O|  |TAMS 0x0000000081400000, 0x0000000081300000| Untracked 
|  20|0x0000000081400000, 0x0000000081500000, 0x0000000081500000|100%| O|  |TAMS 0x0000000081500000, 0x0000000081400000| Untracked 
|  21|0x0000000081500000, 0x0000000081600000, 0x0000000081600000|100%| O|  |TAMS 0x0000000081600000, 0x0000000081500000| Untracked 
|  22|0x0000000081600000, 0x0000000081700000, 0x0000000081700000|100%| O|  |TAMS 0x0000000081700000, 0x0000000081600000| Untracked 
|  23|0x0000000081700000, 0x0000000081800000, 0x0000000081800000|100%| O|  |TAMS 0x0000000081800000, 0x0000000081700000| Untracked 
|  24|0x0000000081800000, 0x0000000081900000, 0x0000000081900000|100%| O|  |TAMS 0x0000000081900000, 0x0000000081800000| Untracked 
|  25|0x0000000081900000, 0x0000000081a00000, 0x0000000081a00000|100%| O|  |TAMS 0x0000000081a00000, 0x0000000081900000| Untracked 
|  26|0x0000000081a00000, 0x0000000081b00000, 0x0000000081b00000|100%| O|  |TAMS 0x0000000081b00000, 0x0000000081a00000| Untracked 
|  27|0x0000000081b00000, 0x0000000081c00000, 0x0000000081c00000|100%|HS|  |TAMS 0x0000000081c00000, 0x0000000081b00000| Complete 
|  28|0x0000000081c00000, 0x0000000081d00000, 0x0000000081d00000|100%|HS|  |TAMS 0x0000000081d00000, 0x0000000081c00000| Complete 
|  29|0x0000000081d00000, 0x0000000081e00000, 0x0000000081e00000|100%|HC|  |TAMS 0x0000000081e00000, 0x0000000081d00000| Complete 
|  30|0x0000000081e00000, 0x0000000081f00000, 0x0000000081f00000|100%| O|  |TAMS 0x0000000081f00000, 0x0000000081e00000| Untracked 
|  31|0x0000000081f00000, 0x0000000082000000, 0x0000000082000000|100%| O|  |TAMS 0x0000000082000000, 0x0000000081f00000| Untracked 
|  32|0x0000000082000000, 0x0000000082100000, 0x0000000082100000|100%| O|  |TAMS 0x0000000082100000, 0x0000000082000000| Untracked 
|  33|0x0000000082100000, 0x0000000082200000, 0x0000000082200000|100%| O|  |TAMS 0x0000000082200000, 0x0000000082100000| Untracked 
|  34|0x0000000082200000, 0x0000000082300000, 0x0000000082300000|100%| O|  |TAMS 0x0000000082300000, 0x0000000082200000| Untracked 
|  35|0x0000000082300000, 0x0000000082400000, 0x0000000082400000|100%| O|  |TAMS 0x0000000082400000, 0x0000000082300000| Untracked 
|  36|0x0000000082400000, 0x0000000082500000, 0x0000000082500000|100%| O|  |TAMS 0x0000000082500000, 0x0000000082400000| Untracked 
|  37|0x0000000082500000, 0x0000000082600000, 0x0000000082600000|100%| O|  |TAMS 0x0000000082600000, 0x0000000082500000| Untracked 
|  38|0x0000000082600000, 0x0000000082700000, 0x0000000082700000|100%| O|  |TAMS 0x0000000082700000, 0x0000000082600000| Untracked 
|  39|0x0000000082700000, 0x0000000082800000, 0x0000000082800000|100%| O|  |TAMS 0x0000000082800000, 0x0000000082700000| Untracked 
|  40|0x0000000082800000, 0x0000000082900000, 0x0000000082900000|100%| O|  |TAMS 0x0000000082900000, 0x0000000082800000| Untracked 
|  41|0x0000000082900000, 0x0000000082a00000, 0x0000000082a00000|100%| O|  |TAMS 0x0000000082a00000, 0x0000000082900000| Untracked 
|  42|0x0000000082a00000, 0x0000000082b00000, 0x0000000082b00000|100%| O|  |TAMS 0x0000000082b00000, 0x0000000082a00000| Untracked 
|  43|0x0000000082b00000, 0x0000000082c00000, 0x0000000082c00000|100%| O|  |TAMS 0x0000000082c00000, 0x0000000082b00000| Untracked 
|  44|0x0000000082c00000, 0x0000000082d00000, 0x0000000082d00000|100%| O|  |TAMS 0x0000000082d00000, 0x0000000082c00000| Untracked 
|  45|0x0000000082d00000, 0x0000000082e00000, 0x0000000082e00000|100%| O|  |TAMS 0x0000000082e00000, 0x0000000082d00000| Untracked 
|  46|0x0000000082e00000, 0x0000000082f00000, 0x0000000082f00000|100%| O|  |TAMS 0x0000000082f00000, 0x0000000082e00000| Untracked 
|  47|0x0000000082f00000, 0x0000000083000000, 0x0000000083000000|100%| O|  |TAMS 0x0000000083000000, 0x0000000082f00000| Untracked 
|  48|0x0000000083000000, 0x0000000083100000, 0x0000000083100000|100%| O|  |TAMS 0x0000000083100000, 0x0000000083000000| Untracked 
|  49|0x0000000083100000, 0x0000000083200000, 0x0000000083200000|100%| O|  |TAMS 0x0000000083200000, 0x0000000083100000| Untracked 
|  50|0x0000000083200000, 0x0000000083300000, 0x0000000083300000|100%| O|  |TAMS 0x0000000083300000, 0x0000000083200000| Untracked 
|  51|0x0000000083300000, 0x0000000083400000, 0x0000000083400000|100%| O|  |TAMS 0x0000000083400000, 0x0000000083300000| Untracked 
|  52|0x0000000083400000, 0x0000000083500000, 0x0000000083500000|100%| O|  |TAMS 0x0000000083500000, 0x0000000083400000| Untracked 
|  53|0x0000000083500000, 0x0000000083600000, 0x0000000083600000|100%| O|  |TAMS 0x0000000083600000, 0x0000000083500000| Untracked 
|  54|0x0000000083600000, 0x0000000083700000, 0x0000000083700000|100%| O|  |TAMS 0x0000000083700000, 0x0000000083600000| Untracked 
|  55|0x0000000083700000, 0x0000000083800000, 0x0000000083800000|100%| O|  |TAMS 0x0000000083800000, 0x0000000083700000| Untracked 
|  56|0x0000000083800000, 0x0000000083900000, 0x0000000083900000|100%| O|  |TAMS 0x0000000083900000, 0x0000000083800000| Untracked 
|  57|0x0000000083900000, 0x0000000083a00000, 0x0000000083a00000|100%| O|  |TAMS 0x0000000083a00000, 0x0000000083900000| Untracked 
|  58|0x0000000083a00000, 0x0000000083b00000, 0x0000000083b00000|100%| O|  |TAMS 0x0000000083b00000, 0x0000000083a00000| Untracked 
|  59|0x0000000083b00000, 0x0000000083c00000, 0x0000000083c00000|100%| O|  |TAMS 0x0000000083c00000, 0x0000000083b00000| Untracked 
|  60|0x0000000083c00000, 0x0000000083d00000, 0x0000000083d00000|100%| O|  |TAMS 0x0000000083d00000, 0x0000000083c00000| Untracked 
|  61|0x0000000083d00000, 0x0000000083e00000, 0x0000000083e00000|100%| O|  |TAMS 0x0000000083e00000, 0x0000000083d00000| Untracked 
|  62|0x0000000083e00000, 0x0000000083f00000, 0x0000000083f00000|100%| O|  |TAMS 0x0000000083f00000, 0x0000000083e00000| Untracked 
|  63|0x0000000083f00000, 0x0000000084000000, 0x0000000084000000|100%| O|  |TAMS 0x0000000084000000, 0x0000000083f00000| Untracked 
|  64|0x0000000084000000, 0x0000000084100000, 0x0000000084100000|100%| O|  |TAMS 0x0000000084100000, 0x0000000084000000| Untracked 
|  65|0x0000000084100000, 0x0000000084200000, 0x0000000084200000|100%| O|  |TAMS 0x0000000084200000, 0x0000000084100000| Untracked 
|  66|0x0000000084200000, 0x0000000084300000, 0x0000000084300000|100%| O|  |TAMS 0x0000000084300000, 0x0000000084200000| Untracked 
|  67|0x0000000084300000, 0x000000008431e800, 0x0000000084400000| 11%| O|  |TAMS 0x000000008431e800, 0x0000000084300000| Untracked 
|  68|0x0000000084400000, 0x0000000084400000, 0x0000000084500000|  0%| F|  |TAMS 0x0000000084400000, 0x0000000084400000| Untracked 
|  69|0x0000000084500000, 0x0000000084500000, 0x0000000084600000|  0%| F|  |TAMS 0x0000000084500000, 0x0000000084500000| Untracked 
|  70|0x0000000084600000, 0x0000000084600000, 0x0000000084700000|  0%| F|  |TAMS 0x0000000084600000, 0x0000000084600000| Untracked 
|  71|0x0000000084700000, 0x0000000084700000, 0x0000000084800000|  0%| F|  |TAMS 0x0000000084700000, 0x0000000084700000| Untracked 
|  72|0x0000000084800000, 0x0000000084800000, 0x0000000084900000|  0%| F|  |TAMS 0x0000000084800000, 0x0000000084800000| Untracked 
|  73|0x0000000084900000, 0x0000000084900000, 0x0000000084a00000|  0%| F|  |TAMS 0x0000000084900000, 0x0000000084900000| Untracked 
|  74|0x0000000084a00000, 0x0000000084a00000, 0x0000000084b00000|  0%| F|  |TAMS 0x0000000084a00000, 0x0000000084a00000| Untracked 
|  75|0x0000000084b00000, 0x0000000084b00000, 0x0000000084c00000|  0%| F|  |TAMS 0x0000000084b00000, 0x0000000084b00000| Untracked 
|  76|0x0000000084c00000, 0x0000000084c00000, 0x0000000084d00000|  0%| F|  |TAMS 0x0000000084c00000, 0x0000000084c00000| Untracked 
|  77|0x0000000084d00000, 0x0000000084d00000, 0x0000000084e00000|  0%| F|  |TAMS 0x0000000084d00000, 0x0000000084d00000| Untracked 
|  78|0x0000000084e00000, 0x0000000084e00000, 0x0000000084f00000|  0%| F|  |TAMS 0x0000000084e00000, 0x0000000084e00000| Untracked 
|  79|0x0000000084f00000, 0x0000000084f00000, 0x0000000085000000|  0%| F|  |TAMS 0x0000000084f00000, 0x0000000084f00000| Untracked 
|  80|0x0000000085000000, 0x0000000085000000, 0x0000000085100000|  0%| F|  |TAMS 0x0000000085000000, 0x0000000085000000| Untracked 
|  81|0x0000000085100000, 0x0000000085100000, 0x0000000085200000|  0%| F|  |TAMS 0x0000000085100000, 0x0000000085100000| Untracked 
|  82|0x0000000085200000, 0x00000000852967c8, 0x0000000085300000| 58%| S|CS|TAMS 0x0000000085200000, 0x0000000085200000| Complete 
|  83|0x0000000085300000, 0x0000000085400000, 0x0000000085400000|100%| S|CS|TAMS 0x0000000085300000, 0x0000000085300000| Complete 
|  84|0x0000000085400000, 0x0000000085500000, 0x0000000085500000|100%| S|CS|TAMS 0x0000000085400000, 0x0000000085400000| Complete 
|  85|0x0000000085500000, 0x0000000085500000, 0x0000000085600000|  0%| F|  |TAMS 0x0000000085500000, 0x0000000085500000| Untracked 
|  86|0x0000000085600000, 0x0000000085600000, 0x0000000085700000|  0%| F|  |TAMS 0x0000000085600000, 0x0000000085600000| Untracked 
|  87|0x0000000085700000, 0x0000000085800000, 0x0000000085800000|100%| S|CS|TAMS 0x0000000085700000, 0x0000000085700000| Complete 
|  88|0x0000000085800000, 0x0000000085800000, 0x0000000085900000|  0%| F|  |TAMS 0x0000000085800000, 0x0000000085800000| Untracked 
|  89|0x0000000085900000, 0x0000000085a00000, 0x0000000085a00000|100%| S|CS|TAMS 0x0000000085900000, 0x0000000085900000| Complete 
|  90|0x0000000085a00000, 0x0000000085a00000, 0x0000000085b00000|  0%| F|  |TAMS 0x0000000085a00000, 0x0000000085a00000| Untracked 
|  91|0x0000000085b00000, 0x0000000085b00000, 0x0000000085c00000|  0%| F|  |TAMS 0x0000000085b00000, 0x0000000085b00000| Untracked 
|  92|0x0000000085c00000, 0x0000000085c00000, 0x0000000085d00000|  0%| F|  |TAMS 0x0000000085c00000, 0x0000000085c00000| Untracked 
|  93|0x0000000085d00000, 0x0000000085d00000, 0x0000000085e00000|  0%| F|  |TAMS 0x0000000085d00000, 0x0000000085d00000| Untracked 
|  94|0x0000000085e00000, 0x0000000085e00000, 0x0000000085f00000|  0%| F|  |TAMS 0x0000000085e00000, 0x0000000085e00000| Untracked 
|  95|0x0000000085f00000, 0x0000000085f00000, 0x0000000086000000|  0%| F|  |TAMS 0x0000000085f00000, 0x0000000085f00000| Untracked 
|  96|0x0000000086000000, 0x0000000086000000, 0x0000000086100000|  0%| F|  |TAMS 0x0000000086000000, 0x0000000086000000| Untracked 
|  97|0x0000000086100000, 0x0000000086100000, 0x0000000086200000|  0%| F|  |TAMS 0x0000000086100000, 0x0000000086100000| Untracked 
|  98|0x0000000086200000, 0x0000000086200000, 0x0000000086300000|  0%| F|  |TAMS 0x0000000086200000, 0x0000000086200000| Untracked 
|  99|0x0000000086300000, 0x0000000086300000, 0x0000000086400000|  0%| F|  |TAMS 0x0000000086300000, 0x0000000086300000| Untracked 
| 100|0x0000000086400000, 0x0000000086400000, 0x0000000086500000|  0%| F|  |TAMS 0x0000000086400000, 0x0000000086400000| Untracked 
| 101|0x0000000086500000, 0x000000008657c578, 0x0000000086600000| 48%| E|  |TAMS 0x0000000086500000, 0x0000000086500000| Complete 
| 102|0x0000000086600000, 0x0000000086700000, 0x0000000086700000|100%| E|CS|TAMS 0x0000000086600000, 0x0000000086600000| Complete 
| 103|0x0000000086700000, 0x0000000086800000, 0x0000000086800000|100%| E|CS|TAMS 0x0000000086700000, 0x0000000086700000| Complete 
| 104|0x0000000086800000, 0x0000000086900000, 0x0000000086900000|100%| E|CS|TAMS 0x0000000086800000, 0x0000000086800000| Complete 
| 105|0x0000000086900000, 0x0000000086a00000, 0x0000000086a00000|100%| E|CS|TAMS 0x0000000086900000, 0x0000000086900000| Complete 
| 106|0x0000000086a00000, 0x0000000086b00000, 0x0000000086b00000|100%| E|CS|TAMS 0x0000000086a00000, 0x0000000086a00000| Complete 
| 107|0x0000000086b00000, 0x0000000086c00000, 0x0000000086c00000|100%| E|CS|TAMS 0x0000000086b00000, 0x0000000086b00000| Complete 
| 108|0x0000000086c00000, 0x0000000086d00000, 0x0000000086d00000|100%| E|CS|TAMS 0x0000000086c00000, 0x0000000086c00000| Complete 
| 109|0x0000000086d00000, 0x0000000086e00000, 0x0000000086e00000|100%| E|CS|TAMS 0x0000000086d00000, 0x0000000086d00000| Complete 
| 110|0x0000000086e00000, 0x0000000086f00000, 0x0000000086f00000|100%| E|CS|TAMS 0x0000000086e00000, 0x0000000086e00000| Complete 
| 111|0x0000000086f00000, 0x0000000087000000, 0x0000000087000000|100%| E|CS|TAMS 0x0000000086f00000, 0x0000000086f00000| Complete 
| 112|0x0000000087000000, 0x0000000087100000, 0x0000000087100000|100%| E|CS|TAMS 0x0000000087000000, 0x0000000087000000| Complete 
| 113|0x0000000087100000, 0x0000000087200000, 0x0000000087200000|100%| E|CS|TAMS 0x0000000087100000, 0x0000000087100000| Complete 
| 114|0x0000000087200000, 0x0000000087300000, 0x0000000087300000|100%| E|CS|TAMS 0x0000000087200000, 0x0000000087200000| Complete 
| 115|0x0000000087300000, 0x0000000087400000, 0x0000000087400000|100%| E|CS|TAMS 0x0000000087300000, 0x0000000087300000| Complete 
| 116|0x0000000087400000, 0x0000000087500000, 0x0000000087500000|100%| E|CS|TAMS 0x0000000087400000, 0x0000000087400000| Complete 
| 117|0x0000000087500000, 0x0000000087600000, 0x0000000087600000|100%| E|CS|TAMS 0x0000000087500000, 0x0000000087500000| Complete 
| 118|0x0000000087600000, 0x0000000087700000, 0x0000000087700000|100%| E|CS|TAMS 0x0000000087600000, 0x0000000087600000| Complete 
| 119|0x0000000087700000, 0x0000000087800000, 0x0000000087800000|100%| E|CS|TAMS 0x0000000087700000, 0x0000000087700000| Complete 
| 120|0x0000000087800000, 0x0000000087900000, 0x0000000087900000|100%| E|CS|TAMS 0x0000000087800000, 0x0000000087800000| Complete 
| 121|0x0000000087900000, 0x0000000087a00000, 0x0000000087a00000|100%| E|CS|TAMS 0x0000000087900000, 0x0000000087900000| Complete 
| 122|0x0000000087a00000, 0x0000000087b00000, 0x0000000087b00000|100%| E|CS|TAMS 0x0000000087a00000, 0x0000000087a00000| Complete 
| 123|0x0000000087b00000, 0x0000000087c00000, 0x0000000087c00000|100%| E|CS|TAMS 0x0000000087b00000, 0x0000000087b00000| Complete 
| 124|0x0000000087c00000, 0x0000000087d00000, 0x0000000087d00000|100%| E|CS|TAMS 0x0000000087c00000, 0x0000000087c00000| Complete 
| 125|0x0000000087d00000, 0x0000000087e00000, 0x0000000087e00000|100%| E|CS|TAMS 0x0000000087d00000, 0x0000000087d00000| Complete 
| 126|0x0000000087e00000, 0x0000000087f00000, 0x0000000087f00000|100%| E|CS|TAMS 0x0000000087e00000, 0x0000000087e00000| Complete 
| 127|0x0000000087f00000, 0x0000000088000000, 0x0000000088000000|100%| E|CS|TAMS 0x0000000087f00000, 0x0000000087f00000| Complete 

Card table byte_map: [0x00000245fa1f0000,0x00000245fa5f0000] _byte_map_base: 0x00000245f9df0000

Marking Bits (Prev, Next): (CMBitMap*) 0x00000245f63c4498, (CMBitMap*) 0x00000245f63c44d0
 Prev Bits: [0x00000245fa9f0000, 0x00000245fc9f0000)
 Next Bits: [0x00000245fc9f0000, 0x00000245fe9f0000)

Polling page: 0x00000245f5350000

Metaspace:

Usage:
  Non-class:     77.57 MB capacity,    76.09 MB ( 98%) used,     1.22 MB (  2%) free+waste,   272.69 KB ( <1%) overhead. 
      Class:     12.34 MB capacity,    11.46 MB ( 93%) used,   769.13 KB (  6%) free+waste,   125.25 KB ( <1%) overhead. 
       Both:     89.91 MB capacity,    87.55 MB ( 97%) used,     1.97 MB (  2%) free+waste,   397.94 KB ( <1%) overhead. 

Virtual space:
  Non-class space:       80.00 MB reserved,      77.75 MB ( 97%) committed 
      Class space:        1.00 GB reserved,      12.38 MB (  1%) committed 
             Both:        1.08 GB reserved,      90.13 MB (  8%) committed 

Chunk freelists:
   Non-Class:  53.00 KB
       Class:  7.00 KB
        Both:  60.00 KB

MaxMetaspaceSize: 17179869184.00 GB
CompressedClassSpaceSize: 1.00 GB

CodeHeap 'non-profiled nmethods': size=120064Kb used=5743Kb max_used=5743Kb free=114320Kb
 bounds [0x0000024587ac0000, 0x0000024588060000, 0x000002458f000000]
CodeHeap 'profiled nmethods': size=120000Kb used=22816Kb max_used=22816Kb free=97183Kb
 bounds [0x0000024580590000, 0x0000024581be0000, 0x0000024587ac0000]
CodeHeap 'non-nmethods': size=5696Kb used=2295Kb max_used=2324Kb free=3401Kb
 bounds [0x0000024580000000, 0x0000024580270000, 0x0000024580590000]
 total_blobs=11484 nmethods=10585 adapters=810
 compilation: enabled
              stopped_count=0, restarted_count=0
 full_count=0

Compilation events (20 events):
Event: 58.159 Thread 0x00000245ff7be800 nmethod 10104 0x0000024581aeb910 code [0x0000024581aebb00, 0x0000024581aebfe8]
Event: 58.159 Thread 0x00000245ff7be800 10105       3       com.android.tools.r8.internal.h8::<init> (8 bytes)
Event: 58.159 Thread 0x00000245ff7be800 nmethod 10105 0x0000024581aec210 code [0x0000024581aec3e0, 0x0000024581aec718]
Event: 58.165 Thread 0x00000245ff7bd800 nmethod 10095 0x0000024588040810 code [0x0000024588040b40, 0x0000024588043648]
Event: 58.165 Thread 0x00000245ff7be800 10106       3       com.android.tools.r8.internal.EE::a (23 bytes)
Event: 58.166 Thread 0x00000245ff7be800 nmethod 10106 0x0000024581aec890 code [0x0000024581aeca80, 0x0000024581aece98]
Event: 58.167 Thread 0x00000245ff7be800 10107       3       java.util.ArrayDeque::add (7 bytes)
Event: 58.167 Thread 0x00000245ff7be800 nmethod 10107 0x0000024581aed010 code [0x0000024581aed1c0, 0x0000024581aed368]
Event: 58.183 Thread 0x0000024596265800 10108       4       java.net.URLClassLoader$1::run (5 bytes)
Event: 58.184 Thread 0x00000245ff7bd800 10109   !   4       java.net.URLClassLoader$1::run (63 bytes)
Event: 58.275 Thread 0x00000245ff7be800 10111       3       java.util.LinkedList$ListItr::hasPrevious (13 bytes)
Event: 58.275 Thread 0x00000245ff7be800 nmethod 10111 0x0000024581aed410 code [0x0000024581aed5c0, 0x0000024581aed718]
Event: 58.280 Thread 0x00000245ff7be800 10112       3       com.android.tools.r8.internal.l2::hasNext (10 bytes)
Event: 58.280 Thread 0x00000245ff7be800 nmethod 10112 0x0000024581aed790 code [0x0000024581aed940, 0x0000024581aedb08]
Event: 58.287 Thread 0x00000245ff7be800 10113       1       com.android.tools.r8.internal.Gg::c2 (5 bytes)
Event: 58.287 Thread 0x00000245ff7be800 nmethod 10113 0x0000024588044c10 code [0x0000024588044dc0, 0x0000024588044e78]
Event: 58.309 Thread 0x00000245ff7be800 10115       3       com.android.tools.r8.internal.l2::next (19 bytes)
Event: 58.309 Thread 0x00000245ff7be800 nmethod 10115 0x0000024581aedc10 code [0x0000024581aedde0, 0x0000024581aee0e8]
Event: 58.311 Thread 0x00000245ff7be800 10117       3       java.lang.invoke.MemberName::getFactory (4 bytes)
Event: 58.311 Thread 0x00000245ff7be800 nmethod 10117 0x0000024581aee210 code [0x0000024581aee3c0, 0x0000024581aee4b8]

GC Heap History (20 events):
Event: 34.510 GC heap before
{Heap before GC invocations=15 (full 0):
 garbage-first heap   total 131072K, used 83125K [0x0000000080000000, 0x0000000100000000)
  region size 1024K, 40 young (40960K), 3 survivors (3072K)
 Metaspace       used 62099K, capacity 63621K, committed 63744K, reserved 1103872K
  class space    used 7844K, capacity 8391K, committed 8448K, reserved 1048576K
}
Event: 34.526 GC heap after
{Heap after GC invocations=16 (full 0):
 garbage-first heap   total 131072K, used 49369K [0x0000000080000000, 0x0000000100000000)
  region size 1024K, 4 young (4096K), 4 survivors (4096K)
 Metaspace       used 62099K, capacity 63621K, committed 63744K, reserved 1103872K
  class space    used 7844K, capacity 8391K, committed 8448K, reserved 1048576K
}
Event: 35.931 GC heap before
{Heap before GC invocations=17 (full 0):
 garbage-first heap   total 131072K, used 88281K [0x0000000080000000, 0x0000000100000000)
  region size 1024K, 42 young (43008K), 4 survivors (4096K)
 Metaspace       used 63906K, capacity 65485K, committed 65536K, reserved 1105920K
  class space    used 8112K, capacity 8665K, committed 8704K, reserved 1048576K
}
Event: 35.946 GC heap after
{Heap after GC invocations=18 (full 0):
 garbage-first heap   total 131072K, used 53000K [0x0000000080000000, 0x0000000100000000)
  region size 1024K, 4 young (4096K), 4 survivors (4096K)
 Metaspace       used 63906K, capacity 65485K, committed 65536K, reserved 1105920K
  class space    used 8112K, capacity 8665K, committed 8704K, reserved 1048576K
}
Event: 37.856 GC heap before
{Heap before GC invocations=18 (full 0):
 garbage-first heap   total 131072K, used 91912K [0x0000000080000000, 0x0000000100000000)
  region size 1024K, 42 young (43008K), 4 survivors (4096K)
 Metaspace       used 68505K, capacity 70203K, committed 70400K, reserved 1110016K
  class space    used 8856K, capacity 9462K, committed 9472K, reserved 1048576K
}
Event: 37.867 GC heap after
{Heap after GC invocations=19 (full 0):
 garbage-first heap   total 131072K, used 55550K [0x0000000080000000, 0x0000000100000000)
  region size 1024K, 3 young (3072K), 3 survivors (3072K)
 Metaspace       used 68505K, capacity 70203K, committed 70400K, reserved 1110016K
  class space    used 8856K, capacity 9462K, committed 9472K, reserved 1048576K
}
Event: 39.817 GC heap before
{Heap before GC invocations=19 (full 0):
 garbage-first heap   total 131072K, used 95486K [0x0000000080000000, 0x0000000100000000)
  region size 1024K, 42 young (43008K), 3 survivors (3072K)
 Metaspace       used 72366K, capacity 74125K, committed 74368K, reserved 1114112K
  class space    used 9458K, capacity 10072K, committed 10112K, reserved 1048576K
}
Event: 39.827 GC heap after
{Heap after GC invocations=20 (full 0):
 garbage-first heap   total 131072K, used 57464K [0x0000000080000000, 0x0000000100000000)
  region size 1024K, 5 young (5120K), 5 survivors (5120K)
 Metaspace       used 72366K, capacity 74125K, committed 74368K, reserved 1114112K
  class space    used 9458K, capacity 10072K, committed 10112K, reserved 1048576K
}
Event: 41.939 GC heap before
{Heap before GC invocations=20 (full 0):
 garbage-first heap   total 131072K, used 98424K [0x0000000080000000, 0x0000000100000000)
  region size 1024K, 45 young (46080K), 5 survivors (5120K)
 Metaspace       used 76757K, capacity 78581K, committed 78848K, reserved 1118208K
  class space    used 10027K, capacity 10708K, committed 10752K, reserved 1048576K
}
Event: 41.960 GC heap after
{Heap after GC invocations=21 (full 0):
 garbage-first heap   total 131072K, used 60655K [0x0000000080000000, 0x0000000100000000)
  region size 1024K, 6 young (6144K), 6 survivors (6144K)
 Metaspace       used 76757K, capacity 78581K, committed 78848K, reserved 1118208K
  class space    used 10027K, capacity 10708K, committed 10752K, reserved 1048576K
}
Event: 44.740 GC heap before
{Heap before GC invocations=21 (full 0):
 garbage-first heap   total 131072K, used 100591K [0x0000000080000000, 0x0000000100000000)
  region size 1024K, 46 young (47104K), 6 survivors (6144K)
 Metaspace       used 78561K, capacity 80578K, committed 80768K, reserved 1118208K
  class space    used 10274K, capacity 11034K, committed 11136K, reserved 1048576K
}
Event: 44.759 GC heap after
{Heap after GC invocations=22 (full 0):
 garbage-first heap   total 131072K, used 63613K [0x0000000080000000, 0x0000000100000000)
  region size 1024K, 6 young (6144K), 6 survivors (6144K)
 Metaspace       used 78561K, capacity 80578K, committed 80768K, reserved 1118208K
  class space    used 10274K, capacity 11034K, committed 11136K, reserved 1048576K
}
Event: 47.968 GC heap before
{Heap before GC invocations=22 (full 0):
 garbage-first heap   total 131072K, used 102525K [0x0000000080000000, 0x0000000100000000)
  region size 1024K, 45 young (46080K), 6 survivors (6144K)
 Metaspace       used 79107K, capacity 81239K, committed 81536K, reserved 1120256K
  class space    used 10316K, capacity 11092K, committed 11136K, reserved 1048576K
}
Event: 47.989 GC heap after
{Heap after GC invocations=23 (full 0):
 garbage-first heap   total 131072K, used 67218K [0x0000000080000000, 0x0000000100000000)
  region size 1024K, 4 young (4096K), 4 survivors (4096K)
 Metaspace       used 79107K, capacity 81239K, committed 81536K, reserved 1120256K
  class space    used 10316K, capacity 11092K, committed 11136K, reserved 1048576K
}
Event: 50.499 GC heap before
{Heap before GC invocations=23 (full 0):
 garbage-first heap   total 131072K, used 104082K [0x0000000080000000, 0x0000000100000000)
  region size 1024K, 41 young (41984K), 4 survivors (4096K)
 Metaspace       used 79695K, capacity 81742K, committed 81792K, reserved 1120256K
  class space    used 10355K, capacity 11112K, committed 11136K, reserved 1048576K
}
Event: 50.511 GC heap after
{Heap after GC invocations=24 (full 0):
 garbage-first heap   total 131072K, used 69066K [0x0000000080000000, 0x0000000100000000)
  region size 1024K, 6 young (6144K), 6 survivors (6144K)
 Metaspace       used 79695K, capacity 81742K, committed 81792K, reserved 1120256K
  class space    used 10355K, capacity 11112K, committed 11136K, reserved 1048576K
}
Event: 53.914 GC heap before
{Heap before GC invocations=25 (full 0):
 garbage-first heap   total 131072K, used 104906K [0x0000000080000000, 0x0000000100000000)
  region size 1024K, 42 young (43008K), 6 survivors (6144K)
 Metaspace       used 79781K, capacity 81847K, committed 82048K, reserved 1120256K
  class space    used 10346K, capacity 11095K, committed 11136K, reserved 1048576K
}
Event: 53.928 GC heap after
{Heap after GC invocations=26 (full 0):
 garbage-first heap   total 131072K, used 70616K [0x0000000080000000, 0x0000000100000000)
  region size 1024K, 4 young (4096K), 4 survivors (4096K)
 Metaspace       used 79781K, capacity 81847K, committed 82048K, reserved 1120256K
  class space    used 10346K, capacity 11095K, committed 11136K, reserved 1048576K
}
Event: 57.127 GC heap before
{Heap before GC invocations=26 (full 0):
 garbage-first heap   total 131072K, used 107480K [0x0000000080000000, 0x0000000100000000)
  region size 1024K, 41 young (41984K), 4 survivors (4096K)
 Metaspace       used 84585K, capacity 86761K, committed 87040K, reserved 1124352K
  class space    used 10964K, capacity 11747K, committed 11776K, reserved 1048576K
}
Event: 57.143 GC heap after
{Heap after GC invocations=27 (full 0):
 garbage-first heap   total 131072K, used 73427K [0x0000000080000000, 0x0000000100000000)
  region size 1024K, 5 young (5120K), 5 survivors (5120K)
 Metaspace       used 84585K, capacity 86761K, committed 87040K, reserved 1124352K
  class space    used 10964K, capacity 11747K, committed 11776K, reserved 1048576K
}

Deoptimization events (20 events):
Event: 56.364 Thread 0x00000245947f8000 Uncommon trap: trap_request=0xffffff4d fr.pc=0x0000024587ef8c90 relative=0x0000000000001c50
Event: 56.364 Thread 0x00000245947f8000 Uncommon trap: reason=unstable_if action=reinterpret pc=0x0000024587ef8c90 method=com.google.common.collect.MapMakerInternalMap$Segment.put(Ljava/lang/Object;ILjava/lang/Object;Z)Ljava/lang/Object; @ 92 c2
Event: 56.364 Thread 0x00000245947f8000 DEOPT PACKING pc=0x0000024587ef8c90 sp=0x0000006c6b9f8730
Event: 56.364 Thread 0x00000245947f8000 DEOPT UNPACKING pc=0x00000245800278af sp=0x0000006c6b9f86d8 mode 2
Event: 56.434 Thread 0x00000245947f9800 DEOPT PACKING pc=0x0000024581899055 sp=0x0000006c6b8fcd50
Event: 56.434 Thread 0x00000245947f9800 DEOPT UNPACKING pc=0x00000245800276ce sp=0x0000006c6b8fc270 mode 0
Event: 56.496 Thread 0x00000245947f9800 DEOPT PACKING pc=0x0000024581899076 sp=0x0000006c6b8fd520
Event: 56.497 Thread 0x00000245947f9800 DEOPT UNPACKING pc=0x00000245800276ce sp=0x0000006c6b8fca40 mode 0
Event: 56.886 Thread 0x00000245947f8000 DEOPT PACKING pc=0x0000024581899076 sp=0x0000006c6b9fc830
Event: 56.886 Thread 0x00000245947f8000 DEOPT UNPACKING pc=0x00000245800276ce sp=0x0000006c6b9fbd50 mode 0
Event: 56.971 Thread 0x00000245947f9800 DEOPT PACKING pc=0x0000024581899076 sp=0x0000006c6b8fce00
Event: 56.971 Thread 0x00000245947f9800 DEOPT UNPACKING pc=0x00000245800276ce sp=0x0000006c6b8fc320 mode 0
Event: 56.991 Thread 0x00000245947f8000 DEOPT PACKING pc=0x0000024581899076 sp=0x0000006c6b9fc6c0
Event: 56.991 Thread 0x00000245947f8000 DEOPT UNPACKING pc=0x00000245800276ce sp=0x0000006c6b9fbbe0 mode 0
Event: 57.060 Thread 0x00000245947f8000 DEOPT PACKING pc=0x0000024581899076 sp=0x0000006c6b9fd250
Event: 57.060 Thread 0x00000245947f8000 DEOPT UNPACKING pc=0x00000245800276ce sp=0x0000006c6b9fc770 mode 0
Event: 58.312 Thread 0x00000245947f9800 Uncommon trap: trap_request=0xffffffde fr.pc=0x0000024588035504 relative=0x00000000000006e4
Event: 58.312 Thread 0x00000245947f9800 Uncommon trap: reason=class_check action=maybe_recompile pc=0x0000024588035504 method=java.util.Map.computeIfAbsent(Ljava/lang/Object;Ljava/util/function/Function;)Ljava/lang/Object; @ 7 c2
Event: 58.312 Thread 0x00000245947f9800 DEOPT PACKING pc=0x0000024588035504 sp=0x0000006c6b8fc8b0
Event: 58.312 Thread 0x00000245947f9800 DEOPT UNPACKING pc=0x00000245800278af sp=0x0000006c6b8fc8a8 mode 2

Classes redefined (0 events):
No events

Internal exceptions (20 events):
Event: 56.652 Thread 0x00000245947f9800 Exception <a 'java/lang/NoSuchMethodError'{0x00000000862c9398}: 'java.lang.Object java.lang.invoke.DirectMethodHandle$Holder.invokeStaticInit(java.lang.Object, java.lang.Object, java.lang.Object, java.lang.Object, java.lang.Object, java.lang.Object, java.lang.Object, java.lang.Object, java.lang.Object, java.lang.Object, java.lang.Object, java.lang.Object, java.lang.Object, java.lang.Object, java.lang.Object, java.lang.Object, java.lang.Object, java.lang.Object, int, java.lang.Object)'> (0x00000000862c9398)
Event: 56.722 Thread 0x00000245947f8000 Exception <a 'java/lang/IncompatibleClassChangeError'{0x00000000861a4018}: Found class java.lang.Object, but interface was expected> (0x00000000861a4018) thrown at [./src/hotspot/share/interpreter/linkResolver.cpp, line 839]
Event: 56.839 Thread 0x00000245947f9800 Exception <a 'java/lang/NoSuchMethodError'{0x0000000085f41c80}: 'java.lang.Object java.lang.invoke.DirectMethodHandle$Holder.invokeStatic(java.lang.Object, long)'> (0x0000000085f41c80) thrown at [./src/hotspot/share/interpreter/linkResolver.cpp, line 773]
Event: 56.841 Thread 0x00000245947f8000 Exception <a 'java/lang/NoSuchMethodError'{0x0000000085f51480}: 'java.lang.Object java.lang.invoke.DirectMethodHandle$Holder.invokeSpecial(java.lang.Object, java.lang.Object, long)'> (0x0000000085f51480) thrown at [./src/hotspot/share/interpreter/linkResolver.cpp, line 773]
Event: 56.845 Thread 0x00000245947f8000 Exception <a 'java/lang/NoSuchMethodError'{0x0000000085f54440}: 'java.lang.Object java.lang.invoke.Invokers$Holder.linkToTargetMethod(long, java.lang.Object)'> (0x0000000085f54440) thrown at [./src/hotspot/share/interpreter/linkResolver.cpp, line 773]
Event: 57.113 Thread 0x00000245947f9800 Exception <a 'java/lang/NoSuchMethodError'{0x0000000085aa71e8}: 'int java.lang.invoke.DirectMethodHandle$Holder.invokeVirtual(java.lang.Object, java.lang.Object, java.lang.Object, java.lang.Object)'> (0x0000000085aa71e8) thrown at [./src/hotspot/share/interpreter/linkResolver.cpp, line 773]
Event: 57.245 Thread 0x00000245947f8000 Exception <a 'java/lang/NoSuchMethodError'{0x0000000087e5f498}: 'void java.lang.invoke.DirectMethodHandle$Holder.invokeStatic(java.lang.Object, java.lang.Object, java.lang.Object, int)'> (0x0000000087e5f498) thrown at [./src/hotspot/share/interpreter/linkResolver.cpp, line 773]
Event: 57.246 Thread 0x00000245947f9800 Exception <a 'java/lang/NoSuchMethodError'{0x0000000087e6e0a0}: 'void java.lang.invoke.DirectMethodHandle$Holder.invokeStatic(java.lang.Object, java.lang.Object, java.lang.Object, int)'> (0x0000000087e6e0a0) thrown at [./src/hotspot/share/interpreter/linkResolver.cpp, line 773]
Event: 57.247 Thread 0x00000245947f8000 Exception <a 'java/lang/IncompatibleClassChangeError'{0x0000000087e67250}: Found class java.lang.Object, but interface was expected> (0x0000000087e67250) thrown at [./src/hotspot/share/interpreter/linkResolver.cpp, line 839]
Event: 57.247 Thread 0x00000245947f9800 Exception <a 'java/lang/IncompatibleClassChangeError'{0x0000000087e73428}: Found class java.lang.Object, but interface was expected> (0x0000000087e73428) thrown at [./src/hotspot/share/interpreter/linkResolver.cpp, line 839]
Event: 57.860 Thread 0x00000245947f9800 Exception <a 'java/lang/NoSuchMethodError'{0x0000000087360178}: 'int java.lang.invoke.DirectMethodHandle$Holder.invokeVirtual(java.lang.Object, java.lang.Object, java.lang.Object)'> (0x0000000087360178) thrown at [./src/hotspot/share/interpreter/linkResolver.cpp, line 773]
Event: 57.912 Thread 0x00000245947f9800 Exception <a 'java/lang/NoSuchMethodError'{0x00000000873bed48}: 'java.lang.Object java.lang.invoke.Invokers$Holder.linkToTargetMethod(java.lang.Object, java.lang.Object, java.lang.Object, java.lang.Object, java.lang.Object, java.lang.Object, java.lang.Object)'> (0x00000000873bed48) thrown at [./src/hotspot/share/interpreter/linkResolver.cpp, line 773]
Event: 58.052 Thread 0x00000245947f9800 Exception <a 'java/lang/NoSuchMethodError'{0x0000000087014aa0}: 'java.lang.Object java.lang.invoke.DirectMethodHandle$Holder.invokeVirtual(java.lang.Object, java.lang.Object, int, java.lang.Object)'> (0x0000000087014aa0) thrown at [./src/hotspot/share/interpreter/linkResolver.cpp, line 773]
Event: 58.052 Thread 0x00000245947f8000 Exception <a 'java/lang/NoSuchMethodError'{0x0000000087033b00}: 'java.lang.Object java.lang.invoke.DirectMethodHandle$Holder.invokeVirtual(java.lang.Object, java.lang.Object, int, java.lang.Object)'> (0x0000000087033b00) thrown at [./src/hotspot/share/interpreter/linkResolver.cpp, line 773]
Event: 58.094 Thread 0x00000245947f8000 Exception <a 'java/lang/IncompatibleClassChangeError'{0x00000000870ac300}: Found class java.lang.Object, but interface was expected> (0x00000000870ac300) thrown at [./src/hotspot/share/interpreter/linkResolver.cpp, line 839]
Event: 58.095 Thread 0x00000245947f8000 Exception <a 'java/lang/IncompatibleClassChangeError'{0x00000000870b51e0}: Found class java.lang.Object, but interface was expected> (0x00000000870b51e0) thrown at [./src/hotspot/share/interpreter/linkResolver.cpp, line 839]
Event: 58.095 Thread 0x00000245947f9800 Exception <a 'java/lang/IncompatibleClassChangeError'{0x0000000087096898}: Found class java.lang.Object, but interface was expected> (0x0000000087096898) thrown at [./src/hotspot/share/interpreter/linkResolver.cpp, line 839]
Event: 58.144 Thread 0x00000245947f8000 Exception <a 'java/lang/NoSuchMethodError'{0x0000000086f48410}: 'void java.lang.invoke.DirectMethodHandle$Holder.invokeVirtual(java.lang.Object, java.lang.Object, int, java.lang.Object)'> (0x0000000086f48410) thrown at [./src/hotspot/share/interpreter/linkResolver.cpp, line 773]
Event: 58.145 Thread 0x00000245947f9800 Exception <a 'java/lang/NoSuchMethodError'{0x0000000086f8b3c8}: 'void java.lang.invoke.DirectMethodHandle$Holder.invokeVirtual(java.lang.Object, java.lang.Object, int, java.lang.Object)'> (0x0000000086f8b3c8) thrown at [./src/hotspot/share/interpreter/linkResolver.cpp, line 773]
Event: 58.311 Thread 0x00000245947f9800 Exception <a 'java/lang/NoSuchMethodError'{0x0000000086c1d638}: 'java.lang.Object java.lang.invoke.DirectMethodHandle$Holder.newInvokeSpecial(java.lang.Object, int)'> (0x0000000086c1d638) thrown at [./src/hotspot/share/interpreter/linkResolver.cpp, line 773]

Events (20 events):
Event: 58.295 loading class com/android/tools/r8/code/T0
Event: 58.295 loading class com/android/tools/r8/code/T0 done
Event: 58.296 loading class com/android/tools/r8/internal/ea
Event: 58.296 loading class com/android/tools/r8/internal/ea done
Event: 58.297 loading class com/android/tools/r8/code/u1
Event: 58.297 loading class com/android/tools/r8/code/u1 done
Event: 58.297 loading class com/android/tools/r8/internal/da
Event: 58.297 loading class com/android/tools/r8/internal/da done
Event: 58.298 loading class com/android/tools/r8/code/Z0
Event: 58.298 loading class com/android/tools/r8/code/Z0 done
Event: 58.298 loading class com/android/tools/r8/code/w0
Event: 58.298 loading class com/android/tools/r8/code/w0 done
Event: 58.309 loading class com/android/tools/r8/graph/H
Event: 58.309 loading class com/android/tools/r8/graph/H done
Event: 58.310 loading class com/android/tools/r8/graph/G$c
Event: 58.310 loading class com/android/tools/r8/graph/G$c done
Event: 58.311 loading class com/android/tools/r8/graph/G$c
Event: 58.311 loading class com/android/tools/r8/graph/G$c done
Event: 58.312 loading class com/android/tools/r8/internal/Ah$c
Event: 58.312 loading class com/android/tools/r8/internal/Ah$c done


Dynamic libraries:
0x00007ff7964b0000 - 0x00007ff7964ba000 	C:\Program Files\Android\Android Studio\jre\bin\java.exe
0x00007ffcbb810000 - 0x00007ffcbba05000 	C:\WINDOWS\SYSTEM32\ntdll.dll
0x00007ffcb9ab0000 - 0x00007ffcb9b6e000 	C:\WINDOWS\System32\KERNEL32.DLL
0x00007ffcb9520000 - 0x00007ffcb97e8000 	C:\WINDOWS\System32\KERNELBASE.dll
0x00007ffcb90f0000 - 0x00007ffcb91f0000 	C:\WINDOWS\System32\ucrtbase.dll
0x00007ffcb2070000 - 0x00007ffcb2089000 	C:\Program Files\Android\Android Studio\jre\bin\jli.dll
0x00007ffcbb4b0000 - 0x00007ffcbb650000 	C:\WINDOWS\System32\USER32.dll
0x00007ffcb8f20000 - 0x00007ffcb8f42000 	C:\WINDOWS\System32\win32u.dll
0x00007ffcba280000 - 0x00007ffcba2ab000 	C:\WINDOWS\System32\GDI32.dll
0x00007ffcb91f0000 - 0x00007ffcb92fd000 	C:\WINDOWS\System32\gdi32full.dll
0x00007ffcb8fa0000 - 0x00007ffcb903d000 	C:\WINDOWS\System32\msvcp_win.dll
0x00007ffcb2050000 - 0x00007ffcb2067000 	C:\Program Files\Android\Android Studio\jre\bin\VCRUNTIME140.dll
0x00007ffcaa930000 - 0x00007ffcaabca000 	C:\WINDOWS\WinSxS\amd64_microsoft.windows.common-controls_6595b64144ccf1df_6.0.19041.1110_none_60b5254171f9507e\COMCTL32.dll
0x00007ffcbadf0000 - 0x00007ffcbae8e000 	C:\WINDOWS\System32\msvcrt.dll
0x00007ffcbae90000 - 0x00007ffcbaec0000 	C:\WINDOWS\System32\IMM32.DLL
0x00007ffcadf70000 - 0x00007ffcae172000 	C:\WINDOWS\system32\tmumh\20019\AddOn\8.53.0.1135\TmUmEvt64.dll
0x00007ffcbb3d0000 - 0x00007ffcbb3d8000 	C:\WINDOWS\System32\PSAPI.DLL
0x00007ffcb9880000 - 0x00007ffcb992e000 	C:\WINDOWS\System32\ADVAPI32.dll
0x00007ffcb9ff0000 - 0x00007ffcba08c000 	C:\WINDOWS\System32\sechost.dll
0x00007ffcba150000 - 0x00007ffcba275000 	C:\WINDOWS\System32\RPCRT4.dll
0x000000006b400000 - 0x000000006b570000 	C:\WINDOWS\system32\tmumh\20019\TmMon\2.8.0.1054\tmmon64.dll
0x00007ffc8dad0000 - 0x00007ffc8db6d000 	C:\Program Files\Android\Android Studio\jre\bin\msvcp140.dll
0x00007ffc72960000 - 0x00007ffc7342f000 	C:\Program Files\Android\Android Studio\jre\bin\server\jvm.dll
0x00007ffca4880000 - 0x00007ffca4889000 	C:\WINDOWS\SYSTEM32\WSOCK32.dll
0x00007ffcbac60000 - 0x00007ffcbaccb000 	C:\WINDOWS\System32\WS2_32.dll
0x00007ffcad960000 - 0x00007ffcad987000 	C:\WINDOWS\SYSTEM32\WINMM.dll
0x00007ffcad9b0000 - 0x00007ffcad9ba000 	C:\WINDOWS\SYSTEM32\VERSION.dll
0x00007ffcb6d30000 - 0x00007ffcb6d42000 	C:\WINDOWS\SYSTEM32\kernel.appcore.dll
0x00007ffcb23e0000 - 0x00007ffcb23f1000 	C:\Program Files\Android\Android Studio\jre\bin\verify.dll
0x00007ffca4d90000 - 0x00007ffca4f74000 	C:\WINDOWS\SYSTEM32\DBGHELP.DLL
0x00007ffca4850000 - 0x00007ffca487c000 	C:\WINDOWS\SYSTEM32\dbgcore.DLL
0x00007ffcb9330000 - 0x00007ffcb93b2000 	C:\WINDOWS\System32\bcryptPrimitives.dll
0x00007ffcb1ec0000 - 0x00007ffcb1ee9000 	C:\Program Files\Android\Android Studio\jre\bin\java.dll
0x00007ffcb4a50000 - 0x00007ffcb4a5b000 	C:\Program Files\Android\Android Studio\jre\bin\jimage.dll
0x00007ffcb1fa0000 - 0x00007ffcb1fb8000 	C:\Program Files\Android\Android Studio\jre\bin\zip.dll
0x00007ffcba460000 - 0x00007ffcbaba4000 	C:\WINDOWS\System32\SHELL32.dll
0x00007ffcb7010000 - 0x00007ffcb77a4000 	C:\WINDOWS\SYSTEM32\windows.storage.dll
0x00007ffcbb070000 - 0x00007ffcbb3c5000 	C:\WINDOWS\System32\combase.dll
0x00007ffcb8970000 - 0x00007ffcb899e000 	C:\WINDOWS\SYSTEM32\Wldp.dll
0x00007ffcb9a00000 - 0x00007ffcb9aad000 	C:\WINDOWS\System32\SHCORE.dll
0x00007ffcba090000 - 0x00007ffcba0e5000 	C:\WINDOWS\System32\shlwapi.dll
0x00007ffcb8e60000 - 0x00007ffcb8e7f000 	C:\WINDOWS\SYSTEM32\profapi.dll
0x00007ffcb1ea0000 - 0x00007ffcb1eba000 	C:\Program Files\Android\Android Studio\jre\bin\net.dll
0x00007ffcb4120000 - 0x00007ffcb422c000 	C:\WINDOWS\SYSTEM32\WINHTTP.dll
0x00007ffcb86d0000 - 0x00007ffcb873a000 	C:\WINDOWS\system32\mswsock.dll
0x00007ffcab650000 - 0x00007ffcab664000 	C:\Program Files\Android\Android Studio\jre\bin\nio.dll
0x00007ffcad4d0000 - 0x00007ffcad4f7000 	C:\Users\PARVATHY\.gradle\native\8bec1ad78214c89d9ad589b4d07fe93259594b29d510b10fafb7a158f7737e5d\windows-amd64\native-platform.dll
0x00007ffc89b90000 - 0x00007ffc89ccd000 	C:\Users\PARVATHY\.gradle\native\53dbd7edfb1c66fb8903c78663c9afc45aea4f116125fa6feffd364cf09443e8\windows-amd64\native-platform-file-events.dll
0x00007ffcb1f50000 - 0x00007ffcb1f5a000 	C:\Program Files\Android\Android Studio\jre\bin\management.dll
0x00007ffcb1e90000 - 0x00007ffcb1e9c000 	C:\Program Files\Android\Android Studio\jre\bin\management_ext.dll
0x00007ffcb88d0000 - 0x00007ffcb88e8000 	C:\WINDOWS\SYSTEM32\CRYPTSP.dll
0x00007ffcb7fe0000 - 0x00007ffcb8014000 	C:\WINDOWS\system32\rsaenh.dll
0x00007ffcb9300000 - 0x00007ffcb9327000 	C:\WINDOWS\System32\bcrypt.dll
0x00007ffcb8e20000 - 0x00007ffcb8e4e000 	C:\WINDOWS\SYSTEM32\USERENV.dll
0x00007ffcb88c0000 - 0x00007ffcb88cc000 	C:\WINDOWS\SYSTEM32\CRYPTBASE.dll
0x00007ffcb8370000 - 0x00007ffcb83ab000 	C:\WINDOWS\SYSTEM32\IPHLPAPI.DLL
0x00007ffcbb7c0000 - 0x00007ffcbb7c8000 	C:\WINDOWS\System32\NSI.dll
0x00007ffcaf050000 - 0x00007ffcaf067000 	C:\WINDOWS\SYSTEM32\dhcpcsvc6.DLL
0x00007ffcb00e0000 - 0x00007ffcb00fd000 	C:\WINDOWS\SYSTEM32\dhcpcsvc.DLL
0x00007ffcb83c0000 - 0x00007ffcb848b000 	C:\WINDOWS\SYSTEM32\DNSAPI.dll

dbghelp: loaded successfully - version: 4.0.5 - missing functions: none
symbol engine: initialized successfully - sym options: 0x614 - pdb path: .;C:\Program Files\Android\Android Studio\jre\bin;C:\WINDOWS\SYSTEM32;C:\WINDOWS\WinSxS\amd64_microsoft.windows.common-controls_6595b64144ccf1df_6.0.19041.1110_none_60b5254171f9507e;C:\WINDOWS\system32\tmumh\20019\AddOn\8.53.0.1135;C:\WINDOWS\system32\tmumh\20019\TmMon\2.8.0.1054;C:\Program Files\Android\Android Studio\jre\bin\server;C:\Users\PARVATHY\.gradle\native\8bec1ad78214c89d9ad589b4d07fe93259594b29d510b10fafb7a158f7737e5d\windows-amd64;C:\Users\PARVATHY\.gradle\native\53dbd7edfb1c66fb8903c78663c9afc45aea4f116125fa6feffd364cf09443e8\windows-amd64

VM Arguments:
jvm_args: --add-opens=java.base/java.util=ALL-UNNAMED --add-opens=java.base/java.lang=ALL-UNNAMED --add-opens=java.base/java.lang.invoke=ALL-UNNAMED --add-opens=java.base/java.util=ALL-UNNAMED --add-opens=java.prefs/java.util.prefs=ALL-UNNAMED --add-opens=java.prefs/java.util.prefs=ALL-UNNAMED --add-opens=java.base/java.nio.charset=ALL-UNNAMED --add-opens=java.base/java.net=ALL-UNNAMED --add-opens=java.base/java.util.concurrent.atomic=ALL-UNNAMED -Xmx2048m -Dfile.encoding=UTF-8 -Duser.country=US -Duser.language=en -Duser.variant 
java_command: org.gradle.launcher.daemon.bootstrap.GradleDaemon 7.0.2
java_class_path (initial): C:\Users\PARVATHY\.gradle\wrapper\dists\gradle-7.0.2-bin\857tjihv64xamwrf0h14cai3r\gradle-7.0.2\lib\gradle-launcher-7.0.2.jar
Launcher Type: SUN_STANDARD

[Global flags]
     intx CICompilerCount                          = 3                                         {product} {ergonomic}
     uint ConcGCThreads                            = 1                                         {product} {ergonomic}
     uint G1ConcRefinementThreads                  = 4                                         {product} {ergonomic}
   size_t G1HeapRegionSize                         = 1048576                                   {product} {ergonomic}
    uintx GCDrainStackTargetSize                   = 64                                        {product} {ergonomic}
   size_t InitialHeapSize                          = 134217728                                 {product} {ergonomic}
   size_t MarkStackSize                            = 4194304                                   {product} {ergonomic}
   size_t MaxHeapSize                              = 2147483648                                {product} {command line}
   size_t MaxNewSize                               = 1287651328                                {product} {ergonomic}
   size_t MinHeapDeltaBytes                        = 1048576                                   {product} {ergonomic}
    uintx NonNMethodCodeHeapSize                   = 5830732                                {pd product} {ergonomic}
    uintx NonProfiledCodeHeapSize                  = 122913754                              {pd product} {ergonomic}
    uintx ProfiledCodeHeapSize                     = 122913754                              {pd product} {ergonomic}
    uintx ReservedCodeCacheSize                    = 251658240                              {pd product} {ergonomic}
     bool SegmentedCodeCache                       = true                                      {product} {ergonomic}
     bool UseCompressedClassPointers               = true                                 {lp64_product} {ergonomic}
     bool UseCompressedOops                        = true                                 {lp64_product} {ergonomic}
     bool UseG1GC                                  = true                                      {product} {ergonomic}
     bool UseLargePagesIndividualAllocation        = false                                  {pd product} {ergonomic}

Logging:
Log output configuration:
 #0: stdout all=warning uptime,level,tags
 #1: stderr all=off uptime,level,tags

Environment Variables:
PATH=C:\Program Files\Java\jdk1.8.0_131\bin;C:\ProgramData\Oracle\Java\javapath;C:\WINDOWS\system32;C:\WINDOWS;C:\WINDOWS\System32\Wbem;C:\WINDOWS\System32\WindowsPowerShell\v1.0\;C:\WINDOWS\System32\OpenSSH\;C:\Program Files (x86)\AOMEI\AOMEI Backupper 6.4.0;C:\Program Files\Git\cmd;C:\Program Files\nodejs\;C:\Users\PARVATHY\AppData\Local\Microsoft\WindowsApps;C:\Program Files\heroku\bin;C:\Program Files\sfdx\bin;F:\Microsoft VS Code\bin;C:\Users\PARVATHY\AppData\Roaming\npm
USERNAME=PARVATHY
OS=Windows_NT
PROCESSOR_IDENTIFIER=Intel64 Family 6 Model 61 Stepping 4, GenuineIntel



---------------  S Y S T E M  ---------------

OS: Windows 10 , 64 bit Build 19041 (10.0.19041.1503)
OS uptime: 6 days 19:10 hours

CPU:total 4 (initial active 4) (2 cores per cpu, 2 threads per core) family 6 model 61 stepping 4 microcode 0x2d, cmov, cx8, fxsr, mmx, sse, sse2, sse3, ssse3, sse4.1, sse4.2, popcnt, avx, avx2, aes, clmul, erms, 3dnowpref, lzcnt, ht, tsc, tscinvbit, bmi1, bmi2, adx, fma

Memory: 4k page, system-wide physical 8103M (410M free)
TotalPageFile size 10603M (AvailPageFile size 6M)
current process WorkingSet (physical memory assigned to process): 363M, peak: 363M
current process commit charge ("private bytes"): 392M, peak: 392M

vm_info: OpenJDK 64-Bit Server VM (11.0.10+0-b96-7249189) for windows-amd64 JRE (11.0.10+0-b96-7249189), built on Mar 31 2021 21:44:00 by "builder" with MS VC++ 14.0 (VS2015)

END.
